<?xml version="1.0" encoding="UTF-8"?>
<testsuite xmlns:xsi="http://www.w3.org/2001/XMLSchema-instance" xsi:noNamespaceSchemaLocation="https://maven.apache.org/surefire/maven-surefire-plugin/xsd/surefire-test-report-3.0.xsd" version="3.0" name="TestSuite" time="77.572" tests="5" errors="0" skipped="0" failures="0">
  <properties>
    <property name="sun.desktop" value="windows"/>
    <property name="awt.toolkit" value="sun.awt.windows.WToolkit"/>
    <property name="file.encoding.pkg" value="sun.io"/>
    <property name="java.specification.version" value="1.8"/>
    <property name="sun.cpu.isalist" value="amd64"/>
    <property name="sun.jnu.encoding" value="Cp1252"/>
    <property name="java.class.path" value="C:\Users\dtougov\OneDrive - QA Consultants\Desktop\appiumcicl\target\test-classes;C:\Users\dtougov\OneDrive - QA Consultants\Desktop\appiumcicl\target\classes;C:\Users\dtougov\.m2\repository\io\cucumber\cucumber-java\7.0.0\cucumber-java-7.0.0.jar;C:\Users\dtougov\.m2\repository\io\cucumber\cucumber-core\7.0.0\cucumber-core-7.0.0.jar;C:\Users\dtougov\.m2\repository\io\cucumber\cucumber-gherkin\7.0.0\cucumber-gherkin-7.0.0.jar;C:\Users\dtougov\.m2\repository\io\cucumber\cucumber-gherkin-messages\7.0.0\cucumber-gherkin-messages-7.0.0.jar;C:\Users\dtougov\.m2\repository\io\cucumber\messages\17.1.1\messages-17.1.1.jar;C:\Users\dtougov\.m2\repository\io\cucumber\tag-expressions\4.0.2\tag-expressions-4.0.2.jar;C:\Users\dtougov\.m2\repository\io\cucumber\cucumber-expressions\13.0.1\cucumber-expressions-13.0.1.jar;C:\Users\dtougov\.m2\repository\io\cucumber\datatable\7.0.0\datatable-7.0.0.jar;C:\Users\dtougov\.m2\repository\io\cucumber\cucumber-plugin\7.0.0\cucumber-plugin-7.0.0.jar;C:\Users\dtougov\.m2\repository\io\cucumber\docstring\7.0.0\docstring-7.0.0.jar;C:\Users\dtougov\.m2\repository\io\cucumber\html-formatter\17.0.0\html-formatter-17.0.0.jar;C:\Users\dtougov\.m2\repository\io\cucumber\create-meta\6.0.1\create-meta-6.0.1.jar;C:\Users\dtougov\.m2\repository\org\apiguardian\apiguardian-api\1.1.2\apiguardian-api-1.1.2.jar;C:\Users\dtougov\.m2\repository\io\cucumber\cucumber-junit\7.0.0\cucumber-junit-7.0.0.jar;C:\Users\dtougov\.m2\repository\junit\junit\4.13.2\junit-4.13.2.jar;C:\Users\dtougov\.m2\repository\org\hamcrest\hamcrest-core\1.3\hamcrest-core-1.3.jar;C:\Users\dtougov\.m2\repository\io\appium\java-client\7.6.0\java-client-7.6.0.jar;C:\Users\dtougov\.m2\repository\org\seleniumhq\selenium\selenium-java\3.141.59\selenium-java-3.141.59.jar;C:\Users\dtougov\.m2\repository\org\seleniumhq\selenium\selenium-chrome-driver\3.141.59\selenium-chrome-driver-3.141.59.jar;C:\Users\dtougov\.m2\repository\org\seleniumhq\selenium\selenium-edge-driver\3.141.59\selenium-edge-driver-3.141.59.jar;C:\Users\dtougov\.m2\repository\org\seleniumhq\selenium\selenium-firefox-driver\3.141.59\selenium-firefox-driver-3.141.59.jar;C:\Users\dtougov\.m2\repository\org\seleniumhq\selenium\selenium-ie-driver\3.141.59\selenium-ie-driver-3.141.59.jar;C:\Users\dtougov\.m2\repository\org\seleniumhq\selenium\selenium-opera-driver\3.141.59\selenium-opera-driver-3.141.59.jar;C:\Users\dtougov\.m2\repository\org\seleniumhq\selenium\selenium-remote-driver\3.141.59\selenium-remote-driver-3.141.59.jar;C:\Users\dtougov\.m2\repository\org\seleniumhq\selenium\selenium-safari-driver\3.141.59\selenium-safari-driver-3.141.59.jar;C:\Users\dtougov\.m2\repository\net\bytebuddy\byte-buddy\1.8.15\byte-buddy-1.8.15.jar;C:\Users\dtougov\.m2\repository\org\apache\commons\commons-exec\1.3\commons-exec-1.3.jar;C:\Users\dtougov\.m2\repository\com\google\guava\guava\25.0-jre\guava-25.0-jre.jar;C:\Users\dtougov\.m2\repository\com\google\code\findbugs\jsr305\1.3.9\jsr305-1.3.9.jar;C:\Users\dtougov\.m2\repository\org\checkerframework\checker-compat-qual\2.0.0\checker-compat-qual-2.0.0.jar;C:\Users\dtougov\.m2\repository\com\google\errorprone\error_prone_annotations\2.1.3\error_prone_annotations-2.1.3.jar;C:\Users\dtougov\.m2\repository\com\google\j2objc\j2objc-annotations\1.1\j2objc-annotations-1.1.jar;C:\Users\dtougov\.m2\repository\org\codehaus\mojo\animal-sniffer-annotations\1.14\animal-sniffer-annotations-1.14.jar;C:\Users\dtougov\.m2\repository\com\squareup\okhttp3\okhttp\3.11.0\okhttp-3.11.0.jar;C:\Users\dtougov\.m2\repository\com\squareup\okio\okio\1.14.0\okio-1.14.0.jar;C:\Users\dtougov\.m2\repository\org\seleniumhq\selenium\selenium-support\3.141.59\selenium-support-3.141.59.jar;C:\Users\dtougov\.m2\repository\org\seleniumhq\selenium\selenium-api\3.141.59\selenium-api-3.141.59.jar;C:\Users\dtougov\.m2\repository\com\google\code\gson\gson\2.8.8\gson-2.8.8.jar;C:\Users\dtougov\.m2\repository\org\apache\httpcomponents\httpclient\4.5.13\httpclient-4.5.13.jar;C:\Users\dtougov\.m2\repository\org\apache\httpcomponents\httpcore\4.4.13\httpcore-4.4.13.jar;C:\Users\dtougov\.m2\repository\commons-logging\commons-logging\1.2\commons-logging-1.2.jar;C:\Users\dtougov\.m2\repository\cglib\cglib\3.3.0\cglib-3.3.0.jar;C:\Users\dtougov\.m2\repository\org\ow2\asm\asm\7.1\asm-7.1.jar;C:\Users\dtougov\.m2\repository\commons-validator\commons-validator\1.7\commons-validator-1.7.jar;C:\Users\dtougov\.m2\repository\commons-beanutils\commons-beanutils\1.9.4\commons-beanutils-1.9.4.jar;C:\Users\dtougov\.m2\repository\commons-digester\commons-digester\2.1\commons-digester-2.1.jar;C:\Users\dtougov\.m2\repository\commons-collections\commons-collections\3.2.2\commons-collections-3.2.2.jar;C:\Users\dtougov\.m2\repository\org\apache\commons\commons-lang3\3.12.0\commons-lang3-3.12.0.jar;C:\Users\dtougov\.m2\repository\commons-io\commons-io\2.11.0\commons-io-2.11.0.jar;C:\Users\dtougov\.m2\repository\org\springframework\spring-context\5.3.10\spring-context-5.3.10.jar;C:\Users\dtougov\.m2\repository\org\springframework\spring-aop\5.3.10\spring-aop-5.3.10.jar;C:\Users\dtougov\.m2\repository\org\springframework\spring-beans\5.3.10\spring-beans-5.3.10.jar;C:\Users\dtougov\.m2\repository\org\springframework\spring-core\5.3.10\spring-core-5.3.10.jar;C:\Users\dtougov\.m2\repository\org\springframework\spring-jcl\5.3.10\spring-jcl-5.3.10.jar;C:\Users\dtougov\.m2\repository\org\springframework\spring-expression\5.3.10\spring-expression-5.3.10.jar;C:\Users\dtougov\.m2\repository\org\aspectj\aspectjweaver\1.9.7\aspectjweaver-1.9.7.jar;C:\Users\dtougov\.m2\repository\org\slf4j\slf4j-api\1.7.32\slf4j-api-1.7.32.jar;C:\Users\dtougov\.m2\repository\org\json\json\20210307\json-20210307.jar;C:\Users\dtougov\.m2\repository\org\apache\logging\log4j\log4j-core\2.14.1\log4j-core-2.14.1.jar;C:\Users\dtougov\.m2\repository\org\apache\logging\log4j\log4j-api\2.14.1\log4j-api-2.14.1.jar;C:\Users\dtougov\.m2\repository\me\jvt\cucumber\reporting-plugin\7.0.0\reporting-plugin-7.0.0.jar;C:\Users\dtougov\.m2\repository\io\cucumber\gherkin\22.0.0\gherkin-22.0.0.jar;C:\Users\dtougov\.m2\repository\net\masterthought\cucumber-reporting\5.6.0\cucumber-reporting-5.6.0.jar;C:\Users\dtougov\.m2\repository\com\fasterxml\jackson\core\jackson-databind\2.12.1\jackson-databind-2.12.1.jar;C:\Users\dtougov\.m2\repository\com\fasterxml\jackson\core\jackson-annotations\2.12.1\jackson-annotations-2.12.1.jar;C:\Users\dtougov\.m2\repository\com\fasterxml\jackson\core\jackson-core\2.12.1\jackson-core-2.12.1.jar;C:\Users\dtougov\.m2\repository\com\fasterxml\jackson\datatype\jackson-datatype-jsr310\2.12.1\jackson-datatype-jsr310-2.12.1.jar;C:\Users\dtougov\.m2\repository\org\apache\velocity\velocity-engine-core\2.3\velocity-engine-core-2.3.jar;C:\Users\dtougov\.m2\repository\joda-time\joda-time\2.10.10\joda-time-2.10.10.jar;C:\Users\dtougov\.m2\repository\org\codehaus\plexus\plexus-utils\3.3.0\plexus-utils-3.3.0.jar;C:\Users\dtougov\.m2\repository\org\jsoup\jsoup\1.14.2\jsoup-1.14.2.jar;C:\Users\dtougov\.m2\repository\com\googlecode\owasp-java-html-sanitizer\owasp-java-html-sanitizer\20200713.1\owasp-java-html-sanitizer-20200713.1.jar;C:\Users\dtougov\.m2\repository\commons-configuration\commons-configuration\1.10\commons-configuration-1.10.jar;C:\Users\dtougov\.m2\repository\commons-lang\commons-lang\2.6\commons-lang-2.6.jar;C:\Users\dtougov\.m2\repository\io\cucumber\cucumber-testng\7.0.0\cucumber-testng-7.0.0.jar;C:\Users\dtougov\.m2\repository\org\testng\testng\7.4.0\testng-7.4.0.jar;C:\Users\dtougov\.m2\repository\com\beust\jcommander\1.78\jcommander-1.78.jar;C:\Users\dtougov\.m2\repository\org\webjars\jquery\3.5.1\jquery-3.5.1.jar;C:\Users\dtougov\.m2\repository\commons-codec\commons-codec\1.15\commons-codec-1.15.jar;"/>
    <property name="java.vm.vendor" value="Oracle Corporation"/>
    <property name="sun.arch.data.model" value="64"/>
    <property name="user.variant" value=""/>
    <property name="java.vendor.url" value="http://java.oracle.com/"/>
    <property name="user.timezone" value="America/New_York"/>
    <property name="java.vm.specification.version" value="1.8"/>
    <property name="os.name" value="Windows 10"/>
    <property name="user.country" value="US"/>
    <property name="sun.java.launcher" value="SUN_STANDARD"/>
    <property name="sun.boot.library.path" value="C:\Program Files\Java\jdk1.8.0_333\jre\bin"/>
    <property name="sun.java.command" value="C:\Users\dtougov\AppData\Local\Temp\surefire6844814407762205581\surefirebooter3917321563029049830.jar C:\Users\dtougov\AppData\Local\Temp\surefire6844814407762205581 2022-08-31T16-45-19_969-jvmRun1 surefire1676620143129930191tmp surefire_09181738308236316312tmp"/>
    <property name="surefire.test.class.path" value="C:\Users\dtougov\OneDrive - QA Consultants\Desktop\appiumcicl\target\test-classes;C:\Users\dtougov\OneDrive - QA Consultants\Desktop\appiumcicl\target\classes;C:\Users\dtougov\.m2\repository\io\cucumber\cucumber-java\7.0.0\cucumber-java-7.0.0.jar;C:\Users\dtougov\.m2\repository\io\cucumber\cucumber-core\7.0.0\cucumber-core-7.0.0.jar;C:\Users\dtougov\.m2\repository\io\cucumber\cucumber-gherkin\7.0.0\cucumber-gherkin-7.0.0.jar;C:\Users\dtougov\.m2\repository\io\cucumber\cucumber-gherkin-messages\7.0.0\cucumber-gherkin-messages-7.0.0.jar;C:\Users\dtougov\.m2\repository\io\cucumber\messages\17.1.1\messages-17.1.1.jar;C:\Users\dtougov\.m2\repository\io\cucumber\tag-expressions\4.0.2\tag-expressions-4.0.2.jar;C:\Users\dtougov\.m2\repository\io\cucumber\cucumber-expressions\13.0.1\cucumber-expressions-13.0.1.jar;C:\Users\dtougov\.m2\repository\io\cucumber\datatable\7.0.0\datatable-7.0.0.jar;C:\Users\dtougov\.m2\repository\io\cucumber\cucumber-plugin\7.0.0\cucumber-plugin-7.0.0.jar;C:\Users\dtougov\.m2\repository\io\cucumber\docstring\7.0.0\docstring-7.0.0.jar;C:\Users\dtougov\.m2\repository\io\cucumber\html-formatter\17.0.0\html-formatter-17.0.0.jar;C:\Users\dtougov\.m2\repository\io\cucumber\create-meta\6.0.1\create-meta-6.0.1.jar;C:\Users\dtougov\.m2\repository\org\apiguardian\apiguardian-api\1.1.2\apiguardian-api-1.1.2.jar;C:\Users\dtougov\.m2\repository\io\cucumber\cucumber-junit\7.0.0\cucumber-junit-7.0.0.jar;C:\Users\dtougov\.m2\repository\junit\junit\4.13.2\junit-4.13.2.jar;C:\Users\dtougov\.m2\repository\org\hamcrest\hamcrest-core\1.3\hamcrest-core-1.3.jar;C:\Users\dtougov\.m2\repository\io\appium\java-client\7.6.0\java-client-7.6.0.jar;C:\Users\dtougov\.m2\repository\org\seleniumhq\selenium\selenium-java\3.141.59\selenium-java-3.141.59.jar;C:\Users\dtougov\.m2\repository\org\seleniumhq\selenium\selenium-chrome-driver\3.141.59\selenium-chrome-driver-3.141.59.jar;C:\Users\dtougov\.m2\repository\org\seleniumhq\selenium\selenium-edge-driver\3.141.59\selenium-edge-driver-3.141.59.jar;C:\Users\dtougov\.m2\repository\org\seleniumhq\selenium\selenium-firefox-driver\3.141.59\selenium-firefox-driver-3.141.59.jar;C:\Users\dtougov\.m2\repository\org\seleniumhq\selenium\selenium-ie-driver\3.141.59\selenium-ie-driver-3.141.59.jar;C:\Users\dtougov\.m2\repository\org\seleniumhq\selenium\selenium-opera-driver\3.141.59\selenium-opera-driver-3.141.59.jar;C:\Users\dtougov\.m2\repository\org\seleniumhq\selenium\selenium-remote-driver\3.141.59\selenium-remote-driver-3.141.59.jar;C:\Users\dtougov\.m2\repository\org\seleniumhq\selenium\selenium-safari-driver\3.141.59\selenium-safari-driver-3.141.59.jar;C:\Users\dtougov\.m2\repository\net\bytebuddy\byte-buddy\1.8.15\byte-buddy-1.8.15.jar;C:\Users\dtougov\.m2\repository\org\apache\commons\commons-exec\1.3\commons-exec-1.3.jar;C:\Users\dtougov\.m2\repository\com\google\guava\guava\25.0-jre\guava-25.0-jre.jar;C:\Users\dtougov\.m2\repository\com\google\code\findbugs\jsr305\1.3.9\jsr305-1.3.9.jar;C:\Users\dtougov\.m2\repository\org\checkerframework\checker-compat-qual\2.0.0\checker-compat-qual-2.0.0.jar;C:\Users\dtougov\.m2\repository\com\google\errorprone\error_prone_annotations\2.1.3\error_prone_annotations-2.1.3.jar;C:\Users\dtougov\.m2\repository\com\google\j2objc\j2objc-annotations\1.1\j2objc-annotations-1.1.jar;C:\Users\dtougov\.m2\repository\org\codehaus\mojo\animal-sniffer-annotations\1.14\animal-sniffer-annotations-1.14.jar;C:\Users\dtougov\.m2\repository\com\squareup\okhttp3\okhttp\3.11.0\okhttp-3.11.0.jar;C:\Users\dtougov\.m2\repository\com\squareup\okio\okio\1.14.0\okio-1.14.0.jar;C:\Users\dtougov\.m2\repository\org\seleniumhq\selenium\selenium-support\3.141.59\selenium-support-3.141.59.jar;C:\Users\dtougov\.m2\repository\org\seleniumhq\selenium\selenium-api\3.141.59\selenium-api-3.141.59.jar;C:\Users\dtougov\.m2\repository\com\google\code\gson\gson\2.8.8\gson-2.8.8.jar;C:\Users\dtougov\.m2\repository\org\apache\httpcomponents\httpclient\4.5.13\httpclient-4.5.13.jar;C:\Users\dtougov\.m2\repository\org\apache\httpcomponents\httpcore\4.4.13\httpcore-4.4.13.jar;C:\Users\dtougov\.m2\repository\commons-logging\commons-logging\1.2\commons-logging-1.2.jar;C:\Users\dtougov\.m2\repository\cglib\cglib\3.3.0\cglib-3.3.0.jar;C:\Users\dtougov\.m2\repository\org\ow2\asm\asm\7.1\asm-7.1.jar;C:\Users\dtougov\.m2\repository\commons-validator\commons-validator\1.7\commons-validator-1.7.jar;C:\Users\dtougov\.m2\repository\commons-beanutils\commons-beanutils\1.9.4\commons-beanutils-1.9.4.jar;C:\Users\dtougov\.m2\repository\commons-digester\commons-digester\2.1\commons-digester-2.1.jar;C:\Users\dtougov\.m2\repository\commons-collections\commons-collections\3.2.2\commons-collections-3.2.2.jar;C:\Users\dtougov\.m2\repository\org\apache\commons\commons-lang3\3.12.0\commons-lang3-3.12.0.jar;C:\Users\dtougov\.m2\repository\commons-io\commons-io\2.11.0\commons-io-2.11.0.jar;C:\Users\dtougov\.m2\repository\org\springframework\spring-context\5.3.10\spring-context-5.3.10.jar;C:\Users\dtougov\.m2\repository\org\springframework\spring-aop\5.3.10\spring-aop-5.3.10.jar;C:\Users\dtougov\.m2\repository\org\springframework\spring-beans\5.3.10\spring-beans-5.3.10.jar;C:\Users\dtougov\.m2\repository\org\springframework\spring-core\5.3.10\spring-core-5.3.10.jar;C:\Users\dtougov\.m2\repository\org\springframework\spring-jcl\5.3.10\spring-jcl-5.3.10.jar;C:\Users\dtougov\.m2\repository\org\springframework\spring-expression\5.3.10\spring-expression-5.3.10.jar;C:\Users\dtougov\.m2\repository\org\aspectj\aspectjweaver\1.9.7\aspectjweaver-1.9.7.jar;C:\Users\dtougov\.m2\repository\org\slf4j\slf4j-api\1.7.32\slf4j-api-1.7.32.jar;C:\Users\dtougov\.m2\repository\org\json\json\20210307\json-20210307.jar;C:\Users\dtougov\.m2\repository\org\apache\logging\log4j\log4j-core\2.14.1\log4j-core-2.14.1.jar;C:\Users\dtougov\.m2\repository\org\apache\logging\log4j\log4j-api\2.14.1\log4j-api-2.14.1.jar;C:\Users\dtougov\.m2\repository\me\jvt\cucumber\reporting-plugin\7.0.0\reporting-plugin-7.0.0.jar;C:\Users\dtougov\.m2\repository\io\cucumber\gherkin\22.0.0\gherkin-22.0.0.jar;C:\Users\dtougov\.m2\repository\net\masterthought\cucumber-reporting\5.6.0\cucumber-reporting-5.6.0.jar;C:\Users\dtougov\.m2\repository\com\fasterxml\jackson\core\jackson-databind\2.12.1\jackson-databind-2.12.1.jar;C:\Users\dtougov\.m2\repository\com\fasterxml\jackson\core\jackson-annotations\2.12.1\jackson-annotations-2.12.1.jar;C:\Users\dtougov\.m2\repository\com\fasterxml\jackson\core\jackson-core\2.12.1\jackson-core-2.12.1.jar;C:\Users\dtougov\.m2\repository\com\fasterxml\jackson\datatype\jackson-datatype-jsr310\2.12.1\jackson-datatype-jsr310-2.12.1.jar;C:\Users\dtougov\.m2\repository\org\apache\velocity\velocity-engine-core\2.3\velocity-engine-core-2.3.jar;C:\Users\dtougov\.m2\repository\joda-time\joda-time\2.10.10\joda-time-2.10.10.jar;C:\Users\dtougov\.m2\repository\org\codehaus\plexus\plexus-utils\3.3.0\plexus-utils-3.3.0.jar;C:\Users\dtougov\.m2\repository\org\jsoup\jsoup\1.14.2\jsoup-1.14.2.jar;C:\Users\dtougov\.m2\repository\com\googlecode\owasp-java-html-sanitizer\owasp-java-html-sanitizer\20200713.1\owasp-java-html-sanitizer-20200713.1.jar;C:\Users\dtougov\.m2\repository\commons-configuration\commons-configuration\1.10\commons-configuration-1.10.jar;C:\Users\dtougov\.m2\repository\commons-lang\commons-lang\2.6\commons-lang-2.6.jar;C:\Users\dtougov\.m2\repository\io\cucumber\cucumber-testng\7.0.0\cucumber-testng-7.0.0.jar;C:\Users\dtougov\.m2\repository\org\testng\testng\7.4.0\testng-7.4.0.jar;C:\Users\dtougov\.m2\repository\com\beust\jcommander\1.78\jcommander-1.78.jar;C:\Users\dtougov\.m2\repository\org\webjars\jquery\3.5.1\jquery-3.5.1.jar;C:\Users\dtougov\.m2\repository\commons-codec\commons-codec\1.15\commons-codec-1.15.jar;"/>
    <property name="sun.cpu.endian" value="little"/>
    <property name="user.home" value="C:\Users\dtougov"/>
    <property name="user.language" value="en"/>
    <property name="java.specification.vendor" value="Oracle Corporation"/>
    <property name="java.home" value="C:\Program Files\Java\jdk1.8.0_333\jre"/>
    <property name="basedir" value="C:\Users\dtougov\OneDrive - QA Consultants\Desktop\appiumcicl"/>
    <property name="file.separator" value="\"/>
    <property name="line.separator" value="&#10;"/>
    <property name="java.vm.specification.vendor" value="Oracle Corporation"/>
    <property name="java.specification.name" value="Java Platform API Specification"/>
    <property name="java.awt.graphicsenv" value="sun.awt.Win32GraphicsEnvironment"/>
    <property name="surefire.real.class.path" value="C:\Users\dtougov\AppData\Local\Temp\surefire6844814407762205581\surefirebooter3917321563029049830.jar"/>
    <property name="sun.boot.class.path" value="C:\Program Files\Java\jdk1.8.0_333\jre\lib\resources.jar;C:\Program Files\Java\jdk1.8.0_333\jre\lib\rt.jar;C:\Program Files\Java\jdk1.8.0_333\jre\lib\sunrsasign.jar;C:\Program Files\Java\jdk1.8.0_333\jre\lib\jsse.jar;C:\Program Files\Java\jdk1.8.0_333\jre\lib\jce.jar;C:\Program Files\Java\jdk1.8.0_333\jre\lib\charsets.jar;C:\Program Files\Java\jdk1.8.0_333\jre\lib\jfr.jar;C:\Program Files\Java\jdk1.8.0_333\jre\classes"/>
    <property name="user.script" value=""/>
    <property name="sun.management.compiler" value="HotSpot 64-Bit Tiered Compilers"/>
    <property name="java.runtime.version" value="1.8.0_333-b02"/>
    <property name="user.name" value="dtougov"/>
    <property name="path.separator" value=";"/>
    <property name="os.version" value="10.0"/>
    <property name="java.endorsed.dirs" value="C:\Program Files\Java\jdk1.8.0_333\jre\lib\endorsed"/>
    <property name="java.runtime.name" value="Java(TM) SE Runtime Environment"/>
    <property name="file.encoding" value="Cp1252"/>
    <property name="java.vm.name" value="Java HotSpot(TM) 64-Bit Server VM"/>
    <property name="localRepository" value="C:\Users\dtougov\.m2\repository"/>
    <property name="java.vendor.url.bug" value="http://bugreport.sun.com/bugreport/"/>
    <property name="java.io.tmpdir" value="C:\Users\dtougov\AppData\Local\Temp\"/>
    <property name="java.version" value="1.8.0_333"/>
    <property name="user.dir" value="C:\Users\dtougov\OneDrive - QA Consultants\Desktop\appiumcicl"/>
    <property name="os.arch" value="amd64"/>
    <property name="java.vm.specification.name" value="Java Virtual Machine Specification"/>
    <property name="java.awt.printerjob" value="sun.awt.windows.WPrinterJob"/>
    <property name="sun.os.patch.level" value=""/>
    <property name="java.library.path" value="C:\Program Files\Java\jdk1.8.0_333\jre\bin;C:\Windows\Sun\Java\bin;C:\Windows\system32;C:\Windows;C:\Program Files (x86)\Common Files\Oracle\Java\javapath;C:\Windows\system32;C:\Windows;C:\Windows\System32\Wbem;C:\Windows\System32\WindowsPowerShell\v1.0\;C:\Windows\System32\OpenSSH\;C:\Program Files (x86)\Intel\Intel(R) Management Engine Components\DAL;C:\Program Files\Intel\Intel(R) Management Engine Components\DAL;C:\Program Files\Java\jdk1.8.0_333\bin;C:\ProgramData\chocolatey\bin;C:\Users\dtougov\AppData\Local\Android\Sdk\platform-tools;C:\Program Files\dotnet\;C:\Program Files\nodejs2\;C:\Users\dtougov\Downloads\allure-2.19.0\bin;C:\Users\dtougov\Downloads;C:\maven\bin;C:\Users\dtougov\AppData\Local\Programs\Python\Python310\Scripts\;C:\Users\dtougov\AppData\Local\Programs\Python\Python310\;C:\Users\dtougov\AppData\Local\Microsoft\WindowsApps;C:\Program Files\JetBrains\IntelliJ IDEA Community Edition 2022.2\bin;;C:\Program Files\JetBrains\PyCharm Community Edition 2022.2\bin;;C:\Users\dtougov\AppData\Roaming\npm;C:\Program Files\JetBrains\PyCharm 2022.2.1\bin;;."/>
    <property name="java.vm.info" value="mixed mode"/>
    <property name="java.vendor" value="Oracle Corporation"/>
    <property name="java.vm.version" value="25.333-b02"/>
    <property name="java.ext.dirs" value="C:\Program Files\Java\jdk1.8.0_333\jre\lib\ext;C:\Windows\Sun\Java\lib\ext"/>
    <property name="sun.io.unicode.encoding" value="UnicodeLittle"/>
    <property name="java.class.version" value="52.0"/>
  </properties>
  <testcase name="scenario[&quot;Login with invalid user name&quot;, &quot;Optional[Login scenarios]&quot;](1)" classname="com.qa.runners.SonyTestNGRunnerTest" time="10.843">
    <system-out><![CDATA[[INFO ] 2022-08-31 16:45:23.014 ServerManager:20 - starting appium server
&amp#27;[35m[Appium]&amp#27;[39m Welcome to Appium v1.22.3
&amp#27;[35m[Appium]&amp#27;[39m Non-default server args:
&amp#27;[35m[Appium]&amp#27;[39m   port: 21474
&amp#27;[35m[Appium]&amp#27;[39m   sessionOverride: true
&amp#27;[35m[Appium]&amp#27;[39m   logFile: C:\Users\dtougov\OneDrive - QA Consultants\Desktop\appiumcicl\Android_sony\Server.log
&amp#27;[35m[Appium]&amp#27;[39m Appium REST http interface listener started on 0.0.0.0:21474
&amp#27;[35m[HTTP]&amp#27;[39m &amp#27;[37m-->&amp#27;[39m &amp#27;[37mGET&amp#27;[39m &amp#27;[37m/wd/hub/status&amp#27;[39m
&amp#27;[35m[HTTP]&amp#27;[39m &amp#27;[90m{}&amp#27;[39m
[debug] &amp#27;[35m[GENERIC]&amp#27;[39m Calling AppiumDriver.getStatus() with args: []
[debug] &amp#27;[35m[GENERIC]&amp#27;[39m Responding to client with driver.getStatus() result: {"build":{"version":"1.22.3"}}
&amp#27;[35m[HTTP]&amp#27;[39m &amp#27;[37m<-- GET /wd/hub/status &amp#27;[39m&amp#27;[32m200&amp#27;[39m &amp#27;[90m11 ms - 68&amp#27;[39m
&amp#27;[35m[HTTP]&amp#27;[39m &amp#27;[90m&amp#27;[39m
&amp#27;[35m[HTTP]&amp#27;[39m &amp#27;[37m-->&amp#27;[39m &amp#27;[37mGET&amp#27;[39m &amp#27;[37m/wd/hub/status&amp#27;[39m
&amp#27;[35m[HTTP]&amp#27;[39m &amp#27;[90m{}&amp#27;[39m
[debug] &amp#27;[35m[GENERIC]&amp#27;[39m Calling AppiumDriver.getStatus() with args: []
[debug] &amp#27;[35m[GENERIC]&amp#27;[39m Responding to client with driver.getStatus() result: {"build":{"version":"1.22.3"}}
&amp#27;[35m[HTTP]&amp#27;[3[INFO ] 2022-08-31 16:45:28.297 ServerManager:29 - Appium server started
9m &amp#27;[37m<-- GET /wd/hub/status &amp#27;[39m&amp#27;[32m200&amp#27;[39m &amp#27;[90m4 ms - 68&amp#27;[39m
&amp#27;[35m[HTTP]&amp#27;[39m &amp#27;[90m&amp#27;[39m
[INFO ] 2022-08-31 16:45:28.376 DriverManager:28 - initializing Appium driver
[INFO ] 2022-08-31 16:45:28.422 PropertyManager:17 - loading config properties
[INFO ] 2022-08-31 16:45:28.424 CapabilitiesManager:18 - getting capabilities
[INFO ] 2022-08-31 16:45:28.427 CapabilitiesManager:34 - appUrl isC:\Users\dtougov\OneDrive - QA Consultants\Desktop\appiumcicl\src\test\resources\apps\Android.SauceLabs.Mobile.Sample.app.2.7.1.apk
[debug] &amp#27;[35m[HTTP]&amp#27;[39m Request idempotency key: e171b0ce-b06f-4774-9821-6fcb7fd5846f
&amp#27;[35m[HTTP]&amp#27;[39m &amp#27;[37m-->&amp#27;[39m &amp#27;[37mPOST&amp#27;[39m &amp#27;[37m/wd/hub/session&amp#27;[39m
&amp#27;[35m[HTTP]&amp#27;[39m &amp#27;[90m{"desiredCapabilities":{"app":"C:\\Users\\dtougov\\OneDrive - QA Consultants\\Desktop\\appiumcicl\\src\\test\\resources\\apps\\Android.SauceLabs.Mobile.Sample.app.2.7.1.apk","appActivity":"com.swaglabsmobileapp.SplashActivity","appPackage":"com.swaglabsmobileapp","automationName":"UiAutomator2","chromeDriverPort":"11000","platformName":"Android","udid":"CB5A29JXTK","deviceName":"sony","systemPort":"10000"},"capabilities":{"firstMatch":[{"appium:app":"C:\\Users\\dtougov\\OneDrive - QA Consultants\\Desktop\\appiumcicl\\src\\test\\resources\\apps\\Android.SauceLabs.Mobile.Sample.app.2.7.1.apk","appium:appActivity":"com.swaglabsmobileapp.SplashActivity","appium:appPackage":"com.swaglabsmobileapp","appium:automationName":"UiAutomator2","chromeDriverPort":"11000","appium:deviceName":"sony","platformName":"android","appium:systemPort":"10000","appium:udid":"CB5A29JXTK"}]}}&amp#27;[39m
[debug] &amp#27;[35m[W3C]&amp#27;[39m Calling AppiumDriver.createSession() with args: [{"app":"C:\\Users\\dtougov\\OneDrive - QA Consultants\\Desktop\\appiumcicl\\src\\test\\resources\\apps\\Android.SauceLabs.Mobile.Sample.app.2.7.1.apk","appActivity":"com.swaglabsmobileapp.SplashActivity","appPackage":"com.swaglabsmobileapp","automationName":"UiAutomator2","chromeDriverPort":"11000","platformName":"Android","udid":"CB5A29JXTK","deviceName":"sony","systemPort":"10000"},null,{"firstMatch":[{"appium:app":"C:\\Users\\dtougov\\OneDrive - QA Consultants\\Desktop\\appiumcicl\\src\\test\\resources\\apps\\Android.SauceLabs.Mobile.Sample.app.2.7.1.apk","appium:appActivity":"com.swaglabsmobileapp.SplashActivity","appium:appPackage":"com.swaglabsmobileapp","appium:automationName":"UiAutomator2","chromeDriverPort":"11000","appium:deviceName":"sony","platformName":"android","appium:systemPort":"10000","appium:udid":"CB5A29JXTK"}]}]
[debug] &amp#27;[35m[BaseDriver]&amp#27;[39m Event 'newSessionRequested' logged at 1661978729508 (16:45:29 GMT-0400 (Eastern Daylight Time))
&amp#27;[35m[BaseDriver]&amp#27;[39m The following capabilities are not standard capabilities and should have an extension prefix:
&amp#27;[35m[BaseDriver]&amp#27;[39m   chromeDriverPort
&amp#27;[35m[Appium]&amp#27;[39m Appium v1.22.3 creating new AndroidUiautomator2Driver (v1.70.1) session
[debug] &amp#27;[35m[Appium]&amp#27;[39m There are no active sessions for cleanup
[debug] &amp#27;[35m[BaseDriver]&amp#27;[39m W3C capabilities and MJSONWP desired capabilities were provided
[debug] &amp#27;[35m[BaseDriver]&amp#27;[39m Creating session with W3C capabilities: {
[debug] &amp#27;[35m[BaseDriver]&amp#27;[39m   "alwaysMatch": {
[debug] &amp#27;[35m[BaseDriver]&amp#27;[39m     "appium:chromeDriverPort": "11000",
[debug] &amp#27;[35m[BaseDriver]&amp#27;[39m     "platformName": "android",
[debug] &amp#27;[35m[BaseDriver]&amp#27;[39m     "appium:app": "C:\\Users\\dtougov\\OneDrive - QA Consultants\\Desktop\\appiumcicl\\src\\test\\resources\\apps\\Android.SauceLabs.Mobile.Sample.app.2.7.1.apk",
[debug] &amp#27;[35m[BaseDriver]&amp#27;[39m     "appium:appActivity": "com.swaglabsmobileapp.SplashActivity",
[debug] &amp#27;[35m[BaseDriver]&amp#27;[39m     "appium:appPackage": "com.swaglabsmobileapp",
[debug] &amp#27;[35m[BaseDriver]&amp#27;[39m     "appium:automationName": "UiAutomator2",
[debug] &amp#27;[35m[BaseDriver]&amp#27;[39m     "appium:deviceName": "sony",
[debug] &amp#27;[35m[BaseDriver]&amp#27;[39m     "appium:systemPort": "10000",
[debug] &amp#27;[35m[BaseDriver]&amp#27;[39m     "appium:udid": "CB5A29JXTK"
[debug] &amp#27;[35m[BaseDriver]&amp#27;[39m   },
[debug] &amp#27;[35m[BaseDriver]&amp#27;[39m   "firstMatch": [
[debug] &amp#27;[35m[BaseDriver]&amp#27;[39m     {}
[debug] &amp#27;[35m[BaseDriver]&amp#27;[39m   ]
[debug] &amp#27;[35m[BaseDriver]&amp#27;[39m }
&amp#27;[35m[BaseDriver]&amp#27;[39m Number capability passed in as string. Functionality may be compromised.
&amp#27;[35m[BaseDriver]&amp#27;[39m Number capability passed in as string. Functionality may be compromised.
&amp#27;[35m[BaseDriver]&amp#27;[39m Capability 'systemPort' changed from string ('10000') to integer (10000). This may cause unexpected behavior
&amp#27;[35m[BaseDriver]&amp#27;[39m Capability 'chromeDriverPort' changed from string ('11000') to integer (11000). This may cause unexpected behavior
&amp#27;[35m[BaseDriver]&amp#27;[39m Session created with session id: 3f35c87d-171f-4da0-adb0-9d44333e1a00
&amp#27;[35m[BaseDriver]&amp#27;[39m Using local app 'C:\Users\dtougov\OneDrive - QA Consultants\Desktop\appiumcicl\src\test\resources\apps\Android.SauceLabs.Mobile.Sample.app.2.7.1.apk'
[debug] &amp#27;[35m[UiAutomator2]&amp#27;[39m Checking whether app is actually present
&amp#27;[35m[ADB]&amp#27;[39m Found 7 'build-tools' folders under 'C:\Users\dtougov\AppData\Local\Android\Sdk' (newest first):
&amp#27;[35m[ADB]&amp#27;[39m     C:/Users/dtougov/AppData/Local/Android/Sdk/build-tools/33.0.0
&amp#27;[35m[ADB]&amp#27;[39m     C:/Users/dtougov/AppData/Local/Android/Sdk/build-tools/32.0.0
&amp#27;[35m[ADB]&amp#27;[39m     C:/Users/dtougov/AppData/Local/Android/Sdk/build-tools/31.0.0
&amp#27;[35m[ADB]&amp#27;[39m     C:/Users/dtougov/AppData/Local/Android/Sdk/build-tools/30.0.3
&amp#27;[35m[ADB]&amp#27;[39m     C:/Users/dtougov/AppData/Local/Android/Sdk/build-tools/30.0.2
&amp#27;[35m[ADB]&amp#27;[39m     C:/Users/dtougov/AppData/Local/Android/Sdk/build-tools/29.0.2
&amp#27;[35m[ADB]&amp#27;[39m     C:/Users/dtougov/AppData/Local/Android/Sdk/build-tools/28.0.3
&amp#27;[35m[ADB]&amp#27;[39m Using 'adb.exe' from 'C:\Users\dtougov\AppData\Local\Android\Sdk\platform-tools\adb.exe'
[debug] &amp#27;[35m[ADB]&amp#27;[39m Running 'C:\Users\dtougov\AppData\Local\Android\Sdk\platform-tools\adb.exe -P 5037 start-server'
&amp#27;[35m[AndroidDriver]&amp#27;[39m Retrieving device list
[debug] &amp#27;[35m[ADB]&amp#27;[39m Trying to find a connected android device
[debug] &amp#27;[35m[ADB]&amp#27;[39m Getting connected devices
[debug] &amp#27;[35m[ADB]&amp#27;[39m Connected devices: [{"udid":"CB5A29JXTK","state":"device"}]
&amp#27;[35m[AndroidDriver]&amp#27;[39m Using device: CB5A29JXTK
&amp#27;[35m[ADB]&amp#27;[39m Using 'adb.exe' from 'C:\Users\dtougov\AppData\Local\Android\Sdk\platform-tools\adb.exe'
[debug] &amp#27;[35m[ADB]&amp#27;[39m Running 'C:\Users\dtougov\AppData\Local\Android\Sdk\platform-tools\adb.exe -P 5037 start-server'
[debug] &amp#27;[35m[ADB]&amp#27;[39m Setting device id to CB5A29JXTK
[debug] &amp#27;[35m[ADB]&amp#27;[39m Running 'C:\Users\dtougov\AppData\Local\Android\Sdk\platform-tools\adb.exe -P 5037 -s CB5A29JXTK shell getprop ro.build.version.sdk'
[debug] &amp#27;[35m[ADB]&amp#27;[39m Current device property 'ro.build.version.sdk': 25
[debug] &amp#27;[35m[ADB]&amp#27;[39m Device API level: 25
[debug] &amp#27;[35m[ADB]&amp#27;[39m Running 'C:\Users\dtougov\AppData\Local\Android\Sdk\platform-tools\adb.exe -P 5037 -s CB5A29JXTK wait-for-device'
[debug] &amp#27;[35m[ADB]&amp#27;[39m Running 'C:\Users\dtougov\AppData\Local\Android\Sdk\platform-tools\adb.exe -P 5037 -s CB5A29JXTK shell echo ping'
[debug] &amp#27;[35m[AndroidDriver]&amp#27;[39m Pushing settings apk to device...
[debug] &amp#27;[35m[ADB]&amp#27;[39m Getting install status for io.appium.settings
[debug] &amp#27;[35m[ADB]&amp#27;[39m Running 'C:\Users\dtougov\AppData\Local\Android\Sdk\platform-tools\adb.exe -P 5037 -s CB5A29JXTK shell dumpsys package io.appium.settings'
[debug] &amp#27;[35m[ADB]&amp#27;[39m 'io.appium.settings' is installed
[debug] &amp#27;[35m[ADB]&amp#27;[39m Getting package info for 'io.appium.settings'
[debug] &amp#27;[35m[ADB]&amp#27;[39m Running 'C:\Users\dtougov\AppData\Local\Android\Sdk\platform-tools\adb.exe -P 5037 -s CB5A29JXTK shell dumpsys package io.appium.settings'
[debug] &amp#27;[35m[ADB]&amp#27;[39m The version name of the installed 'io.appium.settings' is greater or equal to the application version name ('3.4.0' >= '3.4.0')
[debug] &amp#27;[35m[ADB]&amp#27;[39m There is no need to install/upgrade 'C:\Users\dtougov\AppData\Roaming\npm\node_modules\appium\node_modules\io.appium.settings\apks\settings_apk-debug.apk'
[debug] &amp#27;[35m[ADB]&amp#27;[39m Getting IDs of all 'io.appium.settings' processes
[debug] &amp#27;[35m[ADB]&amp#27;[39m Running 'C:\Users\dtougov\AppData\Local\Android\Sdk\platform-tools\adb.exe -P 5037 -s CB5A29JXTK shell 'pgrep --help; echo $?''
[debug] &amp#27;[35m[ADB]&amp#27;[39m Running 'C:\Users\dtougov\AppData\Local\Android\Sdk\platform-tools\adb.exe -P 5037 -s CB5A29JXTK shell 'pgrep ^appium\\.settings$ || pgrep ^io\\.appium\\.setti$''
[debug] &amp#27;[35m[ADB]&amp#27;[39m Getting IDs of all 'io.appium.settings' processes
[debug] &amp#27;[35m[ADB]&amp#27;[39m Running 'C:\Users\dtougov\AppData\Local\Android\Sdk\platform-tools\adb.exe -P 5037 -s CB5A29JXTK shell 'pgrep ^appium\\.settings$ || pgrep ^io\\.appium\\.setti$''
[debug] &amp#27;[35m[ADB]&amp#27;[39m Starting Appium Settings app
[debug] &amp#27;[35m[ADB]&amp#27;[39m Running 'C:\Users\dtougov\AppData\Local\Android\Sdk\platform-tools\adb.exe -P 5037 -s CB5A29JXTK shell am start -n io.appium.settings/.Settings -a android.intent.action.MAIN -c android.intent.category.LAUNCHER'
[debug] &amp#27;[35m[ADB]&amp#27;[39m Getting IDs of all 'io.appium.settings' processes
[debug] &amp#27;[35m[ADB]&amp#27;[39m Running 'C:\Users\dtougov\AppData\Local\Android\Sdk\platform-tools\adb.exe -P 5037 -s CB5A29JXTK shell 'pgrep ^appium\\.settings$ || pgrep ^io\\.appium\\.setti$''
[debug] &amp#27;[35m[ADB]&amp#27;[39m Running 'C:\Users\dtougov\AppData\Local\Android\Sdk\platform-tools\adb.exe -P 5037 -s CB5A29JXTK shell appops set io.appium.settings android:mock_location allow'
[debug] &amp#27;[35m[Logcat]&amp#27;[39m Starting logs capture with command: C:\\Users\\dtougov\\AppData\\Local\\Android\\Sdk\\platform-tools\\adb.exe -P 5037 -s CB5A29JXTK logcat -v threadtime
[debug] &amp#27;[35m[UiAutomator2]&amp#27;[39m Forwarding UiAutomator2 Server port 6790 to local port 10000
[debug] &amp#27;[35m[ADB]&amp#27;[39m Forwarding system: 10000 to device: 6790
[debug] &amp#27;[35m[ADB]&amp#27;[39m Running 'C:\Users\dtougov\AppData\Local\Android\Sdk\platform-tools\adb.exe -P 5037 -s CB5A29JXTK forward tcp:10000 tcp:6790'
[debug] &amp#27;[35m[ADB]&amp#27;[39m Getting install status for io.appium.uiautomator2.server
[debug] &amp#27;[35m[ADB]&amp#27;[39m Running 'C:\Users\dtougov\AppData\Local\Android\Sdk\platform-tools\adb.exe -P 5037 -s CB5A29JXTK shell dumpsys package io.appium.uiautomator2.server'
[debug] &amp#27;[35m[ADB]&amp#27;[39m 'io.appium.uiautomator2.server' is installed
[debug] &amp#27;[35m[ADB]&amp#27;[39m Getting package info for 'io.appium.uiautomator2.server'
[debug] &amp#27;[35m[ADB]&amp#27;[39m Running 'C:\Users\dtougov\AppData\Local\Android\Sdk\platform-tools\adb.exe -P 5037 -s CB5A29JXTK shell dumpsys package io.appium.uiautomator2.server'
[debug] &amp#27;[35m[ADB]&amp#27;[39m The version name of the installed 'io.appium.uiautomator2.server' is greater or equal to the application version name ('4.27.0' >= '4.27.0')
[debug] &amp#27;[35m[UiAutomator2]&amp#27;[39m io.appium.uiautomator2.server installation state: sameVersionInstalled
[debug] &amp#27;[35m[ADB]&amp#27;[39m Checking app cert for C:\Users\dtougov\AppData\Roaming\npm\node_modules\appium\node_modules\appium-uiautomator2-server\apks\appium-uiautomator2-server-v4.27.0.apk
&amp#27;[35m[ADB]&amp#27;[39m Using 'apksigner.jar' from 'C:\Users\dtougov\AppData\Local\Android\Sdk\build-tools\33.0.0\lib\apksigner.jar'
[debug] &amp#27;[35m[ADB]&amp#27;[39m Starting apksigner: 'C:\\Program Files\\Java\\jdk1.8.0_333\\bin\\java.exe' -Xmx1024M -Xss1m -jar C:\\Users\\dtougov\\AppData\\Local\\Android\\Sdk\\build-tools\\33.0.0\\lib\\apksigner.jar verify --print-certs C:\\Users\\dtougov\\AppData\\Roaming\\npm\\node_modules\\appium\\node_modules\\appium-uiautomator2-server\\apks\\appium-uiautomator2-server-v4.27.0.apk
[debug] &amp#27;[35m[ADB]&amp#27;[39m apksigner stdout: Signer #1 certificate DN: EMAILADDRESS=android@android.com, CN=Android, OU=Android, O=Android, L=Mountain View, ST=California, C=US
[debug] &amp#27;[35m[ADB]&amp#27;[39m Signer #1 certificate SHA-256 digest: a40da80a59d170caa950cf15c18c454d47a39b26989d8b640ecd745ba71bf5dc
[debug] &amp#27;[35m[ADB]&amp#27;[39m Signer #1 certificate SHA-1 digest: 61ed377e85d386a8dfee6b864bd85b0bfaa5af81
[debug] &amp#27;[35m[ADB]&amp#27;[39m Signer #1 certificate MD5 digest: e89b158e4bcf988ebd09eb83f5378e87
[debug] &amp#27;[35m[ADB]&amp#27;[39m 
[debug] &amp#27;[35m[ADB]&amp#27;[39m sha256 hash did match for 'appium-uiautomator2-server-v4.27.0.apk'
&amp#27;[35m[ADB]&amp#27;[39m 'C:\Users\dtougov\AppData\Roaming\npm\node_modules\appium\node_modules\appium-uiautomator2-server\apks\appium-uiautomator2-server-v4.27.0.apk' is signed with the default certificate
[debug] &amp#27;[35m[ADB]&amp#27;[39m Getting install status for io.appium.uiautomator2.server.test
[debug] &amp#27;[35m[ADB]&amp#27;[39m Running 'C:\Users\dtougov\AppData\Local\Android\Sdk\platform-tools\adb.exe -P 5037 -s CB5A29JXTK shell dumpsys package io.appium.uiautomator2.server.test'
[debug] &amp#27;[35m[ADB]&amp#27;[39m 'io.appium.uiautomator2.server.test' is installed
[debug] &amp#27;[35m[ADB]&amp#27;[39m Checking app cert for C:\Users\dtougov\AppData\Roaming\npm\node_modules\appium\node_modules\appium-uiautomator2-server\apks\appium-uiautomator2-server-debug-androidTest.apk
[debug] &amp#27;[35m[ADB]&amp#27;[39m Starting apksigner: 'C:\\Program Files\\Java\\jdk1.8.0_333\\bin\\java.exe' -Xmx1024M -Xss1m -jar C:\\Users\\dtougov\\AppData\\Local\\Android\\Sdk\\build-tools\\33.0.0\\lib\\apksigner.jar verify --print-certs C:\\Users\\dtougov\\AppData\\Roaming\\npm\\node_modules\\appium\\node_modules\\appium-uiautomator2-server\\apks\\appium-uiautomator2-server-debug-androidTest.apk
[debug] &amp#27;[35m[ADB]&amp#27;[39m apksigner stdout: Signer #1 certificate DN: EMAILADDRESS=android@android.com, CN=Android, OU=Android, O=Android, L=Mountain View, ST=California, C=US
[debug] &amp#27;[35m[ADB]&amp#27;[39m Signer #1 certificate SHA-256 digest: a40da80a59d170caa950cf15c18c454d47a39b26989d8b640ecd745ba71bf5dc
[debug] &amp#27;[35m[ADB]&amp#27;[39m Signer #1 certificate SHA-1 digest: 61ed377e85d386a8dfee6b864bd85b0bfaa5af81
[debug] &amp#27;[35m[ADB]&amp#27;[39m Signer #1 certificate MD5 digest: e89b158e4bcf988ebd09eb83f5378e87
[debug] &amp#27;[35m[ADB]&amp#27;[39m 
[debug] &amp#27;[35m[ADB]&amp#27;[39m sha256 hash did match for 'appium-uiautomator2-server-debug-androidTest.apk'
&amp#27;[35m[ADB]&amp#27;[39m 'C:\Users\dtougov\AppData\Roaming\npm\node_modules\appium\node_modules\appium-uiautomator2-server\apks\appium-uiautomator2-server-debug-androidTest.apk' is signed with the default certificate
&amp#27;[35m[UiAutomator2]&amp#27;[39m Server packages are not going to be (re)installed
[debug] &amp#27;[35m[UiAutomator2]&amp#27;[39m Waiting up to 30000ms for services to be available
[debug] &amp#27;[35m[ADB]&amp#27;[39m Running 'C:\Users\dtougov\AppData\Local\Android\Sdk\platform-tools\adb.exe -P 5037 -s CB5A29JXTK shell pm list instrumentation'
[debug] &amp#27;[35m[UiAutomator2]&amp#27;[39m Instrumentation target 'io.appium.uiautomator2.server.test/androidx.test.runner.AndroidJUnitRunner' is available
&amp#27;[35m[ADB]&amp#27;[39m Adding packages ["io.appium.settings","io.appium.uiautomator2.server","io.appium.uiautomator2.server.test"] to Doze whitelist
[debug] &amp#27;[35m[ADB]&amp#27;[39m Got the following command chunks to execute: [["dumpsys","deviceidle","whitelist","+io.appium.settings",";","dumpsys","deviceidle","whitelist","+io.appium.uiautomator2.server",";","dumpsys","deviceidle","whitelist","+io.appium.uiautomator2.server.test",";"]]
[debug] &amp#27;[35m[ADB]&amp#27;[39m Running 'C:\Users\dtougov\AppData\Local\Android\Sdk\platform-tools\adb.exe -P 5037 -s CB5A29JXTK shell dumpsys deviceidle whitelist +io.appium.settings ; dumpsys deviceidle whitelist +io.appium.uiautomator2.server ; dumpsys deviceidle whitelist +io.appium.uiautomator2.server.test ;'
[debug] &amp#27;[35m[ADB]&amp#27;[39m Checking app cert for C:\Users\dtougov\OneDrive - QA Consultants\Desktop\appiumcicl\src\test\resources\apps\Android.SauceLabs.Mobile.Sample.app.2.7.1.apk
[debug] &amp#27;[35m[ADB]&amp#27;[39m Starting apksigner: 'C:\\Program Files\\Java\\jdk1.8.0_333\\bin\\java.exe' -Xmx1024M -Xss1m -jar C:\\Users\\dtougov\\AppData\\Local\\Android\\Sdk\\build-tools\\33.0.0\\lib\\apksigner.jar verify --print-certs 'C:\\Users\\dtougov\\OneDrive - QA Consultants\\Desktop\\appiumcicl\\src\\test\\resources\\apps\\Android.SauceLabs.Mobile.Sample.app.2.7.1.apk'
[debug] &amp#27;[35m[ADB]&amp#27;[39m apksigner stdout: Signer #1 certificate DN: CN=wswebcreation, OU=sample-app, O=Sauce Labs, L=San Francisco, ST=California, C=CA
[debug] &amp#27;[35m[ADB]&amp#27;[39m Signer #1 certificate SHA-256 digest: 24fd76156cde9748f50e68dbdafde6498ec4beaa41316438d06ffdde41ce7a3d
[debug] &amp#27;[35m[ADB]&amp#27;[39m Signer #1 certificate SHA-1 digest: 2a1a91b5b813edbd94986bffb8398349b9b504e0
[debug] &amp#27;[35m[ADB]&amp#27;[39m Signer #1 certificate MD5 digest: ac89c8eda61ba1f13ee22bae56d13abc
[debug] &amp#27;[35m[ADB]&amp#27;[39m 
&amp#27;[35m[ADB]&amp#27;[39m 'C:\Users\dtougov\OneDrive - QA Consultants\Desktop\appiumcicl\src\test\resources\apps\Android.SauceLabs.Mobile.Sample.app.2.7.1.apk' is signed with a non-default certificate
[debug] &amp#27;[35m[ADB]&amp#27;[39m Getting install status for com.swaglabsmobileapp
[debug] &amp#27;[35m[ADB]&amp#27;[39m Running 'C:\Users\dtougov\AppData\Local\Android\Sdk\platform-tools\adb.exe -P 5037 -s CB5A29JXTK shell dumpsys package com.swaglabsmobileapp'
[debug] &amp#27;[35m[ADB]&amp#27;[39m 'com.swaglabsmobileapp' is installed
[debug] &amp#27;[35m[ADB]&amp#27;[39m Getting package info for 'com.swaglabsmobileapp'
[debug] &amp#27;[35m[ADB]&amp#27;[39m Running 'C:\Users\dtougov\AppData\Local\Android\Sdk\platform-tools\adb.exe -P 5037 -s CB5A29JXTK shell dumpsys package com.swaglabsmobileapp'
[debug] &amp#27;[35m[ADB]&amp#27;[39m The version name of the installed 'com.swaglabsmobileapp' is greater or equal to the application version name ('2.7.1' >= '2.7.1')
[debug] &amp#27;[35m[ADB]&amp#27;[39m There is no need to install/upgrade 'C:\Users\dtougov\OneDrive - QA Consultants\Desktop\appiumcicl\src\test\resources\apps\Android.SauceLabs.Mobile.Sample.app.2.7.1.apk'
&amp#27;[35m[AndroidDriver]&amp#27;[39m Performing fast reset on 'com.swaglabsmobileapp'
[debug] &amp#27;[35m[ADB]&amp#27;[39m Getting install status for com.swaglabsmobileapp
[debug] &amp#27;[35m[ADB]&amp#27;[39m Running 'C:\Users\dtougov\AppData\Local\Android\Sdk\platform-tools\adb.exe -P 5037 -s CB5A29JXTK shell dumpsys package com.swaglabsmobileapp'
[debug] &amp#27;[35m[ADB]&amp#27;[39m 'com.swaglabsmobileapp' is installed
[debug] &amp#27;[35m[ADB]&amp#27;[39m Running 'C:\Users\dtougov\AppData\Local\Android\Sdk\platform-tools\adb.exe -P 5037 -s CB5A29JXTK shell am force-stop com.swaglabsmobileapp'
[debug] &amp#27;[35m[ADB]&amp#27;[39m Running 'C:\Users\dtougov\AppData\Local\Android\Sdk\platform-tools\adb.exe -P 5037 -s CB5A29JXTK shell pm clear com.swaglabsmobileapp'
[debug] &amp#27;[35m[AndroidDriver]&amp#27;[39m Performed fast reset on the installed 'com.swaglabsmobileapp' application (stop and clear)
[debug] &amp#27;[35m[UiAutomator2]&amp#27;[39m Performing shallow cleanup of automation leftovers
[debug] &amp#27;[35m[UiAutomator2]&amp#27;[39m No obsolete sessions have been detected (socket hang up)
[debug] &amp#27;[35m[ADB]&amp#27;[39m Running 'C:\Users\dtougov\AppData\Local\Android\Sdk\platform-tools\adb.exe -P 5037 -s CB5A29JXTK shell am force-stop io.appium.uiautomator2.server.test'
&amp#27;[35m[UiAutomator2]&amp#27;[39m Starting UIAutomator2 server 4.27.0
&amp#27;[35m[UiAutomator2]&amp#27;[39m Using UIAutomator2 server from 'C:\Users\dtougov\AppData\Roaming\npm\node_modules\appium\node_modules\appium-uiautomator2-server\apks\appium-uiautomator2-server-v4.27.0.apk' and test from 'C:\Users\dtougov\AppData\Roaming\npm\node_modules\appium\node_modules\appium-uiautomator2-server\apks\appium-uiautomator2-server-debug-androidTest.apk'
&amp#27;[35m[UiAutomator2]&amp#27;[39m Waiting up to 30000ms for UiAutomator2 to be online...
[debug] &amp#27;[35m[ADB]&amp#27;[39m Creating ADB subprocess with args: ["-P",5037,"-s","CB5A29JXTK","shell","am","instrument","-w","-e","disableAnalytics",true,"io.appium.uiautomator2.server.test/androidx.test.runner.AndroidJUnitRunner"]
[debug] &amp#27;[35m[WD Proxy]&amp#27;[39m Matched '/status' to command name 'getStatus'
[debug] &amp#27;[35m[WD Proxy]&amp#27;[39m Proxying [GET /status] to [GET http://127.0.0.1:10000/wd/hub/status] with no body
&amp#27;[35m[WD Proxy]&amp#27;[39m socket hang up
[debug] &amp#27;[35m[Instrumentation]&amp#27;[39m io.appium.uiautomator2.server.test.AppiumUiAutomator2Server:
[debug] &amp#27;[35m[WD Proxy]&amp#27;[39m Matched '/status' to command name 'getStatus'
[debug] &amp#27;[35m[WD Proxy]&amp#27;[39m Proxying [GET /status] to [GET http://127.0.0.1:10000/wd/hub/status] with no body
&amp#27;[35m[WD Proxy]&amp#27;[39m socket hang up
[debug] &amp#27;[35m[WD Proxy]&amp#27;[39m Matched '/status' to command name 'getStatus'
[debug] &amp#27;[35m[WD Proxy]&amp#27;[39m Proxying [GET /status] to [GET http://127.0.0.1:10000/wd/hub/status] with no body
&amp#27;[35m[WD Proxy]&amp#27;[39m socket hang up
[debug] &amp#27;[35m[WD Proxy]&amp#27;[39m Matched '/status' to command name 'getStatus'
[debug] &amp#27;[35m[WD Proxy]&amp#27;[39m Proxying [GET /status] to [GET http://127.0.0.1:10000/wd/hub/status] with no body
[debug] &amp#27;[35m[WD Proxy]&amp#27;[39m Got response with status 200: {"sessionId":"None","value":{"message":"UiAutomator2 Server is ready to accept commands","ready":true}}
[debug] &amp#27;[35m[UiAutomator2]&amp#27;[39m The initialization of the instrumentation process took 3246ms
[debug] &amp#27;[35m[WD Proxy]&amp#27;[39m Matched '/session' to command name 'createSession'
[debug] &amp#27;[35m[WD Proxy]&amp#27;[39m Proxying [POST /session] to [POST http://127.0.0.1:10000/wd/hub/session] with body: {"capabilities":{"firstMatch":[{"platform":"LINUX","webStorageEnabled":false,"takesScreenshot":true,"javascriptEnabled":true,"databaseEnabled":false,"networkConnectionEnabled":true,"locationContextEnabled":false,"warnings":{},"desired":{"platformName":"android","chromeDriverPort":11000,"app":"C:\\Users\\dtougov\\OneDrive - QA Consultants\\Desktop\\appiumcicl\\src\\test\\resources\\apps\\Android.SauceLabs.Mobile.Sample.app.2.7.1.apk","appActivity":"com.swaglabsmobileapp.SplashActivity","appPackage":"com.swaglabsmobileapp","automationName":"UiAutomator2","deviceName":"sony","systemPort":10000,"udid":"CB5A29JXTK"},"platformName":"android","chromeDriverPort":11000,"app":"C:\\Users\\dtougov\\OneDrive - QA Consultants\\Desktop\\appiumcicl\\src\\test\\resources\\apps\\Android.SauceLabs.Mobile.Sample.app.2.7.1.apk","appActivity":"com.swaglabsmobileapp.SplashActivity","appPackage":"com.swaglabsmobileapp","automationName":"UiAutomator2","deviceName":"CB5A29JXTK","systemPort":10000,"udid":"CB5A29JXTK","deviceUDID":"C...
[debug] &amp#27;[35m[WD Proxy]&amp#27;[39m Got response with status 200: {"sessionId":"3605b6ab-f1b7-4196-92fe-182483c6d5f2","value":{"capabilities":{"firstMatch":[{"platform":"LINUX","webStorageEnabled":false,"takesScreenshot":true,"javascriptEnabled":true,"databaseEnabled":false,"networkConnectionEnabled":true,"locationContextEnabled":false,"warnings":{},"desired":{"platformName":"android","chromeDriverPort":11000,"app":"C:\\Users\\dtougov\\OneDrive - QA Consultants\\Desktop\\appiumcicl\\src\\test\\resources\\apps\\Android.SauceLabs.Mobile.Sample.app.2.7.1.apk","appActivity":"com.swaglabsmobileapp.SplashActivity","appPackage":"com.swaglabsmobileapp","automationName":"UiAutomator2","deviceName":"sony","systemPort":10000,"udid":"CB5A29JXTK"},"platformName":"android","chromeDriverPort":11000,"app":"C:\\Users\\dtougov\\OneDrive - QA Consultants\\Desktop\\appiumcicl\\src\\test\\resources\\apps\\Android.SauceLabs.Mobile.Sample.app.2.7.1.apk","appActivity":"com.swaglabsmobileapp.SplashActivity","appPackage":"com.swaglabsmobileapp","automationName":"UiAutomator2","deviceName":"CB5A29...
&amp#27;[35m[WD Proxy]&amp#27;[39m Determined the downstream protocol as 'W3C'
[debug] &amp#27;[35m[WD Proxy]&amp#27;[39m Proxying [GET /appium/device/info] to [GET http://127.0.0.1:10000/wd/hub/session/3605b6ab-f1b7-4196-92fe-182483c6d5f2/appium/device/info] with no body
[debug] &amp#27;[35m[WD Proxy]&amp#27;[39m Got response with status 200: {"sessionId":"3605b6ab-f1b7-4196-92fe-182483c6d5f2","value":{"androidId":"a2436468ca0ee6fd","apiVersion":"25","bluetooth":{"state":"OFF"},"brand":"Sony","carrierName":"TELUS","displayDensity":480,"locale":"en_CA","manufacturer":"Sony","model":"E6833","networks":[{"capabilities":{"SSID":null,"linkDownBandwidthKbps":1048576,"linkUpstreamBandwidthKbps":1048576,"networkCapabilities":"NET_CAPABILITY_NOT_METERED,NET_CAPABILITY_NOT_RESTRICTED,NET_CAPABILITY_NOT_VPN,NET_CAPABILITY_NOT_ROAMING,NET_CAPABILITY_INTERNET,NET_CAPABILITY_TRUSTED,NET_CAPABILITY_VALIDATED","signalStrength":-55,"transportTypes":"TRANSPORT_WIFI"},"detailedState":"CONNECTED","extraInfo":"\"Tougovs\"","isAvailable":true,"isConnected":true,"isFailover":false,"isRoaming":false,"state":"CONNECTED","subtype":0,"subtypeName":"","type":1,"typeName":"WIFI"},{"capabilities":{"SSID":null,"linkDownBandwidthKbps":0,"linkUpstreamBandwidthKbps":0,"networkCapabilities":"NET_CAPABILITY_NOT_RESTRICTED,NET_CAPABILITY_NOT_ROAMING,NET_CAPABILITY_TRUSTED,NET_CAPA...
[debug] &amp#27;[35m[ADB]&amp#27;[39m Running 'C:\Users\dtougov\AppData\Local\Android\Sdk\platform-tools\adb.exe -P 5037 -s CB5A29JXTK shell dumpsys window'
&amp#27;[35m[AndroidDriver]&amp#27;[39m Screen already unlocked, doing nothing
&amp#27;[35m[UiAutomator2]&amp#27;[39m Starting 'com.swaglabsmobileapp/com.swaglabsmobileapp.SplashActivity and waiting for 'com.swaglabsmobileapp/com.swaglabsmobileapp.SplashActivity'
[debug] &amp#27;[35m[ADB]&amp#27;[39m Running 'C:\Users\dtougov\AppData\Local\Android\Sdk\platform-tools\adb.exe -P 5037 -s CB5A29JXTK shell am start -W -n com.swaglabsmobileapp/com.swaglabsmobileapp.SplashActivity -S -a android.intent.action.MAIN -c android.intent.category.LAUNCHER -f 0x10200000'
[debug] &amp#27;[35m[WD Proxy]&amp#27;[39m Proxying [GET /appium/device/pixel_ratio] to [GET http://127.0.0.1:10000/wd/hub/session/3605b6ab-f1b7-4196-92fe-182483c6d5f2/appium/device/pixel_ratio] with no body
[debug] &amp#27;[35m[WD Proxy]&amp#27;[39m Got response with status 200: {"sessionId":"3605b6ab-f1b7-4196-92fe-182483c6d5f2","value":3}
[debug] &amp#27;[35m[WD Proxy]&amp#27;[39m Matched '/appium/device/system_bars' to command name 'getSystemBars'
[debug] &amp#27;[35m[WD Proxy]&amp#27;[39m Proxying [GET /appium/device/system_bars] to [GET http://127.0.0.1:10000/wd/hub/session/3605b6ab-f1b7-4196-92fe-182483c6d5f2/appium/device/system_bars] with no body
[debug] &amp#27;[35m[WD Proxy]&amp#27;[39m Got response with status 200: {"sessionId":"3605b6ab-f1b7-4196-92fe-182483c6d5f2","value":{"statusBar":72}}
[debug] &amp#27;[35m[WD Proxy]&amp#27;[39m Matched '/window/current/size' to command name 'getWindowSize'
[debug] &amp#27;[35m[WD Proxy]&amp#27;[39m Proxying [GET /window/current/size] to [GET http://127.0.0.1:10000/wd/hub/session/3605b6ab-f1b7-4196-92fe-182483c6d5f2/window/current/size] with no body
[debug] &amp#27;[35m[WD Proxy]&amp#27;[39m Got response with status 200: {"sessionId":"3605b6ab-f1b7-4196-92fe-182483c6d5f2","value":{"height":1776,"width":1080}}
&amp#27;[35m[Appium]&amp#27;[39m New AndroidUiautomator2Driver session created successfully, session 3f35c87d-171f-4da0-adb0-9d44333e1a00 added to master session list
[debug] &amp#27;[35m[BaseDriver]&amp#27;[39m Event 'newSessionStarted' logged at 1661978748954 (16:45:48 GMT-0400 (Eastern Daylight Time))
[debug] &amp#27;[35m[W3C (3f35c87d)]&amp#27;[39m Cached the protocol value 'W3C' for the new session 3f35c87d-171f-4da0-adb0-9d44333e1a00
[debug] &amp#27;[35m[W3C (3f35c87d)]&amp#27;[39m Responding to client with driver.createSession() result: {"capabilities":{"platform":"LINUX","webStorageEnabled":false,"takesScreenshot":true,"javascriptEnabled":true,"databaseEnabled":false,"networkConnectionEnabled":true,"locationContextEnabled":false,"warnings":{},"desired":{"platformName":"android","chromeDriverPort":11000,"app":"C:\\Users\\dtougov\\OneDrive - QA Consultants\\Desktop\\appiumcicl\\src\\test\\resources\\apps\\Android.SauceLabs.Mobile.Sample.app.2.7.1.apk","appActivity":"com.swaglabsmobileapp.SplashActivity","appPackage":"com.swaglabsmobileapp","automationName":"UiAutomator2","deviceName":"sony","systemPort":10000,"udid":"CB5A29JXTK"},"platformName":"android","chromeDriverPort":11000,"app":"C:\\Users\\dtougov\\OneDrive - QA Consultants\\Desktop\\appiumcicl\\src\\test\\resources\\apps\\Android.SauceLabs.Mobile.Sample.app.2.7.1.apk","appActivity":"com.swaglabsmobileapp.SplashActivity","appPackage":"com.swaglabsmobileapp","automationName":"UiAutomator2","deviceName":"CB5A29JXTK","systemPort":10000,"udid":"CB5A29JXTK","deviceUDID":"CB5A29JXTK","dev...
&amp#27;[35m[HTTP]&amp#27;[39m &amp#27;[37m<-- POST /wd/hub/session &amp#27;[39m&amp#27;[32m200&amp#27;[39m &amp#27;[90m19453 ms - 1328&amp#27;[39m
&amp#27;[35m[HTTP]&amp#27;[39m &amp#27;[90m&amp#27;[39m
[INFO ] 2022-08-31 16:45:49.026 DriverManager:40 - Driver is initialized

@test1
Scenario Outline: Login with invalid user name                                                        # src/test/resources/Login.feature:11
&amp#27;[35m[HTTP]&amp#27;[39m &amp#27;[37m-->&amp#27;[39m &amp#27;[37mPOST&amp#27;[39m &amp#27;[37m/wd/hub/session/3f35c87d-171f-4da0-adb0-9d44333e1a00/appium/start_recording_screen&amp#27;[39m
&amp#27;[35m[HTTP]&amp#27;[39m &amp#27;[90m{}&amp#27;[39m
[debug] &amp#27;[35m[W3C (3f35c87d)]&amp#27;[39m Calling AppiumDriver.startRecordingScreen() with args: [null,"3f35c87d-171f-4da0-adb0-9d44333e1a00"]
[debug] &amp#27;[35m[ADB]&amp#27;[39m Getting IDs of all 'screenrecord' processes
[debug] &amp#27;[35m[ADB]&amp#27;[39m Running 'C:\Users\dtougov\AppData\Local\Android\Sdk\platform-tools\adb.exe -P 5037 -s CB5A29JXTK shell 'pgrep ^screenrecord$ || pgrep ^screenrecord$''
&amp#27;[35m[AndroidDriver]&amp#27;[39m Screen recording has not been previously started by Appium. There is nothing to stop
[debug] &amp#27;[35m[ADB]&amp#27;[39m Getting IDs of all 'screenrecord' processes
[debug] &amp#27;[35m[ADB]&amp#27;[39m Running 'C:\Users\dtougov\AppData\Local\Android\Sdk\platform-tools\adb.exe -P 5037 -s CB5A29JXTK shell 'pgrep ^screenrecord$ || pgrep ^screenrecord$''
[debug] &amp#27;[35m[ADB]&amp#27;[39m Building screenrecord process with the command line: adb -P 5037 -s CB5A29JXTK shell screenrecord --time-limit 180 /sdcard/1e703499.mp4
[debug] &amp#27;[35m[ADB]&amp#27;[39m Running 'C:\Users\dtougov\AppData\Local\Android\Sdk\platform-tools\adb.exe -P 5037 -s CB5A29JXTK shell "[ -e '/sdcard/1e703499.mp4' ] && echo __PASS__"'
[debug] &amp#27;[35m[ADB]&amp#27;[39m Running 'C:\Users\dtougov\AppData\Local\Android\Sdk\platform-tools\adb.exe -P 5037 -s CB5A29JXTK shell "[ -e '/sdcard/1e703499.mp4' ] && echo __PASS__"'
[debug] &amp#27;[35m[W3C (3f35c87d)]&amp#27;[39m Responding to client with driver.startRecordingScreen() result: ""
&amp#27;[35m[HTTP]&amp#27;[39m &amp#27;[37m<-- POST /wd/hub/session/3f35c87d-171f-4da0-adb0-9d44333e1a00/appium/start_recording_screen &amp#27;[39m&amp#27;[32m200&amp#27;[39m &amp#27;[90m1220 ms - 12&amp#27;[39m
&amp#27;[35m[HTTP]&amp#27;[39m &amp#27;[90m&amp#27;[39m
&amp#27;[35m[HTTP]&amp#27;[39m &amp#27;[37m-->&amp#27;[39m &amp#27;[37mGET&amp#27;[39m &amp#27;[37m/wd/hub/session/3f35c87d-171f-4da0-adb0-9d44333e1a00/context&amp#27;[39m
&amp#27;[35m[HTTP]&amp#27;[39m &amp#27;[90m{}&amp#27;[39m
[debug] &amp#27;[35m[W3C (3f35c87d)]&amp#27;[39m Calling AppiumDriver.getCurrentContext() with args: ["3f35c87d-171f-4da0-adb0-9d44333e1a00"]
[debug] &amp#27;[35m[W3C (3f35c87d)]&amp#27;[39m Responding to client with driver.getCurrentContext() result: "NATIVE_APP"
&amp#27;[35m[HTTP]&amp#27;[39m &amp#27;[37m<-- GET /wd/hub/session/3f35c87d-171f-4da0-adb0-9d44333e1a00/context &amp#27;[39m&amp#27;[32m200&amp#27;[39m &amp#27;[90m7 ms - 22&amp#27;[39m
&amp#27;[35m[HTTP]&amp#27;[39m &amp#27;[90m&amp#27;[39m
&amp#27;[35m[HTTP]&amp#27;[39m &amp#27;[37m-->&amp#27;[39m &amp#27;[37mPOST&amp#27;[39m &amp#27;[37m/wd/hub/session/3f35c87d-171f-4da0-adb0-9d44333e1a00/element&amp#27;[39m
&amp#27;[35m[HTTP]&amp#27;[39m &amp#27;[90m{"using":"accessibility id","value":"test-Username"}&amp#27;[39m
[debug] &amp#27;[35m[W3C (3f35c87d)]&amp#27;[39m Calling AppiumDriver.findElement() with args: ["accessibility id","test-Username","3f35c87d-171f-4da0-adb0-9d44333e1a00"]
[debug] &amp#27;[35m[BaseDriver]&amp#27;[39m Valid locator strategies for this request: xpath, id, class name, accessibility id, css selector, -android uiautomator
[debug] &amp#27;[35m[BaseDriver]&amp#27;[39m Waiting up to 0 ms for condition
[debug] &amp#27;[35m[WD Proxy]&amp#27;[39m Matched '/element' to command name 'findElement'
[debug] &amp#27;[35m[WD Proxy]&amp#27;[39m Proxying [POST /element] to [POST http://127.0.0.1:10000/wd/hub/session/3605b6ab-f1b7-4196-92fe-182483c6d5f2/element] with body: {"strategy":"accessibility id","selector":"test-Username","context":"","multiple":false}
[debug] &amp#27;[35m[WD Proxy]&amp#27;[39m Got response with status 200: {"sessionId":"3605b6ab-f1b7-4196-92fe-182483c6d5f2","value":{"ELEMENT":"00000000-0000-04a7-7fff-ffff0000002f","element-6066-11e4-a52e-4f735466cecf":"00000000-0000-04a7-7fff-ffff0000002f"}}
[debug] &amp#27;[35m[W3C (3f35c87d)]&amp#27;[39m Responding to client with driver.findElement() result: {"element-6066-11e4-a52e-4f735466cecf":"00000000-0000-04a7-7fff-ffff0000002f","ELEMENT":"00000000-0000-04a7-7fff-ffff0000002f"}
&amp#27;[35m[HTTP]&amp#27;[39m &amp#27;[37m<-- POST /wd/hub/session/3f35c87d-171f-4da0-adb0-9d44333e1a00/element &amp#27;[39m&amp#27;[32m200&amp#27;[39m &amp#27;[90m102 ms - 137&amp#27;[39m
&amp#27;[35m[HTTP]&amp#27;[39m &amp#27;[90m&amp#27;[39m
&amp#27;[35m[HTTP]&amp#27;[39m &amp#27;[37m-->&amp#27;[39m &amp#27;[37mGET&amp#27;[39m &amp#27;[37m/wd/hub/session/3f35c87d-171f-4da0-adb0-9d44333e1a00/element/00000000-0000-04a7-7fff-ffff0000002f/displayed&amp#27;[39m
&amp#27;[35m[HTTP]&amp#27;[39m &amp#27;[90m{}&amp#27;[39m
[debug] &amp#27;[35m[W3C (3f35c87d)]&amp#27;[39m Calling AppiumDriver.elementDisplayed() with args: ["00000000-0000-04a7-7fff-ffff0000002f","3f35c87d-171f-4da0-adb0-9d44333e1a00"]
[debug] &amp#27;[35m[WD Proxy]&amp#27;[39m Matched '/element/00000000-0000-04a7-7fff-ffff0000002f/attribute/displayed' to command name 'getAttribute'
[debug] &amp#27;[35m[WD Proxy]&amp#27;[39m Proxying [GET /element/00000000-0000-04a7-7fff-ffff0000002f/attribute/displayed] to [GET http://127.0.0.1:10000/wd/hub/session/3605b6ab-f1b7-4196-92fe-182483c6d5f2/element/00000000-0000-04a7-7fff-ffff0000002f/attribute/displayed] with no body
[debug] &amp#27;[35m[WD Proxy]&amp#27;[39m Got response with status 200: {"sessionId":"3605b6ab-f1b7-4196-92fe-182483c6d5f2","value":"true"}
[debug] &amp#27;[35m[W3C (3f35c87d)]&amp#27;[39m Responding to client with driver.elementDisplayed() result: true
&amp#27;[35m[HTTP]&amp#27;[39m &amp#27;[37m<-- GET /wd/hub/session/3f35c87d-171f-4da0-adb0-9d44333e1a00/element/00000000-0000-04a7-7fff-ffff0000002f/displayed &amp#27;[39m&amp#27;[32m200&amp#27;[39m &amp#27;[90m43 ms - 14&amp#27;[39m
&amp#27;[35m[HTTP]&amp#27;[39m &amp#27;[90m&amp#27;[39m
&amp#27;[35m[HTTP]&amp#27;[39m &amp#27;[37m-->&amp#27;[39m &amp#27;[37mGET&amp#27;[39m &amp#27;[37m/wd/hub/session/3f35c87d-171f-4da0-adb0-9d44333e1a00/context&amp#27;[39m
&amp#27;[35m[HTTP]&amp#27;[39m &amp#27;[90m{}&amp#27;[39m
[debug] &amp#27;[35m[W3C (3f35c87d)]&amp#27;[39m Calling AppiumDriver.getCurrentContext() with args: ["3f35c87d-171f-4da0-adb0-9d44333e1a00"]
[debug] &amp#27;[35m[W3C (3f35c87d)]&amp#27;[39m Responding to client with driver.getCurrentContext() result: "NATIVE_APP"
&amp#27;[35m[HTTP]&amp#27;[39m &amp#27;[37m<-- GET /wd/hub/session/3f35c87d-171f-4da0-adb0-9d44333e1a00/context &amp#27;[39m&amp#27;[32m200&amp#27;[39m &amp#27;[90m3 ms - 22&amp#27;[39m
&amp#27;[35m[HTTP]&amp#27;[39m &amp#27;[90m&amp#27;[39m
&amp#27;[35m[HTTP]&amp#27;[39m &amp#27;[37m-->&amp#27;[39m &amp#27;[37mPOST&amp#27;[39m &amp#27;[37m/wd/hub/session/3f35c87d-171f-4da0-adb0-9d44333e1a00/element&amp#27;[39m
&amp#27;[35m[HTTP]&amp#27;[39m &amp#27;[90m{"using":"accessibility id","value":"test-Username"}&amp#27;[39m
[debug] &amp#27;[35m[W3C (3f35c87d)]&amp#27;[39m Calling AppiumDriver.findElement() with args: ["accessibility id","test-Username","3f35c87d-171f-4da0-adb0-9d44333e1a00"]
[debug] &amp#27;[35m[BaseDriver]&amp#27;[39m Valid locator strategies for this request: xpath, id, class name, accessibility id, css selector, -android uiautomator
[debug] &amp#27;[35m[BaseDriver]&amp#27;[39m Waiting up to 0 ms for condition
[debug] &amp#27;[35m[WD Proxy]&amp#27;[39m Matched '/element' to command name 'findElement'
[debug] &amp#27;[35m[WD Proxy]&amp#27;[39m Proxying [POST /element] to [POST http://127.0.0.1:10000/wd/hub/session/3605b6ab-f1b7-4196-92fe-182483c6d5f2/element] with body: {"strategy":"accessibility id","selector":"test-Username","context":"","multiple":false}
[debug] &amp#27;[35m[WD Proxy]&amp#27;[39m Got response with status 200: {"sessionId":"3605b6ab-f1b7-4196-92fe-182483c6d5f2","value":{"ELEMENT":"00000000-0000-04a7-7fff-ffff0000002f","element-6066-11e4-a52e-4f735466cecf":"00000000-0000-04a7-7fff-ffff0000002f"}}
[debug] &amp#27;[35m[W3C (3f35c87d)]&amp#27;[39m Responding to client with driver.findElement() result: {"element-6066-11e4-a52e-4f735466cecf":"00000000-0000-04a7-7fff-ffff0000002f","ELEMENT":"00000000-0000-04a7-7fff-ffff0000002f"}
&amp#27;[35m[HTTP]&amp#27;[39m &amp#27;[37m<-- POST /wd/hub/session/3f35c87d-171f-4da0-adb0-9d44333e1a00/element &amp#27;[39m&amp#27;[32m200&amp#27;[39m &amp#27;[90m518 ms - 137&amp#27;[39m
&amp#27;[35m[HTTP]&amp#27;[39m &amp#27;[90m&amp#27;[39m
&amp#27;[35m[HTTP]&amp#27;[39m &amp#27;[37m-->&amp#27;[39m &amp#27;[37mPOST&amp#27;[39m &amp#27;[37m/wd/hub/session/3f35c87d-171f-4da0-adb0-9d44333e1a00/element/00000000-0000-04a7-7fff-ffff0000002f/clear&amp#27;[39m
&amp#27;[35m[HTTP]&amp#27;[39m &amp#27;[90m{"id":"00000000-0000-04a7-7fff-ffff0000002f"}&amp#27;[39m
[debug] &amp#27;[35m[W3C (3f35c87d)]&amp#27;[39m Calling AppiumDriver.clear() with args: ["00000000-0000-04a7-7fff-ffff0000002f","3f35c87d-171f-4da0-adb0-9d44333e1a00"]
[debug] &amp#27;[35m[WD Proxy]&amp#27;[39m Matched '/element/00000000-0000-04a7-7fff-ffff0000002f/clear' to command name 'clear'
[debug] &amp#27;[35m[WD Proxy]&amp#27;[39m Proxying [POST /element/00000000-0000-04a7-7fff-ffff0000002f/clear] to [POST http://127.0.0.1:10000/wd/hub/session/3605b6ab-f1b7-4196-92fe-182483c6d5f2/element/00000000-0000-04a7-7fff-ffff0000002f/clear] with body: {"elementId":"00000000-0000-04a7-7fff-ffff0000002f"}
[debug] &amp#27;[35m[WD Proxy]&amp#27;[39m Got response with status 200: {"sessionId":"3605b6ab-f1b7-4196-92fe-182483c6d5f2","value":null}
[debug] &amp#27;[35m[W3C (3f35c87d)]&amp#27;[39m Responding to client with driver.clear() result: null
&amp#27;[35m[HTTP]&amp#27;[39m &amp#27;[37m<-- POST /wd/hub/session/3f35c87d-171f-4da0-adb0-9d44333e1a00/element/00000000-0000-04a7-7fff-ffff0000002f/clear &amp#27;[39m&amp#27;[32m200&amp#27;[39m &amp#27;[90m71 ms - 14&amp#27;[39m
&amp#27;[35m[HTTP]&amp#27;[39m &amp#27;[90m&amp#27;[39m
&amp#27;[35m[HTTP]&amp#27;[39m &amp#27;[37m-->&amp#27;[39m &amp#27;[37mGET&amp#27;[39m &amp#27;[37m/wd/hub/session/3f35c87d-171f-4da0-adb0-9d44333e1a00/context&amp#27;[39m
&amp#27;[35m[HTTP]&amp#27;[39m &amp#27;[90m{}&amp#27;[39m
[debug] &amp#27;[35m[W3C (3f35c87d)]&amp#27;[39m Calling AppiumDriver.getCurrentContext() with args: ["3f35c87d-171f-4da0-adb0-9d44333e1a00"]
[debug] &amp#27;[35m[W3C (3f35c87d)]&amp#27;[39m Responding to client with driver.getCurrentContext() result: "NATIVE_APP"
&amp#27;[35m[HTTP]&amp#27;[39m &amp#27;[37m<-- GET /wd/hub/session/3f35c87d-171f-4da0-adb0-9d44333e1a00/context &amp#27;[39m&amp#27;[32m200&amp#27;[39m &amp#27;[90m3 ms - 22&amp#27;[39m
&amp#27;[35m[HTTP]&amp#27;[39m &amp#27;[90m&amp#27;[39m
&amp#27;[35m[HTTP]&amp#27;[39m &amp#27;[37m-->&amp#27;[39m &amp#27;[37mPOST&amp#27;[39m &amp#27;[37m/wd/hub/session/3f35c87d-171f-4da0-adb0-9d44333e1a00/element&amp#27;[39m
&amp#27;[35m[HTTP]&amp#27;[39m &amp#27;[90m{"using":"accessibility id","value":"test-Username"}&amp#27;[39m
[debug] &amp#27;[35m[W3C (3f35c87d)]&amp#27;[39m Calling AppiumDriver.findElement() with args: ["accessibility id","test-Username","3f35c87d-171f-4da0-adb0-9d44333e1a00"]
[debug] &amp#27;[35m[BaseDriver]&amp#27;[39m Valid locator strategies for this request: xpath, id, class name, accessibility id, css selector, -android uiautomator
[debug] &amp#27;[35m[BaseDriver]&amp#27;[39m Waiting up to 0 ms for condition
[debug] &amp#27;[35m[WD Proxy]&amp#27;[39m Matched '/element' to command name 'findElement'
[debug] &amp#27;[35m[WD Proxy]&amp#27;[39m Proxying [POST /element] to [POST http://127.0.0.1:10000/wd/hub/session/3605b6ab-f1b7-4196-92fe-182483c6d5f2/element] with body: {"strategy":"accessibility id","selector":"test-Username","context":"","multiple":false}
[debug] &amp#27;[35m[WD Proxy]&amp#27;[39m Got response with status 200: {"sessionId":"3605b6ab-f1b7-4196-92fe-182483c6d5f2","value":{"ELEMENT":"00000000-0000-04a7-7fff-ffff0000002f","element-6066-11e4-a52e-4f735466cecf":"00000000-0000-04a7-7fff-ffff0000002f"}}
[debug] &amp#27;[35m[W3C (3f35c87d)]&amp#27;[39m Responding to client with driver.findElement() result: {"element-6066-11e4-a52e-4f735466cecf":"00000000-0000-04a7-7fff-ffff0000002f","ELEMENT":"00000000-0000-04a7-7fff-ffff0000002f"}
&amp#27;[35m[HTTP]&amp#27;[39m &amp#27;[37m<-- POST /wd/hub/session/3f35c87d-171f-4da0-adb0-9d44333e1a00/element &amp#27;[39m&amp#27;[32m200&amp#27;[39m &amp#27;[90m868 ms - 137&amp#27;[39m
&amp#27;[35m[HTTP]&amp#27;[39m &amp#27;[90m&amp#27;[39m
&amp#27;[35m[HTTP]&amp#27;[39m &amp#27;[37m-->&amp#27;[39m &amp#27;[37mGET&amp#27;[39m &amp#27;[37m/wd/hub/session/3f35c87d-171f-4da0-adb0-9d44333e1a00/element/00000000-0000-04a7-7fff-ffff0000002f/displayed&amp#27;[39m
&amp#27;[35m[HTTP]&amp#27;[39m &amp#27;[90m{}&amp#27;[39m
[debug] &amp#27;[35m[W3C (3f35c87d)]&amp#27;[39m Calling AppiumDriver.elementDisplayed() with args: ["00000000-0000-04a7-7fff-ffff0000002f","3f35c87d-171f-4da0-adb0-9d44333e1a00"]
[debug] &amp#27;[35m[WD Proxy]&amp#27;[39m Matched '/element/00000000-0000-04a7-7fff-ffff0000002f/attribute/displayed' to command name 'getAttribute'
[debug] &amp#27;[35m[WD Proxy]&amp#27;[39m Proxying [GET /element/00000000-0000-04a7-7fff-ffff0000002f/attribute/displayed] to [GET http://127.0.0.1:10000/wd/hub/session/3605b6ab-f1b7-4196-92fe-182483c6d5f2/element/00000000-0000-04a7-7fff-ffff0000002f/attribute/displayed] with no body
[debug] &amp#27;[35m[WD Proxy]&amp#27;[39m Got response with status 200: {"sessionId":"3605b6ab-f1b7-4196-92fe-182483c6d5f2","value":"true"}
[debug] &amp#27;[35m[W3C (3f35c87d)]&amp#27;[39m Responding to client with driver.elementDisplayed() result: true
&amp#27;[35m[HTTP]&amp#27;[39m &amp#27;[37m<-- GET /wd/hub/session/3f35c87d-171f-4da0-adb0-9d44333e1a00/element/00000000-0000-04a7-7fff-ffff0000002f/displayed &amp#27;[39m&amp#27;[32m200&amp#27;[39m &amp#27;[90m30 ms - 14&amp#27;[39m
&amp#27;[35m[HTTP]&amp#27;[39m &amp#27;[90m&amp#27;[39m
[INFO ] 2022-08-31 16:45:53.158 BasePage:71 - login with invalidUsername
&amp#27;[35m[HTTP]&amp#27;[39m &amp#27;[37m-->&amp#27;[39m &amp#27;[37mGET&amp#27;[39m &amp#27;[37m/wd/hub/session/3f35c87d-171f-4da0-adb0-9d44333e1a00/context&amp#27;[39m
&amp#27;[35m[HTTP]&amp#27;[39m &amp#27;[90m{}&amp#27;[39m
[debug] &amp#27;[35m[W3C (3f35c87d)]&amp#27;[39m Calling AppiumDriver.getCurrentContext() with args: ["3f35c87d-171f-4da0-adb0-9d44333e1a00"]
[debug] &amp#27;[35m[W3C (3f35c87d)]&amp#27;[39m Responding to client with driver.getCurrentContext() result: "NATIVE_APP"
&amp#27;[35m[HTTP]&amp#27;[39m &amp#27;[37m<-- GET /wd/hub/session/3f35c87d-171f-4da0-adb0-9d44333e1a00/context &amp#27;[39m&amp#27;[32m200&amp#27;[39m &amp#27;[90m3 ms - 22&amp#27;[39m
&amp#27;[35m[HTTP]&amp#27;[39m &amp#27;[90m&amp#27;[39m
&amp#27;[35m[HTTP]&amp#27;[39m &amp#27;[37m-->&amp#27;[39m &amp#27;[37mPOST&amp#27;[39m &amp#27;[37m/wd/hub/session/3f35c87d-171f-4da0-adb0-9d44333e1a00/element&amp#27;[39m
&amp#27;[35m[HTTP]&amp#27;[39m &amp#27;[90m{"using":"accessibility id","value":"test-Username"}&amp#27;[39m
[debug] &amp#27;[35m[W3C (3f35c87d)]&amp#27;[39m Calling AppiumDriver.findElement() with args: ["accessibility id","test-Username","3f35c87d-171f-4da0-adb0-9d44333e1a00"]
[debug] &amp#27;[35m[BaseDriver]&amp#27;[39m Valid locator strategies for this request: xpath, id, class name, accessibility id, css selector, -android uiautomator
[debug] &amp#27;[35m[BaseDriver]&amp#27;[39m Waiting up to 0 ms for condition
[debug] &amp#27;[35m[WD Proxy]&amp#27;[39m Matched '/element' to command name 'findElement'
[debug] &amp#27;[35m[WD Proxy]&amp#27;[39m Proxying [POST /element] to [POST http://127.0.0.1:10000/wd/hub/session/3605b6ab-f1b7-4196-92fe-182483c6d5f2/element] with body: {"strategy":"accessibility id","selector":"test-Username","context":"","multiple":false}
[debug] &amp#27;[35m[WD Proxy]&amp#27;[39m Got response with status 200: {"sessionId":"3605b6ab-f1b7-4196-92fe-182483c6d5f2","value":{"ELEMENT":"00000000-0000-04a7-7fff-ffff0000002f","element-6066-11e4-a52e-4f735466cecf":"00000000-0000-04a7-7fff-ffff0000002f"}}
[debug] &amp#27;[35m[W3C (3f35c87d)]&amp#27;[39m Responding to client with driver.findElement() result: {"element-6066-11e4-a52e-4f735466cecf":"00000000-0000-04a7-7fff-ffff0000002f","ELEMENT":"00000000-0000-04a7-7fff-ffff0000002f"}
&amp#27;[35m[HTTP]&amp#27;[39m &amp#27;[37m<-- POST /wd/hub/session/3f35c87d-171f-4da0-adb0-9d44333e1a00/element &amp#27;[39m&amp#27;[32m200&amp#27;[39m &amp#27;[90m64 ms - 137&amp#27;[39m
&amp#27;[35m[HTTP]&amp#27;[39m &amp#27;[90m&amp#27;[39m
&amp#27;[35m[HTTP]&amp#27;[39m &amp#27;[37m-->&amp#27;[39m &amp#27;[37mPOST&amp#27;[39m &amp#27;[37m/wd/hub/session/3f35c87d-171f-4da0-adb0-9d44333e1a00/element/00000000-0000-04a7-7fff-ffff0000002f/value&amp#27;[39m
&amp#27;[35m[HTTP]&amp#27;[39m &amp#27;[90m{"id":"00000000-0000-04a7-7fff-ffff0000002f","text":"invalidUsername","value":["i","n","v","a","l","i","d","U","s","e","r","n","a","m","e"]}&amp#27;[39m
[debug] &amp#27;[35m[W3C (3f35c87d)]&amp#27;[39m Calling AppiumDriver.setValue() with args: [["i","n","v","a","l","i","d","U","s","e","r","n","a","m","e"],"00000000-0000-04a7-7fff-ffff0000002f","3f35c87d-171f-4da0-adb0-9d44333e1a00"]
[debug] &amp#27;[35m[WD Proxy]&amp#27;[39m Matched '/element/00000000-0000-04a7-7fff-ffff0000002f/value' to command name 'setValue'
[debug] &amp#27;[35m[Protocol Converter]&amp#27;[39m Added 'value' property ["i","n","v","a","l","i","d","U","s","e","r","n","a","m","e"] to 'setValue' request body
[debug] &amp#27;[35m[WD Proxy]&amp#27;[39m Proxying [POST /element/00000000-0000-04a7-7fff-ffff0000002f/value] to [POST http://127.0.0.1:10000/wd/hub/session/3605b6ab-f1b7-4196-92fe-182483c6d5f2/element/00000000-0000-04a7-7fff-ffff0000002f/value] with body: {"elementId":"00000000-0000-04a7-7fff-ffff0000002f","text":"invalidUsername","replace":false,"value":["i","n","v","a","l","i","d","U","s","e","r","n","a","m","e"]}
[debug] &amp#27;[35m[WD Proxy]&amp#27;[39m Got response with status 200: {"sessionId":"3605b6ab-f1b7-4196-92fe-182483c6d5f2","value":null}
[debug] &amp#27;[35m[W3C (3f35c87d)]&amp#27;[39m Responding to client with driver.setValue() result: null
&amp#27;[35m[HTTP]&amp#27;[39m &amp#27;[37m<-- POST /wd/hub/session/3f35c87d-171f-4da0-adb0-9d44333e1a00/element/00000000-0000-04a7-7fff-ffff0000002f/value &amp#27;[39m&amp#27;[32m200&amp#27;[39m &amp#27;[90m585 ms - 14&amp#27;[39m
&amp#27;[35m[HTTP]&amp#27;[39m &amp#27;[90m&amp#27;[39m
  When I enter username as "invalidUsername"                                                          # com.qa.stepdef.LoginStepDef.iEnterUsernameAs(java.lang.String)
&amp#27;[35m[HTTP]&amp#27;[39m &amp#27;[37m-->&amp#27;[39m &amp#27;[37mGET&amp#27;[39m &amp#27;[37m/wd/hub/session/3f35c87d-171f-4da0-adb0-9d44333e1a00/context&amp#27;[39m
&amp#27;[35m[HTTP]&amp#27;[39m &amp#27;[90m{}&amp#27;[39m
[debug] &amp#27;[35m[W3C (3f35c87d)]&amp#27;[39m Calling AppiumDriver.getCurrentContext() with args: ["3f35c87d-171f-4da0-adb0-9d44333e1a00"]
[debug] &amp#27;[35m[W3C (3f35c87d)]&amp#27;[39m Responding to client with driver.getCurrentContext() result: "NATIVE_APP"
&amp#27;[35m[HTTP]&amp#27;[39m &amp#27;[37m<-- GET /wd/hub/session/3f35c87d-171f-4da0-adb0-9d44333e1a00/context &amp#27;[39m&amp#27;[32m200&amp#27;[39m &amp#27;[90m4 ms - 22&amp#27;[39m
&amp#27;[35m[HTTP]&amp#27;[39m &amp#27;[90m&amp#27;[39m
&amp#27;[35m[HTTP]&amp#27;[39m &amp#27;[37m-->&amp#27;[39m &amp#27;[37mPOST&amp#27;[39m &amp#27;[37m/wd/hub/session/3f35c87d-171f-4da0-adb0-9d44333e1a00/element&amp#27;[39m
&amp#27;[35m[HTTP]&amp#27;[39m &amp#27;[90m{"using":"accessibility id","value":"test-Password"}&amp#27;[39m
[debug] &amp#27;[35m[W3C (3f35c87d)]&amp#27;[39m Calling AppiumDriver.findElement() with args: ["accessibility id","test-Password","3f35c87d-171f-4da0-adb0-9d44333e1a00"]
[debug] &amp#27;[35m[BaseDriver]&amp#27;[39m Valid locator strategies for this request: xpath, id, class name, accessibility id, css selector, -android uiautomator
[debug] &amp#27;[35m[BaseDriver]&amp#27;[39m Waiting up to 0 ms for condition
[debug] &amp#27;[35m[WD Proxy]&amp#27;[39m Matched '/element' to command name 'findElement'
[debug] &amp#27;[35m[WD Proxy]&amp#27;[39m Proxying [POST /element] to [POST http://127.0.0.1:10000/wd/hub/session/3605b6ab-f1b7-4196-92fe-182483c6d5f2/element] with body: {"strategy":"accessibility id","selector":"test-Password","context":"","multiple":false}
[debug] &amp#27;[35m[WD Proxy]&amp#27;[39m Got response with status 200: {"sessionId":"3605b6ab-f1b7-4196-92fe-182483c6d5f2","value":{"ELEMENT":"00000000-0000-04a7-7fff-ffff00000030","element-6066-11e4-a52e-4f735466cecf":"00000000-0000-04a7-7fff-ffff00000030"}}
[debug] &amp#27;[35m[W3C (3f35c87d)]&amp#27;[39m Responding to client with driver.findElement() result: {"element-6066-11e4-a52e-4f735466cecf":"00000000-0000-04a7-7fff-ffff00000030","ELEMENT":"00000000-0000-04a7-7fff-ffff00000030"}
&amp#27;[35m[HTTP]&amp#27;[39m &amp#27;[37m<-- POST /wd/hub/session/3f35c87d-171f-4da0-adb0-9d44333e1a00/element &amp#27;[39m&amp#27;[32m200&amp#27;[39m &amp#27;[90m499 ms - 137&amp#27;[39m
&amp#27;[35m[HTTP]&amp#27;[39m &amp#27;[90m&amp#27;[39m
&amp#27;[35m[HTTP]&amp#27;[39m &amp#27;[37m-->&amp#27;[39m &amp#27;[37mGET&amp#27;[39m &amp#27;[37m/wd/hub/session/3f35c87d-171f-4da0-adb0-9d44333e1a00/element/00000000-0000-04a7-7fff-ffff00000030/displayed&amp#27;[39m
&amp#27;[35m[HTTP]&amp#27;[39m &amp#27;[90m{}&amp#27;[39m
[debug] &amp#27;[35m[W3C (3f35c87d)]&amp#27;[39m Calling AppiumDriver.elementDisplayed() with args: ["00000000-0000-04a7-7fff-ffff00000030","3f35c87d-171f-4da0-adb0-9d44333e1a00"]
[debug] &amp#27;[35m[WD Proxy]&amp#27;[39m Matched '/element/00000000-0000-04a7-7fff-ffff00000030/attribute/displayed' to command name 'getAttribute'
[debug] &amp#27;[35m[WD Proxy]&amp#27;[39m Proxying [GET /element/00000000-0000-04a7-7fff-ffff00000030/attribute/displayed] to [GET http://127.0.0.1:10000/wd/hub/session/3605b6ab-f1b7-4196-92fe-182483c6d5f2/element/00000000-0000-04a7-7fff-ffff00000030/attribute/displayed] with no body
[debug] &amp#27;[35m[WD Proxy]&amp#27;[39m Got response with status 200: {"sessionId":"3605b6ab-f1b7-4196-92fe-182483c6d5f2","value":"true"}
[debug] &amp#27;[35m[W3C (3f35c87d)]&amp#27;[39m Responding to client with driver.elementDisplayed() result: true
&amp#27;[35m[HTTP]&amp#27;[39m &amp#27;[37m<-- GET /wd/hub/session/3f35c87d-171f-4da0-adb0-9d44333e1a00/element/00000000-0000-04a7-7fff-ffff00000030/displayed &amp#27;[39m&amp#27;[32m200&amp#27;[39m &amp#27;[90m37 ms - 14&amp#27;[39m
&amp#27;[35m[HTTP]&amp#27;[39m &amp#27;[90m&amp#27;[39m
&amp#27;[35m[HTTP]&amp#27;[39m &amp#27;[37m-->&amp#27;[39m &amp#27;[37mGET&amp#27;[39m &amp#27;[37m/wd/hub/session/3f35c87d-171f-4da0-adb0-9d44333e1a00/context&amp#27;[39m
&amp#27;[35m[HTTP]&amp#27;[39m &amp#27;[90m{}&amp#27;[39m
[debug] &amp#27;[35m[W3C (3f35c87d)]&amp#27;[39m Calling AppiumDriver.getCurrentContext() with args: ["3f35c87d-171f-4da0-adb0-9d44333e1a00"]
[debug] &amp#27;[35m[W3C (3f35c87d)]&amp#27;[39m Responding to client with driver.getCurrentContext() result: "NATIVE_APP"
&amp#27;[35m[HTTP]&amp#27;[39m &amp#27;[37m<-- GET /wd/hub/session/3f35c87d-171f-4da0-adb0-9d44333e1a00/context &amp#27;[39m&amp#27;[32m200&amp#27;[39m &amp#27;[90m3 ms - 22&amp#27;[39m
&amp#27;[35m[HTTP]&amp#27;[39m &amp#27;[90m&amp#27;[39m
&amp#27;[35m[HTTP]&amp#27;[39m &amp#27;[37m-->&amp#27;[39m &amp#27;[37mPOST&amp#27;[39m &amp#27;[37m/wd/hub/session/3f35c87d-171f-4da0-adb0-9d44333e1a00/element&amp#27;[39m
&amp#27;[35m[HTTP]&amp#27;[39m &amp#27;[90m{"using":"accessibility id","value":"test-Password"}&amp#27;[39m
[debug] &amp#27;[35m[W3C (3f35c87d)]&amp#27;[39m Calling AppiumDriver.findElement() with args: ["accessibility id","test-Password","3f35c87d-171f-4da0-adb0-9d44333e1a00"]
[debug] &amp#27;[35m[BaseDriver]&amp#27;[39m Valid locator strategies for this request: xpath, id, class name, accessibility id, css selector, -android uiautomator
[debug] &amp#27;[35m[BaseDriver]&amp#27;[39m Waiting up to 0 ms for condition
[debug] &amp#27;[35m[WD Proxy]&amp#27;[39m Matched '/element' to command name 'findElement'
[debug] &amp#27;[35m[WD Proxy]&amp#27;[39m Proxying [POST /element] to [POST http://127.0.0.1:10000/wd/hub/session/3605b6ab-f1b7-4196-92fe-182483c6d5f2/element] with body: {"strategy":"accessibility id","selector":"test-Password","context":"","multiple":false}
[debug] &amp#27;[35m[WD Proxy]&amp#27;[39m Got response with status 200: {"sessionId":"3605b6ab-f1b7-4196-92fe-182483c6d5f2","value":{"ELEMENT":"00000000-0000-04a7-7fff-ffff00000030","element-6066-11e4-a52e-4f735466cecf":"00000000-0000-04a7-7fff-ffff00000030"}}
[debug] &amp#27;[35m[W3C (3f35c87d)]&amp#27;[39m Responding to client with driver.findElement() result: {"element-6066-11e4-a52e-4f735466cecf":"00000000-0000-04a7-7fff-ffff00000030","ELEMENT":"00000000-0000-04a7-7fff-ffff00000030"}
&amp#27;[35m[HTTP]&amp#27;[39m &amp#27;[37m<-- POST /wd/hub/session/3f35c87d-171f-4da0-adb0-9d44333e1a00/element &amp#27;[39m&amp#27;[32m200&amp#27;[39m &amp#27;[90m88 ms - 137&amp#27;[39m
&amp#27;[35m[HTTP]&amp#27;[39m &amp#27;[90m&amp#27;[39m
&amp#27;[35m[HTTP]&amp#27;[39m &amp#27;[37m-->&amp#27;[39m &amp#27;[37mPOST&amp#27;[39m &amp#27;[37m/wd/hub/session/3f35c87d-171f-4da0-adb0-9d44333e1a00/element/00000000-0000-04a7-7fff-ffff00000030/clear&amp#27;[39m
&amp#27;[35m[HTTP]&amp#27;[39m &amp#27;[90m{"id":"00000000-0000-04a7-7fff-ffff00000030"}&amp#27;[39m
[debug] &amp#27;[35m[W3C (3f35c87d)]&amp#27;[39m Calling AppiumDriver.clear() with args: ["00000000-0000-04a7-7fff-ffff00000030","3f35c87d-171f-4da0-adb0-9d44333e1a00"]
[debug] &amp#27;[35m[WD Proxy]&amp#27;[39m Matched '/element/00000000-0000-04a7-7fff-ffff00000030/clear' to command name 'clear'
[debug] &amp#27;[35m[WD Proxy]&amp#27;[39m Proxying [POST /element/00000000-0000-04a7-7fff-ffff00000030/clear] to [POST http://127.0.0.1:10000/wd/hub/session/3605b6ab-f1b7-4196-92fe-182483c6d5f2/element/00000000-0000-04a7-7fff-ffff00000030/clear] with body: {"elementId":"00000000-0000-04a7-7fff-ffff00000030"}
[debug] &amp#27;[35m[WD Proxy]&amp#27;[39m Got response with status 200: {"sessionId":"3605b6ab-f1b7-4196-92fe-182483c6d5f2","value":null}
[debug] &amp#27;[35m[W3C (3f35c87d)]&amp#27;[39m Responding to client with driver.clear() result: null
&amp#27;[35m[HTTP]&amp#27;[39m &amp#27;[37m<-- POST /wd/hub/session/3f35c87d-171f-4da0-adb0-9d44333e1a00/element/00000000-0000-04a7-7fff-ffff00000030/clear &amp#27;[39m&amp#27;[32m200&amp#27;[39m &amp#27;[90m513 ms - 14&amp#27;[39m
&amp#27;[35m[HTTP]&amp#27;[39m &amp#27;[90m&amp#27;[39m
&amp#27;[35m[HTTP]&amp#27;[39m &amp#27;[37m-->&amp#27;[39m &amp#27;[37mGET&amp#27;[39m &amp#27;[37m/wd/hub/session/3f35c87d-171f-4da0-adb0-9d44333e1a00/context&amp#27;[39m
&amp#27;[35m[HTTP]&amp#27;[39m &amp#27;[90m{}&amp#27;[39m
[debug] &amp#27;[35m[W3C (3f35c87d)]&amp#27;[39m Calling AppiumDriver.getCurrentContext() with args: ["3f35c87d-171f-4da0-adb0-9d44333e1a00"]
[debug] &amp#27;[35m[W3C (3f35c87d)]&amp#27;[39m Responding to client with driver.getCurrentContext() result: "NATIVE_APP"
&amp#27;[35m[HTTP]&amp#27;[39m &amp#27;[37m<-- GET /wd/hub/session/3f35c87d-171f-4da0-adb0-9d44333e1a00/context &amp#27;[39m&amp#27;[32m200&amp#27;[39m &amp#27;[90m5 ms - 22&amp#27;[39m
&amp#27;[35m[HTTP]&amp#27;[39m &amp#27;[90m&amp#27;[39m
&amp#27;[35m[HTTP]&amp#27;[39m &amp#27;[37m-->&amp#27;[39m &amp#27;[37mPOST&amp#27;[39m &amp#27;[37m/wd/hub/session/3f35c87d-171f-4da0-adb0-9d44333e1a00/element&amp#27;[39m
&amp#27;[35m[HTTP]&amp#27;[39m &amp#27;[90m{"using":"accessibility id","value":"test-Password"}&amp#27;[39m
[debug] &amp#27;[35m[W3C (3f35c87d)]&amp#27;[39m Calling AppiumDriver.findElement() with args: ["accessibility id","test-Password","3f35c87d-171f-4da0-adb0-9d44333e1a00"]
[debug] &amp#27;[35m[BaseDriver]&amp#27;[39m Valid locator strategies for this request: xpath, id, class name, accessibility id, css selector, -android uiautomator
[debug] &amp#27;[35m[BaseDriver]&amp#27;[39m Waiting up to 0 ms for condition
[debug] &amp#27;[35m[WD Proxy]&amp#27;[39m Matched '/element' to command name 'findElement'
[debug] &amp#27;[35m[WD Proxy]&amp#27;[39m Proxying [POST /element] to [POST http://127.0.0.1:10000/wd/hub/session/3605b6ab-f1b7-4196-92fe-182483c6d5f2/element] with body: {"strategy":"accessibility id","selector":"test-Password","context":"","multiple":false}
[debug] &amp#27;[35m[WD Proxy]&amp#27;[39m Got response with status 200: {"sessionId":"3605b6ab-f1b7-4196-92fe-182483c6d5f2","value":{"ELEMENT":"00000000-0000-04a7-7fff-ffff00000030","element-6066-11e4-a52e-4f735466cecf":"00000000-0000-04a7-7fff-ffff00000030"}}
[debug] &amp#27;[35m[W3C (3f35c87d)]&amp#27;[39m Responding to client with driver.findElement() result: {"element-6066-11e4-a52e-4f735466cecf":"00000000-0000-04a7-7fff-ffff00000030","ELEMENT":"00000000-0000-04a7-7fff-ffff00000030"}
&amp#27;[35m[HTTP]&amp#27;[39m &amp#27;[37m<-- POST /wd/hub/session/3f35c87d-171f-4da0-adb0-9d44333e1a00/element &amp#27;[39m&amp#27;[32m200&amp#27;[39m &amp#27;[90m514 ms - 137&amp#27;[39m
&amp#27;[35m[HTTP]&amp#27;[39m &amp#27;[90m&amp#27;[39m
&amp#27;[35m[HTTP]&amp#27;[39m &amp#27;[37m-->&amp#27;[39m &amp#27;[37mGET&amp#27;[39m &amp#27;[37m/wd/hub/session/3f35c87d-171f-4da0-adb0-9d44333e1a00/element/00000000-0000-04a7-7fff-ffff00000030/displayed&amp#27;[39m
&amp#27;[35m[HTTP]&amp#27;[39m &amp#27;[90m{}&amp#27;[39m
[debug] &amp#27;[35m[W3C (3f35c87d)]&amp#27;[39m Calling AppiumDriver.elementDisplayed() with args: ["00000000-0000-04a7-7fff-ffff00000030","3f35c87d-171f-4da0-adb0-9d44333e1a00"]
[debug] &amp#27;[35m[WD Proxy]&amp#27;[39m Matched '/element/00000000-0000-04a7-7fff-ffff00000030/attribute/displayed' to command name 'getAttribute'
[debug] &amp#27;[35m[WD Proxy]&amp#27;[39m Proxying [GET /element/00000000-0000-04a7-7fff-ffff00000030/attribute/displayed] to [GET http://127.0.0.1:10000/wd/hub/session/3605b6ab-f1b7-4196-92fe-182483c6d5f2/element/00000000-0000-04a7-7fff-ffff00000030/attribute/displayed] with no body
[debug] &amp#27;[35m[WD Proxy]&amp#27;[39m Got response with status 200: {"sessionId":"3605b6ab-f1b7-4196-92fe-182483c6d5f2","value":"true"}
[debug] &amp#27;[35m[W3C (3f35c87d)]&amp#27;[39m Responding to client with driver.elementDisplayed() result: true
&amp#27;[35m[HTTP]&amp#27;[39m &amp#27;[37m<-- GET /wd/hub/session/3f35c87d-171f-4da0-adb0-9d44333e1a00/element/00000000-0000-04a7-7fff-ffff00000030/displayed &amp#27;[39m&amp#27;[32m200&amp#27;[39m &amp#27;[90m466 ms - 14&amp#27;[39m
&amp#27;[35m[HTTP]&amp#27;[39m &amp#27;[90m&amp#27;[39m
[INFO ] 2022-08-31 16:45:56.097 BasePage:71 - password is secret_sauce
&amp#27;[35m[HTTP]&amp#27;[39m &amp#27;[37m-->&amp#27;[39m &amp#27;[37mGET&amp#27;[39m &amp#27;[37m/wd/hub/session/3f35c87d-171f-4da0-adb0-9d44333e1a00/context&amp#27;[39m
&amp#27;[35m[HTTP]&amp#27;[39m &amp#27;[90m{}&amp#27;[39m
[debug] &amp#27;[35m[W3C (3f35c87d)]&amp#27;[39m Calling AppiumDriver.getCurrentContext() with args: ["3f35c87d-171f-4da0-adb0-9d44333e1a00"]
[debug] &amp#27;[35m[W3C (3f35c87d)]&amp#27;[39m Responding to client with driver.getCurrentContext() result: "NATIVE_APP"
&amp#27;[35m[HTTP]&amp#27;[39m &amp#27;[37m<-- GET /wd/hub/session/3f35c87d-171f-4da0-adb0-9d44333e1a00/context &amp#27;[39m&amp#27;[32m200&amp#27;[39m &amp#27;[90m4 ms - 22&amp#27;[39m
&amp#27;[35m[HTTP]&amp#27;[39m &amp#27;[90m&amp#27;[39m
&amp#27;[35m[HTTP]&amp#27;[39m &amp#27;[37m-->&amp#27;[39m &amp#27;[37mPOST&amp#27;[39m &amp#27;[37m/wd/hub/session/3f35c87d-171f-4da0-adb0-9d44333e1a00/element&amp#27;[39m
&amp#27;[35m[HTTP]&amp#27;[39m &amp#27;[90m{"using":"accessibility id","value":"test-Password"}&amp#27;[39m
[debug] &amp#27;[35m[W3C (3f35c87d)]&amp#27;[39m Calling AppiumDriver.findElement() with args: ["accessibility id","test-Password","3f35c87d-171f-4da0-adb0-9d44333e1a00"]
[debug] &amp#27;[35m[BaseDriver]&amp#27;[39m Valid locator strategies for this request: xpath, id, class name, accessibility id, css selector, -android uiautomator
[debug] &amp#27;[35m[BaseDriver]&amp#27;[39m Waiting up to 0 ms for condition
[debug] &amp#27;[35m[WD Proxy]&amp#27;[39m Matched '/element' to command name 'findElement'
[debug] &amp#27;[35m[WD Proxy]&amp#27;[39m Proxying [POST /element] to [POST http://127.0.0.1:10000/wd/hub/session/3605b6ab-f1b7-4196-92fe-182483c6d5f2/element] with body: {"strategy":"accessibility id","selector":"test-Password","context":"","multiple":false}
[debug] &amp#27;[35m[WD Proxy]&amp#27;[39m Got response with status 200: {"sessionId":"3605b6ab-f1b7-4196-92fe-182483c6d5f2","value":{"ELEMENT":"00000000-0000-04a7-7fff-ffff00000030","element-6066-11e4-a52e-4f735466cecf":"00000000-0000-04a7-7fff-ffff00000030"}}
[debug] &amp#27;[35m[W3C (3f35c87d)]&amp#27;[39m Responding to client with driver.findElement() result: {"element-6066-11e4-a52e-4f735466cecf":"00000000-0000-04a7-7fff-ffff00000030","ELEMENT":"00000000-0000-04a7-7fff-ffff00000030"}
&amp#27;[35m[HTTP]&amp#27;[39m &amp#27;[37m<-- POST /wd/hub/session/3f35c87d-171f-4da0-adb0-9d44333e1a00/element &amp#27;[39m&amp#27;[32m200&amp#27;[39m &amp#27;[90m60 ms - 137&amp#27;[39m
&amp#27;[35m[HTTP]&amp#27;[39m &amp#27;[90m&amp#27;[39m
&amp#27;[35m[HTTP]&amp#27;[39m &amp#27;[37m-->&amp#27;[39m &amp#27;[37mPOST&amp#27;[39m &amp#27;[37m/wd/hub/session/3f35c87d-171f-4da0-adb0-9d44333e1a00/element/00000000-0000-04a7-7fff-ffff00000030/value&amp#27;[39m
&amp#27;[35m[HTTP]&amp#27;[39m &amp#27;[90m{"id":"00000000-0000-04a7-7fff-ffff00000030","text":"secret_sauce","value":["s","e","c","r","e","t","_","s","a","u","c","e"]}&amp#27;[39m
[debug] &amp#27;[35m[W3C (3f35c87d)]&amp#27;[39m Calling AppiumDriver.setValue() with args: [["s","e","c","r","e","t","_","s","a","u","c","e"],"00000000-0000-04a7-7fff-ffff00000030","3f35c87d-171f-4da0-adb0-9d44333e1a00"]
[debug] &amp#27;[35m[WD Proxy]&amp#27;[39m Matched '/element/00000000-0000-04a7-7fff-ffff00000030/value' to command name 'setValue'
[debug] &amp#27;[35m[Protocol Converter]&amp#27;[39m Added 'value' property ["s","e","c","r","e","t","_","s","a","u","c","e"] to 'setValue' request body
[debug] &amp#27;[35m[WD Proxy]&amp#27;[39m Proxying [POST /element/00000000-0000-04a7-7fff-ffff00000030/value] to [POST http://127.0.0.1:10000/wd/hub/session/3605b6ab-f1b7-4196-92fe-182483c6d5f2/element/00000000-0000-04a7-7fff-ffff00000030/value] with body: {"elementId":"00000000-0000-04a7-7fff-ffff00000030","text":"secret_sauce","replace":false,"value":["s","e","c","r","e","t","_","s","a","u","c","e"]}
[debug] &amp#27;[35m[WD Proxy]&amp#27;[39m Got response with status 200: {"sessionId":"3605b6ab-f1b7-4196-92fe-182483c6d5f2","value":null}
[debug] &amp#27;[35m[W3C (3f35c87d)]&amp#27;[39m Responding to client with driver.setValue() result: null
&amp#27;[35m[HTTP]&amp#27;[39m &amp#27;[37m<-- POST /wd/hub/session/3f35c87d-171f-4da0-adb0-9d44333e1a00/element/00000000-0000-04a7-7fff-ffff00000030/value &amp#27;[39m&amp#27;[32m200&amp#27;[39m &amp#27;[90m885 ms - 14&amp#27;[39m
&amp#27;[35m[HTTP]&amp#27;[39m &amp#27;[90m&amp#27;[39m
  And I enter password as "secret_sauce"                                                              # com.qa.stepdef.LoginStepDef.iEnterPasswordAs(java.lang.String)
&amp#27;[35m[HTTP]&amp#27;[39m &amp#27;[37m-->&amp#27;[39m &amp#27;[37mGET&amp#27;[39m &amp#27;[37m/wd/hub/session/3f35c87d-171f-4da0-adb0-9d44333e1a00/context&amp#27;[39m
&amp#27;[35m[HTTP]&amp#27;[39m &amp#27;[90m{}&amp#27;[39m
[debug] &amp#27;[35m[W3C (3f35c87d)]&amp#27;[39m Calling AppiumDriver.getCurrentContext() with args: ["3f35c87d-171f-4da0-adb0-9d44333e1a00"]
[debug] &amp#27;[35m[W3C (3f35c87d)]&amp#27;[39m Responding to client with driver.getCurrentContext() result: "NATIVE_APP"
&amp#27;[35m[HTTP]&amp#27;[39m &amp#27;[37m<-- GET /wd/hub/session/3f35c87d-171f-4da0-adb0-9d44333e1a00/context &amp#27;[39m&amp#27;[32m200&amp#27;[39m &amp#27;[90m3 ms - 22&amp#27;[39m
&amp#27;[35m[HTTP]&amp#27;[39m &amp#27;[90m&amp#27;[39m
&amp#27;[35m[HTTP]&amp#27;[39m &amp#27;[37m-->&amp#27;[39m &amp#27;[37mPOST&amp#27;[39m &amp#27;[37m/wd/hub/session/3f35c87d-171f-4da0-adb0-9d44333e1a00/element&amp#27;[39m
&amp#27;[35m[HTTP]&amp#27;[39m &amp#27;[90m{"using":"accessibility id","value":"test-LOGIN"}&amp#27;[39m
[debug] &amp#27;[35m[W3C (3f35c87d)]&amp#27;[39m Calling AppiumDriver.findElement() with args: ["accessibility id","test-LOGIN","3f35c87d-171f-4da0-adb0-9d44333e1a00"]
[debug] &amp#27;[35m[BaseDriver]&amp#27;[39m Valid locator strategies for this request: xpath, id, class name, accessibility id, css selector, -android uiautomator
[debug] &amp#27;[35m[BaseDriver]&amp#27;[39m Waiting up to 0 ms for condition
[debug] &amp#27;[35m[WD Proxy]&amp#27;[39m Matched '/element' to command name 'findElement'
[debug] &amp#27;[35m[WD Proxy]&amp#27;[39m Proxying [POST /element] to [POST http://127.0.0.1:10000/wd/hub/session/3605b6ab-f1b7-4196-92fe-182483c6d5f2/element] with body: {"strategy":"accessibility id","selector":"test-LOGIN","context":"","multiple":false}
[debug] &amp#27;[35m[WD Proxy]&amp#27;[39m Got response with status 200: {"sessionId":"3605b6ab-f1b7-4196-92fe-182483c6d5f2","value":{"ELEMENT":"00000000-0000-04a7-7fff-ffff0000002c","element-6066-11e4-a52e-4f735466cecf":"00000000-0000-04a7-7fff-ffff0000002c"}}
[debug] &amp#27;[35m[W3C (3f35c87d)]&amp#27;[39m Responding to client with driver.findElement() result: {"element-6066-11e4-a52e-4f735466cecf":"00000000-0000-04a7-7fff-ffff0000002c","ELEMENT":"00000000-0000-04a7-7fff-ffff0000002c"}
&amp#27;[35m[HTTP]&amp#27;[39m &amp#27;[37m<-- POST /wd/hub/session/3f35c87d-171f-4da0-adb0-9d44333e1a00/element &amp#27;[39m&amp#27;[32m200&amp#27;[39m &amp#27;[90m526 ms - 137&amp#27;[39m
&amp#27;[35m[HTTP]&amp#27;[39m &amp#27;[90m&amp#27;[39m
&amp#27;[35m[HTTP]&amp#27;[39m &amp#27;[37m-->&amp#27;[39m &amp#27;[37mGET&amp#27;[39m &amp#27;[37m/wd/hub/session/3f35c87d-171f-4da0-adb0-9d44333e1a00/element/00000000-0000-04a7-7fff-ffff0000002c/displayed&amp#27;[39m
&amp#27;[35m[HTTP]&amp#27;[39m &amp#27;[90m{}&amp#27;[39m
[debug] &amp#27;[35m[W3C (3f35c87d)]&amp#27;[39m Calling AppiumDriver.elementDisplayed() with args: ["00000000-0000-04a7-7fff-ffff0000002c","3f35c87d-171f-4da0-adb0-9d44333e1a00"]
[debug] &amp#27;[35m[WD Proxy]&amp#27;[39m Matched '/element/00000000-0000-04a7-7fff-ffff0000002c/attribute/displayed' to command name 'getAttribute'
[debug] &amp#27;[35m[WD Proxy]&amp#27;[39m Proxying [GET /element/00000000-0000-04a7-7fff-ffff0000002c/attribute/displayed] to [GET http://127.0.0.1:10000/wd/hub/session/3605b6ab-f1b7-4196-92fe-182483c6d5f2/element/00000000-0000-04a7-7fff-ffff0000002c/attribute/displayed] with no body
[debug] &amp#27;[35m[WD Proxy]&amp#27;[39m Got response with status 200: {"sessionId":"3605b6ab-f1b7-4196-92fe-182483c6d5f2","value":"true"}
[debug] &amp#27;[35m[W3C (3f35c87d)]&amp#27;[39m Responding to client with driver.elementDisplayed() result: true
&amp#27;[35m[HTTP]&amp#27;[39m &amp#27;[37m<-- GET /wd/hub/session/3f35c87d-171f-4da0-adb0-9d44333e1a00/element/00000000-0000-04a7-7fff-ffff0000002c/displayed &amp#27;[39m&amp#27;[32m200&amp#27;[39m &amp#27;[90m30 ms - 14&amp#27;[39m
&amp#27;[35m[HTTP]&amp#27;[39m &amp#27;[90m&amp#27;[39m
[INFO ] 2022-08-31 16:45:57.712 BasePage:54 - press login button
&amp#27;[35m[HTTP]&amp#27;[39m &amp#27;[37m-->&amp#27;[39m &amp#27;[37mGET&amp#27;[39m &amp#27;[37m/wd/hub/session/3f35c87d-171f-4da0-adb0-9d44333e1a00/context&amp#27;[39m
&amp#27;[35m[HTTP]&amp#27;[39m &amp#27;[90m{}&amp#27;[39m
[debug] &amp#27;[35m[W3C (3f35c87d)]&amp#27;[39m Calling AppiumDriver.getCurrentContext() with args: ["3f35c87d-171f-4da0-adb0-9d44333e1a00"]
[debug] &amp#27;[35m[W3C (3f35c87d)]&amp#27;[39m Responding to client with driver.getCurrentContext() result: "NATIVE_APP"
&amp#27;[35m[HTTP]&amp#27;[39m &amp#27;[37m<-- GET /wd/hub/session/3f35c87d-171f-4da0-adb0-9d44333e1a00/context &amp#27;[39m&amp#27;[32m200&amp#27;[39m &amp#27;[90m2 ms - 22&amp#27;[39m
&amp#27;[35m[HTTP]&amp#27;[39m &amp#27;[90m&amp#27;[39m
&amp#27;[35m[HTTP]&amp#27;[39m &amp#27;[37m-->&amp#27;[39m &amp#27;[37mPOST&amp#27;[39m &amp#27;[37m/wd/hub/session/3f35c87d-171f-4da0-adb0-9d44333e1a00/element&amp#27;[39m
&amp#27;[35m[HTTP]&amp#27;[39m &amp#27;[90m{"using":"accessibility id","value":"test-LOGIN"}&amp#27;[39m
[debug] &amp#27;[35m[W3C (3f35c87d)]&amp#27;[39m Calling AppiumDriver.findElement() with args: ["accessibility id","test-LOGIN","3f35c87d-171f-4da0-adb0-9d44333e1a00"]
[debug] &amp#27;[35m[BaseDriver]&amp#27;[39m Valid locator strategies for this request: xpath, id, class name, accessibility id, css selector, -android uiautomator
[debug] &amp#27;[35m[BaseDriver]&amp#27;[39m Waiting up to 0 ms for condition
[debug] &amp#27;[35m[WD Proxy]&amp#27;[39m Matched '/element' to command name 'findElement'
[debug] &amp#27;[35m[WD Proxy]&amp#27;[39m Proxying [POST /element] to [POST http://127.0.0.1:10000/wd/hub/session/3605b6ab-f1b7-4196-92fe-182483c6d5f2/element] with body: {"strategy":"accessibility id","selector":"test-LOGIN","context":"","multiple":false}
[debug] &amp#27;[35m[WD Proxy]&amp#27;[39m Got response with status 200: {"sessionId":"3605b6ab-f1b7-4196-92fe-182483c6d5f2","value":{"ELEMENT":"00000000-0000-04a7-7fff-ffff0000002c","element-6066-11e4-a52e-4f735466cecf":"00000000-0000-04a7-7fff-ffff0000002c"}}
[debug] &amp#27;[35m[W3C (3f35c87d)]&amp#27;[39m Responding to client with driver.findElement() result: {"element-6066-11e4-a52e-4f735466cecf":"00000000-0000-04a7-7fff-ffff0000002c","ELEMENT":"00000000-0000-04a7-7fff-ffff0000002c"}
&amp#27;[35m[HTTP]&amp#27;[39m &amp#27;[37m<-- POST /wd/hub/session/3f35c87d-171f-4da0-adb0-9d44333e1a00/element &amp#27;[39m&amp#27;[32m200&amp#27;[39m &amp#27;[90m87 ms - 137&amp#27;[39m
&amp#27;[35m[HTTP]&amp#27;[39m &amp#27;[90m&amp#27;[39m
&amp#27;[35m[HTTP]&amp#27;[39m &amp#27;[37m-->&amp#27;[39m &amp#27;[37mPOST&amp#27;[39m &amp#27;[37m/wd/hub/session/3f35c87d-171f-4da0-adb0-9d44333e1a00/element/00000000-0000-04a7-7fff-ffff0000002c/click&amp#27;[39m
&amp#27;[35m[HTTP]&amp#27;[39m &amp#27;[90m{"id":"00000000-0000-04a7-7fff-ffff0000002c"}&amp#27;[39m
[debug] &amp#27;[35m[W3C (3f35c87d)]&amp#27;[39m Calling AppiumDriver.click() with args: ["00000000-0000-04a7-7fff-ffff0000002c","3f35c87d-171f-4da0-adb0-9d44333e1a00"]
[debug] &amp#27;[35m[WD Proxy]&amp#27;[39m Matched '/element/00000000-0000-04a7-7fff-ffff0000002c/click' to command name 'click'
[debug] &amp#27;[35m[WD Proxy]&amp#27;[39m Proxying [POST /element/00000000-0000-04a7-7fff-ffff0000002c/click] to [POST http://127.0.0.1:10000/wd/hub/session/3605b6ab-f1b7-4196-92fe-182483c6d5f2/element/00000000-0000-04a7-7fff-ffff0000002c/click] with body: {"element":"00000000-0000-04a7-7fff-ffff0000002c"}
[debug] &amp#27;[35m[WD Proxy]&amp#27;[39m Got response with status 200: {"sessionId":"3605b6ab-f1b7-4196-92fe-182483c6d5f2","value":null}
[debug] &amp#27;[35m[W3C (3f35c87d)]&amp#27;[39m Responding to client with driver.click() result: null
&amp#27;[35m[HTTP]&amp#27;[39m &amp#27;[37m<-- POST /wd/hub/session/3f35c87d-171f-4da0-adb0-9d44333e1a00/element/00000000-0000-04a7-7fff-ffff0000002c/click &amp#27;[39m&amp#27;[32m200&amp#27;[39m &amp#27;[90m74 ms - 14&amp#27;[39m
&amp#27;[35m[HTTP]&amp#27;[39m &amp#27;[90m&amp#27;[39m
  And I login                                                                                         # com.qa.stepdef.LoginStepDef.iLogin()
&amp#27;[35m[HTTP]&amp#27;[39m &amp#27;[37m-->&amp#27;[39m &amp#27;[37mGET&amp#27;[39m &amp#27;[37m/wd/hub/session/3f35c87d-171f-4da0-adb0-9d44333e1a00/context&amp#27;[39m
&amp#27;[35m[HTTP]&amp#27;[39m &amp#27;[90m{}&amp#27;[39m
[debug] &amp#27;[35m[W3C (3f35c87d)]&amp#27;[39m Calling AppiumDriver.getCurrentContext() with args: ["3f35c87d-171f-4da0-adb0-9d44333e1a00"]
[debug] &amp#27;[35m[W3C (3f35c87d)]&amp#27;[39m Responding to client with driver.getCurrentContext() result: "NATIVE_APP"
&amp#27;[35m[HTTP]&amp#27;[39m &amp#27;[37m<-- GET /wd/hub/session/3f35c87d-171f-4da0-adb0-9d44333e1a00/context &amp#27;[39m&amp#27;[32m200&amp#27;[39m &amp#27;[90m2 ms - 22&amp#27;[39m
&amp#27;[35m[HTTP]&amp#27;[39m &amp#27;[90m&amp#27;[39m
&amp#27;[35m[HTTP]&amp#27;[39m &amp#27;[37m-->&amp#27;[39m &amp#27;[37mPOST&amp#27;[39m &amp#27;[37m/wd/hub/session/3f35c87d-171f-4da0-adb0-9d44333e1a00/element&amp#27;[39m
&amp#27;[35m[HTTP]&amp#27;[39m &amp#27;[90m{"using":"xpath","value":"//android.view.ViewGroup[@content-desc=\"test-Error message\"]/android.widget.TextView"}&amp#27;[39m
[debug] &amp#27;[35m[W3C (3f35c87d)]&amp#27;[39m Calling AppiumDriver.findElement() with args: ["xpath","//android.view.ViewGroup[@content-desc=\"test-Error message\"]/android.widget.TextView","3f35c87d-171f-4da0-adb0-9d44333e1a00"]
[debug] &amp#27;[35m[BaseDriver]&amp#27;[39m Valid locator strategies for this request: xpath, id, class name, accessibility id, css selector, -android uiautomator
[debug] &amp#27;[35m[BaseDriver]&amp#27;[39m Waiting up to 0 ms for condition
[debug] &amp#27;[35m[WD Proxy]&amp#27;[39m Matched '/element' to command name 'findElement'
[debug] &amp#27;[35m[WD Proxy]&amp#27;[39m Proxying [POST /element] to [POST http://127.0.0.1:10000/wd/hub/session/3605b6ab-f1b7-4196-92fe-182483c6d5f2/element] with body: {"strategy":"xpath","selector":"//android.view.ViewGroup[@content-desc=\"test-Error message\"]/android.widget.TextView","context":"","multiple":false}
[debug] &amp#27;[35m[WD Proxy]&amp#27;[39m Got response with status 200: {"sessionId":"3605b6ab-f1b7-4196-92fe-182483c6d5f2","value":{"ELEMENT":"00000000-0000-04a7-7fff-ffff0000003f","element-6066-11e4-a52e-4f735466cecf":"00000000-0000-04a7-7fff-ffff0000003f"}}
[debug] &amp#27;[35m[W3C (3f35c87d)]&amp#27;[39m Responding to client with driver.findElement() result: {"element-6066-11e4-a52e-4f735466cecf":"00000000-0000-04a7-7fff-ffff0000003f","ELEMENT":"00000000-0000-04a7-7fff-ffff0000003f"}
&amp#27;[35m[HTTP]&amp#27;[39m &amp#27;[37m<-- POST /wd/hub/session/3f35c87d-171f-4da0-adb0-9d44333e1a00/element &amp#27;[39m&amp#27;[32m200&amp#27;[39m &amp#27;[90m290 ms - 137&amp#27;[39m
&amp#27;[35m[HTTP]&amp#27;[39m &amp#27;[90m&amp#27;[39m
&amp#27;[35m[HTTP]&amp#27;[39m &amp#27;[37m-->&amp#27;[39m &amp#27;[37mGET&amp#27;[39m &amp#27;[37m/wd/hub/session/3f35c87d-171f-4da0-adb0-9d44333e1a00/element/00000000-0000-04a7-7fff-ffff0000003f/displayed&amp#27;[39m
&amp#27;[35m[HTTP]&amp#27;[39m &amp#27;[90m{}&amp#27;[39m
[debug] &amp#27;[35m[W3C (3f35c87d)]&amp#27;[39m Calling AppiumDriver.elementDisplayed() with args: ["00000000-0000-04a7-7fff-ffff0000003f","3f35c87d-171f-4da0-adb0-9d44333e1a00"]
[debug] &amp#27;[35m[WD Proxy]&amp#27;[39m Matched '/element/00000000-0000-04a7-7fff-ffff0000003f/attribute/displayed' to command name 'getAttribute'
[debug] &amp#27;[35m[WD Proxy]&amp#27;[39m Proxying [GET /element/00000000-0000-04a7-7fff-ffff0000003f/attribute/displayed] to [GET http://127.0.0.1:10000/wd/hub/session/3605b6ab-f1b7-4196-92fe-182483c6d5f2/element/00000000-0000-04a7-7fff-ffff0000003f/attribute/displayed] with no body
[debug] &amp#27;[35m[WD Proxy]&amp#27;[39m Got response with status 200: {"sessionId":"3605b6ab-f1b7-4196-92fe-182483c6d5f2","value":"true"}
[debug] &amp#27;[35m[W3C (3f35c87d)]&amp#27;[39m Responding to client with driver.elementDisplayed() result: true
&amp#27;[35m[HTTP]&amp#27;[39m &amp#27;[37m<-- GET /wd/hub/session/3f35c87d-171f-4da0-adb0-9d44333e1a00/element/00000000-0000-04a7-7fff-ffff0000003f/displayed &amp#27;[39m&amp#27;[32m200&amp#27;[39m &amp#27;[90m406 ms - 14&amp#27;[39m
&amp#27;[35m[HTTP]&amp#27;[39m &amp#27;[90m&amp#27;[39m
&amp#27;[35m[HTTP]&amp#27;[39m &amp#27;[37m-->&amp#27;[39m &amp#27;[37mGET&amp#27;[39m &amp#27;[37m/wd/hub/session/3f35c87d-171f-4da0-adb0-9d44333e1a00/context&amp#27;[39m
&amp#27;[35m[HTTP]&amp#27;[39m &amp#27;[90m{}&amp#27;[39m
[debug] &amp#27;[35m[W3C (3f35c87d)]&amp#27;[39m Calling AppiumDriver.getCurrentContext() with args: ["3f35c87d-171f-4da0-adb0-9d44333e1a00"]
[debug] &amp#27;[35m[W3C (3f35c87d)]&amp#27;[39m Responding to client with driver.getCurrentContext() result: "NATIVE_APP"
&amp#27;[35m[HTTP]&amp#27;[39m &amp#27;[37m<-- GET /wd/hub/session/3f35c87d-171f-4da0-adb0-9d44333e1a00/context &amp#27;[39m&amp#27;[32m200&amp#27;[39m &amp#27;[90m5 ms - 22&amp#27;[39m
&amp#27;[35m[HTTP]&amp#27;[39m &amp#27;[90m&amp#27;[39m
&amp#27;[35m[HTTP]&amp#27;[39m &amp#27;[37m-->&amp#27;[39m &amp#27;[37mPOST&amp#27;[39m &amp#27;[37m/wd/hub/session/3f35c87d-171f-4da0-adb0-9d44333e1a00/element&amp#27;[39m
&amp#27;[35m[HTTP]&amp#27;[39m &amp#27;[90m{"using":"xpath","value":"//android.view.ViewGroup[@content-desc=\"test-Error message\"]/android.widget.TextView"}&amp#27;[39m
[debug] &amp#27;[35m[W3C (3f35c87d)]&amp#27;[39m Calling AppiumDriver.findElement() with args: ["xpath","//android.view.ViewGroup[@content-desc=\"test-Error message\"]/android.widget.TextView","3f35c87d-171f-4da0-adb0-9d44333e1a00"]
[debug] &amp#27;[35m[BaseDriver]&amp#27;[39m Valid locator strategies for this request: xpath, id, class name, accessibility id, css selector, -android uiautomator
[debug] &amp#27;[35m[BaseDriver]&amp#27;[39m Waiting up to 0 ms for condition
[debug] &amp#27;[35m[WD Proxy]&amp#27;[39m Matched '/element' to command name 'findElement'
[debug] &amp#27;[35m[WD Proxy]&amp#27;[39m Proxying [POST /element] to [POST http://127.0.0.1:10000/wd/hub/session/3605b6ab-f1b7-4196-92fe-182483c6d5f2/element] with body: {"strategy":"xpath","selector":"//android.view.ViewGroup[@content-desc=\"test-Error message\"]/android.widget.TextView","context":"","multiple":false}
[debug] &amp#27;[35m[WD Proxy]&amp#27;[39m Got response with status 200: {"sessionId":"3605b6ab-f1b7-4196-92fe-182483c6d5f2","value":{"ELEMENT":"00000000-0000-04a7-7fff-ffff0000003f","element-6066-11e4-a52e-4f735466cecf":"00000000-0000-04a7-7fff-ffff0000003f"}}
[debug] &amp#27;[35m[W3C (3f35c87d)]&amp#27;[39m Responding to client with driver.findElement() result: {"element-6066-11e4-a52e-4f735466cecf":"00000000-0000-04a7-7fff-ffff0000003f","ELEMENT":"00000000-0000-04a7-7fff-ffff0000003f"}
&amp#27;[35m[HTTP]&amp#27;[39m &amp#27;[37m<-- POST /wd/hub/session/3f35c87d-171f-4da0-adb0-9d44333e1a00/element &amp#27;[39m&amp#27;[32m200&amp#27;[39m &amp#27;[90m126 ms - 137&amp#27;[39m
&amp#27;[35m[HTTP]&amp#27;[39m &amp#27;[90m&amp#27;[39m
&amp#27;[35m[HTTP]&amp#27;[39m &amp#27;[37m-->&amp#27;[39m &amp#27;[37mGET&amp#27;[39m &amp#27;[37m/wd/hub/session/3f35c87d-171f-4da0-adb0-9d44333e1a00/element/00000000-0000-04a7-7fff-ffff0000003f/attribute/text&amp#27;[39m
&amp#27;[35m[HTTP]&amp#27;[39m &amp#27;[90m{}&amp#27;[39m
[debug] &amp#27;[35m[W3C (3f35c87d)]&amp#27;[39m Calling AppiumDriver.getAttribute() with args: ["text","00000000-0000-04a7-7fff-ffff0000003f","3f35c87d-171f-4da0-adb0-9d44333e1a00"]
[debug] &amp#27;[35m[WD Proxy]&amp#27;[39m Matched '/element/00000000-0000-04a7-7fff-ffff0000003f/attribute/text' to command name 'getAttribute'
[debug] &amp#27;[35m[WD Proxy]&amp#27;[39m Proxying [GET /element/00000000-0000-04a7-7fff-ffff0000003f/attribute/text] to [GET http://127.0.0.1:10000/wd/hub/session/3605b6ab-f1b7-4196-92fe-182483c6d5f2/element/00000000-0000-04a7-7fff-ffff0000003f/attribute/text] with no body
[debug] &amp#27;[35m[WD Proxy]&amp#27;[39m Got response with status 200: {"sessionId":"3605b6ab-f1b7-4196-92fe-182483c6d5f2","value":"Username and password do not match any user in this service."}
[debug] &amp#27;[35m[W3C (3f35c87d)]&amp#27;[39m Responding to client with driver.getAttribute() result: "Username and password do not match any user in this service."
&amp#27;[35m[HTTP]&amp#27;[39m &amp#27;[37m<-- GET /wd/hub/session/3f35c87d-171f-4da0-adb0-9d44333e1a00/element/00000000-0000-04a7-7fff-ffff0000003f/attribute/text &amp#27;[39m&amp#27;[32m200&amp#27;[39m &amp#27;[90m19 ms - 72&amp#27;[39m
&amp#27;[35m[HTTP]&amp#27;[39m &amp#27;[90m&amp#27;[39m
[INFO ] 2022-08-31 16:45:58.804 BasePage:97 - error text is - Username and password do not match any user in this service.
  Then login should fail with an error "Username and password do not match any user in this service." # com.qa.stepdef.LoginStepDef.loginShouldFailWithAnError(java.lang.String)
&amp#27;[35m[HTTP]&amp#27;[39m &amp#27;[37m-->&amp#27;[39m &amp#27;[37mPOST&amp#27;[39m &amp#27;[37m/wd/hub/session/3f35c87d-171f-4da0-adb0-9d44333e1a00/appium/stop_recording_screen&amp#27;[39m
&amp#27;[35m[HTTP]&amp#27;[39m &amp#27;[90m{}&amp#27;[39m
[debug] &amp#27;[35m[W3C (3f35c87d)]&amp#27;[39m Calling AppiumDriver.stopRecordingScreen() with args: [null,"3f35c87d-171f-4da0-adb0-9d44333e1a00"]
[debug] &amp#27;[35m[ADB]&amp#27;[39m Getting IDs of all 'screenrecord' processes
[debug] &amp#27;[35m[ADB]&amp#27;[39m Running 'C:\Users\dtougov\AppData\Local\Android\Sdk\platform-tools\adb.exe -P 5037 -s CB5A29JXTK shell 'pgrep ^screenrecord$ || pgrep ^screenrecord$''
[debug] &amp#27;[35m[ADB]&amp#27;[39m Running 'C:\Users\dtougov\AppData\Local\Android\Sdk\platform-tools\adb.exe -P 5037 -s CB5A29JXTK shell kill -2 1934'
[debug] &amp#27;[35m[ADB]&amp#27;[39m Getting IDs of all 'screenrecord' processes
[debug] &amp#27;[35m[ADB]&amp#27;[39m Running 'C:\Users\dtougov\AppData\Local\Android\Sdk\platform-tools\adb.exe -P 5037 -s CB5A29JXTK shell 'pgrep ^screenrecord$ || pgrep ^screenrecord$''
[debug] &amp#27;[35m[ADB]&amp#27;[39m Getting IDs of all 'screenrecord' processes
[debug] &amp#27;[35m[ADB]&amp#27;[39m Running 'C:\Users\dtougov\AppData\Local\Android\Sdk\platform-tools\adb.exe -P 5037 -s CB5A29JXTK shell 'pgrep ^screenrecord$ || pgrep ^screenrecord$''
[debug] &amp#27;[35m[ADB]&amp#27;[39m Running 'C:\Users\dtougov\AppData\Local\Android\Sdk\platform-tools\adb.exe -P 5037 -s CB5A29JXTK pull /sdcard/1e703499.mp4 C:\Users\dtougov\AppData\Local\Temp\2022731-14376-1pad4hs.0cxy\1e703499.mp4'
[debug] &amp#27;[35m[ADB]&amp#27;[39m Running 'C:\Users\dtougov\AppData\Local\Android\Sdk\platform-tools\adb.exe -P 5037 -s CB5A29JXTK shell rm -rf /sdcard/1e703499.mp4'
[debug] &amp#27;[35m[AndroidDriver]&amp#27;[39m The size of the resulting screen recording is 624.05 KB
[debug] &amp#27;[35m[W3C (3f35c87d)]&amp#27;[39m Responding to client with driver.stopRecordingScreen() result: "AAAAGGZ0eXBtcDQyAAAAAGlzb21tcDQyAAAAAW1kYXQAAAAAAAm4uQAAf2VluEDxMUBtbW1tbW1//8aBDwWVLKvBDFf/kzL/au1//+6BD4IAHk2v/uPVBXlW1OkcFYz7nwJija2tra2tra2tra2tra2tra2tra2tra2tra2tra2tra2v//jQIeAtPKhpH//1QV400UHgbnLbX//9Ah8AMXczMCF/8V+FeQKflRt7tbW1tbW1tY9QEe+fn//bCGAmbt+f+237W1tbW1tbW1p6f4DJ+c3FvAGVV5om7TCHmXL3gUAc4fgJfdHit0+dlTNI4Dyc5qRd8kAAffBCCYC2p4DL70hckHsM093Ay//hOBUHmyIqz5LfT/8vKFhTwKCYFsBJPNck+ru+//A4J4FAeTF/waF/eupz+bhfJm1+HHsiF/b5//4IIDGhpYI3kltX+WXh4UjoKssKNnA1YIjnbYYDtDSYLOrtfzn/xU9/P8Bbtdpw//wnGAVcVmSnfGgwVNaf/v4HNhTgG49UKSyT0++j4uef55BUEj2As9dP5RMtrxk5/93Cf4zgYOVFUGCVDiPz8A//w9CIbzZSkGn/5cZbGeCARm2sEj3YPd6IxWcP7j+P9BKBQB5MSz39B/5zPuHI8Cudy/MkG1hv0pdijKVT09PT09PT09PT09PT09PT09PT/8eT9jPAmJ6mQJv1togxOKKIaT/+v1zmZArqBEr5m5EE/gJcvwTFu0h6lz/629tsIb/+BIp1z//k/mFWFMAvn0wBI7yKoYy3Lg+AY5dHXd/3vf3xEL8WBCJTmXGWAjRYrg5T1AkcoBxUB6clanb/8/rp+taPgD9+qPa+Bzk53BRzL6rXUFRVP3YI4j47JoEKrgCCMvajOgpP/4f8GH/Omfx/wwsJ0oMtqcDoLsgkP+NkM0n//7kDBDgOtLgOsJeD3LhD+xOFyu1NPx///xYIcBaOpRCoGQUP+4qHwraMh8ApMTltg9+BKc1ur/u5VMwIFYCBx8bYoIvL...
&amp#27;[35m[HTTP]&amp#27;[39m &amp#27;[37m<-- POST /wd/hub/session/3f35c87d-171f-4da0-adb0-9d44333e1a00/appium/stop_recording_screen &amp#27;[39m&amp#27;[32m200&amp#27;[39m &amp#27;[90m1647 ms - 852052&amp#27;[39m
&amp#27;[35m[HTTP]&amp#27;[39m &amp#27;[90m&amp#27;[39m
[INFO ] 2022-08-31 16:46:00.605 VideoManager:35 - video path: Android_sony\Videos\Login with invalid user name.mp4
]]></system-out>
    <system-err><![CDATA[SLF4J: Failed to load class "org.slf4j.impl.StaticLoggerBinder".
SLF4J: Defaulting to no-operation (NOP) logger implementation
SLF4J: See http://www.slf4j.org/codes.html#StaticLoggerBinder for further details.
Aug 31, 2022 4:45:48 PM io.appium.java_client.remote.AppiumCommandExecutor$1 lambda$0
INFO: Detected dialect: W3C
]]></system-err>
  </testcase>
  <testcase name="scenario[&quot;Login with invalid password&quot;, &quot;Optional[Login scenarios]&quot;](2)" classname="com.qa.runners.SonyTestNGRunnerTest" time="9.718">
    <system-out><![CDATA[
@test1
Scenario Outline: Login with invalid password                                                         # src/test/resources/Login.feature:21
&amp#27;[35m[HTTP]&amp#27;[39m &amp#27;[37m-->&amp#27;[39m &amp#27;[37mPOST&amp#27;[39m &amp#27;[37m/wd/hub/session/3f35c87d-171f-4da0-adb0-9d44333e1a00/appium/start_recording_screen&amp#27;[39m
&amp#27;[35m[HTTP]&amp#27;[39m &amp#27;[90m{}&amp#27;[39m
[debug] &amp#27;[35m[W3C (3f35c87d)]&amp#27;[39m Calling AppiumDriver.startRecordingScreen() with args: [null,"3f35c87d-171f-4da0-adb0-9d44333e1a00"]
[debug] &amp#27;[35m[ADB]&amp#27;[39m Getting IDs of all 'screenrecord' processes
[debug] &amp#27;[35m[ADB]&amp#27;[39m Running 'C:\Users\dtougov\AppData\Local\Android\Sdk\platform-tools\adb.exe -P 5037 -s CB5A29JXTK shell 'pgrep ^screenrecord$ || pgrep ^screenrecord$''
&amp#27;[35m[AndroidDriver]&amp#27;[39m Screen recording has not been previously started by Appium. There is nothing to stop
[debug] &amp#27;[35m[ADB]&amp#27;[39m Getting IDs of all 'screenrecord' processes
[debug] &amp#27;[35m[ADB]&amp#27;[39m Running 'C:\Users\dtougov\AppData\Local\Android\Sdk\platform-tools\adb.exe -P 5037 -s CB5A29JXTK shell 'pgrep ^screenrecord$ || pgrep ^screenrecord$''
[debug] &amp#27;[35m[ADB]&amp#27;[39m Building screenrecord process with the command line: adb -P 5037 -s CB5A29JXTK shell screenrecord --time-limit 180 /sdcard/bffbc684.mp4
[debug] &amp#27;[35m[ADB]&amp#27;[39m Running 'C:\Users\dtougov\AppData\Local\Android\Sdk\platform-tools\adb.exe -P 5037 -s CB5A29JXTK shell "[ -e '/sdcard/bffbc684.mp4' ] && echo __PASS__"'
[debug] &amp#27;[35m[ADB]&amp#27;[39m Running 'C:\Users\dtougov\AppData\Local\Android\Sdk\platform-tools\adb.exe -P 5037 -s CB5A29JXTK shell "[ -e '/sdcard/bffbc684.mp4' ] && echo __PASS__"'
[debug] &amp#27;[35m[W3C (3f35c87d)]&amp#27;[39m Responding to client with driver.startRecordingScreen() result: ""
&amp#27;[35m[HTTP]&amp#27;[39m &amp#27;[37m<-- POST /wd/hub/session/3f35c87d-171f-4da0-adb0-9d44333e1a00/appium/start_recording_screen &amp#27;[39m&amp#27;[32m200&amp#27;[39m &amp#27;[90m1234 ms - 12&amp#27;[39m
&amp#27;[35m[HTTP]&amp#27;[39m &amp#27;[90m&amp#27;[39m
&amp#27;[35m[HTTP]&amp#27;[39m &amp#27;[37m-->&amp#27;[39m &amp#27;[37mGET&amp#27;[39m &amp#27;[37m/wd/hub/session/3f35c87d-171f-4da0-adb0-9d44333e1a00/context&amp#27;[39m
&amp#27;[35m[HTTP]&amp#27;[39m &amp#27;[90m{}&amp#27;[39m
[debug] &amp#27;[35m[W3C (3f35c87d)]&amp#27;[39m Calling AppiumDriver.getCurrentContext() with args: ["3f35c87d-171f-4da0-adb0-9d44333e1a00"]
[debug] &amp#27;[35m[W3C (3f35c87d)]&amp#27;[39m Responding to client with driver.getCurrentContext() result: "NATIVE_APP"
&amp#27;[35m[HTTP]&amp#27;[39m &amp#27;[37m<-- GET /wd/hub/session/3f35c87d-171f-4da0-adb0-9d44333e1a00/context &amp#27;[39m&amp#27;[32m200&amp#27;[39m &amp#27;[90m1 ms - 22&amp#27;[39m
&amp#27;[35m[HTTP]&amp#27;[39m &amp#27;[90m&amp#27;[39m
&amp#27;[35m[HTTP]&amp#27;[39m &amp#27;[37m-->&amp#27;[39m &amp#27;[37mPOST&amp#27;[39m &amp#27;[37m/wd/hub/session/3f35c87d-171f-4da0-adb0-9d44333e1a00/element&amp#27;[39m
&amp#27;[35m[HTTP]&amp#27;[39m &amp#27;[90m{"using":"accessibility id","value":"test-Username"}&amp#27;[39m
[debug] &amp#27;[35m[W3C (3f35c87d)]&amp#27;[39m Calling AppiumDriver.findElement() with args: ["accessibility id","test-Username","3f35c87d-171f-4da0-adb0-9d44333e1a00"]
[debug] &amp#27;[35m[BaseDriver]&amp#27;[39m Valid locator strategies for this request: xpath, id, class name, accessibility id, css selector, -android uiautomator
[debug] &amp#27;[35m[BaseDriver]&amp#27;[39m Waiting up to 0 ms for condition
[debug] &amp#27;[35m[WD Proxy]&amp#27;[39m Matched '/element' to command name 'findElement'
[debug] &amp#27;[35m[WD Proxy]&amp#27;[39m Proxying [POST /element] to [POST http://127.0.0.1:10000/wd/hub/session/3605b6ab-f1b7-4196-92fe-182483c6d5f2/element] with body: {"strategy":"accessibility id","selector":"test-Username","context":"","multiple":false}
[debug] &amp#27;[35m[WD Proxy]&amp#27;[39m Got response with status 200: {"sessionId":"3605b6ab-f1b7-4196-92fe-182483c6d5f2","value":{"ELEMENT":"00000000-0000-04a7-7fff-ffff0000002f","element-6066-11e4-a52e-4f735466cecf":"00000000-0000-04a7-7fff-ffff0000002f"}}
[debug] &amp#27;[35m[W3C (3f35c87d)]&amp#27;[39m Responding to client with driver.findElement() result: {"element-6066-11e4-a52e-4f735466cecf":"00000000-0000-04a7-7fff-ffff0000002f","ELEMENT":"00000000-0000-04a7-7fff-ffff0000002f"}
&amp#27;[35m[HTTP]&amp#27;[39m &amp#27;[37m<-- POST /wd/hub/session/3f35c87d-171f-4da0-adb0-9d44333e1a00/element &amp#27;[39m&amp#27;[32m200&amp#27;[39m &amp#27;[90m239 ms - 137&amp#27;[39m
&amp#27;[35m[HTTP]&amp#27;[39m &amp#27;[90m&amp#27;[39m
&amp#27;[35m[HTTP]&amp#27;[39m &amp#27;[37m-->&amp#27;[39m &amp#27;[37mGET&amp#27;[39m &amp#27;[37m/wd/hub/session/3f35c87d-171f-4da0-adb0-9d44333e1a00/element/00000000-0000-04a7-7fff-ffff0000002f/displayed&amp#27;[39m
&amp#27;[35m[HTTP]&amp#27;[39m &amp#27;[90m{}&amp#27;[39m
[debug] &amp#27;[35m[W3C (3f35c87d)]&amp#27;[39m Calling AppiumDriver.elementDisplayed() with args: ["00000000-0000-04a7-7fff-ffff0000002f","3f35c87d-171f-4da0-adb0-9d44333e1a00"]
[debug] &amp#27;[35m[WD Proxy]&amp#27;[39m Matched '/element/00000000-0000-04a7-7fff-ffff0000002f/attribute/displayed' to command name 'getAttribute'
[debug] &amp#27;[35m[WD Proxy]&amp#27;[39m Proxying [GET /element/00000000-0000-04a7-7fff-ffff0000002f/attribute/displayed] to [GET http://127.0.0.1:10000/wd/hub/session/3605b6ab-f1b7-4196-92fe-182483c6d5f2/element/00000000-0000-04a7-7fff-ffff0000002f/attribute/displayed] with no body
[debug] &amp#27;[35m[WD Proxy]&amp#27;[39m Got response with status 200: {"sessionId":"3605b6ab-f1b7-4196-92fe-182483c6d5f2","value":"true"}
[debug] &amp#27;[35m[W3C (3f35c87d)]&amp#27;[39m Responding to client with driver.elementDisplayed() result: true
&amp#27;[35m[HTTP]&amp#27;[39m &amp#27;[37m<-- GET /wd/hub/session/3f35c87d-171f-4da0-adb0-9d44333e1a00/element/00000000-0000-04a7-7fff-ffff0000002f/displayed &amp#27;[39m&amp#27;[32m200&amp#27;[39m &amp#27;[90m26 ms - 14&amp#27;[39m
&amp#27;[35m[HTTP]&amp#27;[39m &amp#27;[90m&amp#27;[39m
&amp#27;[35m[HTTP]&amp#27;[39m &amp#27;[37m-->&amp#27;[39m &amp#27;[37mGET&amp#27;[39m &amp#27;[37m/wd/hub/session/3f35c87d-171f-4da0-adb0-9d44333e1a00/context&amp#27;[39m
&amp#27;[35m[HTTP]&amp#27;[39m &amp#27;[90m{}&amp#27;[39m
[debug] &amp#27;[35m[W3C (3f35c87d)]&amp#27;[39m Calling AppiumDriver.getCurrentContext() with args: ["3f35c87d-171f-4da0-adb0-9d44333e1a00"]
[debug] &amp#27;[35m[W3C (3f35c87d)]&amp#27;[39m Responding to client with driver.getCurrentContext() result: "NATIVE_APP"
&amp#27;[35m[HTTP]&amp#27;[39m &amp#27;[37m<-- GET /wd/hub/session/3f35c87d-171f-4da0-adb0-9d44333e1a00/context &amp#27;[39m&amp#27;[32m200&amp#27;[39m &amp#27;[90m2 ms - 22&amp#27;[39m
&amp#27;[35m[HTTP]&amp#27;[39m &amp#27;[90m&amp#27;[39m
&amp#27;[35m[HTTP]&amp#27;[39m &amp#27;[37m-->&amp#27;[39m &amp#27;[37mPOST&amp#27;[39m &amp#27;[37m/wd/hub/session/3f35c87d-171f-4da0-adb0-9d44333e1a00/element&amp#27;[39m
&amp#27;[35m[HTTP]&amp#27;[39m &amp#27;[90m{"using":"accessibility id","value":"test-Username"}&amp#27;[39m
[debug] &amp#27;[35m[W3C (3f35c87d)]&amp#27;[39m Calling AppiumDriver.findElement() with args: ["accessibility id","test-Username","3f35c87d-171f-4da0-adb0-9d44333e1a00"]
[debug] &amp#27;[35m[BaseDriver]&amp#27;[39m Valid locator strategies for this request: xpath, id, class name, accessibility id, css selector, -android uiautomator
[debug] &amp#27;[35m[BaseDriver]&amp#27;[39m Waiting up to 0 ms for condition
[debug] &amp#27;[35m[WD Proxy]&amp#27;[39m Matched '/element' to command name 'findElement'
[debug] &amp#27;[35m[WD Proxy]&amp#27;[39m Proxying [POST /element] to [POST http://127.0.0.1:10000/wd/hub/session/3605b6ab-f1b7-4196-92fe-182483c6d5f2/element] with body: {"strategy":"accessibility id","selector":"test-Username","context":"","multiple":false}
[debug] &amp#27;[35m[WD Proxy]&amp#27;[39m Got response with status 200: {"sessionId":"3605b6ab-f1b7-4196-92fe-182483c6d5f2","value":{"ELEMENT":"00000000-0000-04a7-7fff-ffff0000002f","element-6066-11e4-a52e-4f735466cecf":"00000000-0000-04a7-7fff-ffff0000002f"}}
[debug] &amp#27;[35m[W3C (3f35c87d)]&amp#27;[39m Responding to client with driver.findElement() result: {"element-6066-11e4-a52e-4f735466cecf":"00000000-0000-04a7-7fff-ffff0000002f","ELEMENT":"00000000-0000-04a7-7fff-ffff0000002f"}
&amp#27;[35m[HTTP]&amp#27;[39m &amp#27;[37m<-- POST /wd/hub/session/3f35c87d-171f-4da0-adb0-9d44333e1a00/element &amp#27;[39m&amp#27;[32m200&amp#27;[39m &amp#27;[90m55 ms - 137&amp#27;[39m
&amp#27;[35m[HTTP]&amp#27;[39m &amp#27;[90m&amp#27;[39m
&amp#27;[35m[HTTP]&amp#27;[39m &amp#27;[37m-->&amp#27;[39m &amp#27;[37mPOST&amp#27;[39m &amp#27;[37m/wd/hub/session/3f35c87d-171f-4da0-adb0-9d44333e1a00/element/00000000-0000-04a7-7fff-ffff0000002f/clear&amp#27;[39m
&amp#27;[35m[HTTP]&amp#27;[39m &amp#27;[90m{"id":"00000000-0000-04a7-7fff-ffff0000002f"}&amp#27;[39m
[debug] &amp#27;[35m[W3C (3f35c87d)]&amp#27;[39m Calling AppiumDriver.clear() with args: ["00000000-0000-04a7-7fff-ffff0000002f","3f35c87d-171f-4da0-adb0-9d44333e1a00"]
[debug] &amp#27;[35m[WD Proxy]&amp#27;[39m Matched '/element/00000000-0000-04a7-7fff-ffff0000002f/clear' to command name 'clear'
[debug] &amp#27;[35m[WD Proxy]&amp#27;[39m Proxying [POST /element/00000000-0000-04a7-7fff-ffff0000002f/clear] to [POST http://127.0.0.1:10000/wd/hub/session/3605b6ab-f1b7-4196-92fe-182483c6d5f2/element/00000000-0000-04a7-7fff-ffff0000002f/clear] with body: {"elementId":"00000000-0000-04a7-7fff-ffff0000002f"}
[debug] &amp#27;[35m[WD Proxy]&amp#27;[39m Got response with status 200: {"sessionId":"3605b6ab-f1b7-4196-92fe-182483c6d5f2","value":null}
[debug] &amp#27;[35m[W3C (3f35c87d)]&amp#27;[39m Responding to client with driver.clear() result: null
&amp#27;[35m[HTTP]&amp#27;[39m &amp#27;[37m<-- POST /wd/hub/session/3f35c87d-171f-4da0-adb0-9d44333e1a00/element/00000000-0000-04a7-7fff-ffff0000002f/clear &amp#27;[39m&amp#27;[32m200&amp#27;[39m &amp#27;[90m28 ms - 14&amp#27;[39m
&amp#27;[35m[HTTP]&amp#27;[39m &amp#27;[90m&amp#27;[39m
&amp#27;[35m[HTTP]&amp#27;[39m &amp#27;[37m-->&amp#27;[39m &amp#27;[37mGET&amp#27;[39m &amp#27;[37m/wd/hub/session/3f35c87d-171f-4da0-adb0-9d44333e1a00/context&amp#27;[39m
&amp#27;[35m[HTTP]&amp#27;[39m &amp#27;[90m{}&amp#27;[39m
[debug] &amp#27;[35m[W3C (3f35c87d)]&amp#27;[39m Calling AppiumDriver.getCurrentContext() with args: ["3f35c87d-171f-4da0-adb0-9d44333e1a00"]
[debug] &amp#27;[35m[W3C (3f35c87d)]&amp#27;[39m Responding to client with driver.getCurrentContext() result: "NATIVE_APP"
&amp#27;[35m[HTTP]&amp#27;[39m &amp#27;[37m<-- GET /wd/hub/session/3f35c87d-171f-4da0-adb0-9d44333e1a00/context &amp#27;[39m&amp#27;[32m200&amp#27;[39m &amp#27;[90m2 ms - 22&amp#27;[39m
&amp#27;[35m[HTTP]&amp#27;[39m &amp#27;[90m&amp#27;[39m
&amp#27;[35m[HTTP]&amp#27;[39m &amp#27;[37m-->&amp#27;[39m &amp#27;[37mPOST&amp#27;[39m &amp#27;[37m/wd/hub/session/3f35c87d-171f-4da0-adb0-9d44333e1a00/element&amp#27;[39m
&amp#27;[35m[HTTP]&amp#27;[39m &amp#27;[90m{"using":"accessibility id","value":"test-Username"}&amp#27;[39m
[debug] &amp#27;[35m[W3C (3f35c87d)]&amp#27;[39m Calling AppiumDriver.findElement() with args: ["accessibility id","test-Username","3f35c87d-171f-4da0-adb0-9d44333e1a00"]
[debug] &amp#27;[35m[BaseDriver]&amp#27;[39m Valid locator strategies for this request: xpath, id, class name, accessibility id, css selector, -android uiautomator
[debug] &amp#27;[35m[BaseDriver]&amp#27;[39m Waiting up to 0 ms for condition
[debug] &amp#27;[35m[WD Proxy]&amp#27;[39m Matched '/element' to command name 'findElement'
[debug] &amp#27;[35m[WD Proxy]&amp#27;[39m Proxying [POST /element] to [POST http://127.0.0.1:10000/wd/hub/session/3605b6ab-f1b7-4196-92fe-182483c6d5f2/element] with body: {"strategy":"accessibility id","selector":"test-Username","context":"","multiple":false}
[debug] &amp#27;[35m[WD Proxy]&amp#27;[39m Got response with status 200: {"sessionId":"3605b6ab-f1b7-4196-92fe-182483c6d5f2","value":{"ELEMENT":"00000000-0000-04a7-7fff-ffff0000002f","element-6066-11e4-a52e-4f735466cecf":"00000000-0000-04a7-7fff-ffff0000002f"}}
[debug] &amp#27;[35m[W3C (3f35c87d)]&amp#27;[39m Responding to client with driver.findElement() result: {"element-6066-11e4-a52e-4f735466cecf":"00000000-0000-04a7-7fff-ffff0000002f","ELEMENT":"00000000-0000-04a7-7fff-ffff0000002f"}
&amp#27;[35m[HTTP]&amp#27;[39m &amp#27;[37m<-- POST /wd/hub/session/3f35c87d-171f-4da0-adb0-9d44333e1a00/element &amp#27;[39m&amp#27;[32m200&amp#27;[39m &amp#27;[90m617 ms - 137&amp#27;[39m
&amp#27;[35m[HTTP]&amp#27;[39m &amp#27;[90m&amp#27;[39m
&amp#27;[35m[HTTP]&amp#27;[39m &amp#27;[37m-->&amp#27;[39m &amp#27;[37mGET&amp#27;[39m &amp#27;[37m/wd/hub/session/3f35c87d-171f-4da0-adb0-9d44333e1a00/element/00000000-0000-04a7-7fff-ffff0000002f/displayed&amp#27;[39m
&amp#27;[35m[HTTP]&amp#27;[39m &amp#27;[90m{}&amp#27;[39m
[debug] &amp#27;[35m[W3C (3f35c87d)]&amp#27;[39m Calling AppiumDriver.elementDisplayed() with args: ["00000000-0000-04a7-7fff-ffff0000002f","3f35c87d-171f-4da0-adb0-9d44333e1a00"]
[debug] &amp#27;[35m[WD Proxy]&amp#27;[39m Matched '/element/00000000-0000-04a7-7fff-ffff0000002f/attribute/displayed' to command name 'getAttribute'
[debug] &amp#27;[35m[WD Proxy]&amp#27;[39m Proxying [GET /element/00000000-0000-04a7-7fff-ffff0000002f/attribute/displayed] to [GET http://127.0.0.1:10000/wd/hub/session/3605b6ab-f1b7-4196-92fe-182483c6d5f2/element/00000000-0000-04a7-7fff-ffff0000002f/attribute/displayed] with no body
[debug] &amp#27;[35m[WD Proxy]&amp#27;[39m Got response with status 200: {"sessionId":"3605b6ab-f1b7-4196-92fe-182483c6d5f2","value":"true"}
[debug] &amp#27;[35m[W3C (3f35c87d)]&amp#27;[39m Responding to client with driver.elementDisplayed() result: true
&amp#27;[35m[HTTP]&amp#27;[39m &amp#27;[37m<-- GET /wd/hub/session/3f35c87d-171f-4da0-adb0-9d44333e1a00/element/00000000-0000-04a7-7fff-ffff0000002f/displayed &amp#27;[39m&amp#27;[32m200&amp#27;[39m &amp#27;[90m19 ms - 14&amp#27;[39m
&amp#27;[35m[HTTP]&amp#27;[39m &amp#27;[90m&amp#27;[39m
[INFO ] 2022-08-31 16:46:02.925 BasePage:71 - login with standard_user
&amp#27;[35m[HTTP]&amp#27;[39m &amp#27;[37m-->&amp#27;[39m &amp#27;[37mGET&amp#27;[39m &amp#27;[37m/wd/hub/session/3f35c87d-171f-4da0-adb0-9d44333e1a00/context&amp#27;[39m
&amp#27;[35m[HTTP]&amp#27;[39m &amp#27;[90m{}&amp#27;[39m
[debug] &amp#27;[35m[W3C (3f35c87d)]&amp#27;[39m Calling AppiumDriver.getCurrentContext() with args: ["3f35c87d-171f-4da0-adb0-9d44333e1a00"]
[debug] &amp#27;[35m[W3C (3f35c87d)]&amp#27;[39m Responding to client with driver.getCurrentContext() result: "NATIVE_APP"
&amp#27;[35m[HTTP]&amp#27;[39m &amp#27;[37m<-- GET /wd/hub/session/3f35c87d-171f-4da0-adb0-9d44333e1a00/context &amp#27;[39m&amp#27;[32m200&amp#27;[39m &amp#27;[90m2 ms - 22&amp#27;[39m
&amp#27;[35m[HTTP]&amp#27;[39m &amp#27;[90m&amp#27;[39m
&amp#27;[35m[HTTP]&amp#27;[39m &amp#27;[37m-->&amp#27;[39m &amp#27;[37mPOST&amp#27;[39m &amp#27;[37m/wd/hub/session/3f35c87d-171f-4da0-adb0-9d44333e1a00/element&amp#27;[39m
&amp#27;[35m[HTTP]&amp#27;[39m &amp#27;[90m{"using":"accessibility id","value":"test-Username"}&amp#27;[39m
[debug] &amp#27;[35m[W3C (3f35c87d)]&amp#27;[39m Calling AppiumDriver.findElement() with args: ["accessibility id","test-Username","3f35c87d-171f-4da0-adb0-9d44333e1a00"]
[debug] &amp#27;[35m[BaseDriver]&amp#27;[39m Valid locator strategies for this request: xpath, id, class name, accessibility id, css selector, -android uiautomator
[debug] &amp#27;[35m[BaseDriver]&amp#27;[39m Waiting up to 0 ms for condition
[debug] &amp#27;[35m[WD Proxy]&amp#27;[39m Matched '/element' to command name 'findElement'
[debug] &amp#27;[35m[WD Proxy]&amp#27;[39m Proxying [POST /element] to [POST http://127.0.0.1:10000/wd/hub/session/3605b6ab-f1b7-4196-92fe-182483c6d5f2/element] with body: {"strategy":"accessibility id","selector":"test-Username","context":"","multiple":false}
[debug] &amp#27;[35m[WD Proxy]&amp#27;[39m Got response with status 200: {"sessionId":"3605b6ab-f1b7-4196-92fe-182483c6d5f2","value":{"ELEMENT":"00000000-0000-04a7-7fff-ffff0000002f","element-6066-11e4-a52e-4f735466cecf":"00000000-0000-04a7-7fff-ffff0000002f"}}
[debug] &amp#27;[35m[W3C (3f35c87d)]&amp#27;[39m Responding to client with driver.findElement() result: {"element-6066-11e4-a52e-4f735466cecf":"00000000-0000-04a7-7fff-ffff0000002f","ELEMENT":"00000000-0000-04a7-7fff-ffff0000002f"}
&amp#27;[35m[HTTP]&amp#27;[39m &amp#27;[37m<-- POST /wd/hub/session/3f35c87d-171f-4da0-adb0-9d44333e1a00/element &amp#27;[39m&amp#27;[32m200&amp#27;[39m &amp#27;[90m33 ms - 137&amp#27;[39m
&amp#27;[35m[HTTP]&amp#27;[39m &amp#27;[90m&amp#27;[39m
&amp#27;[35m[HTTP]&amp#27;[39m &amp#27;[37m-->&amp#27;[39m &amp#27;[37mPOST&amp#27;[39m &amp#27;[37m/wd/hub/session/3f35c87d-171f-4da0-adb0-9d44333e1a00/element/00000000-0000-04a7-7fff-ffff0000002f/value&amp#27;[39m
&amp#27;[35m[HTTP]&amp#27;[39m &amp#27;[90m{"id":"00000000-0000-04a7-7fff-ffff0000002f","text":"standard_user","value":["s","t","a","n","d","a","r","d","_","u","s","e","r"]}&amp#27;[39m
[debug] &amp#27;[35m[W3C (3f35c87d)]&amp#27;[39m Calling AppiumDriver.setValue() with args: [["s","t","a","n","d","a","r","d","_","u","s","e","r"],"00000000-0000-04a7-7fff-ffff0000002f","3f35c87d-171f-4da0-adb0-9d44333e1a00"]
[debug] &amp#27;[35m[WD Proxy]&amp#27;[39m Matched '/element/00000000-0000-04a7-7fff-ffff0000002f/value' to command name 'setValue'
[debug] &amp#27;[35m[Protocol Converter]&amp#27;[39m Added 'value' property ["s","t","a","n","d","a","r","d","_","u","s","e","r"] to 'setValue' request body
[debug] &amp#27;[35m[WD Proxy]&amp#27;[39m Proxying [POST /element/00000000-0000-04a7-7fff-ffff0000002f/value] to [POST http://127.0.0.1:10000/wd/hub/session/3605b6ab-f1b7-4196-92fe-182483c6d5f2/element/00000000-0000-04a7-7fff-ffff0000002f/value] with body: {"elementId":"00000000-0000-04a7-7fff-ffff0000002f","text":"standard_user","replace":false,"value":["s","t","a","n","d","a","r","d","_","u","s","e","r"]}
[debug] &amp#27;[35m[WD Proxy]&amp#27;[39m Got response with status 200: {"sessionId":"3605b6ab-f1b7-4196-92fe-182483c6d5f2","value":null}
[debug] &amp#27;[35m[W3C (3f35c87d)]&amp#27;[39m Responding to client with driver.setValue() result: null
&amp#27;[35m[HTTP]&amp#27;[39m &amp#27;[37m<-- POST /wd/hub/session/3f35c87d-171f-4da0-adb0-9d44333e1a00/element/00000000-0000-04a7-7fff-ffff0000002f/value &amp#27;[39m&amp#27;[32m200&amp#27;[39m &amp#27;[90m581 ms - 14&amp#27;[39m
&amp#27;[35m[HTTP]&amp#27;[39m &amp#27;[90m&amp#27;[39m
  When I enter username as "standard_user"                                                            # com.qa.stepdef.LoginStepDef.iEnterUsernameAs(java.lang.String)
&amp#27;[35m[HTTP]&amp#27;[39m &amp#27;[37m-->&amp#27;[39m &amp#27;[37mGET&amp#27;[39m &amp#27;[37m/wd/hub/session/3f35c87d-171f-4da0-adb0-9d44333e1a00/context&amp#27;[39m
&amp#27;[35m[HTTP]&amp#27;[39m &amp#27;[90m{}&amp#27;[39m
[debug] &amp#27;[35m[W3C (3f35c87d)]&amp#27;[39m Calling AppiumDriver.getCurrentContext() with args: ["3f35c87d-171f-4da0-adb0-9d44333e1a00"]
[debug] &amp#27;[35m[W3C (3f35c87d)]&amp#27;[39m Responding to client with driver.getCurrentContext() result: "NATIVE_APP"
&amp#27;[35m[HTTP]&amp#27;[39m &amp#27;[37m<-- GET /wd/hub/session/3f35c87d-171f-4da0-adb0-9d44333e1a00/context &amp#27;[39m&amp#27;[32m200&amp#27;[39m &amp#27;[90m6 ms - 22&amp#27;[39m
&amp#27;[35m[HTTP]&amp#27;[39m &amp#27;[90m&amp#27;[39m
&amp#27;[35m[HTTP]&amp#27;[39m &amp#27;[37m-->&amp#27;[39m &amp#27;[37mPOST&amp#27;[39m &amp#27;[37m/wd/hub/session/3f35c87d-171f-4da0-adb0-9d44333e1a00/element&amp#27;[39m
&amp#27;[35m[HTTP]&amp#27;[39m &amp#27;[90m{"using":"accessibility id","value":"test-Password"}&amp#27;[39m
[debug] &amp#27;[35m[W3C (3f35c87d)]&amp#27;[39m Calling AppiumDriver.findElement() with args: ["accessibility id","test-Password","3f35c87d-171f-4da0-adb0-9d44333e1a00"]
[debug] &amp#27;[35m[BaseDriver]&amp#27;[39m Valid locator strategies for this request: xpath, id, class name, accessibility id, css selector, -android uiautomator
[debug] &amp#27;[35m[BaseDriver]&amp#27;[39m Waiting up to 0 ms for condition
[debug] &amp#27;[35m[WD Proxy]&amp#27;[39m Matched '/element' to command name 'findElement'
[debug] &amp#27;[35m[WD Proxy]&amp#27;[39m Proxying [POST /element] to [POST http://127.0.0.1:10000/wd/hub/session/3605b6ab-f1b7-4196-92fe-182483c6d5f2/element] with body: {"strategy":"accessibility id","selector":"test-Password","context":"","multiple":false}
[debug] &amp#27;[35m[WD Proxy]&amp#27;[39m Got response with status 200: {"sessionId":"3605b6ab-f1b7-4196-92fe-182483c6d5f2","value":{"ELEMENT":"00000000-0000-04a7-7fff-ffff00000030","element-6066-11e4-a52e-4f735466cecf":"00000000-0000-04a7-7fff-ffff00000030"}}
[debug] &amp#27;[35m[W3C (3f35c87d)]&amp#27;[39m Responding to client with driver.findElement() result: {"element-6066-11e4-a52e-4f735466cecf":"00000000-0000-04a7-7fff-ffff00000030","ELEMENT":"00000000-0000-04a7-7fff-ffff00000030"}
&amp#27;[35m[HTTP]&amp#27;[39m &amp#27;[37m<-- POST /wd/hub/session/3f35c87d-171f-4da0-adb0-9d44333e1a00/element &amp#27;[39m&amp#27;[32m200&amp#27;[39m &amp#27;[90m550 ms - 137&amp#27;[39m
&amp#27;[35m[HTTP]&amp#27;[39m &amp#27;[90m&amp#27;[39m
&amp#27;[35m[HTTP]&amp#27;[39m &amp#27;[37m-->&amp#27;[39m &amp#27;[37mGET&amp#27;[39m &amp#27;[37m/wd/hub/session/3f35c87d-171f-4da0-adb0-9d44333e1a00/element/00000000-0000-04a7-7fff-ffff00000030/displayed&amp#27;[39m
&amp#27;[35m[HTTP]&amp#27;[39m &amp#27;[90m{}&amp#27;[39m
[debug] &amp#27;[35m[W3C (3f35c87d)]&amp#27;[39m Calling AppiumDriver.elementDisplayed() with args: ["00000000-0000-04a7-7fff-ffff00000030","3f35c87d-171f-4da0-adb0-9d44333e1a00"]
[debug] &amp#27;[35m[WD Proxy]&amp#27;[39m Matched '/element/00000000-0000-04a7-7fff-ffff00000030/attribute/displayed' to command name 'getAttribute'
[debug] &amp#27;[35m[WD Proxy]&amp#27;[39m Proxying [GET /element/00000000-0000-04a7-7fff-ffff00000030/attribute/displayed] to [GET http://127.0.0.1:10000/wd/hub/session/3605b6ab-f1b7-4196-92fe-182483c6d5f2/element/00000000-0000-04a7-7fff-ffff00000030/attribute/displayed] with no body
[debug] &amp#27;[35m[WD Proxy]&amp#27;[39m Got response with status 200: {"sessionId":"3605b6ab-f1b7-4196-92fe-182483c6d5f2","value":"true"}
[debug] &amp#27;[35m[W3C (3f35c87d)]&amp#27;[39m Responding to client with driver.elementDisplayed() result: true
&amp#27;[35m[HTTP]&amp#27;[39m &amp#27;[37m<-- GET /wd/hub/session/3f35c87d-171f-4da0-adb0-9d44333e1a00/element/00000000-0000-04a7-7fff-ffff00000030/displayed &amp#27;[39m&amp#27;[32m200&amp#27;[39m &amp#27;[90m23 ms - 14&amp#27;[39m
&amp#27;[35m[HTTP]&amp#27;[39m &amp#27;[90m&amp#27;[39m
&amp#27;[35m[HTTP]&amp#27;[39m &amp#27;[37m-->&amp#27;[39m &amp#27;[37mGET&amp#27;[39m &amp#27;[37m/wd/hub/session/3f35c87d-171f-4da0-adb0-9d44333e1a00/context&amp#27;[39m
&amp#27;[35m[HTTP]&amp#27;[39m &amp#27;[90m{}&amp#27;[39m
[debug] &amp#27;[35m[W3C (3f35c87d)]&amp#27;[39m Calling AppiumDriver.getCurrentContext() with args: ["3f35c87d-171f-4da0-adb0-9d44333e1a00"]
[debug] &amp#27;[35m[W3C (3f35c87d)]&amp#27;[39m Responding to client with driver.getCurrentContext() result: "NATIVE_APP"
&amp#27;[35m[HTTP]&amp#27;[39m &amp#27;[37m<-- GET /wd/hub/session/3f35c87d-171f-4da0-adb0-9d44333e1a00/context &amp#27;[39m&amp#27;[32m200&amp#27;[39m &amp#27;[90m2 ms - 22&amp#27;[39m
&amp#27;[35m[HTTP]&amp#27;[39m &amp#27;[90m&amp#27;[39m
&amp#27;[35m[HTTP]&amp#27;[39m &amp#27;[37m-->&amp#27;[39m &amp#27;[37mPOST&amp#27;[39m &amp#27;[37m/wd/hub/session/3f35c87d-171f-4da0-adb0-9d44333e1a00/element&amp#27;[39m
&amp#27;[35m[HTTP]&amp#27;[39m &amp#27;[90m{"using":"accessibility id","value":"test-Password"}&amp#27;[39m
[debug] &amp#27;[35m[W3C (3f35c87d)]&amp#27;[39m Calling AppiumDriver.findElement() with args: ["accessibility id","test-Password","3f35c87d-171f-4da0-adb0-9d44333e1a00"]
[debug] &amp#27;[35m[BaseDriver]&amp#27;[39m Valid locator strategies for this request: xpath, id, class name, accessibility id, css selector, -android uiautomator
[debug] &amp#27;[35m[BaseDriver]&amp#27;[39m Waiting up to 0 ms for condition
[debug] &amp#27;[35m[WD Proxy]&amp#27;[39m Matched '/element' to command name 'findElement'
[debug] &amp#27;[35m[WD Proxy]&amp#27;[39m Proxying [POST /element] to [POST http://127.0.0.1:10000/wd/hub/session/3605b6ab-f1b7-4196-92fe-182483c6d5f2/element] with body: {"strategy":"accessibility id","selector":"test-Password","context":"","multiple":false}
[debug] &amp#27;[35m[WD Proxy]&amp#27;[39m Got response with status 200: {"sessionId":"3605b6ab-f1b7-4196-92fe-182483c6d5f2","value":{"ELEMENT":"00000000-0000-04a7-7fff-ffff00000030","element-6066-11e4-a52e-4f735466cecf":"00000000-0000-04a7-7fff-ffff00000030"}}
[debug] &amp#27;[35m[W3C (3f35c87d)]&amp#27;[39m Responding to client with driver.findElement() result: {"element-6066-11e4-a52e-4f735466cecf":"00000000-0000-04a7-7fff-ffff00000030","ELEMENT":"00000000-0000-04a7-7fff-ffff00000030"}
&amp#27;[35m[HTTP]&amp#27;[39m &amp#27;[37m<-- POST /wd/hub/session/3f35c87d-171f-4da0-adb0-9d44333e1a00/element &amp#27;[39m&amp#27;[32m200&amp#27;[39m &amp#27;[90m50 ms - 137&amp#27;[39m
&amp#27;[35m[HTTP]&amp#27;[39m &amp#27;[90m&amp#27;[39m
&amp#27;[35m[HTTP]&amp#27;[39m &amp#27;[37m-->&amp#27;[39m &amp#27;[37mPOST&amp#27;[39m &amp#27;[37m/wd/hub/session/3f35c87d-171f-4da0-adb0-9d44333e1a00/element/00000000-0000-04a7-7fff-ffff00000030/clear&amp#27;[39m
&amp#27;[35m[HTTP]&amp#27;[39m &amp#27;[90m{"id":"00000000-0000-04a7-7fff-ffff00000030"}&amp#27;[39m
[debug] &amp#27;[35m[W3C (3f35c87d)]&amp#27;[39m Calling AppiumDriver.clear() with args: ["00000000-0000-04a7-7fff-ffff00000030","3f35c87d-171f-4da0-adb0-9d44333e1a00"]
[debug] &amp#27;[35m[WD Proxy]&amp#27;[39m Matched '/element/00000000-0000-04a7-7fff-ffff00000030/clear' to command name 'clear'
[debug] &amp#27;[35m[WD Proxy]&amp#27;[39m Proxying [POST /element/00000000-0000-04a7-7fff-ffff00000030/clear] to [POST http://127.0.0.1:10000/wd/hub/session/3605b6ab-f1b7-4196-92fe-182483c6d5f2/element/00000000-0000-04a7-7fff-ffff00000030/clear] with body: {"elementId":"00000000-0000-04a7-7fff-ffff00000030"}
[debug] &amp#27;[35m[WD Proxy]&amp#27;[39m Got response with status 200: {"sessionId":"3605b6ab-f1b7-4196-92fe-182483c6d5f2","value":null}
[debug] &amp#27;[35m[W3C (3f35c87d)]&amp#27;[39m Responding to client with driver.clear() result: null
&amp#27;[35m[HTTP]&amp#27;[39m &amp#27;[37m<-- POST /wd/hub/session/3f35c87d-171f-4da0-adb0-9d44333e1a00/element/00000000-0000-04a7-7fff-ffff00000030/clear &amp#27;[39m&amp#27;[32m200&amp#27;[39m &amp#27;[90m39 ms - 14&amp#27;[39m
&amp#27;[35m[HTTP]&amp#27;[39m &amp#27;[90m&amp#27;[39m
&amp#27;[35m[HTTP]&amp#27;[39m &amp#27;[37m-->&amp#27;[39m &amp#27;[37mGET&amp#27;[39m &amp#27;[37m/wd/hub/session/3f35c87d-171f-4da0-adb0-9d44333e1a00/context&amp#27;[39m
&amp#27;[35m[HTTP]&amp#27;[39m &amp#27;[90m{}&amp#27;[39m
[debug] &amp#27;[35m[W3C (3f35c87d)]&amp#27;[39m Calling AppiumDriver.getCurrentContext() with args: ["3f35c87d-171f-4da0-adb0-9d44333e1a00"]
[debug] &amp#27;[35m[W3C (3f35c87d)]&amp#27;[39m Responding to client with driver.getCurrentContext() result: "NATIVE_APP"
&amp#27;[35m[HTTP]&amp#27;[39m &amp#27;[37m<-- GET /wd/hub/session/3f35c87d-171f-4da0-adb0-9d44333e1a00/context &amp#27;[39m&amp#27;[32m200&amp#27;[39m &amp#27;[90m2 ms - 22&amp#27;[39m
&amp#27;[35m[HTTP]&amp#27;[39m &amp#27;[90m&amp#27;[39m
&amp#27;[35m[HTTP]&amp#27;[39m &amp#27;[37m-->&amp#27;[39m &amp#27;[37mPOST&amp#27;[39m &amp#27;[37m/wd/hub/session/3f35c87d-171f-4da0-adb0-9d44333e1a00/element&amp#27;[39m
&amp#27;[35m[HTTP]&amp#27;[39m &amp#27;[90m{"using":"accessibility id","value":"test-Password"}&amp#27;[39m
[debug] &amp#27;[35m[W3C (3f35c87d)]&amp#27;[39m Calling AppiumDriver.findElement() with args: ["accessibility id","test-Password","3f35c87d-171f-4da0-adb0-9d44333e1a00"]
[debug] &amp#27;[35m[BaseDriver]&amp#27;[39m Valid locator strategies for this request: xpath, id, class name, accessibility id, css selector, -android uiautomator
[debug] &amp#27;[35m[BaseDriver]&amp#27;[39m Waiting up to 0 ms for condition
[debug] &amp#27;[35m[WD Proxy]&amp#27;[39m Matched '/element' to command name 'findElement'
[debug] &amp#27;[35m[WD Proxy]&amp#27;[39m Proxying [POST /element] to [POST http://127.0.0.1:10000/wd/hub/session/3605b6ab-f1b7-4196-92fe-182483c6d5f2/element] with body: {"strategy":"accessibility id","selector":"test-Password","context":"","multiple":false}
[debug] &amp#27;[35m[WD Proxy]&amp#27;[39m Got response with status 200: {"sessionId":"3605b6ab-f1b7-4196-92fe-182483c6d5f2","value":{"ELEMENT":"00000000-0000-04a7-7fff-ffff00000030","element-6066-11e4-a52e-4f735466cecf":"00000000-0000-04a7-7fff-ffff00000030"}}
[debug] &amp#27;[35m[W3C (3f35c87d)]&amp#27;[39m Responding to client with driver.findElement() result: {"element-6066-11e4-a52e-4f735466cecf":"00000000-0000-04a7-7fff-ffff00000030","ELEMENT":"00000000-0000-04a7-7fff-ffff00000030"}
&amp#27;[35m[HTTP]&amp#27;[39m &amp#27;[37m<-- POST /wd/hub/session/3f35c87d-171f-4da0-adb0-9d44333e1a00/element &amp#27;[39m&amp#27;[32m200&amp#27;[39m &amp#27;[90m799 ms - 137&amp#27;[39m
&amp#27;[35m[HTTP]&amp#27;[39m &amp#27;[90m&amp#27;[39m
&amp#27;[35m[HTTP]&amp#27;[39m &amp#27;[37m-->&amp#27;[39m &amp#27;[37mGET&amp#27;[39m &amp#27;[37m/wd/hub/session/3f35c87d-171f-4da0-adb0-9d44333e1a00/element/00000000-0000-04a7-7fff-ffff00000030/displayed&amp#27;[39m
&amp#27;[35m[HTTP]&amp#27;[39m &amp#27;[90m{}&amp#27;[39m
[debug] &amp#27;[35m[W3C (3f35c87d)]&amp#27;[39m Calling AppiumDriver.elementDisplayed() with args: ["00000000-0000-04a7-7fff-ffff00000030","3f35c87d-171f-4da0-adb0-9d44333e1a00"]
[debug] &amp#27;[35m[WD Proxy]&amp#27;[39m Matched '/element/00000000-0000-04a7-7fff-ffff00000030/attribute/displayed' to command name 'getAttribute'
[debug] &amp#27;[35m[WD Proxy]&amp#27;[39m Proxying [GET /element/00000000-0000-04a7-7fff-ffff00000030/attribute/displayed] to [GET http://127.0.0.1:10000/wd/hub/session/3605b6ab-f1b7-4196-92fe-182483c6d5f2/element/00000000-0000-04a7-7fff-ffff00000030/attribute/displayed] with no body
[debug] &amp#27;[35m[WD Proxy]&amp#27;[39m Got response with status 200: {"sessionId":"3605b6ab-f1b7-4196-92fe-182483c6d5f2","value":"true"}
[debug] &amp#27;[35m[W3C (3f35c87d)]&amp#27;[39m Responding to client with driver.elementDisplayed() result: true
&amp#27;[35m[HTTP]&amp#27;[39m &amp#27;[37m<-- GET /wd/hub/session/3f35c87d-171f-4da0-adb0-9d44333e1a00/element/00000000-0000-04a7-7fff-ffff00000030/displayed &amp#27;[39m&amp#27;[32m200&amp#27;[39m &amp#27;[90m25 ms - 14&amp#27;[39m
&amp#27;[35m[HT[INFO ] 2022-08-31 16:46:05.152 BasePage:71 - password is invalidPassword
TP]&amp#27;[39m &amp#27;[90m&amp#27;[39m
&amp#27;[35m[HTTP]&amp#27;[39m &amp#27;[37m-->&amp#27;[39m &amp#27;[37mGET&amp#27;[39m &amp#27;[37m/wd/hub/session/3f35c87d-171f-4da0-adb0-9d44333e1a00/context&amp#27;[39m
&amp#27;[35m[HTTP]&amp#27;[39m &amp#27;[90m{}&amp#27;[39m
[debug] &amp#27;[35m[W3C (3f35c87d)]&amp#27;[39m Calling AppiumDriver.getCurrentContext() with args: ["3f35c87d-171f-4da0-adb0-9d44333e1a00"]
[debug] &amp#27;[35m[W3C (3f35c87d)]&amp#27;[39m Responding to client with driver.getCurrentContext() result: "NATIVE_APP"
&amp#27;[35m[HTTP]&amp#27;[39m &amp#27;[37m<-- GET /wd/hub/session/3f35c87d-171f-4da0-adb0-9d44333e1a00/context &amp#27;[39m&amp#27;[32m200&amp#27;[39m &amp#27;[90m2 ms - 22&amp#27;[39m
&amp#27;[35m[HTTP]&amp#27;[39m &amp#27;[90m&amp#27;[39m
&amp#27;[35m[HTTP]&amp#27;[39m &amp#27;[37m-->&amp#27;[39m &amp#27;[37mPOST&amp#27;[39m &amp#27;[37m/wd/hub/session/3f35c87d-171f-4da0-adb0-9d44333e1a00/element&amp#27;[39m
&amp#27;[35m[HTTP]&amp#27;[39m &amp#27;[90m{"using":"accessibility id","value":"test-Password"}&amp#27;[39m
[debug] &amp#27;[35m[W3C (3f35c87d)]&amp#27;[39m Calling AppiumDriver.findElement() with args: ["accessibility id","test-Password","3f35c87d-171f-4da0-adb0-9d44333e1a00"]
[debug] &amp#27;[35m[BaseDriver]&amp#27;[39m Valid locator strategies for this request: xpath, id, class name, accessibility id, css selector, -android uiautomator
[debug] &amp#27;[35m[BaseDriver]&amp#27;[39m Waiting up to 0 ms for condition
[debug] &amp#27;[35m[WD Proxy]&amp#27;[39m Matched '/element' to command name 'findElement'
[debug] &amp#27;[35m[WD Proxy]&amp#27;[39m Proxying [POST /element] to [POST http://127.0.0.1:10000/wd/hub/session/3605b6ab-f1b7-4196-92fe-182483c6d5f2/element] with body: {"strategy":"accessibility id","selector":"test-Password","context":"","multiple":false}
[debug] &amp#27;[35m[WD Proxy]&amp#27;[39m Got response with status 200: {"sessionId":"3605b6ab-f1b7-4196-92fe-182483c6d5f2","value":{"ELEMENT":"00000000-0000-04a7-7fff-ffff00000030","element-6066-11e4-a52e-4f735466cecf":"00000000-0000-04a7-7fff-ffff00000030"}}
[debug] &amp#27;[35m[W3C (3f35c87d)]&amp#27;[39m Responding to client with driver.findElement() result: {"element-6066-11e4-a52e-4f735466cecf":"00000000-0000-04a7-7fff-ffff00000030","ELEMENT":"00000000-0000-04a7-7fff-ffff00000030"}
&amp#27;[35m[HTTP]&amp#27;[39m &amp#27;[37m<-- POST /wd/hub/session/3f35c87d-171f-4da0-adb0-9d44333e1a00/element &amp#27;[39m&amp#27;[32m200&amp#27;[39m &amp#27;[90m52 ms - 137&amp#27;[39m
&amp#27;[35m[HTTP]&amp#27;[39m &amp#27;[90m&amp#27;[39m
&amp#27;[35m[HTTP]&amp#27;[39m &amp#27;[37m-->&amp#27;[39m &amp#27;[37mPOST&amp#27;[39m &amp#27;[37m/wd/hub/session/3f35c87d-171f-4da0-adb0-9d44333e1a00/element/00000000-0000-04a7-7fff-ffff00000030/value&amp#27;[39m
&amp#27;[35m[HTTP]&amp#27;[39m &amp#27;[90m{"id":"00000000-0000-04a7-7fff-ffff00000030","text":"invalidPassword","value":["i","n","v","a","l","i","d","P","a","s","s","w","o","r","d"]}&amp#27;[39m
[debug] &amp#27;[35m[W3C (3f35c87d)]&amp#27;[39m Calling AppiumDriver.setValue() with args: [["i","n","v","a","l","i","d","P","a","s","s","w","o","r","d"],"00000000-0000-04a7-7fff-ffff00000030","3f35c87d-171f-4da0-adb0-9d44333e1a00"]
[debug] &amp#27;[35m[WD Proxy]&amp#27;[39m Matched '/element/00000000-0000-04a7-7fff-ffff00000030/value' to command name 'setValue'
[debug] &amp#27;[35m[Protocol Converter]&amp#27;[39m Added 'value' property ["i","n","v","a","l","i","d","P","a","s","s","w","o","r","d"] to 'setValue' request body
[debug] &amp#27;[35m[WD Proxy]&amp#27;[39m Proxying [POST /element/00000000-0000-04a7-7fff-ffff00000030/value] to [POST http://127.0.0.1:10000/wd/hub/session/3605b6ab-f1b7-4196-92fe-182483c6d5f2/element/00000000-0000-04a7-7fff-ffff00000030/value] with body: {"elementId":"00000000-0000-04a7-7fff-ffff00000030","text":"invalidPassword","replace":false,"value":["i","n","v","a","l","i","d","P","a","s","s","w","o","r","d"]}
[debug] &amp#27;[35m[WD Proxy]&amp#27;[39m Got response with status 200: {"sessionId":"3605b6ab-f1b7-4196-92fe-182483c6d5f2","value":null}
[debug] &amp#27;[35m[W3C (3f35c87d)]&amp#27;[39m Responding to client with driver.setValue() result: null
&amp#27;[35m[HTTP]&amp#27;[39m &amp#27;[37m<-- POST /wd/hub/session/3f35c87d-171f-4da0-adb0-9d44333e1a00/element/00000000-0000-04a7-7fff-ffff00000030/value &amp#27;[39m&amp#27;[32m200&amp#27;[39m &amp#27;[90m576 ms - 14&amp#27;[39m
&amp#27;[35m[HTTP]&amp#27;[39m &amp#27;[90m&amp#27;[39m
  And I enter password as "invalidPassword"                                                           # com.qa.stepdef.LoginStepDef.iEnterPasswordAs(java.lang.String)
&amp#27;[35m[HTTP]&amp#27;[39m &amp#27;[37m-->&amp#27;[39m &amp#27;[37mGET&amp#27;[39m &amp#27;[37m/wd/hub/session/3f35c87d-171f-4da0-adb0-9d44333e1a00/context&amp#27;[39m
&amp#27;[35m[HTTP]&amp#27;[39m &amp#27;[90m{}&amp#27;[39m
[debug] &amp#27;[35m[W3C (3f35c87d)]&amp#27;[39m Calling AppiumDriver.getCurrentContext() with args: ["3f35c87d-171f-4da0-adb0-9d44333e1a00"]
[debug] &amp#27;[35m[W3C (3f35c87d)]&amp#27;[39m Responding to client with driver.getCurrentContext() result: "NATIVE_APP"
&amp#27;[35m[HTTP]&amp#27;[39m &amp#27;[37m<-- GET /wd/hub/session/3f35c87d-171f-4da0-adb0-9d44333e1a00/context &amp#27;[39m&amp#27;[32m200&amp#27;[39m &amp#27;[90m4 ms - 22&amp#27;[39m
&amp#27;[35m[HTTP]&amp#27;[39m &amp#27;[90m&amp#27;[39m
&amp#27;[35m[HTTP]&amp#27;[39m &amp#27;[37m-->&amp#27;[39m &amp#27;[37mPOST&amp#27;[39m &amp#27;[37m/wd/hub/session/3f35c87d-171f-4da0-adb0-9d44333e1a00/element&amp#27;[39m
&amp#27;[35m[HTTP]&amp#27;[39m &amp#27;[90m{"using":"accessibility id","value":"test-LOGIN"}&amp#27;[39m
[debug] &amp#27;[35m[W3C (3f35c87d)]&amp#27;[39m Calling AppiumDriver.findElement() with args: ["accessibility id","test-LOGIN","3f35c87d-171f-4da0-adb0-9d44333e1a00"]
[debug] &amp#27;[35m[BaseDriver]&amp#27;[39m Valid locator strategies for this request: xpath, id, class name, accessibility id, css selector, -android uiautomator
[debug] &amp#27;[35m[BaseDriver]&amp#27;[39m Waiting up to 0 ms for condition
[debug] &amp#27;[35m[WD Proxy]&amp#27;[39m Matched '/element' to command name 'findElement'
[debug] &amp#27;[35m[WD Proxy]&amp#27;[39m Proxying [POST /element] to [POST http://127.0.0.1:10000/wd/hub/session/3605b6ab-f1b7-4196-92fe-182483c6d5f2/element] with body: {"strategy":"accessibility id","selector":"test-LOGIN","context":"","multiple":false}
[debug] &amp#27;[35m[WD Proxy]&amp#27;[39m Got response with status 200: {"sessionId":"3605b6ab-f1b7-4196-92fe-182483c6d5f2","value":{"ELEMENT":"00000000-0000-04a7-7fff-ffff0000002c","element-6066-11e4-a52e-4f735466cecf":"00000000-0000-04a7-7fff-ffff0000002c"}}
[debug] &amp#27;[35m[W3C (3f35c87d)]&amp#27;[39m Responding to client with driver.findElement() result: {"element-6066-11e4-a52e-4f735466cecf":"00000000-0000-04a7-7fff-ffff0000002c","ELEMENT":"00000000-0000-04a7-7fff-ffff0000002c"}
&amp#27;[35m[HTTP]&amp#27;[39m &amp#27;[37m<-- POST /wd/hub/session/3f35c87d-171f-4da0-adb0-9d44333e1a00/element &amp#27;[39m&amp#27;[32m200&amp#27;[39m &amp#27;[90m544 ms - 137&amp#27;[39m
&amp#27;[35m[HTTP]&amp#27;[39m &amp#27;[90m&amp#27;[39m
&amp#27;[35m[HTTP]&amp#27;[39m &amp#27;[37m-->&amp#27;[39m &amp#27;[37mGET&amp#27;[39m &amp#27;[37m/wd/hub/session/3f35c87d-171f-4da0-adb0-9d44333e1a00/element/00000000-0000-04a7-7fff-ffff0000002c/displayed&amp#27;[39m
&amp#27;[35m[HTTP]&amp#27;[39m &amp#27;[90m{}&amp#27;[39m
[debug] &amp#27;[35m[W3C (3f35c87d)]&amp#27;[39m Calling AppiumDriver.elementDisplayed() with args: ["00000000-0000-04a7-7fff-ffff0000002c","3f35c87d-171f-4da0-adb0-9d44333e1a00"]
[debug] &amp#27;[35m[WD Proxy]&amp#27;[39m Matched '/element/00000000-0000-04a7-7fff-ffff0000002c/attribute/displayed' to command name 'getAttribute'
[debug] &amp#27;[35m[WD Proxy]&amp#27;[39m Proxying [GET /element/00000000-0000-04a7-7fff-ffff0000002c/attribute/displayed] to [GET http://127.0.0.1:10000/wd/hub/session/3605b6ab-f1b7-4196-92fe-182483c6d5f2/element/00000000-0000-04a7-7fff-ffff0000002c/attribute/displayed] with no body
[debug] &amp#27;[35m[WD Proxy]&amp#27;[39m Got response with status 200: {"sessionId":"3605b6ab-f1b7-4196-92fe-182483c6d5f2","value":"true"}
[debug] &amp#27;[35m[W3C (3f35c87d)]&amp#27;[39m Responding to client with driver.elementDisplayed() result: true
&amp#27;[35m[HTTP]&amp#27;[39m &amp#27;[37m<-- GET /wd/hub/session/3f35c87d-171f-4da0-adb0-9d44333e1a00/element/00000000-0000-04a7-7fff-ffff0000002c/displayed &amp#27;[39m&amp#27;[32m200&amp#27;[39m &amp#27;[90m32 ms - 14&amp#27;[39m
&amp#27;[35m[HTTP]&amp#27;[39m &amp#27;[90m&amp#27;[39m
[INFO ] 2022-08-31 16:46:06.425 BasePage:54 - press login button
&amp#27;[35m[HTTP]&amp#27;[39m &amp#27;[37m-->&amp#27;[39m &amp#27;[37mGET&amp#27;[39m &amp#27;[37m/wd/hub/session/3f35c87d-171f-4da0-adb0-9d44333e1a00/context&amp#27;[39m
&amp#27;[35m[HTTP]&amp#27;[39m &amp#27;[90m{}&amp#27;[39m
[debug] &amp#27;[35m[W3C (3f35c87d)]&amp#27;[39m Calling AppiumDriver.getCurrentContext() with args: ["3f35c87d-171f-4da0-adb0-9d44333e1a00"]
[debug] &amp#27;[35m[W3C (3f35c87d)]&amp#27;[39m Responding to client with driver.getCurrentContext() result: "NATIVE_APP"
&amp#27;[35m[HTTP]&amp#27;[39m &amp#27;[37m<-- GET /wd/hub/session/3f35c87d-171f-4da0-adb0-9d44333e1a00/context &amp#27;[39m&amp#27;[32m200&amp#27;[39m &amp#27;[90m2 ms - 22&amp#27;[39m
&amp#27;[35m[HTTP]&amp#27;[39m &amp#27;[90m&amp#27;[39m
&amp#27;[35m[HTTP]&amp#27;[39m &amp#27;[37m-->&amp#27;[39m &amp#27;[37mPOST&amp#27;[39m &amp#27;[37m/wd/hub/session/3f35c87d-171f-4da0-adb0-9d44333e1a00/element&amp#27;[39m
&amp#27;[35m[HTTP]&amp#27;[39m &amp#27;[90m{"using":"accessibility id","value":"test-LOGIN"}&amp#27;[39m
[debug] &amp#27;[35m[W3C (3f35c87d)]&amp#27;[39m Calling AppiumDriver.findElement() with args: ["accessibility id","test-LOGIN","3f35c87d-171f-4da0-adb0-9d44333e1a00"]
[debug] &amp#27;[35m[BaseDriver]&amp#27;[39m Valid locator strategies for this request: xpath, id, class name, accessibility id, css selector, -android uiautomator
[debug] &amp#27;[35m[BaseDriver]&amp#27;[39m Waiting up to 0 ms for condition
[debug] &amp#27;[35m[WD Proxy]&amp#27;[39m Matched '/element' to command name 'findElement'
[debug] &amp#27;[35m[WD Proxy]&amp#27;[39m Proxying [POST /element] to [POST http://127.0.0.1:10000/wd/hub/session/3605b6ab-f1b7-4196-92fe-182483c6d5f2/element] with body: {"strategy":"accessibility id","selector":"test-LOGIN","context":"","multiple":false}
[debug] &amp#27;[35m[WD Proxy]&amp#27;[39m Got response with status 200: {"sessionId":"3605b6ab-f1b7-4196-92fe-182483c6d5f2","value":{"ELEMENT":"00000000-0000-04a7-7fff-ffff0000002c","element-6066-11e4-a52e-4f735466cecf":"00000000-0000-04a7-7fff-ffff0000002c"}}
[debug] &amp#27;[35m[W3C (3f35c87d)]&amp#27;[39m Responding to client with driver.findElement() result: {"element-6066-11e4-a52e-4f735466cecf":"00000000-0000-04a7-7fff-ffff0000002c","ELEMENT":"00000000-0000-04a7-7fff-ffff0000002c"}
&amp#27;[35m[HTTP]&amp#27;[39m &amp#27;[37m<-- POST /wd/hub/session/3f35c87d-171f-4da0-adb0-9d44333e1a00/element &amp#27;[39m&amp#27;[32m200&amp#27;[39m &amp#27;[90m67 ms - 137&amp#27;[39m
&amp#27;[35m[HTTP]&amp#27;[39m &amp#27;[90m&amp#27;[39m
&amp#27;[35m[HTTP]&amp#27;[39m &amp#27;[37m-->&amp#27;[39m &amp#27;[37mPOST&amp#27;[39m &amp#27;[37m/wd/hub/session/3f35c87d-171f-4da0-adb0-9d44333e1a00/element/00000000-0000-04a7-7fff-ffff0000002c/click&amp#27;[39m
&amp#27;[35m[HTTP]&amp#27;[39m &amp#27;[90m{"id":"00000000-0000-04a7-7fff-ffff0000002c"}&amp#27;[39m
[debug] &amp#27;[35m[W3C (3f35c87d)]&amp#27;[39m Calling AppiumDriver.click() with args: ["00000000-0000-04a7-7fff-ffff0000002c","3f35c87d-171f-4da0-adb0-9d44333e1a00"]
[debug] &amp#27;[35m[WD Proxy]&amp#27;[39m Matched '/element/00000000-0000-04a7-7fff-ffff0000002c/click' to command name 'click'
[debug] &amp#27;[35m[WD Proxy]&amp#27;[39m Proxying [POST /element/00000000-0000-04a7-7fff-ffff0000002c/click] to [POST http://127.0.0.1:10000/wd/hub/session/3605b6ab-f1b7-4196-92fe-182483c6d5f2/element/00000000-0000-04a7-7fff-ffff0000002c/click] with body: {"element":"00000000-0000-04a7-7fff-ffff0000002c"}
[debug] &amp#27;[35m[WD Proxy]&amp#27;[39m Got response with status 200: {"sessionId":"3605b6ab-f1b7-4196-92fe-182483c6d5f2","value":null}
[debug] &amp#27;[35m[W3C (3f35c87d)]&amp#27;[39m Responding to client with driver.click() result: null
&amp#27;[35m[HTTP]&amp#27;[39m &amp#27;[37m<-- POST /wd/hub/session/3f35c87d-171f-4da0-adb0-9d44333e1a00/element/00000000-0000-04a7-7fff-ffff0000002c/click &amp#27;[39m&amp#27;[32m200&amp#27;[39m &amp#27;[90m544 ms - 14&amp#27;[39m
&amp#27;[35m[HTTP]&amp#27;[39m &amp#27;[90m&amp#27;[39m
  And I login                                                                                         # com.qa.stepdef.LoginStepDef.iLogin()
&amp#27;[35m[HTTP]&amp#27;[39m &amp#27;[37m-->&amp#27;[39m &amp#27;[37mGET&amp#27;[39m &amp#27;[37m/wd/hub/session/3f35c87d-171f-4da0-adb0-9d44333e1a00/context&amp#27;[39m
&amp#27;[35m[HTTP]&amp#27;[39m &amp#27;[90m{}&amp#27;[39m
[debug] &amp#27;[35m[W3C (3f35c87d)]&amp#27;[39m Calling AppiumDriver.getCurrentContext() with args: ["3f35c87d-171f-4da0-adb0-9d44333e1a00"]
[debug] &amp#27;[35m[W3C (3f35c87d)]&amp#27;[39m Responding to client with driver.getCurrentContext() result: "NATIVE_APP"
&amp#27;[35m[HTTP]&amp#27;[39m &amp#27;[37m<-- GET /wd/hub/session/3f35c87d-171f-4da0-adb0-9d44333e1a00/context &amp#27;[39m&amp#27;[32m200&amp#27;[39m &amp#27;[90m3 ms - 22&amp#27;[39m
&amp#27;[35m[HTTP]&amp#27;[39m &amp#27;[90m&amp#27;[39m
&amp#27;[35m[HTTP]&amp#27;[39m &amp#27;[37m-->&amp#27;[39m &amp#27;[37mPOST&amp#27;[39m &amp#27;[37m/wd/hub/session/3f35c87d-171f-4da0-adb0-9d44333e1a00/element&amp#27;[39m
&amp#27;[35m[HTTP]&amp#27;[39m &amp#27;[90m{"using":"xpath","value":"//android.view.ViewGroup[@content-desc=\"test-Error message\"]/android.widget.TextView"}&amp#27;[39m
[debug] &amp#27;[35m[W3C (3f35c87d)]&amp#27;[39m Calling AppiumDriver.findElement() with args: ["xpath","//android.view.ViewGroup[@content-desc=\"test-Error message\"]/android.widget.TextView","3f35c87d-171f-4da0-adb0-9d44333e1a00"]
[debug] &amp#27;[35m[BaseDriver]&amp#27;[39m Valid locator strategies for this request: xpath, id, class name, accessibility id, css selector, -android uiautomator
[debug] &amp#27;[35m[BaseDriver]&amp#27;[39m Waiting up to 0 ms for condition
[debug] &amp#27;[35m[WD Proxy]&amp#27;[39m Matched '/element' to command name 'findElement'
[debug] &amp#27;[35m[WD Proxy]&amp#27;[39m Proxying [POST /element] to [POST http://127.0.0.1:10000/wd/hub/session/3605b6ab-f1b7-4196-92fe-182483c6d5f2/element] with body: {"strategy":"xpath","selector":"//android.view.ViewGroup[@content-desc=\"test-Error message\"]/android.widget.TextView","context":"","multiple":false}
[debug] &amp#27;[35m[WD Proxy]&amp#27;[39m Got response with status 200: {"sessionId":"3605b6ab-f1b7-4196-92fe-182483c6d5f2","value":{"ELEMENT":"00000000-0000-04a7-7fff-ffff0000003f","element-6066-11e4-a52e-4f735466cecf":"00000000-0000-04a7-7fff-ffff0000003f"}}
[debug] &amp#27;[35m[W3C (3f35c87d)]&amp#27;[39m Responding to client with driver.findElement() result: {"element-6066-11e4-a52e-4f735466cecf":"00000000-0000-04a7-7fff-ffff0000003f","ELEMENT":"00000000-0000-04a7-7fff-ffff0000003f"}
&amp#27;[35m[HTTP]&amp#27;[39m &amp#27;[37m<-- POST /wd/hub/session/3f35c87d-171f-4da0-adb0-9d44333e1a00/element &amp#27;[39m&amp#27;[32m200&amp#27;[39m &amp#27;[90m138 ms - 137&amp#27;[39m
&amp#27;[35m[HTTP]&amp#27;[39m &amp#27;[90m&amp#27;[39m
&amp#27;[35m[HTTP]&amp#27;[39m &amp#27;[37m-->&amp#27;[39m &amp#27;[37mGET&amp#27;[39m &amp#27;[37m/wd/hub/session/3f35c87d-171f-4da0-adb0-9d44333e1a00/element/00000000-0000-04a7-7fff-ffff0000003f/displayed&amp#27;[39m
&amp#27;[35m[HTTP]&amp#27;[39m &amp#27;[90m{}&amp#27;[39m
[debug] &amp#27;[35m[W3C (3f35c87d)]&amp#27;[39m Calling AppiumDriver.elementDisplayed() with args: ["00000000-0000-04a7-7fff-ffff0000003f","3f35c87d-171f-4da0-adb0-9d44333e1a00"]
[debug] &amp#27;[35m[WD Proxy]&amp#27;[39m Matched '/element/00000000-0000-04a7-7fff-ffff0000003f/attribute/displayed' to command name 'getAttribute'
[debug] &amp#27;[35m[WD Proxy]&amp#27;[39m Proxying [GET /element/00000000-0000-04a7-7fff-ffff0000003f/attribute/displayed] to [GET http://127.0.0.1:10000/wd/hub/session/3605b6ab-f1b7-4196-92fe-182483c6d5f2/element/00000000-0000-04a7-7fff-ffff0000003f/attribute/displayed] with no body
[debug] &amp#27;[35m[WD Proxy]&amp#27;[39m Got response with status 200: {"sessionId":"3605b6ab-f1b7-4196-92fe-182483c6d5f2","value":"true"}
[debug] &amp#27;[35m[W3C (3f35c87d)]&amp#27;[39m Responding to client with driver.elementDisplayed() result: true
&amp#27;[35m[HTTP]&amp#27;[39m &amp#27;[37m<-- GET /wd/hub/session/3f35c87d-171f-4da0-adb0-9d44333e1a00/element/00000000-0000-04a7-7fff-ffff0000003f/displayed &amp#27;[39m&amp#27;[32m200&amp#27;[39m &amp#27;[90m25 ms - 14&amp#27;[39m
&amp#27;[35m[HTTP]&amp#27;[39m &amp#27;[90m&amp#27;[39m
&amp#27;[35m[HTTP]&amp#27;[39m &amp#27;[37m-->&amp#27;[39m &amp#27;[37mGET&amp#27;[39m &amp#27;[37m/wd/hub/session/3f35c87d-171f-4da0-adb0-9d44333e1a00/context&amp#27;[39m
&amp#27;[35m[HTTP]&amp#27;[39m &amp#27;[90m{}&amp#27;[39m
[debug] &amp#27;[35m[W3C (3f35c87d)]&amp#27;[39m Calling AppiumDriver.getCurrentContext() with args: ["3f35c87d-171f-4da0-adb0-9d44333e1a00"]
[debug] &amp#27;[35m[W3C (3f35c87d)]&amp#27;[39m Responding to client with driver.getCurrentContext() result: "NATIVE_APP"
&amp#27;[35m[HTTP]&amp#27;[39m &amp#27;[37m<-- GET /wd/hub/session/3f35c87d-171f-4da0-adb0-9d44333e1a00/context &amp#27;[39m&amp#27;[32m200&amp#27;[39m &amp#27;[90m2 ms - 22&amp#27;[39m
&amp#27;[35m[HTTP]&amp#27;[39m &amp#27;[90m&amp#27;[39m
&amp#27;[35m[HTTP]&amp#27;[39m &amp#27;[37m-->&amp#27;[39m &amp#27;[37mPOST&amp#27;[39m &amp#27;[37m/wd/hub/session/3f35c87d-171f-4da0-adb0-9d44333e1a00/element&amp#27;[39m
&amp#27;[35m[HTTP]&amp#27;[39m &amp#27;[90m{"using":"xpath","value":"//android.view.ViewGroup[@content-desc=\"test-Error message\"]/android.widget.TextView"}&amp#27;[39m
[debug] &amp#27;[35m[W3C (3f35c87d)]&amp#27;[39m Calling AppiumDriver.findElement() with args: ["xpath","//android.view.ViewGroup[@content-desc=\"test-Error message\"]/android.widget.TextView","3f35c87d-171f-4da0-adb0-9d44333e1a00"]
[debug] &amp#27;[35m[BaseDriver]&amp#27;[39m Valid locator strategies for this request: xpath, id, class name, accessibility id, css selector, -android uiautomator
[debug] &amp#27;[35m[BaseDriver]&amp#27;[39m Waiting up to 0 ms for condition
[debug] &amp#27;[35m[WD Proxy]&amp#27;[39m Matched '/element' to command name 'findElement'
[debug] &amp#27;[35m[WD Proxy]&amp#27;[39m Proxying [POST /element] to [POST http://127.0.0.1:10000/wd/hub/session/3605b6ab-f1b7-4196-92fe-182483c6d5f2/element] with body: {"strategy":"xpath","selector":"//android.view.ViewGroup[@content-desc=\"test-Error message\"]/android.widget.TextView","context":"","multiple":false}
[debug] &amp#27;[35m[WD Proxy]&amp#27;[39m Got response with status 200: {"sessionId":"3605b6ab-f1b7-4196-92fe-182483c6d5f2","value":{"ELEMENT":"00000000-0000-04a7-7fff-ffff0000003f","element-6066-11e4-a52e-4f735466cecf":"00000000-0000-04a7-7fff-ffff0000003f"}}
[debug] &amp#27;[35m[W3C (3f35c87d)]&amp#27;[39m Responding to client with driver.findElement() result: {"element-6066-11e4-a52e-4f735466cecf":"00000000-0000-04a7-7fff-ffff0000003f","ELEMENT":"00000000-0000-04a7-7fff-ffff0000003f"}
&amp#27;[35m[HTTP]&amp#27;[39m &amp#27;[37m<-- POST /wd/hub/session/3f35c87d-171f-4da0-adb0-9d44333e1a00/element &amp#27;[39m&amp#27;[32m200&amp#27;[39m &amp#27;[90m129 ms - 137&amp#27;[39m
&amp#27;[35m[HTTP]&amp#27;[39m &amp#27;[90m&amp#27;[39m
&amp#27;[35m[HTTP]&amp#27;[39m &amp#27;[37m-->&amp#27;[39m &amp#27;[37mGET&amp#27;[39m &amp#27;[37m/wd/hub/session/3f35c87d-171f-4da0-adb0-9d44333e1a00/element/00000000-0000-04a7-7fff-ffff0000003f/attribute/text&amp#27;[39m
&amp#27;[35m[HTTP]&amp#27;[39m &amp#27;[90m{}&amp#27;[39m
[debug] &amp#27;[35m[W3C (3f35c87d)]&amp#27;[39m Calling AppiumDriver.getAttribute() with args: ["text","00000000-0000-04a7-7fff-ffff0000003f","3f35c87d-171f-4da0-adb0-9d44333e1a00"]
[debug] &amp#27;[35m[WD Proxy]&amp#27;[39m Matched '/element/00000000-0000-04a7-7fff-ffff0000003f/attribute/text' to command name 'getAttribute'
[debug] &amp#27;[35m[WD Proxy]&amp#27;[39m Proxying [GET /element/00000000-0000-04a7-7fff-ffff0000003f/attribute/text] to [GET http://127.0.0.1:10000/wd/hub/session/3605b6ab-f1b7-4196-92fe-182483c6d5f2/element/00000000-0000-04a7-7fff-ffff0000003f/attribute/text] with no body
[debug] &amp#27;[35m[WD Proxy]&amp#27;[39m Got response with status 200: {"sessionId":"3605b6ab-f1b7-4196-92fe-182483c6d5f2","value":"Username and password do not match any user in this service."}
[debug] &amp#27;[35m[W3C (3f35c87d)]&amp#27;[39m Responding to client with driver.getAttribute() result: "Username and password do not match any user in this service."
&amp#27;[35m[HTTP]&amp#27;[39m &amp#27;[37m<-- GET /wd/hub/session/3f35c87d-171f-4da0-adb0-9d44333e1a00/element/00000000-0000-04a7-7fff-ffff0000003f/attribute/text &amp#27;[39m&amp#27;[32m200&amp#27;[39m &amp#27;[90m18 ms - 72&amp#27;[39m
&amp#27;[35m[HTTP]&amp#27;[39m &amp#27;[90m&amp#27;[39m
[INFO ] 2022-08-31 16:46:07.441 BasePage:97 - error text is - Username and password do not match any user in this service.
  Then login should fail with an error "Username and password do not match any user in this service." # com.qa.stepdef.LoginStepDef.loginShouldFailWithAnError(java.lang.String)
&amp#27;[35m[HTTP]&amp#27;[39m &amp#27;[37m-->&amp#27;[39m &amp#27;[37mPOST&amp#27;[39m &amp#27;[37m/wd/hub/session/3f35c87d-171f-4da0-adb0-9d44333e1a00/appium/stop_recording_screen&amp#27;[39m
&amp#27;[35m[HTTP]&amp#27;[39m &amp#27;[90m{}&amp#27;[39m
[debug] &amp#27;[35m[W3C (3f35c87d)]&amp#27;[39m Calling AppiumDriver.stopRecordingScreen() with args: [null,"3f35c87d-171f-4da0-adb0-9d44333e1a00"]
[debug] &amp#27;[35m[ADB]&amp#27;[39m Getting IDs of all 'screenrecord' processes
[debug] &amp#27;[35m[ADB]&amp#27;[39m Running 'C:\Users\dtougov\AppData\Local\Android\Sdk\platform-tools\adb.exe -P 5037 -s CB5A29JXTK shell 'pgrep ^screenrecord$ || pgrep ^screenrecord$''
[debug] &amp#27;[35m[ADB]&amp#27;[39m Running 'C:\Users\dtougov\AppData\Local\Android\Sdk\platform-tools\adb.exe -P 5037 -s CB5A29JXTK shell kill -2 2067'
[debug] &amp#27;[35m[ADB]&amp#27;[39m Getting IDs of all 'screenrecord' processes
[debug] &amp#27;[35m[ADB]&amp#27;[39m Running 'C:\Users\dtougov\AppData\Local\Android\Sdk\platform-tools\adb.exe -P 5037 -s CB5A29JXTK shell 'pgrep ^screenrecord$ || pgrep ^screenrecord$''
[debug] &amp#27;[35m[ADB]&amp#27;[39m Getting IDs of all 'screenrecord' processes
[debug] &amp#27;[35m[ADB]&amp#27;[39m Running 'C:\Users\dtougov\AppData\Local\Android\Sdk\platform-tools\adb.exe -P 5037 -s CB5A29JXTK shell 'pgrep ^screenrecord$ || pgrep ^screenrecord$''
[debug] &amp#27;[35m[ADB]&amp#27;[39m Getting IDs of all 'screenrecord' processes
[debug] &amp#27;[35m[ADB]&amp#27;[39m Running 'C:\Users\dtougov\AppData\Local\Android\Sdk\platform-tools\adb.exe -P 5037 -s CB5A29JXTK shell 'pgrep ^screenrecord$ || pgrep ^screenrecord$''
[debug] &amp#27;[35m[ADB]&amp#27;[39m Running 'C:\Users\dtougov\AppData\Local\Android\Sdk\platform-tools\adb.exe -P 5037 -s CB5A29JXTK pull /sdcard/bffbc684.mp4 C:\Users\dtougov\AppData\Local\Temp\2022731-14376-1j32sql.wpcs\bffbc684.mp4'
[debug] &amp#27;[35m[ADB]&amp#27;[39m Running 'C:\Users\dtougov\AppData\Local\Android\Sdk\platform-tools\adb.exe -P 5037 -s CB5A29JXTK shell rm -rf /sdcard/bffbc684.mp4'
[debug] &amp#27;[35m[AndroidDriver]&amp#27;[39m The size of the resulting screen recording is 659.59 KB
[debug] &amp#27;[35m[W3C (3f35c87d)]&amp#27;[39m Responding to client with driver.stopRecordingScreen() result: "AAAAGGZ0eXBtcDQyAAAAAGlzb21tcDQyAAAAAW1kYXQAAAAAAApHyAAAqNVluEDxMUBtbW1tbW1tbW1tbWPUB1NS3/hZllZy8mZeTFbW1//vuKCvggAeTayranSP/64YIOCsZ9z4NbW1tbW1tbW1tbW1tbW1tbW1tbW1tbW1tbW1tf//GgQ8BaeVDSP//qgrxpooPA3OW2v//6BD4AYu5mYEL/4r8K8gU/Kjb3a2tra2trax6gR735///bCGBM3Pz//bb9ra2tra2tra09P8Bk/Obi3gDKq80TdphDzLl7wKAOcPwEvujxW6fOypmkcB5Oc1Iu+SAAPvghBMBbU8Bl96QuSD2Gae7gZf/wnAqDzZEVZ8lvp/g6r+GxWHXLiySYYgigMQhyfdEHSS7g7964/gIytqPTz85z1IL/lkO5GTbG0FWbKdlugmdmp/3IyK+ZkfgG5tYAm/WURKA2xjDRI+9GzJnUzudwAWQrMZO41v2m79R9U4eH+E5kKfU4D2n/LGpzP0/yd8ofYnwKCYFsAUB5MX8JJ5ryfV3Hr4H6GdfBoX98OPVOeebh8XYWX5EL+2GgVrBG4ktq7XLJ+H+JjoKssKNnA1YIjnZ7+FAO0OmgWdXbOZw/958YBVxWZKfgLdrs+NBgqa2tr94uYHP2J4BuPVCksgSPYCz10/lPT76Pz/PCeLomW14yc+DBKhxH7vAP/E8DByoqCIbzZSkHz2v//xYIeCR7sHu95OPLHkE+CARk2gKAPJiWe/hGsswr8eoRfsD7YdQmFwbjL/G+iB5hpzP4B+E/MkLmFNP2tra2tra2tra2tra2v/Hk/YzwJiepkCb9baIMTiiiGk//r9c5mQK6gRK+ZuRBP4CXK/BMX2kPUbaP/rb22whv/4EinXP/+T+YVYUwC+fTAEjvIqhjLcuD4Bjl0dd3/e9/fEQvxYEIlOZcZYCNFiuDlPUCRygHFQHpyVqdv/z+un61o+AP36o9r4HOTncFHMvqtdQVFU/dgjiO8dk0CF...
&amp#27;[35m[HTTP]&amp#27;[39m &amp#27;[37m<-- POST /wd/hub/session/3f35c87d-171f-4da0-adb0-9d44333e1a00/appium/stop_recording_screen &amp#27;[39m&amp#27;[32m200&amp#27;[39m &amp#27;[90m2518 ms - 900572&amp#27;[39m
&amp#27;[35m[HTTP]&amp#27;[39m &amp#27;[90m&amp#27;[39m
[INFO ] 2022-08-31 16:46:10.071 VideoManager:35 - video path: Android_sony\Videos\Login with invalid password.mp4
]]></system-out>
  </testcase>
  <testcase name="scenario[&quot;Login with valid user name and password&quot;, &quot;Optional[Login scenarios]&quot;](3)" classname="com.qa.runners.SonyTestNGRunnerTest" time="11.58">
    <system-out><![CDATA[
@test1
Scenario Outline: Login with valid user name and password # src/test/resources/Login.feature:31
&amp#27;[35m[HTTP]&amp#27;[39m &amp#27;[37m-->&amp#27;[39m &amp#27;[37mPOST&amp#27;[39m &amp#27;[37m/wd/hub/session/3f35c87d-171f-4da0-adb0-9d44333e1a00/appium/start_recording_screen&amp#27;[39m
&amp#27;[35m[HTTP]&amp#27;[39m &amp#27;[90m{}&amp#27;[39m
[debug] &amp#27;[35m[W3C (3f35c87d)]&amp#27;[39m Calling AppiumDriver.startRecordingScreen() with args: [null,"3f35c87d-171f-4da0-adb0-9d44333e1a00"]
[debug] &amp#27;[35m[ADB]&amp#27;[39m Getting IDs of all 'screenrecord' processes
[debug] &amp#27;[35m[ADB]&amp#27;[39m Running 'C:\Users\dtougov\AppData\Local\Android\Sdk\platform-tools\adb.exe -P 5037 -s CB5A29JXTK shell 'pgrep ^screenrecord$ || pgrep ^screenrecord$''
&amp#27;[35m[AndroidDriver]&amp#27;[39m Screen recording has not been previously started by Appium. There is nothing to stop
[debug] &amp#27;[35m[ADB]&amp#27;[39m Getting IDs of all 'screenrecord' processes
[debug] &amp#27;[35m[ADB]&amp#27;[39m Running 'C:\Users\dtougov\AppData\Local\Android\Sdk\platform-tools\adb.exe -P 5037 -s CB5A29JXTK shell 'pgrep ^screenrecord$ || pgrep ^screenrecord$''
[debug] &amp#27;[35m[ADB]&amp#27;[39m Building screenrecord process with the command line: adb -P 5037 -s CB5A29JXTK shell screenrecord --time-limit 180 /sdcard/99ce99d2.mp4
[debug] &amp#27;[35m[ADB]&amp#27;[39m Running 'C:\Users\dtougov\AppData\Local\Android\Sdk\platform-tools\adb.exe -P 5037 -s CB5A29JXTK shell "[ -e '/sdcard/99ce99d2.mp4' ] && echo __PASS__"'
[debug] &amp#27;[35m[ADB]&amp#27;[39m Running 'C:\Users\dtougov\AppData\Local\Android\Sdk\platform-tools\adb.exe -P 5037 -s CB5A29JXTK shell "[ -e '/sdcard/99ce99d2.mp4' ] && echo __PASS__"'
[debug] &amp#27;[35m[W3C (3f35c87d)]&amp#27;[39m Responding to client with driver.startRecordingScreen() result: ""
&amp#27;[35m[HTTP]&amp#27;[39m &amp#27;[37m<-- POST /wd/hub/session/3f35c87d-171f-4da0-adb0-9d44333e1a00/appium/start_recording_screen &amp#27;[39m&amp#27;[32m200&amp#27;[39m &amp#27;[90m2226 ms - 12&amp#27;[39m
&amp#27;[35m[HTTP]&amp#27;[39m &amp#27;[90m&amp#27;[39m
&amp#27;[35m[HTTP]&amp#27;[39m &amp#27;[37m-->&amp#27;[39m &amp#27;[37mGET&amp#27;[39m &amp#27;[37m/wd/hub/session/3f35c87d-171f-4da0-adb0-9d44333e1a00/context&amp#27;[39m
&amp#27;[35m[HTTP]&amp#27;[39m &amp#27;[90m{}&amp#27;[39m
[debug] &amp#27;[35m[W3C (3f35c87d)]&amp#27;[39m Calling AppiumDriver.getCurrentContext() with args: ["3f35c87d-171f-4da0-adb0-9d44333e1a00"]
[debug] &amp#27;[35m[W3C (3f35c87d)]&amp#27;[39m Responding to client with driver.getCurrentContext() result: "NATIVE_APP"
&amp#27;[35m[HTTP]&amp#27;[39m &amp#27;[37m<-- GET /wd/hub/session/3f35c87d-171f-4da0-adb0-9d44333e1a00/context &amp#27;[39m&amp#27;[32m200&amp#27;[39m &amp#27;[90m2 ms - 22&amp#27;[39m
&amp#27;[35m[HTTP]&amp#27;[39m &amp#27;[90m&amp#27;[39m
&amp#27;[35m[HTTP]&amp#27;[39m &amp#27;[37m-->&amp#27;[39m &amp#27;[37mPOST&amp#27;[39m &amp#27;[37m/wd/hub/session/3f35c87d-171f-4da0-adb0-9d44333e1a00/element&amp#27;[39m
&amp#27;[35m[HTTP]&amp#27;[39m &amp#27;[90m{"using":"accessibility id","value":"test-Username"}&amp#27;[39m
[debug] &amp#27;[35m[W3C (3f35c87d)]&amp#27;[39m Calling AppiumDriver.findElement() with args: ["accessibility id","test-Username","3f35c87d-171f-4da0-adb0-9d44333e1a00"]
[debug] &amp#27;[35m[BaseDriver]&amp#27;[39m Valid locator strategies for this request: xpath, id, class name, accessibility id, css selector, -android uiautomator
[debug] &amp#27;[35m[BaseDriver]&amp#27;[39m Waiting up to 0 ms for condition
[debug] &amp#27;[35m[WD Proxy]&amp#27;[39m Matched '/element' to command name 'findElement'
[debug] &amp#27;[35m[WD Proxy]&amp#27;[39m Proxying [POST /element] to [POST http://127.0.0.1:10000/wd/hub/session/3605b6ab-f1b7-4196-92fe-182483c6d5f2/element] with body: {"strategy":"accessibility id","selector":"test-Username","context":"","multiple":false}
[debug] &amp#27;[35m[WD Proxy]&amp#27;[39m Got response with status 200: {"sessionId":"3605b6ab-f1b7-4196-92fe-182483c6d5f2","value":{"ELEMENT":"00000000-0000-04a7-7fff-ffff0000002f","element-6066-11e4-a52e-4f735466cecf":"00000000-0000-04a7-7fff-ffff0000002f"}}
[debug] &amp#27;[35m[W3C (3f35c87d)]&amp#27;[39m Responding to client with driver.findElement() result: {"element-6066-11e4-a52e-4f735466cecf":"00000000-0000-04a7-7fff-ffff0000002f","ELEMENT":"00000000-0000-04a7-7fff-ffff0000002f"}
&amp#27;[35m[HTTP]&amp#27;[39m &amp#27;[37m<-- POST /wd/hub/session/3f35c87d-171f-4da0-adb0-9d44333e1a00/element &amp#27;[39m&amp#27;[32m200&amp#27;[39m &amp#27;[90m39 ms - 137&amp#27;[39m
&amp#27;[35m[HTTP]&amp#27;[39m &amp#27;[90m&amp#27;[39m
&amp#27;[35m[HTTP]&amp#27;[39m &amp#27;[37m-->&amp#27;[39m &amp#27;[37mGET&amp#27;[39m &amp#27;[37m/wd/hub/session/3f35c87d-171f-4da0-adb0-9d44333e1a00/element/00000000-0000-04a7-7fff-ffff0000002f/displayed&amp#27;[39m
&amp#27;[35m[HTTP]&amp#27;[39m &amp#27;[90m{}&amp#27;[39m
[debug] &amp#27;[35m[W3C (3f35c87d)]&amp#27;[39m Calling AppiumDriver.elementDisplayed() with args: ["00000000-0000-04a7-7fff-ffff0000002f","3f35c87d-171f-4da0-adb0-9d44333e1a00"]
[debug] &amp#27;[35m[WD Proxy]&amp#27;[39m Matched '/element/00000000-0000-04a7-7fff-ffff0000002f/attribute/displayed' to command name 'getAttribute'
[debug] &amp#27;[35m[WD Proxy]&amp#27;[39m Proxying [GET /element/00000000-0000-04a7-7fff-ffff0000002f/attribute/displayed] to [GET http://127.0.0.1:10000/wd/hub/session/3605b6ab-f1b7-4196-92fe-182483c6d5f2/element/00000000-0000-04a7-7fff-ffff0000002f/attribute/displayed] with no body
[debug] &amp#27;[35m[WD Proxy]&amp#27;[39m Got response with status 200: {"sessionId":"3605b6ab-f1b7-4196-92fe-182483c6d5f2","value":"true"}
[debug] &amp#27;[35m[W3C (3f35c87d)]&amp#27;[39m Responding to client with driver.elementDisplayed() result: true
&amp#27;[35m[HTTP]&amp#27;[39m &amp#27;[37m<-- GET /wd/hub/session/3f35c87d-171f-4da0-adb0-9d44333e1a00/element/00000000-0000-04a7-7fff-ffff0000002f/displayed &amp#27;[39m&amp#27;[32m200&amp#27;[39m &amp#27;[90m18 ms - 14&amp#27;[39m
&amp#27;[35m[HTTP]&amp#27;[39m &amp#27;[90m&amp#27;[39m
&amp#27;[35m[HTTP]&amp#27;[39m &amp#27;[37m-->&amp#27;[39m &amp#27;[37mGET&amp#27;[39m &amp#27;[37m/wd/hub/session/3f35c87d-171f-4da0-adb0-9d44333e1a00/context&amp#27;[39m
&amp#27;[35m[HTTP]&amp#27;[39m &amp#27;[90m{}&amp#27;[39m
[debug] &amp#27;[35m[W3C (3f35c87d)]&amp#27;[39m Calling AppiumDriver.getCurrentContext() with args: ["3f35c87d-171f-4da0-adb0-9d44333e1a00"]
[debug] &amp#27;[35m[W3C (3f35c87d)]&amp#27;[39m Responding to client with driver.getCurrentContext() result: "NATIVE_APP"
&amp#27;[35m[HTTP]&amp#27;[39m &amp#27;[37m<-- GET /wd/hub/session/3f35c87d-171f-4da0-adb0-9d44333e1a00/context &amp#27;[39m&amp#27;[32m200&amp#27;[39m &amp#27;[90m2 ms - 22&amp#27;[39m
&amp#27;[35m[HTTP]&amp#27;[39m &amp#27;[90m&amp#27;[39m
&amp#27;[35m[HTTP]&amp#27;[39m &amp#27;[37m-->&amp#27;[39m &amp#27;[37mPOST&amp#27;[39m &amp#27;[37m/wd/hub/session/3f35c87d-171f-4da0-adb0-9d44333e1a00/element&amp#27;[39m
&amp#27;[35m[HTTP]&amp#27;[39m &amp#27;[90m{"using":"accessibility id","value":"test-Username"}&amp#27;[39m
[debug] &amp#27;[35m[W3C (3f35c87d)]&amp#27;[39m Calling AppiumDriver.findElement() with args: ["accessibility id","test-Username","3f35c87d-171f-4da0-adb0-9d44333e1a00"]
[debug] &amp#27;[35m[BaseDriver]&amp#27;[39m Valid locator strategies for this request: xpath, id, class name, accessibility id, css selector, -android uiautomator
[debug] &amp#27;[35m[BaseDriver]&amp#27;[39m Waiting up to 0 ms for condition
[debug] &amp#27;[35m[WD Proxy]&amp#27;[39m Matched '/element' to command name 'findElement'
[debug] &amp#27;[35m[WD Proxy]&amp#27;[39m Proxying [POST /element] to [POST http://127.0.0.1:10000/wd/hub/session/3605b6ab-f1b7-4196-92fe-182483c6d5f2/element] with body: {"strategy":"accessibility id","selector":"test-Username","context":"","multiple":false}
[debug] &amp#27;[35m[WD Proxy]&amp#27;[39m Got response with status 200: {"sessionId":"3605b6ab-f1b7-4196-92fe-182483c6d5f2","value":{"ELEMENT":"00000000-0000-04a7-7fff-ffff0000002f","element-6066-11e4-a52e-4f735466cecf":"00000000-0000-04a7-7fff-ffff0000002f"}}
[debug] &amp#27;[35m[W3C (3f35c87d)]&amp#27;[39m Responding to client with driver.findElement() result: {"element-6066-11e4-a52e-4f735466cecf":"00000000-0000-04a7-7fff-ffff0000002f","ELEMENT":"00000000-0000-04a7-7fff-ffff0000002f"}
&amp#27;[35m[HTTP]&amp#27;[39m &amp#27;[37m<-- POST /wd/hub/session/3f35c87d-171f-4da0-adb0-9d44333e1a00/element &amp#27;[39m&amp#27;[32m200&amp#27;[39m &amp#27;[90m64 ms - 137&amp#27;[39m
&amp#27;[35m[HTTP]&amp#27;[39m &amp#27;[90m&amp#27;[39m
&amp#27;[35m[HTTP]&amp#27;[39m &amp#27;[37m-->&amp#27;[39m &amp#27;[37mPOST&amp#27;[39m &amp#27;[37m/wd/hub/session/3f35c87d-171f-4da0-adb0-9d44333e1a00/element/00000000-0000-04a7-7fff-ffff0000002f/clear&amp#27;[39m
&amp#27;[35m[HTTP]&amp#27;[39m &amp#27;[90m{"id":"00000000-0000-04a7-7fff-ffff0000002f"}&amp#27;[39m
[debug] &amp#27;[35m[W3C (3f35c87d)]&amp#27;[39m Calling AppiumDriver.clear() with args: ["00000000-0000-04a7-7fff-ffff0000002f","3f35c87d-171f-4da0-adb0-9d44333e1a00"]
[debug] &amp#27;[35m[WD Proxy]&amp#27;[39m Matched '/element/00000000-0000-04a7-7fff-ffff0000002f/clear' to command name 'clear'
[debug] &amp#27;[35m[WD Proxy]&amp#27;[39m Proxying [POST /element/00000000-0000-04a7-7fff-ffff0000002f/clear] to [POST http://127.0.0.1:10000/wd/hub/session/3605b6ab-f1b7-4196-92fe-182483c6d5f2/element/00000000-0000-04a7-7fff-ffff0000002f/clear] with body: {"elementId":"00000000-0000-04a7-7fff-ffff0000002f"}
[debug] &amp#27;[35m[WD Proxy]&amp#27;[39m Got response with status 200: {"sessionId":"3605b6ab-f1b7-4196-92fe-182483c6d5f2","value":null}
[debug] &amp#27;[35m[W3C (3f35c87d)]&amp#27;[39m Responding to client with driver.clear() result: null
&amp#27;[35m[HTTP]&amp#27;[39m &amp#27;[37m<-- POST /wd/hub/session/3f35c87d-171f-4da0-adb0-9d44333e1a00/element/00000000-0000-04a7-7fff-ffff0000002f/clear &amp#27;[39m&amp#27;[32m200&amp#27;[39m &amp#27;[90m31 ms - 14&amp#27;[39m
&amp#27;[35m[HTTP]&amp#27;[39m &amp#27;[90m&amp#27;[39m
&amp#27;[35m[HTTP]&amp#27;[39m &amp#27;[37m-->&amp#27;[39m &amp#27;[37mGET&amp#27;[39m &amp#27;[37m/wd/hub/session/3f35c87d-171f-4da0-adb0-9d44333e1a00/context&amp#27;[39m
&amp#27;[35m[HTTP]&amp#27;[39m &amp#27;[90m{}&amp#27;[39m
[debug] &amp#27;[35m[W3C (3f35c87d)]&amp#27;[39m Calling AppiumDriver.getCurrentContext() with args: ["3f35c87d-171f-4da0-adb0-9d44333e1a00"]
[debug] &amp#27;[35m[W3C (3f35c87d)]&amp#27;[39m Responding to client with driver.getCurrentContext() result: "NATIVE_APP"
&amp#27;[35m[HTTP]&amp#27;[39m &amp#27;[37m<-- GET /wd/hub/session/3f35c87d-171f-4da0-adb0-9d44333e1a00/context &amp#27;[39m&amp#27;[32m200&amp#27;[39m &amp#27;[90m2 ms - 22&amp#27;[39m
&amp#27;[35m[HTTP]&amp#27;[39m &amp#27;[90m&amp#27;[39m
&amp#27;[35m[HTTP]&amp#27;[39m &amp#27;[37m-->&amp#27;[39m &amp#27;[37mPOST&amp#27;[39m &amp#27;[37m/wd/hub/session/3f35c87d-171f-4da0-adb0-9d44333e1a00/element&amp#27;[39m
&amp#27;[35m[HTTP]&amp#27;[39m &amp#27;[90m{"using":"accessibility id","value":"test-Username"}&amp#27;[39m
[debug] &amp#27;[35m[W3C (3f35c87d)]&amp#27;[39m Calling AppiumDriver.findElement() with args: ["accessibility id","test-Username","3f35c87d-171f-4da0-adb0-9d44333e1a00"]
[debug] &amp#27;[35m[BaseDriver]&amp#27;[39m Valid locator strategies for this request: xpath, id, class name, accessibility id, css selector, -android uiautomator
[debug] &amp#27;[35m[BaseDriver]&amp#27;[39m Waiting up to 0 ms for condition
[debug] &amp#27;[35m[WD Proxy]&amp#27;[39m Matched '/element' to command name 'findElement'
[debug] &amp#27;[35m[WD Proxy]&amp#27;[39m Proxying [POST /element] to [POST http://127.0.0.1:10000/wd/hub/session/3605b6ab-f1b7-4196-92fe-182483c6d5f2/element] with body: {"strategy":"accessibility id","selector":"test-Username","context":"","multiple":false}
[debug] &amp#27;[35m[WD Proxy]&amp#27;[39m Got response with status 200: {"sessionId":"3605b6ab-f1b7-4196-92fe-182483c6d5f2","value":{"ELEMENT":"00000000-0000-04a7-7fff-ffff0000002f","element-6066-11e4-a52e-4f735466cecf":"00000000-0000-04a7-7fff-ffff0000002f"}}
[debug] &amp#27;[35m[W3C (3f35c87d)]&amp#27;[39m Responding to client with driver.findElement() result: {"element-6066-11e4-a52e-4f735466cecf":"00000000-0000-04a7-7fff-ffff0000002f","ELEMENT":"00000000-0000-04a7-7fff-ffff0000002f"}
&amp#27;[35m[HTTP]&amp#27;[39m &amp#27;[37m<-- POST /wd/hub/session/3f35c87d-171f-4da0-adb0-9d44333e1a00/element &amp#27;[39m&amp#27;[32m200&amp#27;[39m &amp#27;[90m642 ms - 137&amp#27;[39m
&amp#27;[35m[HTTP]&amp#27;[39m &amp#27;[90m&amp#27;[39m
&amp#27;[35m[HTTP]&amp#27;[39m &amp#27;[37m-->&amp#27;[39m &amp#27;[37mGET&amp#27;[39m &amp#27;[37m/wd/hub/session/3f35c87d-171f-4da0-adb0-9d44333e1a00/element/00000000-0000-04a7-7fff-ffff0000002f/displayed&amp#27;[39m
&amp#27;[35m[HTTP]&amp#27;[39m &amp#27;[90m{}&amp#27;[39m
[debug] &amp#27;[35m[W3C (3f35c87d)]&amp#27;[39m Calling AppiumDriver.elementDisplayed() with args: ["00000000-0000-04a7-7fff-ffff0000002f","3f35c87d-171f-4da0-adb0-9d44333e1a00"]
[debug] &amp#27;[35m[WD Proxy]&amp#27;[39m Matched '/element/00000000-0000-04a7-7fff-ffff0000002f/attribute/displayed' to command name 'getAttribute'
[debug] &amp#27;[35m[WD Proxy]&amp#27;[39m Proxying [GET /element/00000000-0000-04a7-7fff-ffff0000002f/attribute/displayed] to [GET http://127.0.0.1:10000/wd/hub/session/3605b6ab-f1b7-4196-92fe-182483c6d5f2/element/00000000-0000-04a7-7fff-ffff0000002f/attribute/displayed] with no body
[debug] &amp#27;[35m[WD Proxy]&amp#27;[39m Got response with status 200: {"sessionId":"3605b6ab-f1b7-4196-92fe-182483c6d5f2","value":"true"}
[debug] &amp#27;[35m[W3C (3f35c87d)]&amp#27;[39m Responding to client with driver.elementDisplayed() result: true
&amp#27;[35m[HTTP]&amp#27;[39m &amp#27;[37m<-- GET /wd/hub/session/3f35c87d-171f-4da0-adb0-9d44333e1a00/element/00000000-0000-04a7-7fff-ffff0000002f/displayed &amp#27;[39m&amp#27;[32m200&amp#27;[39m &amp#27;[90m188 ms - 14&amp#27;[39m
&amp#27;[35m[HTTP]&amp#27;[39m &amp#27;[90m&amp#27;[[INFO ] 2022-08-31 16:46:13.410 BasePage:71 - login with standard_user
39m
&amp#27;[35m[HTTP]&amp#27;[39m &amp#27;[37m-->&amp#27;[39m &amp#27;[37mGET&amp#27;[39m &amp#27;[37m/wd/hub/session/3f35c87d-171f-4da0-adb0-9d44333e1a00/context&amp#27;[39m
&amp#27;[35m[HTTP]&amp#27;[39m &amp#27;[90m{}&amp#27;[39m
[debug] &amp#27;[35m[W3C (3f35c87d)]&amp#27;[39m Calling AppiumDriver.getCurrentContext() with args: ["3f35c87d-171f-4da0-adb0-9d44333e1a00"]
[debug] &amp#27;[35m[W3C (3f35c87d)]&amp#27;[39m Responding to client with driver.getCurrentContext() result: "NATIVE_APP"
&amp#27;[35m[HTTP]&amp#27;[39m &amp#27;[37m<-- GET /wd/hub/session/3f35c87d-171f-4da0-adb0-9d44333e1a00/context &amp#27;[39m&amp#27;[32m200&amp#27;[39m &amp#27;[90m2 ms - 22&amp#27;[39m
&amp#27;[35m[HTTP]&amp#27;[39m &amp#27;[90m&amp#27;[39m
&amp#27;[35m[HTTP]&amp#27;[39m &amp#27;[37m-->&amp#27;[39m &amp#27;[37mPOST&amp#27;[39m &amp#27;[37m/wd/hub/session/3f35c87d-171f-4da0-adb0-9d44333e1a00/element&amp#27;[39m
&amp#27;[35m[HTTP]&amp#27;[39m &amp#27;[90m{"using":"accessibility id","value":"test-Username"}&amp#27;[39m
[debug] &amp#27;[35m[W3C (3f35c87d)]&amp#27;[39m Calling AppiumDriver.findElement() with args: ["accessibility id","test-Username","3f35c87d-171f-4da0-adb0-9d44333e1a00"]
[debug] &amp#27;[35m[BaseDriver]&amp#27;[39m Valid locator strategies for this request: xpath, id, class name, accessibility id, css selector, -android uiautomator
[debug] &amp#27;[35m[BaseDriver]&amp#27;[39m Waiting up to 0 ms for condition
[debug] &amp#27;[35m[WD Proxy]&amp#27;[39m Matched '/element' to command name 'findElement'
[debug] &amp#27;[35m[WD Proxy]&amp#27;[39m Proxying [POST /element] to [POST http://127.0.0.1:10000/wd/hub/session/3605b6ab-f1b7-4196-92fe-182483c6d5f2/element] with body: {"strategy":"accessibility id","selector":"test-Username","context":"","multiple":false}
[debug] &amp#27;[35m[WD Proxy]&amp#27;[39m Got response with status 200: {"sessionId":"3605b6ab-f1b7-4196-92fe-182483c6d5f2","value":{"ELEMENT":"00000000-0000-04a7-7fff-ffff0000002f","element-6066-11e4-a52e-4f735466cecf":"00000000-0000-04a7-7fff-ffff0000002f"}}
[debug] &amp#27;[35m[W3C (3f35c87d)]&amp#27;[39m Responding to client with driver.findElement() result: {"element-6066-11e4-a52e-4f735466cecf":"00000000-0000-04a7-7fff-ffff0000002f","ELEMENT":"00000000-0000-04a7-7fff-ffff0000002f"}
&amp#27;[35m[HTTP]&amp#27;[39m &amp#27;[37m<-- POST /wd/hub/session/3f35c87d-171f-4da0-adb0-9d44333e1a00/element &amp#27;[39m&amp#27;[32m200&amp#27;[39m &amp#27;[90m79 ms - 137&amp#27;[39m
&amp#27;[35m[HTTP]&amp#27;[39m &amp#27;[90m&amp#27;[39m
&amp#27;[35m[HTTP]&amp#27;[39m &amp#27;[37m-->&amp#27;[39m &amp#27;[37mPOST&amp#27;[39m &amp#27;[37m/wd/hub/session/3f35c87d-171f-4da0-adb0-9d44333e1a00/element/00000000-0000-04a7-7fff-ffff0000002f/value&amp#27;[39m
&amp#27;[35m[HTTP]&amp#27;[39m &amp#27;[90m{"id":"00000000-0000-04a7-7fff-ffff0000002f","text":"standard_user","value":["s","t","a","n","d","a","r","d","_","u","s","e","r"]}&amp#27;[39m
[debug] &amp#27;[35m[W3C (3f35c87d)]&amp#27;[39m Calling AppiumDriver.setValue() with args: [["s","t","a","n","d","a","r","d","_","u","s","e","r"],"00000000-0000-04a7-7fff-ffff0000002f","3f35c87d-171f-4da0-adb0-9d44333e1a00"]
[debug] &amp#27;[35m[WD Proxy]&amp#27;[39m Matched '/element/00000000-0000-04a7-7fff-ffff0000002f/value' to command name 'setValue'
[debug] &amp#27;[35m[Protocol Converter]&amp#27;[39m Added 'value' property ["s","t","a","n","d","a","r","d","_","u","s","e","r"] to 'setValue' request body
[debug] &amp#27;[35m[WD Proxy]&amp#27;[39m Proxying [POST /element/00000000-0000-04a7-7fff-ffff0000002f/value] to [POST http://127.0.0.1:10000/wd/hub/session/3605b6ab-f1b7-4196-92fe-182483c6d5f2/element/00000000-0000-04a7-7fff-ffff0000002f/value] with body: {"elementId":"00000000-0000-04a7-7fff-ffff0000002f","text":"standard_user","replace":false,"value":["s","t","a","n","d","a","r","d","_","u","s","e","r"]}
[debug] &amp#27;[35m[WD Proxy]&amp#27;[39m Got response with status 200: {"sessionId":"3605b6ab-f1b7-4196-92fe-182483c6d5f2","value":null}
[debug] &amp#27;[35m[W3C (3f35c87d)]&amp#27;[39m Responding to client with driver.setValue() result: null
&amp#27;[35m[  When I enter username as "standard_user"                # com.qa.stepdef.LoginStepDef.iEnterUsernameAs(java.lang.String)
HTTP]&amp#27;[39m &amp#27;[37m<-- POST /wd/hub/session/3f35c87d-171f-4da0-adb0-9d44333e1a00/element/00000000-0000-04a7-7fff-ffff0000002f/value &amp#27;[39m&amp#27;[32m200&amp#27;[39m &amp#27;[90m627 ms - 14&amp#27;[39m
&amp#27;[35m[HTTP]&amp#27;[39m &amp#27;[90m&amp#27;[39m
&amp#27;[35m[HTTP]&amp#27;[39m &amp#27;[37m-->&amp#27;[39m &amp#27;[37mGET&amp#27;[39m &amp#27;[37m/wd/hub/session/3f35c87d-171f-4da0-adb0-9d44333e1a00/context&amp#27;[39m
&amp#27;[35m[HTTP]&amp#27;[39m &amp#27;[90m{}&amp#27;[39m
[debug] &amp#27;[35m[W3C (3f35c87d)]&amp#27;[39m Calling AppiumDriver.getCurrentContext() with args: ["3f35c87d-171f-4da0-adb0-9d44333e1a00"]
[debug] &amp#27;[35m[W3C (3f35c87d)]&amp#27;[39m Responding to client with driver.getCurrentContext() result: "NATIVE_APP"
&amp#27;[35m[HTTP]&amp#27;[39m &amp#27;[37m<-- GET /wd/hub/session/3f35c87d-171f-4da0-adb0-9d44333e1a00/context &amp#27;[39m&amp#27;[32m200&amp#27;[39m &amp#27;[90m2 ms - 22&amp#27;[39m
&amp#27;[35m[HTTP]&amp#27;[39m &amp#27;[90m&amp#27;[39m
&amp#27;[35m[HTTP]&amp#27;[39m &amp#27;[37m-->&amp#27;[39m &amp#27;[37mPOST&amp#27;[39m &amp#27;[37m/wd/hub/session/3f35c87d-171f-4da0-adb0-9d44333e1a00/element&amp#27;[39m
&amp#27;[35m[HTTP]&amp#27;[39m &amp#27;[90m{"using":"accessibility id","value":"test-Password"}&amp#27;[39m
[debug] &amp#27;[35m[W3C (3f35c87d)]&amp#27;[39m Calling AppiumDriver.findElement() with args: ["accessibility id","test-Password","3f35c87d-171f-4da0-adb0-9d44333e1a00"]
[debug] &amp#27;[35m[BaseDriver]&amp#27;[39m Valid locator strategies for this request: xpath, id, class name, accessibility id, css selector, -android uiautomator
[debug] &amp#27;[35m[BaseDriver]&amp#27;[39m Waiting up to 0 ms for condition
[debug] &amp#27;[35m[WD Proxy]&amp#27;[39m Matched '/element' to command name 'findElement'
[debug] &amp#27;[35m[WD Proxy]&amp#27;[39m Proxying [POST /element] to [POST http://127.0.0.1:10000/wd/hub/session/3605b6ab-f1b7-4196-92fe-182483c6d5f2/element] with body: {"strategy":"accessibility id","selector":"test-Password","context":"","multiple":false}
[debug] &amp#27;[35m[WD Proxy]&amp#27;[39m Got response with status 200: {"sessionId":"3605b6ab-f1b7-4196-92fe-182483c6d5f2","value":{"ELEMENT":"00000000-0000-04a7-7fff-ffff00000030","element-6066-11e4-a52e-4f735466cecf":"00000000-0000-04a7-7fff-ffff00000030"}}
[debug] &amp#27;[35m[W3C (3f35c87d)]&amp#27;[39m Responding to client with driver.findElement() result: {"element-6066-11e4-a52e-4f735466cecf":"00000000-0000-04a7-7fff-ffff00000030","ELEMENT":"00000000-0000-04a7-7fff-ffff00000030"}
&amp#27;[35m[HTTP]&amp#27;[39m &amp#27;[37m<-- POST /wd/hub/session/3f35c87d-171f-4da0-adb0-9d44333e1a00/element &amp#27;[39m&amp#27;[32m200&amp#27;[39m &amp#27;[90m500 ms - 137&amp#27;[39m
&amp#27;[35m[HTTP]&amp#27;[39m &amp#27;[90m&amp#27;[39m
&amp#27;[35m[HTTP]&amp#27;[39m &amp#27;[37m-->&amp#27;[39m &amp#27;[37mGET&amp#27;[39m &amp#27;[37m/wd/hub/session/3f35c87d-171f-4da0-adb0-9d44333e1a00/element/00000000-0000-04a7-7fff-ffff00000030/displayed&amp#27;[39m
&amp#27;[35m[HTTP]&amp#27;[39m &amp#27;[90m{}&amp#27;[39m
[debug] &amp#27;[35m[W3C (3f35c87d)]&amp#27;[39m Calling AppiumDriver.elementDisplayed() with args: ["00000000-0000-04a7-7fff-ffff00000030","3f35c87d-171f-4da0-adb0-9d44333e1a00"]
[debug] &amp#27;[35m[WD Proxy]&amp#27;[39m Matched '/element/00000000-0000-04a7-7fff-ffff00000030/attribute/displayed' to command name 'getAttribute'
[debug] &amp#27;[35m[WD Proxy]&amp#27;[39m Proxying [GET /element/00000000-0000-04a7-7fff-ffff00000030/attribute/displayed] to [GET http://127.0.0.1:10000/wd/hub/session/3605b6ab-f1b7-4196-92fe-182483c6d5f2/element/00000000-0000-04a7-7fff-ffff00000030/attribute/displayed] with no body
[debug] &amp#27;[35m[WD Proxy]&amp#27;[39m Got response with status 200: {"sessionId":"3605b6ab-f1b7-4196-92fe-182483c6d5f2","value":"true"}
[debug] &amp#27;[35m[W3C (3f35c87d)]&amp#27;[39m Responding to client with driver.elementDisplayed() result: true
&amp#27;[35m[HTTP]&amp#27;[39m &amp#27;[37m<-- GET /wd/hub/session/3f35c87d-171f-4da0-adb0-9d44333e1a00/element/00000000-0000-04a7-7fff-ffff00000030/displayed &amp#27;[39m&amp#27;[32m200&amp#27;[39m &amp#27;[90m40 ms - 14&amp#27;[39m
&amp#27;[35m[HTTP]&amp#27;[39m &amp#27;[90m&amp#27;[39m
&amp#27;[35m[HTTP]&amp#27;[39m &amp#27;[37m-->&amp#27;[39m &amp#27;[37mGET&amp#27;[39m &amp#27;[37m/wd/hub/session/3f35c87d-171f-4da0-adb0-9d44333e1a00/context&amp#27;[39m
&amp#27;[35m[HTTP]&amp#27;[39m &amp#27;[90m{}&amp#27;[39m
[debug] &amp#27;[35m[W3C (3f35c87d)]&amp#27;[39m Calling AppiumDriver.getCurrentContext() with args: ["3f35c87d-171f-4da0-adb0-9d44333e1a00"]
[debug] &amp#27;[35m[W3C (3f35c87d)]&amp#27;[39m Responding to client with driver.getCurrentContext() result: "NATIVE_APP"
&amp#27;[35m[HTTP]&amp#27;[39m &amp#27;[37m<-- GET /wd/hub/session/3f35c87d-171f-4da0-adb0-9d44333e1a00/context &amp#27;[39m&amp#27;[32m200&amp#27;[39m &amp#27;[90m2 ms - 22&amp#27;[39m
&amp#27;[35m[HTTP]&amp#27;[39m &amp#27;[90m&amp#27;[39m
&amp#27;[35m[HTTP]&amp#27;[39m &amp#27;[37m-->&amp#27;[39m &amp#27;[37mPOST&amp#27;[39m &amp#27;[37m/wd/hub/session/3f35c87d-171f-4da0-adb0-9d44333e1a00/element&amp#27;[39m
&amp#27;[35m[HTTP]&amp#27;[39m &amp#27;[90m{"using":"accessibility id","value":"test-Password"}&amp#27;[39m
[debug] &amp#27;[35m[W3C (3f35c87d)]&amp#27;[39m Calling AppiumDriver.findElement() with args: ["accessibility id","test-Password","3f35c87d-171f-4da0-adb0-9d44333e1a00"]
[debug] &amp#27;[35m[BaseDriver]&amp#27;[39m Valid locator strategies for this request: xpath, id, class name, accessibility id, css selector, -android uiautomator
[debug] &amp#27;[35m[BaseDriver]&amp#27;[39m Waiting up to 0 ms for condition
[debug] &amp#27;[35m[WD Proxy]&amp#27;[39m Matched '/element' to command name 'findElement'
[debug] &amp#27;[35m[WD Proxy]&amp#27;[39m Proxying [POST /element] to [POST http://127.0.0.1:10000/wd/hub/session/3605b6ab-f1b7-4196-92fe-182483c6d5f2/element] with body: {"strategy":"accessibility id","selector":"test-Password","context":"","multiple":false}
[debug] &amp#27;[35m[WD Proxy]&amp#27;[39m Got response with status 200: {"sessionId":"3605b6ab-f1b7-4196-92fe-182483c6d5f2","value":{"ELEMENT":"00000000-0000-04a7-7fff-ffff00000030","element-6066-11e4-a52e-4f735466cecf":"00000000-0000-04a7-7fff-ffff00000030"}}
[debug] &amp#27;[35m[W3C (3f35c87d)]&amp#27;[39m Responding to client with driver.findElement() result: {"element-6066-11e4-a52e-4f735466cecf":"00000000-0000-04a7-7fff-ffff00000030","ELEMENT":"00000000-0000-04a7-7fff-ffff00000030"}
&amp#27;[35m[HTTP]&amp#27;[39m &amp#27;[37m<-- POST /wd/hub/session/3f35c87d-171f-4da0-adb0-9d44333e1a00/element &amp#27;[39m&amp#27;[32m200&amp#27;[39m &amp#27;[90m63 ms - 137&amp#27;[39m
&amp#27;[35m[HTTP]&amp#27;[39m &amp#27;[90m&amp#27;[39m
&amp#27;[35m[HTTP]&amp#27;[39m &amp#27;[37m-->&amp#27;[39m &amp#27;[37mPOST&amp#27;[39m &amp#27;[37m/wd/hub/session/3f35c87d-171f-4da0-adb0-9d44333e1a00/element/00000000-0000-04a7-7fff-ffff00000030/clear&amp#27;[39m
&amp#27;[35m[HTTP]&amp#27;[39m &amp#27;[90m{"id":"00000000-0000-04a7-7fff-ffff00000030"}&amp#27;[39m
[debug] &amp#27;[35m[W3C (3f35c87d)]&amp#27;[39m Calling AppiumDriver.clear() with args: ["00000000-0000-04a7-7fff-ffff00000030","3f35c87d-171f-4da0-adb0-9d44333e1a00"]
[debug] &amp#27;[35m[WD Proxy]&amp#27;[39m Matched '/element/00000000-0000-04a7-7fff-ffff00000030/clear' to command name 'clear'
[debug] &amp#27;[35m[WD Proxy]&amp#27;[39m Proxying [POST /element/00000000-0000-04a7-7fff-ffff00000030/clear] to [POST http://127.0.0.1:10000/wd/hub/session/3605b6ab-f1b7-4196-92fe-182483c6d5f2/element/00000000-0000-04a7-7fff-ffff00000030/clear] with body: {"elementId":"00000000-0000-04a7-7fff-ffff00000030"}
[debug] &amp#27;[35m[WD Proxy]&amp#27;[39m Got response with status 200: {"sessionId":"3605b6ab-f1b7-4196-92fe-182483c6d5f2","value":null}
[debug] &amp#27;[35m[W3C (3f35c87d)]&amp#27;[39m Responding to client with driver.clear() result: null
&amp#27;[35m[HTTP]&amp#27;[39m &amp#27;[37m<-- POST /wd/hub/session/3f35c87d-171f-4da0-adb0-9d44333e1a00/element/00000000-0000-04a7-7fff-ffff00000030/clear &amp#27;[39m&amp#27;[32m200&amp#27;[39m &amp#27;[90m60 ms - 14&amp#27;[39m
&amp#27;[35m[HTTP]&amp#27;[39m &amp#27;[90m&amp#27;[39m
&amp#27;[35m[HTTP]&amp#27;[39m &amp#27;[37m-->&amp#27;[39m &amp#27;[37mGET&amp#27;[39m &amp#27;[37m/wd/hub/session/3f35c87d-171f-4da0-adb0-9d44333e1a00/context&amp#27;[39m
&amp#27;[35m[HTTP]&amp#27;[39m &amp#27;[90m{}&amp#27;[39m
[debug] &amp#27;[35m[W3C (3f35c87d)]&amp#27;[39m Calling AppiumDriver.getCurrentContext() with args: ["3f35c87d-171f-4da0-adb0-9d44333e1a00"]
[debug] &amp#27;[35m[W3C (3f35c87d)]&amp#27;[39m Responding to client with driver.getCurrentContext() result: "NATIVE_APP"
&amp#27;[35m[HTTP]&amp#27;[39m &amp#27;[37m<-- GET /wd/hub/session/3f35c87d-171f-4da0-adb0-9d44333e1a00/context &amp#27;[39m&amp#27;[32m200&amp#27;[39m &amp#27;[90m2 ms - 22&amp#27;[39m
&amp#27;[35m[HTTP]&amp#27;[39m &amp#27;[90m&amp#27;[39m
&amp#27;[35m[HTTP]&amp#27;[39m &amp#27;[37m-->&amp#27;[39m &amp#27;[37mPOST&amp#27;[39m &amp#27;[37m/wd/hub/session/3f35c87d-171f-4da0-adb0-9d44333e1a00/element&amp#27;[39m
&amp#27;[35m[HTTP]&amp#27;[39m &amp#27;[90m{"using":"accessibility id","value":"test-Password"}&amp#27;[39m
[debug] &amp#27;[35m[W3C (3f35c87d)]&amp#27;[39m Calling AppiumDriver.findElement() with args: ["accessibility id","test-Password","3f35c87d-171f-4da0-adb0-9d44333e1a00"]
[debug] &amp#27;[35m[BaseDriver]&amp#27;[39m Valid locator strategies for this request: xpath, id, class name, accessibility id, css selector, -android uiautomator
[debug] &amp#27;[35m[BaseDriver]&amp#27;[39m Waiting up to 0 ms for condition
[debug] &amp#27;[35m[WD Proxy]&amp#27;[39m Matched '/element' to command name 'findElement'
[debug] &amp#27;[35m[WD Proxy]&amp#27;[39m Proxying [POST /element] to [POST http://127.0.0.1:10000/wd/hub/session/3605b6ab-f1b7-4196-92fe-182483c6d5f2/element] with body: {"strategy":"accessibility id","selector":"test-Password","context":"","multiple":false}
[debug] &amp#27;[35m[WD Proxy]&amp#27;[39m Got response with status 200: {"sessionId":"3605b6ab-f1b7-4196-92fe-182483c6d5f2","value":{"ELEMENT":"00000000-0000-04a7-7fff-ffff00000030","element-6066-11e4-a52e-4f735466cecf":"00000000-0000-04a7-7fff-ffff00000030"}}
[debug] &amp#27;[35m[W3C (3f35c87d)]&amp#27;[39m Responding to client with driver.findElement() result: {"element-6066-11e4-a52e-4f735466cecf":"00000000-0000-04a7-7fff-ffff00000030","ELEMENT":"00000000-0000-04a7-7fff-ffff00000030"}
&amp#27;[35m[HTTP]&amp#27;[39m &amp#27;[37m<-- POST /wd/hub/session/3f35c87d-171f-4da0-adb0-9d44333e1a00/element &amp#27;[39m&amp#27;[32m200&amp#27;[39m &amp#27;[90m524 ms - 137&amp#27;[39m
&amp#27;[35m[HTTP]&amp#27;[39m &amp#27;[90m&amp#27;[39m
&amp#27;[35m[HTTP]&amp#27;[39m &amp#27;[37m-->&amp#27;[39m &amp#27;[37mGET&amp#27;[39m &amp#27;[37m/wd/hub/session/3f35c87d-171f-4da0-adb0-9d44333e1a00/element/00000000-0000-04a7-7fff-ffff00000030/displayed&amp#27;[39m
&amp#27;[35m[HTTP]&amp#27;[39m &amp#27;[90m{}&amp#27;[39m
[debug] &amp#27;[35m[W3C (3f35c87d)]&amp#27;[39m Calling AppiumDriver.elementDisplayed() with args: ["00000000-0000-04a7-7fff-ffff00000030","3f35c87d-171f-4da0-adb0-9d44333e1a00"]
[debug] &amp#27;[35m[WD Proxy]&amp#27;[39m Matched '/element/00000000-0000-04a7-7fff-ffff00000030/attribute/displayed' to command name 'getAttribute'
[debug] &amp#27;[35m[WD Proxy]&amp#27;[39m Proxying [GET /element/00000000-0000-04a7-7fff-ffff00000030/attribute/displayed] to [GET http://127.0.0.1:10000/wd/hub/session/3605b6ab-f1b7-4196-92fe-182483c6d5f2/element/00000000-0000-04a7-7fff-ffff00000030/attribute/displayed] with no body
[debug] &amp#27;[35m[WD Proxy]&amp#27;[39m Got response with status 200: {"sessionId":"3605b6ab-f1b7-4196-92fe-182483c6d5f2","value":"true"}
[debug] &amp#27;[35m[W3C (3f35c87d)]&amp#27;[39m Responding to client with driver.elementDisplayed() result: true
&amp#27;[35m[HTTP]&amp#27;[39m &amp#27;[37m<-- GET /wd/hub/session/3f35c87d-171f-4da0-adb0-9d44333e1a00/element/00000000-0000-04a7-7fff-ffff00000030/displayed &amp#27;[39m&amp#27;[32m200&amp#27;[39m &amp#27;[90m62 ms - 14&amp#27;[39m
&amp#27;[35m[HTTP]&amp#27;[39m &amp#27;[90m&amp#27;[39m
[INFO ] 2022-08-31 16:46:15.517 BasePage:71 - password is secret_sauce
&amp#27;[35m[HTTP]&amp#27;[39m &amp#27;[37m-->&amp#27;[39m &amp#27;[37mGET&amp#27;[39m &amp#27;[37m/wd/hub/session/3f35c87d-171f-4da0-adb0-9d44333e1a00/context&amp#27;[39m
&amp#27;[35m[HTTP]&amp#27;[39m &amp#27;[90m{}&amp#27;[39m
[debug] &amp#27;[35m[W3C (3f35c87d)]&amp#27;[39m Calling AppiumDriver.getCurrentContext() with args: ["3f35c87d-171f-4da0-adb0-9d44333e1a00"]
[debug] &amp#27;[35m[W3C (3f35c87d)]&amp#27;[39m Responding to client with driver.getCurrentContext() result: "NATIVE_APP"
&amp#27;[35m[HTTP]&amp#27;[39m &amp#27;[37m<-- GET /wd/hub/session/3f35c87d-171f-4da0-adb0-9d44333e1a00/context &amp#27;[39m&amp#27;[32m200&amp#27;[39m &amp#27;[90m2 ms - 22&amp#27;[39m
&amp#27;[35m[HTTP]&amp#27;[39m &amp#27;[90m&amp#27;[39m
&amp#27;[35m[HTTP]&amp#27;[39m &amp#27;[37m-->&amp#27;[39m &amp#27;[37mPOST&amp#27;[39m &amp#27;[37m/wd/hub/session/3f35c87d-171f-4da0-adb0-9d44333e1a00/element&amp#27;[39m
&amp#27;[35m[HTTP]&amp#27;[39m &amp#27;[90m{"using":"accessibility id","value":"test-Password"}&amp#27;[39m
[debug] &amp#27;[35m[W3C (3f35c87d)]&amp#27;[39m Calling AppiumDriver.findElement() with args: ["accessibility id","test-Password","3f35c87d-171f-4da0-adb0-9d44333e1a00"]
[debug] &amp#27;[35m[BaseDriver]&amp#27;[39m Valid locator strategies for this request: xpath, id, class name, accessibility id, css selector, -android uiautomator
[debug] &amp#27;[35m[BaseDriver]&amp#27;[39m Waiting up to 0 ms for condition
[debug] &amp#27;[35m[WD Proxy]&amp#27;[39m Matched '/element' to command name 'findElement'
[debug] &amp#27;[35m[WD Proxy]&amp#27;[39m Proxying [POST /element] to [POST http://127.0.0.1:10000/wd/hub/session/3605b6ab-f1b7-4196-92fe-182483c6d5f2/element] with body: {"strategy":"accessibility id","selector":"test-Password","context":"","multiple":false}
[debug] &amp#27;[35m[WD Proxy]&amp#27;[39m Got response with status 200: {"sessionId":"3605b6ab-f1b7-4196-92fe-182483c6d5f2","value":{"ELEMENT":"00000000-0000-04a7-7fff-ffff00000030","element-6066-11e4-a52e-4f735466cecf":"00000000-0000-04a7-7fff-ffff00000030"}}
[debug] &amp#27;[35m[W3C (3f35c87d)]&amp#27;[39m Responding to client with driver.findElement() result: {"element-6066-11e4-a52e-4f735466cecf":"00000000-0000-04a7-7fff-ffff00000030","ELEMENT":"00000000-0000-04a7-7fff-ffff00000030"}
&amp#27;[35m[HTTP]&amp#27;[39m &amp#27;[37m<-- POST /wd/hub/session/3f35c87d-171f-4da0-adb0-9d44333e1a00/element &amp#27;[39m&amp#27;[32m200&amp#27;[39m &amp#27;[90m71 ms - 137&amp#27;[39m
&amp#27;[35m[HTTP]&amp#27;[39m &amp#27;[90m&amp#27;[39m
&amp#27;[35m[HTTP]&amp#27;[39m &amp#27;[37m-->&amp#27;[39m &amp#27;[37mPOST&amp#27;[39m &amp#27;[37m/wd/hub/session/3f35c87d-171f-4da0-adb0-9d44333e1a00/element/00000000-0000-04a7-7fff-ffff00000030/value&amp#27;[39m
&amp#27;[35m[HTTP]&amp#27;[39m &amp#27;[90m{"id":"00000000-0000-04a7-7fff-ffff00000030","text":"secret_sauce","value":["s","e","c","r","e","t","_","s","a","u","c","e"]}&amp#27;[39m
[debug] &amp#27;[35m[W3C (3f35c87d)]&amp#27;[39m Calling AppiumDriver.setValue() with args: [["s","e","c","r","e","t","_","s","a","u","c","e"],"00000000-0000-04a7-7fff-ffff00000030","3f35c87d-171f-4da0-adb0-9d44333e1a00"]
[debug] &amp#27;[35m[WD Proxy]&amp#27;[39m Matched '/element/00000000-0000-04a7-7fff-ffff00000030/value' to command name 'setValue'
[debug] &amp#27;[35m[Protocol Converter]&amp#27;[39m Added 'value' property ["s","e","c","r","e","t","_","s","a","u","c","e"] to 'setValue' request body
[debug] &amp#27;[35m[WD Proxy]&amp#27;[39m Proxying [POST /element/00000000-0000-04a7-7fff-ffff00000030/value] to [POST http://127.0.0.1:10000/wd/hub/session/3605b6ab-f1b7-4196-92fe-182483c6d5f2/element/00000000-0000-04a7-7fff-ffff00000030/value] with body: {"elementId":"00000000-0000-04a7-7fff-ffff00000030","text":"secret_sauce","replace":false,"value":["s","e","c","r","e","t","_","s","a","u","c","e"]}
[debug] &amp#27;[35m[WD Proxy]&amp#27;[39m Got response with status 200: {"sessionId":"3605b6ab-f1b7-4196-92fe-182483c6d5f2","value":null}
[debug] &amp#27;[35m[W3C (3f35c87d)]&amp#27;[39m Responding to client with driver.setValue() result: null
&amp#27;[35m[HTTP]&amp#27;[39m &amp#27;[37m<-- POST /wd/hub/session/3f35c87d-171f-4da0-adb0-9d44333e1a00/element/00000000-0000-04a7-7fff-ffff00000030/value &amp#27;[39m&amp#27;[32m200&amp#27;[39m &amp#27;[90m1506 ms - 14&amp#27;[39m
&amp#27;[35m[HTTP]&amp#27;[39m &amp#27;[90m&amp#27;[39m
  And I enter password as "secret_sauce"                  # com.qa.stepdef.LoginStepDef.iEnterPasswordAs(java.lang.String)
&amp#27;[35m[HTTP]&amp#27;[39m &amp#27;[37m-->&amp#27;[39m &amp#27;[37mGET&amp#27;[39m &amp#27;[37m/wd/hub/session/3f35c87d-171f-4da0-adb0-9d44333e1a00/context&amp#27;[39m
&amp#27;[35m[HTTP]&amp#27;[39m &amp#27;[90m{}&amp#27;[39m
[debug] &amp#27;[35m[W3C (3f35c87d)]&amp#27;[39m Calling AppiumDriver.getCurrentContext() with args: ["3f35c87d-171f-4da0-adb0-9d44333e1a00"]
[debug] &amp#27;[35m[W3C (3f35c87d)]&amp#27;[39m Responding to client with driver.getCurrentContext() result: "NATIVE_APP"
&amp#27;[35m[HTTP]&amp#27;[39m &amp#27;[37m<-- GET /wd/hub/session/3f35c87d-171f-4da0-adb0-9d44333e1a00/context &amp#27;[39m&amp#27;[32m200&amp#27;[39m &amp#27;[90m2 ms - 22&amp#27;[39m
&amp#27;[35m[HTTP]&amp#27;[39m &amp#27;[90m&amp#27;[39m
&amp#27;[35m[HTTP]&amp#27;[39m &amp#27;[37m-->&amp#27;[39m &amp#27;[37mPOST&amp#27;[39m &amp#27;[37m/wd/hub/session/3f35c87d-171f-4da0-adb0-9d44333e1a00/element&amp#27;[39m
&amp#27;[35m[HTTP]&amp#27;[39m &amp#27;[90m{"using":"accessibility id","value":"test-LOGIN"}&amp#27;[39m
[debug] &amp#27;[35m[W3C (3f35c87d)]&amp#27;[39m Calling AppiumDriver.findElement() with args: ["accessibility id","test-LOGIN","3f35c87d-171f-4da0-adb0-9d44333e1a00"]
[debug] &amp#27;[35m[BaseDriver]&amp#27;[39m Valid locator strategies for this request: xpath, id, class name, accessibility id, css selector, -android uiautomator
[debug] &amp#27;[35m[BaseDriver]&amp#27;[39m Waiting up to 0 ms for condition
[debug] &amp#27;[35m[WD Proxy]&amp#27;[39m Matched '/element' to command name 'findElement'
[debug] &amp#27;[35m[WD Proxy]&amp#27;[39m Proxying [POST /element] to [POST http://127.0.0.1:10000/wd/hub/session/3605b6ab-f1b7-4196-92fe-182483c6d5f2/element] with body: {"strategy":"accessibility id","selector":"test-LOGIN","context":"","multiple":false}
[debug] &amp#27;[35m[WD Proxy]&amp#27;[39m Got response with status 200: {"sessionId":"3605b6ab-f1b7-4196-92fe-182483c6d5f2","value":{"ELEMENT":"00000000-0000-04a7-7fff-ffff0000002c","element-6066-11e4-a52e-4f735466cecf":"00000000-0000-04a7-7fff-ffff0000002c"}}
[debug] &amp#27;[35m[W3C (3f35c87d)]&amp#27;[39m Responding to client with driver.findElement() result: {"element-6066-11e4-a52e-4f735466cecf":"00000000-0000-04a7-7fff-ffff0000002c","ELEMENT":"00000000-0000-04a7-7fff-ffff0000002c"}
&amp#27;[35m[HTTP]&amp#27;[39m &amp#27;[37m<-- POST /wd/hub/session/3f35c87d-171f-4da0-adb0-9d44333e1a00/element &amp#27;[39m&amp#27;[32m200&amp#27;[39m &amp#27;[90m527 ms - 137&amp#27;[39m
&amp#27;[35m[HTTP]&amp#27;[39m &amp#27;[90m&amp#27;[39m
&amp#27;[35m[HTTP]&amp#27;[39m &amp#27;[37m-->&amp#27;[39m &amp#27;[37mGET&amp#27;[39m &amp#27;[37m/wd/hub/session/3f35c87d-171f-4da0-adb0-9d44333e1a00/element/00000000-0000-04a7-7fff-ffff0000002c/displayed&amp#27;[39m
&amp#27;[35m[HTTP]&amp#27;[39m &amp#27;[90m{}&amp#27;[39m
[debug] &amp#27;[35m[W3C (3f35c87d)]&amp#27;[39m Calling AppiumDriver.elementDisplayed() with args: ["00000000-0000-04a7-7fff-ffff0000002c","3f35c87d-171f-4da0-adb0-9d44333e1a00"]
[debug] &amp#27;[35m[WD Proxy]&amp#27;[39m Matched '/element/00000000-0000-04a7-7fff-ffff0000002c/attribute/displayed' to command name 'getAttribute'
[debug] &amp#27;[35m[WD Proxy]&amp#27;[39m Proxying [GET /element/00000000-0000-04a7-7fff-ffff0000002c/attribute/displayed] to [GET http://127.0.0.1:10000/wd/hub/session/3605b6ab-f1b7-4196-92fe-182483c6d5f2/element/00000000-0000-04a7-7fff-ffff0000002c/attribute/displayed] with no body
[debug] &amp#27;[35m[WD Proxy]&amp#27;[39m Got response with status 200: {"sessionId":"3605b6ab-f1b7-4196-92fe-182483c6d5f2","value":"true"}
[debug] &amp#27;[35m[W3C (3f35c87d)]&amp#27;[39m Responding to client with driver.elementDisplayed() result: true
&amp#27;[35m[HTTP]&amp#27;[39m &amp#27;[37m<-- GET /wd/hub/session/3f35c87d-171f-4da0-adb0-9d44333e1a00/element/00000000-0000-04a7-7fff-ffff0000002c/displayed &amp#27;[39m&amp#27;[32m200&amp#27;[39m &amp#27;[90m33 ms - 14&amp#27;[39m
&amp#27;[35m[HTTP]&amp#27;[39m &amp#27;[90m&amp#27;[39m
[INFO ] 2022-08-31 16:46:17.709 BasePage:54 - press login button
&amp#27;[35m[HTTP]&amp#27;[39m &amp#27;[37m-->&amp#27;[39m &amp#27;[37mGET&amp#27;[39m &amp#27;[37m/wd/hub/session/3f35c87d-171f-4da0-adb0-9d44333e1a00/context&amp#27;[39m
&amp#27;[35m[HTTP]&amp#27;[39m &amp#27;[90m{}&amp#27;[39m
[debug] &amp#27;[35m[W3C (3f35c87d)]&amp#27;[39m Calling AppiumDriver.getCurrentContext() with args: ["3f35c87d-171f-4da0-adb0-9d44333e1a00"]
[debug] &amp#27;[35m[W3C (3f35c87d)]&amp#27;[39m Responding to client with driver.getCurrentContext() result: "NATIVE_APP"
&amp#27;[35m[HTTP]&amp#27;[39m &amp#27;[37m<-- GET /wd/hub/session/3f35c87d-171f-4da0-adb0-9d44333e1a00/context &amp#27;[39m&amp#27;[32m200&amp#27;[39m &amp#27;[90m3 ms - 22&amp#27;[39m
&amp#27;[35m[HTTP]&amp#27;[39m &amp#27;[90m&amp#27;[39m
&amp#27;[35m[HTTP]&amp#27;[39m &amp#27;[37m-->&amp#27;[39m &amp#27;[37mPOST&amp#27;[39m &amp#27;[37m/wd/hub/session/3f35c87d-171f-4da0-adb0-9d44333e1a00/element&amp#27;[39m
&amp#27;[35m[HTTP]&amp#27;[39m &amp#27;[90m{"using":"accessibility id","value":"test-LOGIN"}&amp#27;[39m
[debug] &amp#27;[35m[W3C (3f35c87d)]&amp#27;[39m Calling AppiumDriver.findElement() with args: ["accessibility id","test-LOGIN","3f35c87d-171f-4da0-adb0-9d44333e1a00"]
[debug] &amp#27;[35m[BaseDriver]&amp#27;[39m Valid locator strategies for this request: xpath, id, class name, accessibility id, css selector, -android uiautomator
[debug] &amp#27;[35m[BaseDriver]&amp#27;[39m Waiting up to 0 ms for condition
[debug] &amp#27;[35m[WD Proxy]&amp#27;[39m Matched '/element' to command name 'findElement'
[debug] &amp#27;[35m[WD Proxy]&amp#27;[39m Proxying [POST /element] to [POST http://127.0.0.1:10000/wd/hub/session/3605b6ab-f1b7-4196-92fe-182483c6d5f2/element] with body: {"strategy":"accessibility id","selector":"test-LOGIN","context":"","multiple":false}
[debug] &amp#27;[35m[WD Proxy]&amp#27;[39m Got response with status 200: {"sessionId":"3605b6ab-f1b7-4196-92fe-182483c6d5f2","value":{"ELEMENT":"00000000-0000-04a7-7fff-ffff0000002c","element-6066-11e4-a52e-4f735466cecf":"00000000-0000-04a7-7fff-ffff0000002c"}}
[debug] &amp#27;[35m[W3C (3f35c87d)]&amp#27;[39m Responding to client with driver.findElement() result: {"element-6066-11e4-a52e-4f735466cecf":"00000000-0000-04a7-7fff-ffff0000002c","ELEMENT":"00000000-0000-04a7-7fff-ffff0000002c"}
&amp#27;[35m[HTTP]&amp#27;[39m &amp#27;[37m<-- POST /wd/hub/session/3f35c87d-171f-4da0-adb0-9d44333e1a00/element &amp#27;[39m&amp#27;[32m200&amp#27;[39m &amp#27;[90m59 ms - 137&amp#27;[39m
&amp#27;[35m[HTTP]&amp#27;[39m &amp#27;[90m&amp#27;[39m
&amp#27;[35m[HTTP]&amp#27;[39m &amp#27;[37m-->&amp#27;[39m &amp#27;[37mPOST&amp#27;[39m &amp#27;[37m/wd/hub/session/3f35c87d-171f-4da0-adb0-9d44333e1a00/element/00000000-0000-04a7-7fff-ffff0000002c/click&amp#27;[39m
&amp#27;[35m[HTTP]&amp#27;[39m &amp#27;[90m{"id":"00000000-0000-04a7-7fff-ffff0000002c"}&amp#27;[39m
[debug] &amp#27;[35m[W3C (3f35c87d)]&amp#27;[39m Calling AppiumDriver.click() with args: ["00000000-0000-04a7-7fff-ffff0000002c","3f35c87d-171f-4da0-adb0-9d44333e1a00"]
[debug] &amp#27;[35m[WD Proxy]&amp#27;[39m Matched '/element/00000000-0000-04a7-7fff-ffff0000002c/click' to command name 'click'
[debug] &amp#27;[35m[WD Proxy]&amp#27;[39m Proxying [POST /element/00000000-0000-04a7-7fff-ffff0000002c/click] to [POST http://127.0.0.1:10000/wd/hub/session/3605b6ab-f1b7-4196-92fe-182483c6d5f2/element/00000000-0000-04a7-7fff-ffff0000002c/click] with body: {"element":"00000000-0000-04a7-7fff-ffff0000002c"}
[debug] &amp#27;[35m[WD Proxy]&amp#27;[39m Got response with status 200: {"sessionId":"3605b6ab-f1b7-4196-92fe-182483c6d5f2","value":null}
[debug] &amp#27;[35m[W3C (3f35c87d)]&amp#27;[39m Responding to client with driver.click() result: null
&amp#27;[35m[HTTP]&amp#27;[39m &amp#27;[37m<-- POST /wd/hub/session/3f35c87d-171f-4da0-adb0-9d44333e1a00/element/00000000-0000-04a7-7fff-ffff0000002c/click &amp#27;[39m&amp#27;[32m200&amp#27;[39m &amp#27;[90m34 ms - 14&amp#27;[39m
&amp#27;[35m[HTTP]&amp#27;[39m &amp#27;[90m&amp#27;[39m
  And I login                                             # com.qa.stepdef.LoginStepDef.iLogin()
&amp#27;[35m[HTTP]&amp#27;[39m &amp#27;[37m-->&amp#27;[39m &amp#27;[37mGET&amp#27;[39m &amp#27;[37m/wd/hub/session/3f35c87d-171f-4da0-adb0-9d44333e1a00/context&amp#27;[39m
&amp#27;[35m[HTTP]&amp#27;[39m &amp#27;[90m{}&amp#27;[39m
[debug] &amp#27;[35m[W3C (3f35c87d)]&amp#27;[39m Calling AppiumDriver.getCurrentContext() with args: ["3f35c87d-171f-4da0-adb0-9d44333e1a00"]
[debug] &amp#27;[35m[W3C (3f35c87d)]&amp#27;[39m Responding to client with driver.getCurrentContext() result: "NATIVE_APP"
&amp#27;[35m[HTTP]&amp#27;[39m &amp#27;[37m<-- GET /wd/hub/session/3f35c87d-171f-4da0-adb0-9d44333e1a00/context &amp#27;[39m&amp#27;[32m200&amp#27;[39m &amp#27;[90m1 ms - 22&amp#27;[39m
&amp#27;[35m[HTTP]&amp#27;[39m &amp#27;[90m&amp#27;[39m
&amp#27;[35m[HTTP]&amp#27;[39m &amp#27;[37m-->&amp#27;[39m &amp#27;[37mPOST&amp#27;[39m &amp#27;[37m/wd/hub/session/3f35c87d-171f-4da0-adb0-9d44333e1a00/element&amp#27;[39m
&amp#27;[35m[HTTP]&amp#27;[39m &amp#27;[90m{"using":"xpath","value":"//android.view.ViewGroup[@content-desc=\"test-Cart drop zone\"]/android.view.ViewGroup/android.widget.TextView"}&amp#27;[39m
[debug] &amp#27;[35m[W3C (3f35c87d)]&amp#27;[39m Calling AppiumDriver.findElement() with args: ["xpath","//android.view.ViewGroup[@content-desc=\"test-Cart drop zone\"]/android.view.ViewGroup/android.widget.TextView","3f35c87d-171f-4da0-adb0-9d44333e1a00"]
[debug] &amp#27;[35m[BaseDriver]&amp#27;[39m Valid locator strategies for this request: xpath, id, class name, accessibility id, css selector, -android uiautomator
[debug] &amp#27;[35m[BaseDriver]&amp#27;[39m Waiting up to 0 ms for condition
[debug] &amp#27;[35m[WD Proxy]&amp#27;[39m Matched '/element' to command name 'findElement'
[debug] &amp#27;[35m[WD Proxy]&amp#27;[39m Proxying [POST /element] to [POST http://127.0.0.1:10000/wd/hub/session/3605b6ab-f1b7-4196-92fe-182483c6d5f2/element] with body: {"strategy":"xpath","selector":"//android.view.ViewGroup[@content-desc=\"test-Cart drop zone\"]/android.view.ViewGroup/android.widget.TextView","context":"","multiple":false}
&amp#27;[35m[WD Proxy]&amp#27;[39m Got response with status 404: {"sessionId":"3605b6ab-f1b7-4196-92fe-182483c6d5f2","value":{"error":"no such element","message":"An element could not be located on the page using the given search parameters","stacktrace":"io.appium.uiautomator2.common.exceptions.ElementNotFoundException: An element could not be located on the page using the given search parameters\n\tat io.appium.uiautomator2.handler.FindElement.findElement(FindElement.java:90)\n\tat io.appium.uiautomator2.handler.FindElement.safeHandle(FindElement.java:67)\n\tat io.appium.uiautomator2.handler.request.SafeRequestHandler.handle(SafeRequestHandler.java:59)\n\tat io.appium.uiautomator2.server.AppiumServlet.handleRequest(AppiumServlet.java:266)\n\tat io.appium.uiautomator2.server.AppiumServlet.handleHttpRequest(AppiumServlet.java:260)\n\tat io.appium.uiautomator2.http.ServerHandler.channelRead(ServerHandler.java:68)\n\tat io.netty.channel.AbstractChannelHandlerContext.invokeChannelRead(AbstractChannelHandlerContext.java:366)\n\tat io.netty.channel.AbstractChannelHandlerCont...
[debug] &amp#27;[35m[W3C]&amp#27;[39m Matched W3C error code 'no such element' to NoSuchElementError
[debug] &amp#27;[35m[W3C (3f35c87d)]&amp#27;[39m Encountered internal error running command: NoSuchElementError: An element could not be located on the page using the given search parameters.
[debug] &amp#27;[35m[W3C (3f35c87d)]&amp#27;[39m     at AndroidUiautomator2Driver.findElOrEls (C:\Users\dtougov\AppData\Roaming\npm\node_modules\appium\node_modules\appium-android-driver\lib\commands\find.js:75:11)
[debug] &amp#27;[35m[W3C (3f35c87d)]&amp#27;[39m     at processTicksAndRejections (node:internal/process/task_queues:95:5)
[debug] &amp#27;[35m[W3C (3f35c87d)]&amp#27;[39m     at AndroidUiautomator2Driver.findElOrElsWithProcessing (C:\Users\dtougov\AppData\Roaming\npm\node_modules\appium\node_modules\appium-base-driver\lib\basedriver\commands\find.js:33:12)
[debug] &amp#27;[35m[W3C (3f35c87d)]&amp#27;[39m     at AndroidUiautomator2Driver.findElement (C:\Users\dtougov\AppData\Roaming\npm\node_modules\appium\node_modules\appium-base-driver\lib\basedriver\commands\find.js:53:10)
&amp#27;[35m[HTTP]&amp#27;[39m &amp#27;[37m<-- POST /wd/hub/session/3f35c87d-171f-4da0-adb0-9d44333e1a00/element &amp#27;[39m&amp#27;[33m404&amp#27;[39m &amp#27;[90m152 ms - 886&amp#27;[39m
&amp#27;[35m[HTTP]&amp#27;[39m &amp#27;[90m&amp#27;[39m
&amp#27;[35m[HTTP]&amp#27;[39m &amp#27;[37m-->&amp#27;[39m &amp#27;[37mPOST&amp#27;[39m &amp#27;[37m/wd/hub/session/3f35c87d-171f-4da0-adb0-9d44333e1a00/element&amp#27;[39m
&amp#27;[35m[HTTP]&amp#27;[39m &amp#27;[90m{"using":"xpath","value":"//android.view.ViewGroup[@content-desc=\"test-Cart drop zone\"]/android.view.ViewGroup/android.widget.TextView"}&amp#27;[39m
[debug] &amp#27;[35m[W3C (3f35c87d)]&amp#27;[39m Calling AppiumDriver.findElement() with args: ["xpath","//android.view.ViewGroup[@content-desc=\"test-Cart drop zone\"]/android.view.ViewGroup/android.widget.TextView","3f35c87d-171f-4da0-adb0-9d44333e1a00"]
[debug] &amp#27;[35m[BaseDriver]&amp#27;[39m Valid locator strategies for this request: xpath, id, class name, accessibility id, css selector, -android uiautomator
[debug] &amp#27;[35m[BaseDriver]&amp#27;[39m Waiting up to 0 ms for condition
[debug] &amp#27;[35m[WD Proxy]&amp#27;[39m Matched '/element' to command name 'findElement'
[debug] &amp#27;[35m[WD Proxy]&amp#27;[39m Proxying [POST /element] to [POST http://127.0.0.1:10000/wd/hub/session/3605b6ab-f1b7-4196-92fe-182483c6d5f2/element] with body: {"strategy":"xpath","selector":"//android.view.ViewGroup[@content-desc=\"test-Cart drop zone\"]/android.view.ViewGroup/android.widget.TextView","context":"","multiple":false}
[debug] &amp#27;[35m[WD Proxy]&amp#27;[39m Got response with status 200: {"sessionId":"3605b6ab-f1b7-4196-92fe-182483c6d5f2","value":{"ELEMENT":"00000000-0000-04a7-7fff-ffff00000043","element-6066-11e4-a52e-4f735466cecf":"00000000-0000-04a7-7fff-ffff00000043"}}
[debug] &amp#27;[35m[W3C (3f35c87d)]&amp#27;[39m Responding to client with driver.findElement() result: {"element-6066-11e4-a52e-4f735466cecf":"00000000-0000-04a7-7fff-ffff00000043","ELEMENT":"00000000-0000-04a7-7fff-ffff00000043"}
&amp#27;[35m[HTTP]&amp#27;[39m &amp#27;[37m<-- POST /wd/hub/session/3f35c87d-171f-4da0-adb0-9d44333e1a00/element &amp#27;[39m&amp#27;[32m200&amp#27;[39m &amp#27;[90m833 ms - 137&amp#27;[39m
&amp#27;[35m[HTTP]&amp#27;[39m &amp#27;[90m&amp#27;[39m
&amp#27;[35m[HTTP]&amp#27;[39m &amp#27;[37m-->&amp#27;[39m &amp#27;[37mGET&amp#27;[39m &amp#27;[37m/wd/hub/session/3f35c87d-171f-4da0-adb0-9d44333e1a00/element/00000000-0000-04a7-7fff-ffff00000043/displayed&amp#27;[39m
&amp#27;[35m[HTTP]&amp#27;[39m &amp#27;[90m{}&amp#27;[39m
[debug] &amp#27;[35m[W3C (3f35c87d)]&amp#27;[39m Calling AppiumDriver.elementDisplayed() with args: ["00000000-0000-04a7-7fff-ffff00000043","3f35c87d-171f-4da0-adb0-9d44333e1a00"]
[debug] &amp#27;[35m[WD Proxy]&amp#27;[39m Matched '/element/00000000-0000-04a7-7fff-ffff00000043/attribute/displayed' to command name 'getAttribute'
[debug] &amp#27;[35m[WD Proxy]&amp#27;[39m Proxying [GET /element/00000000-0000-04a7-7fff-ffff00000043/attribute/displayed] to [GET http://127.0.0.1:10000/wd/hub/session/3605b6ab-f1b7-4196-92fe-182483c6d5f2/element/00000000-0000-04a7-7fff-ffff00000043/attribute/displayed] with no body
[debug] &amp#27;[35m[WD Proxy]&amp#27;[39m Got response with status 200: {"sessionId":"3605b6ab-f1b7-4196-92fe-182483c6d5f2","value":"true"}
[debug] &amp#27;[35m[W3C (3f35c87d)]&amp#27;[39m Responding to client with driver.elementDisplayed() result: true
&amp#27;[35m[HTTP]&amp#27;[39m &amp#27;[37m<-- GET /wd/hub/session/3f35c87d-171f-4da0-adb0-9d44333e1a00/element/00000000-0000-04a7-7fff-ffff00000043/displayed &amp#27;[39m&amp#27;[32m200&amp#27;[39m &amp#27;[90m16 ms - 14&amp#27;[39m
&amp#27;[35m[HTTP]&amp#27;[39m &amp#27;[90m&amp#27;[39m
&amp#27;[35m[HTTP]&amp#27;[39m &amp#27;[37m-->&amp#27;[39m &amp#27;[37mGET&amp#27;[39m &amp#27;[37m/wd/hub/session/3f35c87d-171f-4da0-adb0-9d44333e1a00/context&amp#27;[39m
&amp#27;[35m[HTTP]&amp#27;[39m &amp#27;[90m{}&amp#27;[39m
[debug] &amp#27;[35m[W3C (3f35c87d)]&amp#27;[39m Calling AppiumDriver.getCurrentContext() with args: ["3f35c87d-171f-4da0-adb0-9d44333e1a00"]
[debug] &amp#27;[35m[W3C (3f35c87d)]&amp#27;[39m Responding to client with driver.getCurrentContext() result: "NATIVE_APP"
&amp#27;[35m[HTTP]&amp#27;[39m &amp#27;[37m<-- GET /wd/hub/session/3f35c87d-171f-4da0-adb0-9d44333e1a00/context &amp#27;[39m&amp#27;[32m200&amp#27;[39m &amp#27;[90m2 ms - 22&amp#27;[39m
&amp#27;[35m[HTTP]&amp#27;[39m &amp#27;[90m&amp#27;[39m
&amp#27;[35m[HTTP]&amp#27;[39m &amp#27;[37m-->&amp#27;[39m &amp#27;[37mPOST&amp#27;[39m &amp#27;[37m/wd/hub/session/3f35c87d-171f-4da0-adb0-9d44333e1a00/element&amp#27;[39m
&amp#27;[35m[HTTP]&amp#27;[39m &amp#27;[90m{"using":"xpath","value":"//android.view.ViewGroup[@content-desc=\"test-Cart drop zone\"]/android.view.ViewGroup/android.widget.TextView"}&amp#27;[39m
[debug] &amp#27;[35m[W3C (3f35c87d)]&amp#27;[39m Calling AppiumDriver.findElement() with args: ["xpath","//android.view.ViewGroup[@content-desc=\"test-Cart drop zone\"]/android.view.ViewGroup/android.widget.TextView","3f35c87d-171f-4da0-adb0-9d44333e1a00"]
[debug] &amp#27;[35m[BaseDriver]&amp#27;[39m Valid locator strategies for this request: xpath, id, class name, accessibility id, css selector, -android uiautomator
[debug] &amp#27;[35m[BaseDriver]&amp#27;[39m Waiting up to 0 ms for condition
[debug] &amp#27;[35m[WD Proxy]&amp#27;[39m Matched '/element' to command name 'findElement'
[debug] &amp#27;[35m[WD Proxy]&amp#27;[39m Proxying [POST /element] to [POST http://127.0.0.1:10000/wd/hub/session/3605b6ab-f1b7-4196-92fe-182483c6d5f2/element] with body: {"strategy":"xpath","selector":"//android.view.ViewGroup[@content-desc=\"test-Cart drop zone\"]/android.view.ViewGroup/android.widget.TextView","context":"","multiple":false}
[debug] &amp#27;[35m[WD Proxy]&amp#27;[39m Got response with status 200: {"sessionId":"3605b6ab-f1b7-4196-92fe-182483c6d5f2","value":{"ELEMENT":"00000000-0000-04a7-7fff-ffff00000043","element-6066-11e4-a52e-4f735466cecf":"00000000-0000-04a7-7fff-ffff00000043"}}
[debug] &amp#27;[35m[W3C (3f35c87d)]&amp#27;[39m Responding to client with driver.findElement() result: {"element-6066-11e4-a52e-4f735466cecf":"00000000-0000-04a7-7fff-ffff00000043","ELEMENT":"00000000-0000-04a7-7fff-ffff00000043"}
&amp#27;[35m[HTTP]&amp#27;[39m &amp#27;[37m<-- POST /wd/hub/session/3f35c87d-171f-4da0-adb0-9d44333e1a00/element &amp#27;[39m&amp#27;[32m200&amp#27;[39m &amp#27;[90m93 ms - 137&amp#27;[39m
&amp#27;[35m[HTTP]&amp#27;[39m &amp#27;[90m&amp#27;[39m
&amp#27;[35m[HTTP]&amp#27;[39m &amp#27;[37m-->&amp#27;[39m &amp#27;[37mGET&amp#27;[39m &amp#27;[37m/wd/hub/session/3f35c87d-171f-4da0-adb0-9d44333e1a00/element/00000000-0000-04a7-7fff-ffff00000043/attribute/text&amp#27;[39m
&amp#27;[35m[HTTP]&amp#27;[39m &amp#27;[90m{}&amp#27;[39m
[debug] &amp#27;[35m[W3C (3f35c87d)]&amp#27;[39m Calling AppiumDriver.getAttribute() with args: ["text","00000000-0000-04a7-7fff-ffff00000043","3f35c87d-171f-4da0-adb0-9d44333e1a00"]
[debug] &amp#27;[35m[WD Proxy]&amp#27;[39m Matched '/element/00000000-0000-04a7-7fff-ffff00000043/attribute/text' to command name 'getAttribute'
[debug] &amp#27;[35m[WD Proxy]&amp#27;[39m Proxying [GET /element/00000000-0000-04a7-7fff-ffff00000043/attribute/text] to [GET http://127.0.0.1:10000/wd/hub/session/3605b6ab-f1b7-4196-92fe-182483c6d5f2/element/00000000-0000-04a7-7fff-ffff00000043/attribute/text] with no body
[debug] &amp#27;[35m[WD Proxy]&amp#27;[39m Got response with status 200: {"sessionId":"3605b6ab-f1b7-4196-92fe-182483c6d5f2","value":"PRODUCTS"}
[debug] &amp#27;[35m[W3C (3f35c87d)]&amp#27;[39m Responding to client with driver.getAttribute() result: "PRODUCTS"
&amp#27;[35m[HTTP]&amp#27;[39m &amp#27;[37m<-- GET /wd/hub/session/3f35c87d-171f-4da0-adb0-9d44333e1a00/element/00000000-0000-04a7-7fff-ffff00000043/attribute/text &amp#27;[39m&amp#27;[32m200&amp#27;[39m &amp#27;[90m17 ms - 20&amp#27;[39m
&amp#27;[35m[HTTP]&amp#27;[39m &amp#27;[90m&amp#27;[39m
[INFO ] 2022-08-31 16:46:19.534 BasePage:97 - product page title is - PRODUCTS
  Then I should see Products page with title "PRODUCTS"   # com.qa.stepdef.LoginStepDef.iShouldSeeProductsPageWithTitle(java.lang.String)
&amp#27;[35m[HTTP]&amp#27;[39m &amp#27;[37m-->&amp#27;[39m &amp#27;[37mPOST&amp#27;[39m &amp#27;[37m/wd/hub/session/3f35c87d-171f-4da0-adb0-9d44333e1a00/appium/stop_recording_screen&amp#27;[39m
&amp#27;[35m[HTTP]&amp#27;[39m &amp#27;[90m{}&amp#27;[39m
[debug] &amp#27;[35m[W3C (3f35c87d)]&amp#27;[39m Calling AppiumDriver.stopRecordingScreen() with args: [null,"3f35c87d-171f-4da0-adb0-9d44333e1a00"]
[debug] &amp#27;[35m[ADB]&amp#27;[39m Getting IDs of all 'screenrecord' processes
[debug] &amp#27;[35m[ADB]&amp#27;[39m Running 'C:\Users\dtougov\AppData\Local\Android\Sdk\platform-tools\adb.exe -P 5037 -s CB5A29JXTK shell 'pgrep ^screenrecord$ || pgrep ^screenrecord$''
[debug] &amp#27;[35m[ADB]&amp#27;[39m Running 'C:\Users\dtougov\AppData\Local\Android\Sdk\platform-tools\adb.exe -P 5037 -s CB5A29JXTK shell kill -2 2126'
[debug] &amp#27;[35m[ADB]&amp#27;[39m Getting IDs of all 'screenrecord' processes
[debug] &amp#27;[35m[ADB]&amp#27;[39m Running 'C:\Users\dtougov\AppData\Local\Android\Sdk\platform-tools\adb.exe -P 5037 -s CB5A29JXTK shell 'pgrep ^screenrecord$ || pgrep ^screenrecord$''
[debug] &amp#27;[35m[ADB]&amp#27;[39m Getting IDs of all 'screenrecord' processes
[debug] &amp#27;[35m[ADB]&amp#27;[39m Running 'C:\Users\dtougov\AppData\Local\Android\Sdk\platform-tools\adb.exe -P 5037 -s CB5A29JXTK shell 'pgrep ^screenrecord$ || pgrep ^screenrecord$''
[debug] &amp#27;[35m[ADB]&amp#27;[39m Running 'C:\Users\dtougov\AppData\Local\Android\Sdk\platform-tools\adb.exe -P 5037 -s CB5A29JXTK pull /sdcard/99ce99d2.mp4 C:\Users\dtougov\AppData\Local\Temp\2022731-14376-1rgkan0.8pna\99ce99d2.mp4'
[debug] &amp#27;[35m[ADB]&amp#27;[39m Running 'C:\Users\dtougov\AppData\Local\Android\Sdk\platform-tools\adb.exe -P 5037 -s CB5A29JXTK shell rm -rf /sdcard/99ce99d2.mp4'
[debug] &amp#27;[35m[AndroidDriver]&amp#27;[39m The size of the resulting screen recording is 2.23 MB
[debug] &amp#27;[35m[W3C (3f35c87d)]&amp#27;[39m Responding to client with driver.stopRecordingScreen() result: "AAAAGGZ0eXBtcDQyAAAAAGlzb21tcDQyAAAAAW1kYXQAAAAAACOe+wAAqKNluEDxMUBtbW1tbW1tbW1tbWPUB1NS3/hZllZy8mZeTFbW1//vuKCvggAeTayranSP/64YIOCsZ9z4NbW1tbW1tbW1tbW1tbW1tbW1tbW1tbW1tbW1tf//GgQ8BaeVDSP//qgrxpooPA3OW2v//6BD4AYu5mYEL/4r8K8gU/Kjb3a2tra2tra///FAh4E3cHlXFLf/88EPDT9tbW1tbW1tbWnp/gMn5zcW8AZVXmibtMIeZcveBQBzh+Al90eK3T52VM0jgPJzmpF3yQAB98EIJgLangMvvSFyQewzT3cDL/+E4FQebIirPkt9P8HVfw2Kw65cWSTDEEUBiEOT7og6SXcHfvXH8BGVtR6efnOepBf8sh3IybY2gqzZTst0Ezs1P+5GRXzMj8A3NrAE36yiJQG2MYaJH3o2ZM6mdzuACyFZjJ3Gt+03fqPqnDw/wnMhT6nAe0/5Y1OZ+n+TvlD7E+BQTAtgCgPJi/hJPNeT6u49fA/Qzr4NC/vhx6pzzzcPi7Cy/Ihf2w0CtYI3EltXa5ZPw/xMdBVlhRs4GrBEc7PfwoB2h00Czq7ZzOH/vPjAKuKzJT8BbtdnxoMFTW1tfvFzA5+xPANx6oUlkCR7AWeun8p6ffR+f54TxdEy2vGTnwYJUOI/d4B/4ngYOVFQRDebKUg+e1//+LBDwSPdg93vJx5Y8gnwQCMm0BQB5MSz38I1lmFfj1CL9gfbDqEwuDcZf430QPMNOZ/APwn5khcwpp+1tbW1tbW1tbW1tbW1/48n7GeBMT1MgTfrbRBicUUQ0n/9frnMyBXUCJXzNyIJ/AS5X4Ji+0h6jbR/9be22EN//AkU65//yfzCrCmAXz6YAkd5FUMZblwfAMcujru/73v74iF+LAhEpzLjLARosVwcp6gSOUA4qA9OStTt/+f10/WtHwB+/VHtfA5yc7go5l9VrqCoqn7sEcR3jsmg...
&amp#27;[35m[HTTP]&amp#27;[39m &amp#27;[37m<-- POST /wd/hub/session/3f35c87d-171f-4da0-adb0-9d44333e1a00/appium/stop_recording_screen &amp#27;[39m&amp#27;[32m200&amp#27;[39m &amp#27;[90m2119 ms - 3115096&amp#27;[39m
&amp#27;[35m[HTTP]&amp#27;[39m &amp#27;[90m&amp#27;[39m
[INFO ] 2022-08-31 16:46:21.900 VideoManager:35 - video path: Android_sony\Videos\Login with valid user name and password.mp4
]]></system-out>
  </testcase>
  <testcase name="scenario[&quot;Validate product into on Products page&quot;, &quot;Optional[Product scenarios]&quot;](4)" classname="com.qa.runners.SonyTestNGRunnerTest" time="4.17">
    <system-out><![CDATA[
@test1
Scenario Outline: Validate product into on Products page                         # src/test/resources/Products.feature:12
&amp#27;[35m[HTTP]&amp#27;[39m &amp#27;[37m-->&amp#27;[39m &amp#27;[37mPOST&amp#27;[39m &amp#27;[37m/wd/hub/session/3f35c87d-171f-4da0-adb0-9d44333e1a00/appium/start_recording_screen&amp#27;[39m
&amp#27;[35m[HTTP]&amp#27;[39m &amp#27;[90m{}&amp#27;[39m
[debug] &amp#27;[35m[W3C (3f35c87d)]&amp#27;[39m Calling AppiumDriver.startRecordingScreen() with args: [null,"3f35c87d-171f-4da0-adb0-9d44333e1a00"]
[debug] &amp#27;[35m[ADB]&amp#27;[39m Getting IDs of all 'screenrecord' processes
[debug] &amp#27;[35m[ADB]&amp#27;[39m Running 'C:\Users\dtougov\AppData\Local\Android\Sdk\platform-tools\adb.exe -P 5037 -s CB5A29JXTK shell 'pgrep ^screenrecord$ || pgrep ^screenrecord$''
&amp#27;[35m[AndroidDriver]&amp#27;[39m Screen recording has not been previously started by Appium. There is nothing to stop
[debug] &amp#27;[35m[ADB]&amp#27;[39m Getting IDs of all 'screenrecord' processes
[debug] &amp#27;[35m[ADB]&amp#27;[39m Running 'C:\Users\dtougov\AppData\Local\Android\Sdk\platform-tools\adb.exe -P 5037 -s CB5A29JXTK shell 'pgrep ^screenrecord$ || pgrep ^screenrecord$''
[debug] &amp#27;[35m[ADB]&amp#27;[39m Building screenrecord process with the command line: adb -P 5037 -s CB5A29JXTK shell screenrecord --time-limit 180 /sdcard/2d2c4f8b.mp4
[debug] &amp#27;[35m[ADB]&amp#27;[39m Running 'C:\Users\dtougov\AppData\Local\Android\Sdk\platform-tools\adb.exe -P 5037 -s CB5A29JXTK shell "[ -e '/sdcard/2d2c4f8b.mp4' ] && echo __PASS__"'
[debug] &amp#27;[35m[ADB]&amp#27;[39m Running 'C:\Users\dtougov\AppData\Local\Android\Sdk\platform-tools\adb.exe -P 5037 -s CB5A29JXTK shell "[ -e '/sdcard/2d2c4f8b.mp4' ] && echo __PASS__"'
[debug] &amp#27;[35m[W3C (3f35c87d)]&amp#27;[39m Responding to client with driver.startRecordingScreen() result: ""
&amp#27;[35m[HTTP]&amp#27;[39m &amp#27;[37m<-- POST /wd/hub/session/3f35c87d-171f-4da0-adb0-9d44333e1a00/appium/start_recording_screen &amp#27;[39m&amp#27;[32m200&amp#27;[39m &amp#27;[90m1143 ms - 12&amp#27;[39m
&amp#27;[35m[HTTP]&amp#27;[39m &amp#27;[90m&amp#27;[39m
&amp#27;[35m[HTTP]&amp#27;[39m &amp#27;[37m-->&amp#27;[39m &amp#27;[37mPOST&amp#27;[39m &amp#27;[37m/wd/hub/session/3f35c87d-171f-4da0-adb0-9d44333e1a00/element&amp#27;[39m
&amp#27;[35m[HTTP]&amp#27;[39m &amp#27;[90m{"using":"-android uiautomator","value":"new UiScrollable(new UiSelector().scrollable(true)).scrollIntoView(new UiSelector().text(\"Sauce Labs Backpack\"));"}&amp#27;[39m
[debug] &amp#27;[35m[W3C (3f35c87d)]&amp#27;[39m Calling AppiumDriver.findElement() with args: ["-android uiautomator","new UiScrollable(new UiSelector().scrollable(true)).scrollIntoView(new UiSelector().text(\"Sauce Labs Backpack\"));","3f35c87d-171f-4da0-adb0-9d44333e1a00"]
[debug] &amp#27;[35m[BaseDriver]&amp#27;[39m Valid locator strategies for this request: xpath, id, class name, accessibility id, css selector, -android uiautomator
[debug] &amp#27;[35m[BaseDriver]&amp#27;[39m Waiting up to 0 ms for condition
[debug] &amp#27;[35m[WD Proxy]&amp#27;[39m Matched '/element' to command name 'findElement'
[debug] &amp#27;[35m[WD Proxy]&amp#27;[39m Proxying [POST /element] to [POST http://127.0.0.1:10000/wd/hub/session/3605b6ab-f1b7-4196-92fe-182483c6d5f2/element] with body: {"strategy":"-android uiautomator","selector":"new UiScrollable(new UiSelector().scrollable(true)).scrollIntoView(new UiSelector().text(\"Sauce Labs Backpack\"));","context":"","multiple":false}
[debug] &amp#27;[35m[WD Proxy]&amp#27;[39m Got response with status 200: {"sessionId":"3605b6ab-f1b7-4196-92fe-182483c6d5f2","value":{"ELEMENT":"00000000-0000-04a7-7fff-ffff0000005c","element-6066-11e4-a52e-4f735466cecf":"00000000-0000-04a7-7fff-ffff0000005c"}}
[debug] &amp#27;[35m[W3C (3f35c87d)]&amp#27;[39m Responding to client with driver.findElement() result: {"element-6066-11e4-a52e-4f735466cecf":"00000000-0000-04a7-7fff-ffff0000005c","ELEMENT":"00000000-0000-04a7-7fff-ffff0000005c"}
&amp#27;[35m[HTTP]&amp#27;[39m &amp#27;[37m<-- POST /wd/hub/session/3f35c87d-171f-4da0-adb0-9d44333e1a00/element &amp#27;[39m&amp#27;[32m200&amp#27;[39m &amp#27;[90m90 ms - 137&amp#27;[39m
&amp#27;[35m[HTTP]&amp#27;[39m &amp#27;[90m&amp#27;[39m
&amp#27;[35m[HTTP]&amp#27;[39m &amp#27;[37m-->&amp#27;[39m &amp#27;[37mGET&amp#27;[39m &amp#27;[37m/wd/hub/session/3f35c87d-171f-4da0-adb0-9d44333e1a00/element/00000000-0000-04a7-7fff-ffff0000005c/displayed&amp#27;[39m
&amp#27;[35m[HTTP]&amp#27;[39m &amp#27;[90m{}&amp#27;[39m
[debug] &amp#27;[35m[W3C (3f35c87d)]&amp#27;[39m Calling AppiumDriver.elementDisplayed() with args: ["00000000-0000-04a7-7fff-ffff0000005c","3f35c87d-171f-4da0-adb0-9d44333e1a00"]
[debug] &amp#27;[35m[WD Proxy]&amp#27;[39m Matched '/element/00000000-0000-04a7-7fff-ffff0000005c/attribute/displayed' to command name 'getAttribute'
[debug] &amp#27;[35m[WD Proxy]&amp#27;[39m Proxying [GET /element/00000000-0000-04a7-7fff-ffff0000005c/attribute/displayed] to [GET http://127.0.0.1:10000/wd/hub/session/3605b6ab-f1b7-4196-92fe-182483c6d5f2/element/00000000-0000-04a7-7fff-ffff0000005c/attribute/displayed] with no body
[debug] &amp#27;[35m[WD Proxy]&amp#27;[39m Got response with status 200: {"sessionId":"3605b6ab-f1b7-4196-92fe-182483c6d5f2","value":"true"}
[debug] &amp#27;[35m[W3C (3f35c87d)]&amp#27;[39m Responding to client with driver.elementDisplayed() result: true
&amp#27;[35m[HTTP]&amp#27;[39m &amp#27;[37m<-- GET /wd/hub/session/3f35c87d-171f-4da0-adb0-9d44333e1a00/element/00000000-0000-04a7-7fff-ffff0000005c/displayed &amp#27;[39m&amp#27;[32m200&amp#27;[39m &amp#27;[90m67 ms - 14&amp#27;[39m
&amp#27;[35m[HTTP]&amp#27;[39m &amp#27;[90m&amp#27;[39m
&amp#27;[35m[HTTP]&amp#27;[39m &amp#27;[37m-->&amp#27;[39m &amp#27;[37mGET&amp#27;[39m &amp#27;[37m/wd/hub/session/3f35c87d-171f-4da0-adb0-9d44333e1a00/element/00000000-0000-04a7-7fff-ffff0000005c/attribute/text&amp#27;[39m
&amp#27;[35m[HTTP]&amp#27;[39m &amp#27;[90m{}&amp#27;[39m
[debug] &amp#27;[35m[W3C (3f35c87d)]&amp#27;[39m Calling AppiumDriver.getAttribute() with args: ["text","00000000-0000-04a7-7fff-ffff0000005c","3f35c87d-171f-4da0-adb0-9d44333e1a00"]
[debug] &amp#27;[35m[WD Proxy]&amp#27;[39m Matched '/element/00000000-0000-04a7-7fff-ffff0000005c/attribute/text' to command name 'getAttribute'
[debug] &amp#27;[35m[WD Proxy]&amp#27;[39m Proxying [GET /element/00000000-0000-04a7-7fff-ffff0000005c/attribute/text] to [GET http://127.0.0.1:10000/wd/hub/session/3605b6ab-f1b7-4196-92fe-182483c6d5f2/element/00000000-0000-04a7-7fff-ffff0000005c/attribute/text] with no body
[debug] &amp#27;[35m[WD Proxy]&amp#27;[39m Got response with status 200: {"sessionId":"3605b6ab-f1b7-4196-92fe-182483c6d5f2","value":"Sauce Labs Backpack"}
[debug] &amp#27;[35m[W3C (3f35c87d)]&amp#27;[39m Responding to client with driver.getAttribute() result: "Sauce Labs Backpack"
&amp#27;[35m[HTTP]&amp#27;[39m &amp#27;[37m<-- GET /wd/hub/session/3f35c87d-171f-4da0-adb0-9d44333e1a00/element/00000000-0000-04a7-7fff-ffff0000005c/attribute/text &amp#27;[39m&amp#27;[32m200&amp#27;[39m &amp#27;[90m39 ms - 31&amp#27;[39m
&amp#27;[35m[HTTP]&amp#27;[39m &amp#27;[90m&amp#27;[39m
[INFO ] 2022-08-31 16:46:23.273 BasePage:97 - product title is: Sauce Labs BackpackSauce Labs Backpack
&amp#27;[35m[HTTP]&amp#27;[39m &amp#27;[37m-->&amp#27;[39m &amp#27;[37mGET&amp#27;[39m &amp#27;[37m/wd/hub/session/3f35c87d-171f-4da0-adb0-9d44333e1a00/window/rect&amp#27;[39m
&amp#27;[35m[HTTP]&amp#27;[39m &amp#27;[90m{}&amp#27;[39m
[debug] &amp#27;[35m[W3C (3f35c87d)]&amp#27;[39m Calling AppiumDriver.getWindowRect() with args: ["3f35c87d-171f-4da0-adb0-9d44333e1a00"]
[debug] &amp#27;[35m[WD Proxy]&amp#27;[39m Matched '/window/current/size' to command name 'getWindowSize'
[debug] &amp#27;[35m[WD Proxy]&amp#27;[39m Proxying [GET /window/current/size] to [GET http://127.0.0.1:10000/wd/hub/session/3605b6ab-f1b7-4196-92fe-182483c6d5f2/window/current/size] with no body
[debug] &amp#27;[35m[WD Proxy]&amp#27;[39m Got response with status 200: {"sessionId":"3605b6ab-f1b7-4196-92fe-182483c6d5f2","value":{"height":1776,"width":1080}}
[debug] &amp#27;[35m[W3C (3f35c87d)]&amp#27;[39m Responding to client with driver.getWindowRect() result: {"width":1080,"height":1776,"x":0,"y":0}
&amp#27;[35m[HTTP]&amp#27;[39m &amp#27;[37m<-- GET /wd/hub/session/3f35c87d-171f-4da0-adb0-9d44333e1a00/window/rect &amp#27;[39m&amp#27;[32m200&amp#27;[39m &amp#27;[90m18 ms - 50&amp#27;[39m
&amp#27;[35m[HTTP]&amp#27;[39m &amp#27;[90m&amp#27;[39m
&amp#27;[35m[HTTP]&amp#27;[39m &amp#27;[37m-->&amp#27;[39m &amp#27;[37mPOST&amp#27;[39m &amp#27;[37m/wd/hub/session/3f35c87d-171f-4da0-adb0-9d44333e1a00/element&amp#27;[39m
&amp#27;[35m[HTTP]&amp#27;[39m &amp#27;[90m{"using":"xpath","value":"//*[@text=\"Sauce Labs Backpack\"]/following-sibling::*[@content-desc=\"test-Price\"]"}&amp#27;[39m
[debug] &amp#27;[35m[W3C (3f35c87d)]&amp#27;[39m Calling AppiumDriver.findElement() with args: ["xpath","//*[@text=\"Sauce Labs Backpack\"]/following-sibling::*[@content-desc=\"test-Price\"]","3f35c87d-171f-4da0-adb0-9d44333e1a00"]
[debug] &amp#27;[35m[BaseDriver]&amp#27;[39m Valid locator strategies for this request: xpath, id, class name, accessibility id, css selector, -android uiautomator
[debug] &amp#27;[35m[BaseDriver]&amp#27;[39m Waiting up to 0 ms for condition
[debug] &amp#27;[35m[WD Proxy]&amp#27;[39m Matched '/element' to command name 'findElement'
[debug] &amp#27;[35m[WD Proxy]&amp#27;[39m Proxying [POST /element] to [POST http://127.0.0.1:10000/wd/hub/session/3605b6ab-f1b7-4196-92fe-182483c6d5f2/element] with body: {"strategy":"xpath","selector":"//*[@text=\"Sauce Labs Backpack\"]/following-sibling::*[@content-desc=\"test-Price\"]","context":"","multiple":false}
[debug] &amp#27;[35m[WD Proxy]&amp#27;[39m Got response with status 200: {"sessionId":"3605b6ab-f1b7-4196-92fe-182483c6d5f2","value":{"ELEMENT":"00000000-0000-04a7-7fff-ffff0000005e","element-6066-11e4-a52e-4f735466cecf":"00000000-0000-04a7-7fff-ffff0000005e"}}
[debug] &amp#27;[35m[W3C (3f35c87d)]&amp#27;[39m Responding to client with driver.findElement() result: {"element-6066-11e4-a52e-4f735466cecf":"00000000-0000-04a7-7fff-ffff0000005e","ELEMENT":"00000000-0000-04a7-7fff-ffff0000005e"}
&amp#27;[35m[HTTP]&amp#27;[39m &amp#27;[37m<-- POST /wd/hub/session/3f35c87d-171f-4da0-adb0-9d44333e1a00/element &amp#27;[39m&amp#27;[32m200&amp#27;[39m &amp#27;[90m144 ms - 137&amp#27;[39m
&amp#27;[35m[HTTP]&amp#27;[39m &amp#27;[90m&amp#27;[39m
&amp#27;[35m[HTTP]&amp#27;[39m &amp#27;[37m-->&amp#27;[39m &amp#27;[37mGET&amp#27;[39m &amp#27;[37m/wd/hub/session/3f35c87d-171f-4da0-adb0-9d44333e1a00/element/00000000-0000-04a7-7fff-ffff0000005e/displayed&amp#27;[39m
&amp#27;[35m[HTTP]&amp#27;[39m &amp#27;[90m{}&amp#27;[39m
[debug] &amp#27;[35m[W3C (3f35c87d)]&amp#27;[39m Calling AppiumDriver.elementDisplayed() with args: ["00000000-0000-04a7-7fff-ffff0000005e","3f35c87d-171f-4da0-adb0-9d44333e1a00"]
[debug] &amp#27;[35m[WD Proxy]&amp#27;[39m Matched '/element/00000000-0000-04a7-7fff-ffff0000005e/attribute/displayed' to command name 'getAttribute'
[debug] &amp#27;[35m[WD Proxy]&amp#27;[39m Proxying [GET /element/00000000-0000-04a7-7fff-ffff0000005e/attribute/displayed] to [GET http://127.0.0.1:10000/wd/hub/session/3605b6ab-f1b7-4196-92fe-182483c6d5f2/element/00000000-0000-04a7-7fff-ffff0000005e/attribute/displayed] with no body
[debug] &amp#27;[35m[WD Proxy]&amp#27;[39m Got response with status 200: {"sessionId":"3605b6ab-f1b7-4196-92fe-182483c6d5f2","value":"true"}
[debug] &amp#27;[35m[W3C (3f35c87d)]&amp#27;[39m Responding to client with driver.elementDisplayed() result: true
&amp#27;[35m[HTTP]&amp#27;[39m &amp#27;[37m<-- GET /wd/hub/session/3f35c87d-171f-4da0-adb0-9d44333e1a00/element/00000000-0000-04a7-7fff-ffff0000005e/displayed &amp#27;[39m&amp#27;[32m200&amp#27;[39m &amp#27;[90m12 ms - 14&amp#27;[39m
&amp#27;[35m[HTTP]&amp#27;[39m &amp#27;[90m&amp#27;[39m
&amp#27;[35m[HTTP]&amp#27;[39m &amp#27;[37m-->&amp#27;[39m &amp#27;[37mPOST&amp#27;[39m &amp#27;[37m/wd/hub/session/3f35c87d-171f-4da0-adb0-9d44333e1a00/element&amp#27;[39m
&amp#27;[35m[HTTP]&amp#27;[39m &amp#27;[90m{"using":"xpath","value":"//*[@text=\"Sauce Labs Backpack\"]/following-sibling::*[@content-desc=\"test-Price\"]"}&amp#27;[39m
[debug] &amp#27;[35m[W3C (3f35c87d)]&amp#27;[39m Calling AppiumDriver.findElement() with args: ["xpath","//*[@text=\"Sauce Labs Backpack\"]/following-sibling::*[@content-desc=\"test-Price\"]","3f35c87d-171f-4da0-adb0-9d44333e1a00"]
[debug] &amp#27;[35m[BaseDriver]&amp#27;[39m Valid locator strategies for this request: xpath, id, class name, accessibility id, css selector, -android uiautomator
[debug] &amp#27;[35m[BaseDriver]&amp#27;[39m Waiting up to 0 ms for condition
[debug] &amp#27;[35m[WD Proxy]&amp#27;[39m Matched '/element' to command name 'findElement'
[debug] &amp#27;[35m[WD Proxy]&amp#27;[39m Proxying [POST /element] to [POST http://127.0.0.1:10000/wd/hub/session/3605b6ab-f1b7-4196-92fe-182483c6d5f2/element] with body: {"strategy":"xpath","selector":"//*[@text=\"Sauce Labs Backpack\"]/following-sibling::*[@content-desc=\"test-Price\"]","context":"","multiple":false}
[debug] &amp#27;[35m[WD Proxy]&amp#27;[39m Got response with status 200: {"sessionId":"3605b6ab-f1b7-4196-92fe-182483c6d5f2","value":{"ELEMENT":"00000000-0000-04a7-7fff-ffff0000005e","element-6066-11e4-a52e-4f735466cecf":"00000000-0000-04a7-7fff-ffff0000005e"}}
[debug] &amp#27;[35m[W3C (3f35c87d)]&amp#27;[39m Responding to client with driver.findElement() result: {"element-6066-11e4-a52e-4f735466cecf":"00000000-0000-04a7-7fff-ffff0000005e","ELEMENT":"00000000-0000-04a7-7fff-ffff0000005e"}
&amp#27;[35m[HTTP]&amp#27;[39m &amp#27;[37m<-- POST /wd/hub/session/3f35c87d-171f-4da0-adb0-9d44333e1a00/element &amp#27;[39m&amp#27;[32m200&amp#27;[39m &amp#27;[90m105 ms - 137&amp#27;[39m
&amp#27;[35m[HTTP]&amp#27;[39m &amp#27;[90m&amp#27;[39m
&amp#27;[35m[HTTP]&amp#27;[39m &amp#27;[37m-->&amp#27;[39m &amp#27;[37mGET&amp#27;[39m &amp#27;[37m/wd/hub/session/3f35c87d-171f-4da0-adb0-9d44333e1a00/element/00000000-0000-04a7-7fff-ffff0000005e/displayed&amp#27;[39m
&amp#27;[35m[HTTP]&amp#27;[39m &amp#27;[90m{}&amp#27;[39m
[debug] &amp#27;[35m[W3C (3f35c87d)]&amp#27;[39m Calling AppiumDriver.elementDisplayed() with args: ["00000000-0000-04a7-7fff-ffff0000005e","3f35c87d-171f-4da0-adb0-9d44333e1a00"]
[debug] &amp#27;[35m[WD Proxy]&amp#27;[39m Matched '/element/00000000-0000-04a7-7fff-ffff0000005e/attribute/displayed' to command name 'getAttribute'
[debug] &amp#27;[35m[WD Proxy]&amp#27;[39m Proxying [GET /element/00000000-0000-04a7-7fff-ffff0000005e/attribute/displayed] to [GET http://127.0.0.1:10000/wd/hub/session/3605b6ab-f1b7-4196-92fe-182483c6d5f2/element/00000000-0000-04a7-7fff-ffff0000005e/attribute/displayed] with no body
[debug] &amp#27;[35m[WD Proxy]&amp#27;[39m Got response with status 200: {"sessionId":"3605b6ab-f1b7-4196-92fe-182483c6d5f2","value":"true"}
[debug] &amp#27;[35m[W3C (3f35c87d)]&amp#27;[39m Responding to client with driver.elementDisplayed() result: true
&amp#27;[35m[HTTP]&amp#27;[39m &amp#27;[37m<-- GET /wd/hub/session/3f35c87d-171f-4da0-adb0-9d44333e1a00/element/00000000-0000-04a7-7fff-ffff0000005e/displayed &amp#27;[39m&amp#27;[32m200&amp#27;[39m &amp#27;[90m14 ms - 14&amp#27;[39m
&amp#27;[35m[HTTP]&amp#27;[39m &amp#27;[90m&amp#27;[39m
&amp#27;[35m[HTTP]&amp#27;[39m &amp#27;[37m-->&amp#27;[39m &amp#27;[37mPOST&amp#27;[39m &amp#27;[37m/wd/hub/session/3f35c87d-171f-4da0-adb0-9d44333e1a00/element&amp#27;[39m
&amp#27;[35m[HTTP]&amp#27;[39m &amp#27;[90m{"using":"xpath","value":"//*[@text=\"Sauce Labs Backpack\"]/following-sibling::*[@content-desc=\"test-Price\"]"}&amp#27;[39m
[debug] &amp#27;[35m[W3C (3f35c87d)]&amp#27;[39m Calling AppiumDriver.findElement() with args: ["xpath","//*[@text=\"Sauce Labs Backpack\"]/following-sibling::*[@content-desc=\"test-Price\"]","3f35c87d-171f-4da0-adb0-9d44333e1a00"]
[debug] &amp#27;[35m[BaseDriver]&amp#27;[39m Valid locator strategies for this request: xpath, id, class name, accessibility id, css selector, -android uiautomator
[debug] &amp#27;[35m[BaseDriver]&amp#27;[39m Waiting up to 0 ms for condition
[debug] &amp#27;[35m[WD Proxy]&amp#27;[39m Matched '/element' to command name 'findElement'
[debug] &amp#27;[35m[WD Proxy]&amp#27;[39m Proxying [POST /element] to [POST http://127.0.0.1:10000/wd/hub/session/3605b6ab-f1b7-4196-92fe-182483c6d5f2/element] with body: {"strategy":"xpath","selector":"//*[@text=\"Sauce Labs Backpack\"]/following-sibling::*[@content-desc=\"test-Price\"]","context":"","multiple":false}
[debug] &amp#27;[35m[WD Proxy]&amp#27;[39m Got response with status 200: {"sessionId":"3605b6ab-f1b7-4196-92fe-182483c6d5f2","value":{"ELEMENT":"00000000-0000-04a7-7fff-ffff0000005e","element-6066-11e4-a52e-4f735466cecf":"00000000-0000-04a7-7fff-ffff0000005e"}}
[debug] &amp#27;[35m[W3C (3f35c87d)]&amp#27;[39m Responding to client with driver.findElement() result: {"element-6066-11e4-a52e-4f735466cecf":"00000000-0000-04a7-7fff-ffff0000005e","ELEMENT":"00000000-0000-04a7-7fff-ffff0000005e"}
&amp#27;[35m[HTTP]&amp#27;[39m &amp#27;[37m<-- POST /wd/hub/session/3f35c87d-171f-4da0-adb0-9d44333e1a00/element &amp#27;[39m&amp#27;[32m200&amp#27;[39m &amp#27;[90m644 ms - 137&amp#27;[39m
&amp#27;[35m[HTTP]&amp#27;[39m &amp#27;[90m&amp#27;[39m
&amp#27;[35m[HTTP]&amp#27;[39m &amp#27;[37m-->&amp#27;[39m &amp#27;[37mGET&amp#27;[39m &amp#27;[37m/wd/hub/session/3f35c87d-171f-4da0-adb0-9d44333e1a00/element/00000000-0000-04a7-7fff-ffff0000005e/attribute/text&amp#27;[39m
&amp#27;[35m[HTTP]&amp#27;[39m &amp#27;[90m{}&amp#27;[39m
[debug] &amp#27;[35m[W3C (3f35c87d)]&amp#27;[39m Calling AppiumDriver.getAttribute() with args: ["text","00000000-0000-04a7-7fff-ffff0000005e","3f35c87d-171f-4da0-adb0-9d44333e1a00"]
[debug] &amp#27;[35m[WD Proxy]&amp#27;[39m Matched '/element/00000000-0000-04a7-7fff-ffff0000005e/attribute/text' to command name 'getAttribute'
[debug] &amp#27;[35m[WD Proxy]&amp#27;[39m Proxying [GET /element/00000000-0000-04a7-7fff-ffff0000005e/attribute/text] to [GET http://127.0.0.1:10000/wd/hub/session/3605b6ab-f1b7-4196-92fe-182483c6d5f2/element/00000000-0000-04a7-7fff-ffff0000005e/attribute/text] with no body
[debug] &amp#27;[35m[WD Proxy]&amp#27;[39m Got response with status 200: {"sessionId":"3605b6ab-f1b7-4196-92fe-182483c6d5f2","value":"$29.99"}
[debug] &amp#27;[35m[W3C (3f35c87d)]&amp#27;[39m Responding to client with driver.getAttribute() result: "$29.99"
&amp#27;[35m[HTTP]&amp#27;[39m &amp#27;[37m<-- GET /wd/hub/session/3f35c87d-171f-4da0-adb0-9d44333e1a00/element/00000000-0000-04a7-7fff-ffff0000005e/attribute/text &amp#27;[39m&amp#27;[32m200&amp#27;[39m &amp#27;[90m14 ms - 18&amp#27;[39m
&amp#27;[35m[HTTP]&amp#27;[39m &amp#27;[90m&amp#27;[39m
[INFO ] 2022-08-31 16:46:24.273 BasePage:113 - product price is: $29.99$29.99
  Then the product is listed with title "Sauce Labs Backpack" and price "$29.99" # com.qa.stepdef.ProductStepDef.theProductIsListedWithTitleAndPrice(java.lang.String,java.lang.String)
&amp#27;[35m[HTTP]&amp#27;[39m &amp#27;[37m-->&amp#27;[39m &amp#27;[37mPOST&amp#27;[39m &amp#27;[37m/wd/hub/session/3f35c87d-171f-4da0-adb0-9d44333e1a00/appium/stop_recording_screen&amp#27;[39m
&amp#27;[35m[HTTP]&amp#27;[39m &amp#27;[90m{}&amp#27;[39m
[debug] &amp#27;[35m[W3C (3f35c87d)]&amp#27;[39m Calling AppiumDriver.stopRecordingScreen() with args: [null,"3f35c87d-171f-4da0-adb0-9d44333e1a00"]
[debug] &amp#27;[35m[ADB]&amp#27;[39m Getting IDs of all 'screenrecord' processes
[debug] &amp#27;[35m[ADB]&amp#27;[39m Running 'C:\Users\dtougov\AppData\Local\Android\Sdk\platform-tools\adb.exe -P 5037 -s CB5A29JXTK shell 'pgrep ^screenrecord$ || pgrep ^screenrecord$''
[debug] &amp#27;[35m[ADB]&amp#27;[39m Running 'C:\Users\dtougov\AppData\Local\Android\Sdk\platform-tools\adb.exe -P 5037 -s CB5A29JXTK shell kill -2 2324'
[debug] &amp#27;[35m[ADB]&amp#27;[39m Getting IDs of all 'screenrecord' processes
[debug] &amp#27;[35m[ADB]&amp#27;[39m Running 'C:\Users\dtougov\AppData\Local\Android\Sdk\platform-tools\adb.exe -P 5037 -s CB5A29JXTK shell 'pgrep ^screenrecord$ || pgrep ^screenrecord$''
[debug] &amp#27;[35m[ADB]&amp#27;[39m Getting IDs of all 'screenrecord' processes
[debug] &amp#27;[35m[ADB]&amp#27;[39m Running 'C:\Users\dtougov\AppData\Local\Android\Sdk\platform-tools\adb.exe -P 5037 -s CB5A29JXTK shell 'pgrep ^screenrecord$ || pgrep ^screenrecord$''
[debug] &amp#27;[35m[ADB]&amp#27;[39m Running 'C:\Users\dtougov\AppData\Local\Android\Sdk\platform-tools\adb.exe -P 5037 -s CB5A29JXTK pull /sdcard/2d2c4f8b.mp4 C:\Users\dtougov\AppData\Local\Temp\2022731-14376-1922u09.0hmmk\2d2c4f8b.mp4'
[debug] &amp#27;[35m[ADB]&amp#27;[39m Running 'C:\Users\dtougov\AppData\Local\Android\Sdk\platform-tools\adb.exe -P 5037 -s CB5A29JXTK shell rm -rf /sdcard/2d2c4f8b.mp4'
[debug] &amp#27;[35m[AndroidDriver]&amp#27;[39m The size of the resulting screen recording is 92.11 KB
[debug] &amp#27;[35m[W3C (3f35c87d)]&amp#27;[39m Responding to client with driver.stopRecordingScreen() result: "AAAAGGZ0eXBtcDQyAAAAAGlzb21tcDQyAAAAAW1kYXQAAAAAAAFtCwAA9g1luEDxMUBtbW1tbW1tbW1tbWPUB1NS3/hZllZy8mZeTFbW1//vuKCvggAeTayranSP/64YIOCsZ9z4NbW1tbW1tbW1tbW1tbW1tbW1tbW1tbW1tbW1tf//GgQ8BaeVDSP//qgrxpooPA3OW2v//6BD4AYu5mYEL/4r8K8gU/Kjb3a2tra2trax6gR735///bCGBM3Pz//bb9ra2tra2tra09P8Bk/Obi3gDKq80TdphDzLl7wKAOcPwEvujxW6fOypmkcB5Oc1Iu+SAAPvghBMBbU8Bl96QuSD2Gae7gZf/wnAqDzZEVZ8lvp/g6r+GxWHXLiySYYgigMQhyfdEHSS7g7964/gIytqPTz85z1IL/lkO5GTbG0FWbKdlugmdmp/3IyK+ZkfgG5tYAm/WURKA2xjDRI+9GzJnUzudwAWQrMZO41v2m79R9U4eH+E5kKfU4D2n/LGpzP0/yd8ofYnwKCYFsAUB5MX8JJ5ryfV3Hr4H6GdfBoX98OPVOeebh8XYWX5EL+2GgVrBG4ktq7XLJ+H+JjoKssKNnA1YIjnZ7+FAO0OmgWdXbOZw/958YBVxWZKfgLdrs+NBgqa2tr94uYHP2J4BuPVCksgSPYCz10/lPT76Pz/PCeLomW14yc+DBKhxH7vAP/E8DByoqCIbzZSkHz2v//xYIeCR7sHu95OPLHkE+CARk2gKAPJiWe/hGsswr8eoRfsD7YdQmFwbjL/G+iB5hpzP4B+E/MkLmFNP2tra2tra2tra2tra2v/Hk/YzwJiepkCb9baIMTiiiGk//r9c5mQK6gRK+ZuRBP4CXK/BMX2kPUbaP/rb22whv/4EinXP/+T+YVYUwC+fTAEjvIqhjLcuD4Bjl0dd3/e9/fEQvxYEIlOZcZYCNFiuDlPUCRygHFQHpyVqdv/z+un61o+AP36o9r4HOTncFHMvqtdQVFU/dgjiO8dk0CF...
&amp#27;[35m[HTTP]&amp#27;[39m &amp#27;[37m<-- POST /wd/hub/session/3f35c87d-171f-4da0-adb0-9d44333e1a00/appium/stop_recording_screen &amp#27;[39m&amp#27;[32m200&amp#27;[39m &amp#27;[90m1703 ms - 125776&amp#27;[39m
&amp#27;[35m[HTTP]&amp#27;[39m &amp#27;[90m&amp#27;[39m
[INFO ] 2022-08-31 16:46:26.003 VideoManager:35 - video path: Android_sony\Videos\Validate product into on Products page.mp4
]]></system-out>
  </testcase>
  <testcase name="scenario[&quot;Validate product into on Products Details page&quot;, &quot;Optional[Product scenarios]&quot;](5)" classname="com.qa.runners.SonyTestNGRunnerTest" time="9.713">
    <system-out><![CDATA[
@test2
Scenario Outline: Validate product into on Products Details page                                                                                                                                                                                     # src/test/resources/Products.feature:20
&amp#27;[35m[HTTP]&amp#27;[39m &amp#27;[37m-->&amp#27;[39m &amp#27;[37mPOST&amp#27;[39m &amp#27;[37m/wd/hub/session/3f35c87d-171f-4da0-adb0-9d44333e1a00/appium/start_recording_screen&amp#27;[39m
&amp#27;[35m[HTTP]&amp#27;[39m &amp#27;[90m{}&amp#27;[39m
[debug] &amp#27;[35m[W3C (3f35c87d)]&amp#27;[39m Calling AppiumDriver.startRecordingScreen() with args: [null,"3f35c87d-171f-4da0-adb0-9d44333e1a00"]
[debug] &amp#27;[35m[ADB]&amp#27;[39m Getting IDs of all 'screenrecord' processes
[debug] &amp#27;[35m[ADB]&amp#27;[39m Running 'C:\Users\dtougov\AppData\Local\Android\Sdk\platform-tools\adb.exe -P 5037 -s CB5A29JXTK shell 'pgrep ^screenrecord$ || pgrep ^screenrecord$''
&amp#27;[35m[AndroidDriver]&amp#27;[39m Screen recording has not been previously started by Appium. There is nothing to stop
[debug] &amp#27;[35m[ADB]&amp#27;[39m Getting IDs of all 'screenrecord' processes
[debug] &amp#27;[35m[ADB]&amp#27;[39m Running 'C:\Users\dtougov\AppData\Local\Android\Sdk\platform-tools\adb.exe -P 5037 -s CB5A29JXTK shell 'pgrep ^screenrecord$ || pgrep ^screenrecord$''
[debug] &amp#27;[35m[ADB]&amp#27;[39m Building screenrecord process with the command line: adb -P 5037 -s CB5A29JXTK shell screenrecord --time-limit 180 /sdcard/6fd759a3.mp4
[debug] &amp#27;[35m[ADB]&amp#27;[39m Running 'C:\Users\dtougov\AppData\Local\Android\Sdk\platform-tools\adb.exe -P 5037 -s CB5A29JXTK shell "[ -e '/sdcard/6fd759a3.mp4' ] && echo __PASS__"'
[debug] &amp#27;[35m[ADB]&amp#27;[39m Running 'C:\Users\dtougov\AppData\Local\Android\Sdk\platform-tools\adb.exe -P 5037 -s CB5A29JXTK shell "[ -e '/sdcard/6fd759a3.mp4' ] && echo __PASS__"'
[debug] &amp#27;[35m[W3C (3f35c87d)]&amp#27;[39m Responding to client with driver.startRecordingScreen() result: ""
&amp#27;[35m[HTTP]&amp#27;[39m &amp#27;[37m<-- POST /wd/hub/session/3f35c87d-171f-4da0-adb0-9d44333e1a00/appium/start_recording_screen &amp#27;[39m&amp#27;[32m200&amp#27;[39m &amp#27;[90m1161 ms - 12&amp#27;[39m
&amp#27;[35m[HTTP]&amp#27;[39m &amp#27;[90m&amp#27;[39m
&amp#27;[35m[HTTP]&amp#27;[39m &amp#27;[37m-->&amp#27;[39m &amp#27;[37mPOST&amp#27;[39m &amp#27;[37m/wd/hub/session/3f35c87d-171f-4da0-adb0-9d44333e1a00/element&amp#27;[39m
&amp#27;[35m[HTTP]&amp#27;[39m &amp#27;[90m{"using":"-android uiautomator","value":"new UiScrollable(new UiSelector().scrollable(true)).scrollIntoView(new UiSelector().text(\"Sauce Labs Backpack\"));"}&amp#27;[39m
[debug] &amp#27;[35m[W3C (3f35c87d)]&amp#27;[39m Calling AppiumDriver.findElement() with args: ["-android uiautomator","new UiScrollable(new UiSelector().scrollable(true)).scrollIntoView(new UiSelector().text(\"Sauce Labs Backpack\"));","3f35c87d-171f-4da0-adb0-9d44333e1a00"]
[debug] &amp#27;[35m[BaseDriver]&amp#27;[39m Valid locator strategies for this request: xpath, id, class name, accessibility id, css selector, -android uiautomator
[debug] &amp#27;[35m[BaseDriver]&amp#27;[39m Waiting up to 0 ms for condition
[debug] &amp#27;[35m[WD Proxy]&amp#27;[39m Matched '/element' to command name 'findElement'
[debug] &amp#27;[35m[WD Proxy]&amp#27;[39m Proxying [POST /element] to [POST http://127.0.0.1:10000/wd/hub/session/3605b6ab-f1b7-4196-92fe-182483c6d5f2/element] with body: {"strategy":"-android uiautomator","selector":"new UiScrollable(new UiSelector().scrollable(true)).scrollIntoView(new UiSelector().text(\"Sauce Labs Backpack\"));","context":"","multiple":false}
[debug] &amp#27;[35m[WD Proxy]&amp#27;[39m Got response with status 200: {"sessionId":"3605b6ab-f1b7-4196-92fe-182483c6d5f2","value":{"ELEMENT":"00000000-0000-04a7-7fff-ffff0000005c","element-6066-11e4-a52e-4f735466cecf":"00000000-0000-04a7-7fff-ffff0000005c"}}
[debug] &amp#27;[35m[W3C (3f35c87d)]&amp#27;[39m Responding to client with driver.findElement() result: {"element-6066-11e4-a52e-4f735466cecf":"00000000-0000-04a7-7fff-ffff0000005c","ELEMENT":"00000000-0000-04a7-7fff-ffff0000005c"}
&amp#27;[35m[HTTP]&amp#27;[39m &amp#27;[37m<-- POST /wd/hub/session/3f35c87d-171f-4da0-adb0-9d44333e1a00/element &amp#27;[39m&amp#27;[32m200&amp#27;[39m &amp#27;[90m77 ms - 137&amp#27;[39m
&amp#27;[35m[HTTP]&amp#27;[39m &amp#27;[90m&amp#27;[39m
&amp#27;[35m[HTTP]&amp#27;[39m &amp#27;[37m-->&amp#27;[39m &amp#27;[37mGET&amp#27;[39m &amp#27;[37m/wd/hub/session/3f35c87d-171f-4da0-adb0-9d44333e1a00/element/00000000-0000-04a7-7fff-ffff0000005c/displayed&amp#27;[39m
&amp#27;[35m[HTTP]&amp#27;[39m &amp#27;[90m{}&amp#27;[39m
[debug] &amp#27;[35m[W3C (3f35c87d)]&amp#27;[39m Calling AppiumDriver.elementDisplayed() with args: ["00000000-0000-04a7-7fff-ffff0000005c","3f35c87d-171f-4da0-adb0-9d44333e1a00"]
[debug] &amp#27;[35m[WD Proxy]&amp#27;[39m Matched '/element/00000000-0000-04a7-7fff-ffff0000005c/attribute/displayed' to command name 'getAttribute'
[debug] &amp#27;[35m[WD Proxy]&amp#27;[39m Proxying [GET /element/00000000-0000-04a7-7fff-ffff0000005c/attribute/displayed] to [GET http://127.0.0.1:10000/wd/hub/session/3605b6ab-f1b7-4196-92fe-182483c6d5f2/element/00000000-0000-04a7-7fff-ffff0000005c/attribute/displayed] with no body
[debug] &amp#27;[35m[WD Proxy]&amp#27;[39m Got response with status 200: {"sessionId":"3605b6ab-f1b7-4196-92fe-182483c6d5f2","value":"true"}
[debug] &amp#27;[35m[W3C (3f35c87d)]&amp#27;[39m Responding to client with driver.elementDisplayed() result: true
&amp#27;[35m[HTTP]&amp#27;[39m &amp#27;[37m<-- GET /wd/hub/session/3f35c87d-171f-4da0-adb0-9d44333e1a00/element/00000000-0000-04a7-7fff-ffff0000005c/displayed &amp#27;[39m&amp#27;[32m200&amp#27;[39m &amp#27;[90m62 ms - 14&amp#27;[39m
&amp#27;[35m[HTTP]&amp#27;[39m &amp#27;[90m&amp#27;[39m
[INFO ] 2022-08-31 16:46:27.342 BasePage:54 - press Sauce Labs Backpack link
&amp#27;[35m[HTTP]&amp#27;[39m &amp#27;[37m-->&amp#27;[39m &amp#27;[37mPOST&amp#27;[39m &amp#27;[37m/wd/hub/session/3f35c87d-171f-4da0-adb0-9d44333e1a00/element/00000000-0000-04a7-7fff-ffff0000005c/click&amp#27;[39m
&amp#27;[35m[HTTP]&amp#27;[39m &amp#27;[90m{"id":"00000000-0000-04a7-7fff-ffff0000005c"}&amp#27;[39m
[debug] &amp#27;[35m[W3C (3f35c87d)]&amp#27;[39m Calling AppiumDriver.click() with args: ["00000000-0000-04a7-7fff-ffff0000005c","3f35c87d-171f-4da0-adb0-9d44333e1a00"]
[debug] &amp#27;[35m[WD Proxy]&amp#27;[39m Matched '/element/00000000-0000-04a7-7fff-ffff0000005c/click' to command name 'click'
[debug] &amp#27;[35m[WD Proxy]&amp#27;[39m Proxying [POST /element/00000000-0000-04a7-7fff-ffff0000005c/click] to [POST http://127.0.0.1:10000/wd/hub/session/3605b6ab-f1b7-4196-92fe-182483c6d5f2/element/00000000-0000-04a7-7fff-ffff0000005c/click] with body: {"element":"00000000-0000-04a7-7fff-ffff0000005c"}
[debug] &amp#27;[35m[WD Proxy]&amp#27;[39m Got response with status 200: {"sessionId":"3605b6ab-f1b7-4196-92fe-182483c6d5f2","value":null}
[debug] &amp#27;[35m[W3C (3f35c87d)]&amp#27;[39m Responding to client with driver.click() result: null
&amp#27;[35m[HTTP]&amp#27;[39m &amp#27;[37m<-- POST /wd/hub/session/3f35c87d-171f-4da0-adb0-9d44333e1a00/element/00000000-0000-04a7-7fff-ffff0000005c/click &amp#27;[39m&amp#27;[32m200&amp#27;[39m &amp#27;[90m60 ms - 14&amp#27;[39m
&amp#27;[35m[HTTP]&amp#27;[39m &amp#27;[90m&amp#27;[39m
  When I click product title "Sauce Labs Backpack"                                                                                                                                                                                                   # com.qa.stepdef.ProductStepDef.iClickProductTitle(java.lang.String)
&amp#27;[35m[HTTP]&amp#27;[39m &amp#27;[37m-->&amp#27;[39m &amp#27;[37mPOST&amp#27;[39m &amp#27;[37m/wd/hub/session/3f35c87d-171f-4da0-adb0-9d44333e1a00/element&amp#27;[39m
&amp#27;[35m[HTTP]&amp#27;[39m &amp#27;[90m{"using":"-android uiautomator","value":"new UiScrollable(new UiSelector().scrollable(true)).scrollIntoView(new UiSelector().description(\"test-Description\"));"}&amp#27;[39m
[debug] &amp#27;[35m[W3C (3f35c87d)]&amp#27;[39m Calling AppiumDriver.findElement() with args: ["-android uiautomator","new UiScrollable(new UiSelector().scrollable(true)).scrollIntoView(new UiSelector().description(\"test-Description\"));","3f35c87d-171f-4da0-adb0-9d44333e1a00"]
[debug] &amp#27;[35m[BaseDriver]&amp#27;[39m Valid locator strategies for this request: xpath, id, class name, accessibility id, css selector, -android uiautomator
[debug] &amp#27;[35m[BaseDriver]&amp#27;[39m Waiting up to 0 ms for condition
[debug] &amp#27;[35m[WD Proxy]&amp#27;[39m Matched '/element' to command name 'findElement'
[debug] &amp#27;[35m[WD Proxy]&amp#27;[39m Proxying [POST /element] to [POST http://127.0.0.1:10000/wd/hub/session/3605b6ab-f1b7-4196-92fe-182483c6d5f2/element] with body: {"strategy":"-android uiautomator","selector":"new UiScrollable(new UiSelector().scrollable(true)).scrollIntoView(new UiSelector().description(\"test-Description\"));","context":"","multiple":false}
[debug] &amp#27;[35m[WD Proxy]&amp#27;[39m Got response with status 200: {"sessionId":"3605b6ab-f1b7-4196-92fe-182483c6d5f2","value":{"ELEMENT":"00000000-0000-04a7-7fff-ffff0000008e","element-6066-11e4-a52e-4f735466cecf":"00000000-0000-04a7-7fff-ffff0000008e"}}
[debug] &amp#27;[35m[W3C (3f35c87d)]&amp#27;[39m Responding to client with driver.findElement() result: {"element-6066-11e4-a52e-4f735466cecf":"00000000-0000-04a7-7fff-ffff0000008e","ELEMENT":"00000000-0000-04a7-7fff-ffff0000008e"}
&amp#27;[35m[HTTP]&amp#27;[39m &amp#27;[37m<-- POST /wd/hub/session/3f35c87d-171f-4da0-adb0-9d44333e1a00/element &amp#27;[39m&amp#27;[32m200&amp#27;[39m &amp#27;[90m3964 ms - 137&amp#27;[39m
&amp#27;[35m[HTTP]&amp#27;[39m &amp#27;[90m&amp#27;[39m
&amp#27;[35m[HTTP]&amp#27;[39m &amp#27;[37m-->&amp#27;[39m &amp#27;[37mGET&amp#27;[39m &amp#27;[37m/wd/hub/session/3f35c87d-171f-4da0-adb0-9d44333e1a00/context&amp#27;[39m
&amp#27;[35m[HTTP]&amp#27;[39m &amp#27;[90m{}&amp#27;[39m
[debug] &amp#27;[35m[W3C (3f35c87d)]&amp#27;[39m Calling AppiumDriver.getCurrentContext() with args: ["3f35c87d-171f-4da0-adb0-9d44333e1a00"]
[debug] &amp#27;[35m[W3C (3f35c87d)]&amp#27;[39m Responding to client with driver.getCurrentContext() result: "NATIVE_APP"
&amp#27;[35m[HTTP]&amp#27;[39m &amp#27;[37m<-- GET /wd/hub/session/3f35c87d-171f-4da0-adb0-9d44333e1a00/context &amp#27;[39m&amp#27;[32m200&amp#27;[39m &amp#27;[90m2 ms - 22&amp#27;[39m
&amp#27;[35m[HTTP]&amp#27;[39m &amp#27;[90m&amp#27;[39m
&amp#27;[35m[HTTP]&amp#27;[39m &amp#27;[37m-->&amp#27;[39m &amp#27;[37mPOST&amp#27;[39m &amp#27;[37m/wd/hub/session/3f35c87d-171f-4da0-adb0-9d44333e1a00/element&amp#27;[39m
&amp#27;[35m[HTTP]&amp#27;[39m &amp#27;[90m{"using":"xpath","value":"//android.view.ViewGroup[@content-desc=\"test-Description\"]/android.widget.TextView[1]"}&amp#27;[39m
[debug] &amp#27;[35m[W3C (3f35c87d)]&amp#27;[39m Calling AppiumDriver.findElement() with args: ["xpath","//android.view.ViewGroup[@content-desc=\"test-Description\"]/android.widget.TextView[1]","3f35c87d-171f-4da0-adb0-9d44333e1a00"]
[debug] &amp#27;[35m[BaseDriver]&amp#27;[39m Valid locator strategies for this request: xpath, id, class name, accessibility id, css selector, -android uiautomator
[debug] &amp#27;[35m[BaseDriver]&amp#27;[39m Waiting up to 0 ms for condition
[debug] &amp#27;[35m[WD Proxy]&amp#27;[39m Matched '/element' to command name 'findElement'
[debug] &amp#27;[35m[WD Proxy]&amp#27;[39m Proxying [POST /element] to [POST http://127.0.0.1:10000/wd/hub/session/3605b6ab-f1b7-4196-92fe-182483c6d5f2/element] with body: {"strategy":"xpath","selector":"//android.view.ViewGroup[@content-desc=\"test-Description\"]/android.widget.TextView[1]","context":"","multiple":false}
[debug] &amp#27;[35m[WD Proxy]&amp#27;[39m Got response with status 200: {"sessionId":"3605b6ab-f1b7-4196-92fe-182483c6d5f2","value":{"ELEMENT":"00000000-0000-04a7-7fff-ffff0000008d","element-6066-11e4-a52e-4f735466cecf":"00000000-0000-04a7-7fff-ffff0000008d"}}
[debug] &amp#27;[35m[W3C (3f35c87d)]&amp#27;[39m Responding to client with driver.findElement() result: {"element-6066-11e4-a52e-4f735466cecf":"00000000-0000-04a7-7fff-ffff0000008d","ELEMENT":"00000000-0000-04a7-7fff-ffff0000008d"}
&amp#27;[35m[HTTP]&amp#27;[39m &amp#27;[37m<-- POST /wd/hub/session/3f35c87d-171f-4da0-adb0-9d44333e1a00/element &amp#27;[39m&amp#27;[32m200&amp#27;[39m &amp#27;[90m119 ms - 137&amp#27;[39m
&amp#27;[35m[HTTP]&amp#27;[39m &amp#27;[90m&amp#27;[39m
&amp#27;[35m[HTTP]&amp#27;[39m &amp#27;[37m-->&amp#27;[39m &amp#27;[37mGET&amp#27;[39m &amp#27;[37m/wd/hub/session/3f35c87d-171f-4da0-adb0-9d44333e1a00/element/00000000-0000-04a7-7fff-ffff0000008d/displayed&amp#27;[39m
&amp#27;[35m[HTTP]&amp#27;[39m &amp#27;[90m{}&amp#27;[39m
[debug] &amp#27;[35m[W3C (3f35c87d)]&amp#27;[39m Calling AppiumDriver.elementDisplayed() with args: ["00000000-0000-04a7-7fff-ffff0000008d","3f35c87d-171f-4da0-adb0-9d44333e1a00"]
[debug] &amp#27;[35m[WD Proxy]&amp#27;[39m Matched '/element/00000000-0000-04a7-7fff-ffff0000008d/attribute/displayed' to command name 'getAttribute'
[debug] &amp#27;[35m[WD Proxy]&amp#27;[39m Proxying [GET /element/00000000-0000-04a7-7fff-ffff0000008d/attribute/displayed] to [GET http://127.0.0.1:10000/wd/hub/session/3605b6ab-f1b7-4196-92fe-182483c6d5f2/element/00000000-0000-04a7-7fff-ffff0000008d/attribute/displayed] with no body
[debug] &amp#27;[35m[WD Proxy]&amp#27;[39m Got response with status 200: {"sessionId":"3605b6ab-f1b7-4196-92fe-182483c6d5f2","value":"true"}
[debug] &amp#27;[35m[W3C (3f35c87d)]&amp#27;[39m Responding to client with driver.elementDisplayed() result: true
&amp#27;[35m[HTTP]&amp#27;[39m &amp#27;[37m<-- GET /wd/hub/session/3f35c87d-171f-4da0-adb0-9d44333e1a00/element/00000000-0000-04a7-7fff-ffff0000008d/displayed &amp#27;[39m&amp#27;[32m200&amp#27;[39m &amp#27;[90m21 ms - 14&amp#27;[39m
&amp#27;[35m[HTTP]&amp#27;[39m &amp#27;[90m&amp#27;[39m
&amp#27;[35m[HTTP]&amp#27;[39m &amp#27;[37m-->&amp#27;[39m &amp#27;[37mGET&amp#27;[39m &amp#27;[37m/wd/hub/session/3f35c87d-171f-4da0-adb0-9d44333e1a00/context&amp#27;[39m
&amp#27;[35m[HTTP]&amp#27;[39m &amp#27;[90m{}&amp#27;[39m
[debug] &amp#27;[35m[W3C (3f35c87d)]&amp#27;[39m Calling AppiumDriver.getCurrentContext() with args: ["3f35c87d-171f-4da0-adb0-9d44333e1a00"]
[debug] &amp#27;[35m[W3C (3f35c87d)]&amp#27;[39m Responding to client with driver.getCurrentContext() result: "NATIVE_APP"
&amp#27;[35m[HTTP]&amp#27;[39m &amp#27;[37m<-- GET /wd/hub/session/3f35c87d-171f-4da0-adb0-9d44333e1a00/context &amp#27;[39m&amp#27;[32m200&amp#27;[39m &amp#27;[90m2 ms - 22&amp#27;[39m
&amp#27;[35m[HTTP]&amp#27;[39m &amp#27;[90m&amp#27;[39m
&amp#27;[35m[HTTP]&amp#27;[39m &amp#27;[37m-->&amp#27;[39m &amp#27;[37mPOST&amp#27;[39m &amp#27;[37m/wd/hub/session/3f35c87d-171f-4da0-adb0-9d44333e1a00/element&amp#27;[39m
&amp#27;[35m[HTTP]&amp#27;[39m &amp#27;[90m{"using":"xpath","value":"//android.view.ViewGroup[@content-desc=\"test-Description\"]/android.widget.TextView[1]"}&amp#27;[39m
[debug] &amp#27;[35m[W3C (3f35c87d)]&amp#27;[39m Calling AppiumDriver.findElement() with args: ["xpath","//android.view.ViewGroup[@content-desc=\"test-Description\"]/android.widget.TextView[1]","3f35c87d-171f-4da0-adb0-9d44333e1a00"]
[debug] &amp#27;[35m[BaseDriver]&amp#27;[39m Valid locator strategies for this request: xpath, id, class name, accessibility id, css selector, -android uiautomator
[debug] &amp#27;[35m[BaseDriver]&amp#27;[39m Waiting up to 0 ms for condition
[debug] &amp#27;[35m[WD Proxy]&amp#27;[39m Matched '/element' to command name 'findElement'
[debug] &amp#27;[35m[WD Proxy]&amp#27;[39m Proxying [POST /element] to [POST http://127.0.0.1:10000/wd/hub/session/3605b6ab-f1b7-4196-92fe-182483c6d5f2/element] with body: {"strategy":"xpath","selector":"//android.view.ViewGroup[@content-desc=\"test-Description\"]/android.widget.TextView[1]","context":"","multiple":false}
[debug] &amp#27;[35m[WD Proxy]&amp#27;[39m Got response with status 200: {"sessionId":"3605b6ab-f1b7-4196-92fe-182483c6d5f2","value":{"ELEMENT":"00000000-0000-04a7-7fff-ffff0000008d","element-6066-11e4-a52e-4f735466cecf":"00000000-0000-04a7-7fff-ffff0000008d"}}
[debug] &amp#27;[35m[W3C (3f35c87d)]&amp#27;[39m Responding to client with driver.findElement() result: {"element-6066-11e4-a52e-4f735466cecf":"00000000-0000-04a7-7fff-ffff0000008d","ELEMENT":"00000000-0000-04a7-7fff-ffff0000008d"}
&amp#27;[35m[HTTP]&amp#27;[39m &amp#27;[37m<-- POST /wd/hub/session/3f35c87d-171f-4da0-adb0-9d44333e1a00/element &amp#27;[39m&amp#27;[32m200&amp#27;[39m &amp#27;[90m158 ms - 137&amp#27;[39m
&amp#27;[35m[HTTP]&amp#27;[39m &amp#27;[90m&amp#27;[39m
&amp#27;[35m[HTTP]&amp#27;[39m &amp#27;[37m-->&amp#27;[39m &amp#27;[37mGET&amp#27;[39m &amp#27;[37m/wd/hub/session/3f35c87d-171f-4da0-adb0-9d44333e1a00/element/00000000-0000-04a7-7fff-ffff0000008d/attribute/text&amp#27;[39m
&amp#27;[35m[HTTP]&amp#27;[39m &amp#27;[90m{}&amp#27;[39m
[debug] &amp#27;[35m[W3C (3f35c87d)]&amp#27;[39m Calling AppiumDriver.getAttribute() with args: ["text","00000000-0000-04a7-7fff-ffff0000008d","3f35c87d-171f-4da0-adb0-9d44333e1a00"]
[debug] &amp#27;[35m[WD Proxy]&amp#27;[39m Matched '/element/00000000-0000-04a7-7fff-ffff0000008d/attribute/text' to command name 'getAttribute'
[debug] &amp#27;[35m[WD Proxy]&amp#27;[39m Proxying [GET /element/00000000-0000-04a7-7fff-ffff0000008d/attribute/text] to [GET http://127.0.0.1:10000/wd/hub/session/3605b6ab-f1b7-4196-92fe-182483c6d5f2/element/00000000-0000-04a7-7fff-ffff0000008d/attribute/text] with no body
[debug] &amp#27;[35m[WD Proxy]&amp#27;[39m Got response with status 200: {"sessionId":"3605b6ab-f1b7-4196-92fe-182483c6d5f2","value":"Sauce Labs Backpack"}
[debug] &amp#27;[35m[W3C (3f35c87d)]&amp#27;[39m Responding to client with driver.getAttribute() result: "Sauce Labs Backpack"
&amp#27;[35m[HTTP]&amp#27;[39m &amp#27;[37m<-- GET /wd/hub/session/3f35c87d-171f-4da0-adb0-9d44333e1a00/element/00000000-0000-04a7-7fff-ffff0000008d/attribute/text &amp#27;[39m&amp#27;[32m200&amp#27;[39m &amp#27;[90m382 ms - 31&amp#27;[39m
&amp#27;[35m[HTTP]&amp#27;[39m &amp#27;[90m&amp#27;[39m
[INFO ] 2022-08-31 16:46:32.125 BasePage:97 - title is: Sauce Labs Backpack
&amp#27;[35m[HTTP]&amp#27;[39m &amp#27;[37m-->&amp#27;[39m &amp#27;[37mGET&amp#27;[39m &amp#27;[37m/wd/hub/session/3f35c87d-171f-4da0-adb0-9d44333e1a00/context&amp#27;[39m
&amp#27;[35m[HTTP]&amp#27;[39m &amp#27;[90m{}&amp#27;[39m
[debug] &amp#27;[35m[W3C (3f35c87d)]&amp#27;[39m Calling AppiumDriver.getCurrentContext() with args: ["3f35c87d-171f-4da0-adb0-9d44333e1a00"]
[debug] &amp#27;[35m[W3C (3f35c87d)]&amp#27;[39m Responding to client with driver.getCurrentContext() result: "NATIVE_APP"
&amp#27;[35m[HTTP]&amp#27;[39m &amp#27;[37m<-- GET /wd/hub/session/3f35c87d-171f-4da0-adb0-9d44333e1a00/context &amp#27;[39m&amp#27;[32m200&amp#27;[39m &amp#27;[90m5 ms - 22&amp#27;[39m
&amp#27;[35m[HTTP]&amp#27;[39m &amp#27;[90m&amp#27;[39m
&amp#27;[35m[HTTP]&amp#27;[39m &amp#27;[37m-->&amp#27;[39m &amp#27;[37mPOST&amp#27;[39m &amp#27;[37m/wd/hub/session/3f35c87d-171f-4da0-adb0-9d44333e1a00/element&amp#27;[39m
&amp#27;[35m[HTTP]&amp#27;[39m &amp#27;[90m{"using":"xpath","value":"//android.view.ViewGroup[@content-desc=\"test-Description\"]/android.widget.TextView[2]"}&amp#27;[39m
[debug] &amp#27;[35m[W3C (3f35c87d)]&amp#27;[39m Calling AppiumDriver.findElement() with args: ["xpath","//android.view.ViewGroup[@content-desc=\"test-Description\"]/android.widget.TextView[2]","3f35c87d-171f-4da0-adb0-9d44333e1a00"]
[debug] &amp#27;[35m[BaseDriver]&amp#27;[39m Valid locator strategies for this request: xpath, id, class name, accessibility id, css selector, -android uiautomator
[debug] &amp#27;[35m[BaseDriver]&amp#27;[39m Waiting up to 0 ms for condition
[debug] &amp#27;[35m[WD Proxy]&amp#27;[39m Matched '/element' to command name 'findElement'
[debug] &amp#27;[35m[WD Proxy]&amp#27;[39m Proxying [POST /element] to [POST http://127.0.0.1:10000/wd/hub/session/3605b6ab-f1b7-4196-92fe-182483c6d5f2/element] with body: {"strategy":"xpath","selector":"//android.view.ViewGroup[@content-desc=\"test-Description\"]/android.widget.TextView[2]","context":"","multiple":false}
[debug] &amp#27;[35m[WD Proxy]&amp#27;[39m Got response with status 200: {"sessionId":"3605b6ab-f1b7-4196-92fe-182483c6d5f2","value":{"ELEMENT":"00000000-0000-04a7-7fff-ffff0000008f","element-6066-11e4-a52e-4f735466cecf":"00000000-0000-04a7-7fff-ffff0000008f"}}
[debug] &amp#27;[35m[W3C (3f35c87d)]&amp#27;[39m Responding to client with driver.findElement() result: {"element-6066-11e4-a52e-4f735466cecf":"00000000-0000-04a7-7fff-ffff0000008f","ELEMENT":"00000000-0000-04a7-7fff-ffff0000008f"}
&amp#27;[35m[HTTP]&amp#27;[39m &amp#27;[37m<-- POST /wd/hub/session/3f35c87d-171f-4da0-adb0-9d44333e1a00/element &amp#27;[39m&amp#27;[32m200&amp#27;[39m &amp#27;[90m111 ms - 137&amp#27;[39m
&amp#27;[35m[HTTP]&amp#27;[39m &amp#27;[90m&amp#27;[39m
&amp#27;[35m[HTTP]&amp#27;[39m &amp#27;[37m-->&amp#27;[39m &amp#27;[37mGET&amp#27;[39m &amp#27;[37m/wd/hub/session/3f35c87d-171f-4da0-adb0-9d44333e1a00/element/00000000-0000-04a7-7fff-ffff0000008f/displayed&amp#27;[39m
&amp#27;[35m[HTTP]&amp#27;[39m &amp#27;[90m{}&amp#27;[39m
[debug] &amp#27;[35m[W3C (3f35c87d)]&amp#27;[39m Calling AppiumDriver.elementDisplayed() with args: ["00000000-0000-04a7-7fff-ffff0000008f","3f35c87d-171f-4da0-adb0-9d44333e1a00"]
[debug] &amp#27;[35m[WD Proxy]&amp#27;[39m Matched '/element/00000000-0000-04a7-7fff-ffff0000008f/attribute/displayed' to command name 'getAttribute'
[debug] &amp#27;[35m[WD Proxy]&amp#27;[39m Proxying [GET /element/00000000-0000-04a7-7fff-ffff0000008f/attribute/displayed] to [GET http://127.0.0.1:10000/wd/hub/session/3605b6ab-f1b7-4196-92fe-182483c6d5f2/element/00000000-0000-04a7-7fff-ffff0000008f/attribute/displayed] with no body
[debug] &amp#27;[35m[WD Proxy]&amp#27;[39m Got response with status 200: {"sessionId":"3605b6ab-f1b7-4196-92fe-182483c6d5f2","value":"true"}
[debug] &amp#27;[35m[W3C (3f35c87d)]&amp#27;[39m Responding to client with driver.elementDisplayed() result: true
&amp#27;[35m[HTTP]&amp#27;[39m &amp#27;[37m<-- GET /wd/hub/session/3f35c87d-171f-4da0-adb0-9d44333e1a00/element/00000000-0000-04a7-7fff-ffff0000008f/displayed &amp#27;[39m&amp#27;[32m200&amp#27;[39m &amp#27;[90m16 ms - 14&amp#27;[39m
&amp#27;[35m[HTTP]&amp#27;[39m &amp#27;[90m&amp#27;[39m
&amp#27;[35m[HTTP]&amp#27;[39m &amp#27;[37m-->&amp#27;[39m &amp#27;[37mGET&amp#27;[39m &amp#27;[37m/wd/hub/session/3f35c87d-171f-4da0-adb0-9d44333e1a00/context&amp#27;[39m
&amp#27;[35m[HTTP]&amp#27;[39m &amp#27;[90m{}&amp#27;[39m
[debug] &amp#27;[35m[W3C (3f35c87d)]&amp#27;[39m Calling AppiumDriver.getCurrentContext() with args: ["3f35c87d-171f-4da0-adb0-9d44333e1a00"]
[debug] &amp#27;[35m[W3C (3f35c87d)]&amp#27;[39m Responding to client with driver.getCurrentContext() result: "NATIVE_APP"
&amp#27;[35m[HTTP]&amp#27;[39m &amp#27;[37m<-- GET /wd/hub/session/3f35c87d-171f-4da0-adb0-9d44333e1a00/context &amp#27;[39m&amp#27;[32m200&amp#27;[39m &amp#27;[90m2 ms - 22&amp#27;[39m
&amp#27;[35m[HTTP]&amp#27;[39m &amp#27;[90m&amp#27;[39m
&amp#27;[35m[HTTP]&amp#27;[39m &amp#27;[37m-->&amp#27;[39m &amp#27;[37mPOST&amp#27;[39m &amp#27;[37m/wd/hub/session/3f35c87d-171f-4da0-adb0-9d44333e1a00/element&amp#27;[39m
&amp#27;[35m[HTTP]&amp#27;[39m &amp#27;[90m{"using":"xpath","value":"//android.view.ViewGroup[@content-desc=\"test-Description\"]/android.widget.TextView[2]"}&amp#27;[39m
[debug] &amp#27;[35m[W3C (3f35c87d)]&amp#27;[39m Calling AppiumDriver.findElement() with args: ["xpath","//android.view.ViewGroup[@content-desc=\"test-Description\"]/android.widget.TextView[2]","3f35c87d-171f-4da0-adb0-9d44333e1a00"]
[debug] &amp#27;[35m[BaseDriver]&amp#27;[39m Valid locator strategies for this request: xpath, id, class name, accessibility id, css selector, -android uiautomator
[debug] &amp#27;[35m[BaseDriver]&amp#27;[39m Waiting up to 0 ms for condition
[debug] &amp#27;[35m[WD Proxy]&amp#27;[39m Matched '/element' to command name 'findElement'
[debug] &amp#27;[35m[WD Proxy]&amp#27;[39m Proxying [POST /element] to [POST http://127.0.0.1:10000/wd/hub/session/3605b6ab-f1b7-4196-92fe-182483c6d5f2/element] with body: {"strategy":"xpath","selector":"//android.view.ViewGroup[@content-desc=\"test-Description\"]/android.widget.TextView[2]","context":"","multiple":false}
[debug] &amp#27;[35m[WD Proxy]&amp#27;[39m Got response with status 200: {"sessionId":"3605b6ab-f1b7-4196-92fe-182483c6d5f2","value":{"ELEMENT":"00000000-0000-04a7-7fff-ffff0000008f","element-6066-11e4-a52e-4f735466cecf":"00000000-0000-04a7-7fff-ffff0000008f"}}
[debug] &amp#27;[35m[W3C (3f35c87d)]&amp#27;[39m Responding to client with driver.findElement() result: {"element-6066-11e4-a52e-4f735466cecf":"00000000-0000-04a7-7fff-ffff0000008f","ELEMENT":"00000000-0000-04a7-7fff-ffff0000008f"}
&amp#27;[35m[HTTP]&amp#27;[39m &amp#27;[37m<-- POST /wd/hub/session/3f35c87d-171f-4da0-adb0-9d44333e1a00/element &amp#27;[39m&amp#27;[32m200&amp#27;[39m &amp#27;[90m150 ms - 137&amp#27;[39m
&amp#27;[35m[HTTP]&amp#27;[39m &amp#27;[90m&amp#27;[39m
&amp#27;[35m[HTTP]&amp#27;[39m &amp#27;[37m-->&amp#27;[39m &amp#27;[37mGET&amp#27;[39m &amp#27;[37m/wd/hub/session/3f35c87d-171f-4da0-adb0-9d44333e1a00/element/00000000-0000-04a7-7fff-ffff0000008f/attribute/text&amp#27;[39m
&amp#27;[35m[HTTP]&amp#27;[39m &amp#27;[90m{}&amp#27;[39m
[debug] &amp#27;[35m[W3C (3f35c87d)]&amp#27;[39m Calling AppiumDriver.getAttribute() with args: ["text","00000000-0000-04a7-7fff-ffff0000008f","3f35c87d-171f-4da0-adb0-9d44333e1a00"]
[debug] &amp#27;[35m[WD Proxy]&amp#27;[39m Matched '/element/00000000-0000-04a7-7fff-ffff0000008f/attribute/text' to command name 'getAttribute'
[debug] &amp#27;[35m[WD Proxy]&amp#27;[39m Proxying [GET /element/00000000-0000-04a7-7fff-ffff0000008f/attribute/text] to [GET http://127.0.0.1:10000/wd/hub/session/3605b6ab-f1b7-4196-92fe-182483c6d5f2/element/00000000-0000-04a7-7fff-ffff0000008f/attribute/text] with no body
[debug] &amp#27;[35m[WD Proxy]&amp#27;[39m Got response with status 200: {"sessionId":"3605b6ab-f1b7-4196-92fe-182483c6d5f2","value":"carry.allTheThings() with the sleek, streamlined Sly Pack that melds uncompromising style with unequaled laptop and tablet protection."}
[debug] &amp#27;[35m[W3C (3f35c87d)]&amp#27;[39m Responding to client with driver.getAttribute() result: "carry.allTheThings() with the sleek, streamlined Sly Pack that melds uncompromising style with unequaled laptop and tablet protection."
&amp#27;[35m[HTTP]&amp#27;[39m &amp#27;[37m<-- GET /wd/hub/session/3f35c87d-171f-4da0-adb0-9d44333e1a00/element/00000000-0000-04a7-7fff-ffff0000008f/attribute/text &amp#27;[39m&amp#27;[32m200&amp#27;[39m &amp#27;[90m881 ms - 146&amp#27;[39m
&amp#27;[35m[HTTP]&amp#27;[39m &amp#27;[90m&amp#27;[39m
[INFO ] 2022-08-31 16:46:33.349 BasePage:97 - description is: carry.allTheThings() with the sleek, streamlined Sly Pack that melds uncompromising style with unequaled laptop and tablet protection.
&amp#27;[35m[HTTP]&amp#27;[39m &amp#27;[37m-->&amp#27;[39m &amp#27;[37mPOST&amp#27;[39m &amp#27;[37m/wd/hub/session/3f35c87d-171f-4da0-adb0-9d44333e1a00/element&amp#27;[39m
&amp#27;[35m[HTTP]&amp#27;[39m &amp#27;[90m{"using":"-android uiautomator","value":"new UiScrollable(new UiSelector().scrollable(true)).scrollIntoView(new UiSelector().description(\"test-Price\"));"}&amp#27;[39m
[debug] &amp#27;[35m[W3C (3f35c87d)]&amp#27;[39m Calling AppiumDriver.findElement() with args: ["-android uiautomator","new UiScrollable(new UiSelector().scrollable(true)).scrollIntoView(new UiSelector().description(\"test-Price\"));","3f35c87d-171f-4da0-adb0-9d44333e1a00"]
[debug] &amp#27;[35m[BaseDriver]&amp#27;[39m Valid locator strategies for this request: xpath, id, class name, accessibility id, css selector, -android uiautomator
[debug] &amp#27;[35m[BaseDriver]&amp#27;[39m Waiting up to 0 ms for condition
[debug] &amp#27;[35m[WD Proxy]&amp#27;[39m Matched '/element' to command name 'findElement'
[debug] &amp#27;[35m[WD Proxy]&amp#27;[39m Proxying [POST /element] to [POST http://127.0.0.1:10000/wd/hub/session/3605b6ab-f1b7-4196-92fe-182483c6d5f2/element] with body: {"strategy":"-android uiautomator","selector":"new UiScrollable(new UiSelector().scrollable(true)).scrollIntoView(new UiSelector().description(\"test-Price\"));","context":"","multiple":false}
[debug] &amp#27;[35m[WD Proxy]&amp#27;[39m Got response with status 200: {"sessionId":"3605b6ab-f1b7-4196-92fe-182483c6d5f2","value":{"ELEMENT":"00000000-0000-04a7-7fff-ffff00000090","element-6066-11e4-a52e-4f735466cecf":"00000000-0000-04a7-7fff-ffff00000090"}}
[debug] &amp#27;[35m[W3C (3f35c87d)]&amp#27;[39m Responding to client with driver.findElement() result: {"element-6066-11e4-a52e-4f735466cecf":"00000000-0000-04a7-7fff-ffff00000090","ELEMENT":"00000000-0000-04a7-7fff-ffff00000090"}
&amp#27;[35m[HTTP]&amp#27;[39m &amp#27;[37m<-- POST /wd/hub/session/3f35c87d-171f-4da0-adb0-9d44333e1a00/element &amp#27;[39m&amp#27;[32m200&amp#27;[39m &amp#27;[90m95 ms - 137&amp#27;[39m
&amp#27;[35m[HTTP]&amp#27;[39m &amp#27;[90m&amp#27;[39m
&amp#27;[35m[HTTP]&amp#27;[39m &amp#27;[37m-->&amp#27;[39m &amp#27;[37mGET&amp#27;[39m &amp#27;[37m/wd/hub/session/3f35c87d-171f-4da0-adb0-9d44333e1a00/element/00000000-0000-04a7-7fff-ffff00000090/displayed&amp#27;[39m
&amp#27;[35m[HTTP]&amp#27;[39m &amp#27;[90m{}&amp#27;[39m
[debug] &amp#27;[35m[W3C (3f35c87d)]&amp#27;[39m Calling AppiumDriver.elementDisplayed() with args: ["00000000-0000-04a7-7fff-ffff00000090","3f35c87d-171f-4da0-adb0-9d44333e1a00"]
[debug] &amp#27;[35m[WD Proxy]&amp#27;[39m Matched '/element/00000000-0000-04a7-7fff-ffff00000090/attribute/displayed' to command name 'getAttribute'
[debug] &amp#27;[35m[WD Proxy]&amp#27;[39m Proxying [GET /element/00000000-0000-04a7-7fff-ffff00000090/attribute/displayed] to [GET http://127.0.0.1:10000/wd/hub/session/3605b6ab-f1b7-4196-92fe-182483c6d5f2/element/00000000-0000-04a7-7fff-ffff00000090/attribute/displayed] with no body
[debug] &amp#27;[35m[WD Proxy]&amp#27;[39m Got response with status 200: {"sessionId":"3605b6ab-f1b7-4196-92fe-182483c6d5f2","value":"true"}
[debug] &amp#27;[35m[W3C (3f35c87d)]&amp#27;[39m Responding to client with driver.elementDisplayed() result: true
&amp#27;[35m[HTTP]&amp#27;[39m &amp#27;[37m<-- GET /wd/hub/session/3f35c87d-171f-4da0-adb0-9d44333e1a00/element/00000000-0000-04a7-7fff-ffff00000090/displayed &amp#27;[39m&amp#27;[32m200&amp#27;[39m &amp#27;[90m58 ms - 14&amp#27;[39m
&amp#27;[35m[HTTP]&amp#27;[39m &amp#27;[90m&amp#27;[39m
&amp#27;[35m[HTTP]&amp#27;[39m &amp#27;[37m-->&amp#27;[39m &amp#27;[37mGET&amp#27;[39m &amp#27;[37m/wd/hub/session/3f35c87d-171f-4da0-adb0-9d44333e1a00/element/00000000-0000-04a7-7fff-ffff00000090/attribute/text&amp#27;[39m
&amp#27;[35m[HTTP]&amp#27;[39m &amp#27;[90m{}&amp#27;[39m
[debug] &amp#27;[35m[W3C (3f35c87d)]&amp#27;[39m Calling AppiumDriver.getAttribute() with args: ["text","00000000-0000-04a7-7fff-ffff00000090","3f35c87d-171f-4da0-adb0-9d44333e1a00"]
[debug] &amp#27;[35m[WD Proxy]&amp#27;[39m Matched '/element/00000000-0000-04a7-7fff-ffff00000090/attribute/text' to command name 'getAttribute'
[debug] &amp#27;[35m[WD Proxy]&amp#27;[39m Proxying [GET /element/00000000-0000-04a7-7fff-ffff00000090/attribute/text] to [GET http://127.0.0.1:10000/wd/hub/session/3605b6ab-f1b7-4196-92fe-182483c6d5f2/element/00000000-0000-04a7-7fff-ffff00000090/attribute/text] with no body
[debug] &amp#27;[35m[WD Proxy]&amp#27;[39m Got response with status 200: {"sessionId":"3605b6ab-f1b7-4196-92fe-182483c6d5f2","value":"$29.99"}
[debug] &amp#27;[35m[W3C (3f35c87d)]&amp#27;[39m Responding to client with driver.getAttribute() result: "$29.99"
&amp#27;[35m[HTTP]&amp#27;[39m &amp#27;[37m<-- GET /wd/hub/session/3f35c87d-171f-4da0-adb0-9d44333e1a00/element/00000000-0000-04a7-7fff-ffff00000090/attribute/text &amp#27;[39m&amp#27;[32m200&amp#27;[39m &amp#27;[90m39 ms - 18&amp#27;[39m
&amp#27;[35m[HTTP]&amp#27;[39m &amp#27;[90m&amp#27;[39m
[INFO ] 2022-08-31 16:46:33.563 BasePage:97 - price is: $29.99
  Then I should be on product details page with title "Sauce Labs Backpack", price "$29.99" and description "carry.allTheThings() with the sleek, streamlined Sly Pack that melds uncompromising style with unequaled laptop and tablet protection." # com.qa.stepdef.ProductStepDef.iShouldBeOnProductDetailsPageWithTitlePriceAndDescription(java.lang.String,java.lang.String,java.lang.String)
&amp#27;[35m[HTTP]&amp#27;[39m &amp#27;[37m-->&amp#27;[39m &amp#27;[37mPOST&amp#27;[39m &amp#27;[37m/wd/hub/session/3f35c87d-171f-4da0-adb0-9d44333e1a00/appium/stop_recording_screen&amp#27;[39m
&amp#27;[35m[HTTP]&amp#27;[39m &amp#27;[90m{}&amp#27;[39m
[debug] &amp#27;[35m[W3C (3f35c87d)]&amp#27;[39m Calling AppiumDriver.stopRecordingScreen() with args: [null,"3f35c87d-171f-4da0-adb0-9d44333e1a00"]
[debug] &amp#27;[35m[ADB]&amp#27;[39m Getting IDs of all 'screenrecord' processes
[debug] &amp#27;[35m[ADB]&amp#27;[39m Running 'C:\Users\dtougov\AppData\Local\Android\Sdk\platform-tools\adb.exe -P 5037 -s CB5A29JXTK shell 'pgrep ^screenrecord$ || pgrep ^screenrecord$''
[debug] &amp#27;[35m[ADB]&amp#27;[39m Running 'C:\Users\dtougov\AppData\Local\Android\Sdk\platform-tools\adb.exe -P 5037 -s CB5A29JXTK shell kill -2 2425'
[debug] &amp#27;[35m[ADB]&amp#27;[39m Getting IDs of all 'screenrecord' processes
[debug] &amp#27;[35m[ADB]&amp#27;[39m Running 'C:\Users\dtougov\AppData\Local\Android\Sdk\platform-tools\adb.exe -P 5037 -s CB5A29JXTK shell 'pgrep ^screenrecord$ || pgrep ^screenrecord$''
[debug] &amp#27;[35m[ADB]&amp#27;[39m Getting IDs of all 'screenrecord' processes
[debug] &amp#27;[35m[ADB]&amp#27;[39m Running 'C:\Users\dtougov\AppData\Local\Android\Sdk\platform-tools\adb.exe -P 5037 -s CB5A29JXTK shell 'pgrep ^screenrecord$ || pgrep ^screenrecord$''
[debug] &amp#27;[35m[ADB]&amp#27;[39m Running 'C:\Users\dtougov\AppData\Local\Android\Sdk\platform-tools\adb.exe -P 5037 -s CB5A29JXTK pull /sdcard/6fd759a3.mp4 C:\Users\dtougov\AppData\Local\Temp\2022731-14376-10k6aob.6gks\6fd759a3.mp4'
[debug] &amp#27;[35m[ADB]&amp#27;[39m Running 'C:\Users\dtougov\AppData\Local\Android\Sdk\platform-tools\adb.exe -P 5037 -s CB5A29JXTK shell rm -rf /sdcard/6fd759a3.mp4'
[debug] &amp#27;[35m[AndroidDriver]&amp#27;[39m The size of the resulting screen recording is 1.68 MB
[debug] &amp#27;[35m[W3C (3f35c87d)]&amp#27;[39m Responding to client with driver.stopRecordingScreen() result: "AAAAGGZ0eXBtcDQyAAAAAGlzb21tcDQyAAAAAW1kYXQAAAAAABrqfwAA9ehluEDxMUBtbW1tbW1tbW1tbWPUB1NS3/hZllZy8mZeTFbW1//vuKCvggAeTayranSP/64YIOCsZ9z4NbW1tbW1tbW1tbW1tbW1tbW1tbW1tbW1tbW1tf//GgQ8BaeVDSP//qgrxpooPA3OW2v//6BD4AYu5mYEL/4r8K8gU/Kjb3a2tra2trax6gR735///bCGBM3Pz//bb9ra2tra2tra09P8Bk/Obi3gDKq80TdphDzLl7wKAOcPwEvujxW6fOypmkcB5Oc1Iu+SAAPvghBMBbU8Bl96QuSD2Gae7gZf/wnAqDzZEVZ8lvp/g6r+GxWHXLiySYYgigMQhyfdEHSS7g7964/gIytqPTz85z1IL/lkO5GTbG0FWbKdlugmdmp/3IyK+ZkfgG5tYAm/WURKA2xjDRI+9GzJnUzudwAWQrMZO41v2m79R9U4eH+E5kKfU4D2n/LGpzP0/yd8ofYnwKCYFsAUB5MX8JJ5ryfV3Hr4H6GdfBoX98OPVOeebh8XYWX5EL+2GgVrBG4ktq7XLJ+H+JjoKssKNnA1YIjnZ7+FAO0OmgWdXbOZw/958YBVxWZKfgLdrs+NBgqa2tr94uYHP2J4BuPVCksgSPYCz10/lPT76Pz/PCeLomW14yc+DBKhxH7vAP/E8DByoqCIbzZSkHz2v//xYIeCR7sHu95OPLHkE+CARk2gKAPJiWe/hGsswr8eoRfsD7YdQmFwbjL/G+iB5hpzP4B+E/MkLmFNP2tra2tra2tra2tra2v/Hk/YzwJiepkCb9baIMTiiiGk//r9c5mQK6gRK+ZuRBP4CXK/BMX2kPUbaP/rb22whv/4EinXP/+T+YVYUwC+fTAEjvIqhjLcuD4Bjl0dd3/e9/fEQvxYEIlOZcZYCNFiuDlPUCRygHFQHpyVqdv/z+un61o+AP36o9r4HOTncFHMvqtdQVFU/dgjiO8dk0CF...
&amp#27;[35m[HTTP]&amp#27;[39m &amp#27;[37m<-- POST /wd/hub/session/3f35c87d-171f-4da0-adb0-9d44333e1a00/appium/stop_recording_screen &amp#27;[39m&amp#27;[32m200&amp#27;[39m &amp#27;[90m1990 ms - 2355424&amp#27;[39m
&amp#27;[35m[HTTP]&amp#27;[39m &amp#27;[90m&amp#27;[39m
[INFO ] 2022-08-31 16:46:35.763 VideoManager:35 - video path: Android_sony\Videos\Validate product into on Products Details page.mp4
]]></system-out>
  </testcase>
</testsuite>