<?xml version="1.0" encoding="UTF-8"?>
<testsuite xmlns:xsi="http://www.w3.org/2001/XMLSchema-instance" xsi:noNamespaceSchemaLocation="https://maven.apache.org/surefire/maven-surefire-plugin/xsd/surefire-test-report-3.0.xsd" version="3.0" name="TestSuite" time="104.651" tests="10" errors="0" skipped="0" failures="0">
  <properties>
    <property name="sun.desktop" value="windows"/>
    <property name="awt.toolkit" value="sun.awt.windows.WToolkit"/>
    <property name="file.encoding.pkg" value="sun.io"/>
    <property name="java.specification.version" value="1.8"/>
    <property name="sun.cpu.isalist" value="amd64"/>
    <property name="sun.jnu.encoding" value="Cp1252"/>
    <property name="java.class.path" value="C:\Users\dtougov\Downloads\appium-cucumberbdd-testng-master (1)\appium-cucumberbdd-testng-master-new\target\test-classes;C:\Users\dtougov\Downloads\appium-cucumberbdd-testng-master (1)\appium-cucumberbdd-testng-master-new\target\classes;C:\Users\dtougov\.m2\repository\io\cucumber\cucumber-java\7.0.0\cucumber-java-7.0.0.jar;C:\Users\dtougov\.m2\repository\io\cucumber\cucumber-core\7.0.0\cucumber-core-7.0.0.jar;C:\Users\dtougov\.m2\repository\io\cucumber\cucumber-gherkin\7.0.0\cucumber-gherkin-7.0.0.jar;C:\Users\dtougov\.m2\repository\io\cucumber\cucumber-gherkin-messages\7.0.0\cucumber-gherkin-messages-7.0.0.jar;C:\Users\dtougov\.m2\repository\io\cucumber\messages\17.1.1\messages-17.1.1.jar;C:\Users\dtougov\.m2\repository\io\cucumber\tag-expressions\4.0.2\tag-expressions-4.0.2.jar;C:\Users\dtougov\.m2\repository\io\cucumber\cucumber-expressions\13.0.1\cucumber-expressions-13.0.1.jar;C:\Users\dtougov\.m2\repository\io\cucumber\datatable\7.0.0\datatable-7.0.0.jar;C:\Users\dtougov\.m2\repository\io\cucumber\cucumber-plugin\7.0.0\cucumber-plugin-7.0.0.jar;C:\Users\dtougov\.m2\repository\io\cucumber\docstring\7.0.0\docstring-7.0.0.jar;C:\Users\dtougov\.m2\repository\io\cucumber\html-formatter\17.0.0\html-formatter-17.0.0.jar;C:\Users\dtougov\.m2\repository\io\cucumber\create-meta\6.0.1\create-meta-6.0.1.jar;C:\Users\dtougov\.m2\repository\org\apiguardian\apiguardian-api\1.1.2\apiguardian-api-1.1.2.jar;C:\Users\dtougov\.m2\repository\io\cucumber\cucumber-junit\7.0.0\cucumber-junit-7.0.0.jar;C:\Users\dtougov\.m2\repository\junit\junit\4.13.2\junit-4.13.2.jar;C:\Users\dtougov\.m2\repository\org\hamcrest\hamcrest-core\1.3\hamcrest-core-1.3.jar;C:\Users\dtougov\.m2\repository\io\appium\java-client\7.6.0\java-client-7.6.0.jar;C:\Users\dtougov\.m2\repository\org\seleniumhq\selenium\selenium-java\3.141.59\selenium-java-3.141.59.jar;C:\Users\dtougov\.m2\repository\org\seleniumhq\selenium\selenium-chrome-driver\3.141.59\selenium-chrome-driver-3.141.59.jar;C:\Users\dtougov\.m2\repository\org\seleniumhq\selenium\selenium-edge-driver\3.141.59\selenium-edge-driver-3.141.59.jar;C:\Users\dtougov\.m2\repository\org\seleniumhq\selenium\selenium-firefox-driver\3.141.59\selenium-firefox-driver-3.141.59.jar;C:\Users\dtougov\.m2\repository\org\seleniumhq\selenium\selenium-ie-driver\3.141.59\selenium-ie-driver-3.141.59.jar;C:\Users\dtougov\.m2\repository\org\seleniumhq\selenium\selenium-opera-driver\3.141.59\selenium-opera-driver-3.141.59.jar;C:\Users\dtougov\.m2\repository\org\seleniumhq\selenium\selenium-remote-driver\3.141.59\selenium-remote-driver-3.141.59.jar;C:\Users\dtougov\.m2\repository\org\seleniumhq\selenium\selenium-safari-driver\3.141.59\selenium-safari-driver-3.141.59.jar;C:\Users\dtougov\.m2\repository\net\bytebuddy\byte-buddy\1.8.15\byte-buddy-1.8.15.jar;C:\Users\dtougov\.m2\repository\org\apache\commons\commons-exec\1.3\commons-exec-1.3.jar;C:\Users\dtougov\.m2\repository\com\google\guava\guava\25.0-jre\guava-25.0-jre.jar;C:\Users\dtougov\.m2\repository\com\google\code\findbugs\jsr305\1.3.9\jsr305-1.3.9.jar;C:\Users\dtougov\.m2\repository\org\checkerframework\checker-compat-qual\2.0.0\checker-compat-qual-2.0.0.jar;C:\Users\dtougov\.m2\repository\com\google\errorprone\error_prone_annotations\2.1.3\error_prone_annotations-2.1.3.jar;C:\Users\dtougov\.m2\repository\com\google\j2objc\j2objc-annotations\1.1\j2objc-annotations-1.1.jar;C:\Users\dtougov\.m2\repository\org\codehaus\mojo\animal-sniffer-annotations\1.14\animal-sniffer-annotations-1.14.jar;C:\Users\dtougov\.m2\repository\com\squareup\okhttp3\okhttp\3.11.0\okhttp-3.11.0.jar;C:\Users\dtougov\.m2\repository\com\squareup\okio\okio\1.14.0\okio-1.14.0.jar;C:\Users\dtougov\.m2\repository\org\seleniumhq\selenium\selenium-support\3.141.59\selenium-support-3.141.59.jar;C:\Users\dtougov\.m2\repository\org\seleniumhq\selenium\selenium-api\3.141.59\selenium-api-3.141.59.jar;C:\Users\dtougov\.m2\repository\com\google\code\gson\gson\2.8.8\gson-2.8.8.jar;C:\Users\dtougov\.m2\repository\org\apache\httpcomponents\httpclient\4.5.13\httpclient-4.5.13.jar;C:\Users\dtougov\.m2\repository\org\apache\httpcomponents\httpcore\4.4.13\httpcore-4.4.13.jar;C:\Users\dtougov\.m2\repository\commons-logging\commons-logging\1.2\commons-logging-1.2.jar;C:\Users\dtougov\.m2\repository\cglib\cglib\3.3.0\cglib-3.3.0.jar;C:\Users\dtougov\.m2\repository\org\ow2\asm\asm\7.1\asm-7.1.jar;C:\Users\dtougov\.m2\repository\commons-validator\commons-validator\1.7\commons-validator-1.7.jar;C:\Users\dtougov\.m2\repository\commons-beanutils\commons-beanutils\1.9.4\commons-beanutils-1.9.4.jar;C:\Users\dtougov\.m2\repository\commons-digester\commons-digester\2.1\commons-digester-2.1.jar;C:\Users\dtougov\.m2\repository\commons-collections\commons-collections\3.2.2\commons-collections-3.2.2.jar;C:\Users\dtougov\.m2\repository\org\apache\commons\commons-lang3\3.12.0\commons-lang3-3.12.0.jar;C:\Users\dtougov\.m2\repository\commons-io\commons-io\2.11.0\commons-io-2.11.0.jar;C:\Users\dtougov\.m2\repository\org\springframework\spring-context\5.3.10\spring-context-5.3.10.jar;C:\Users\dtougov\.m2\repository\org\springframework\spring-aop\5.3.10\spring-aop-5.3.10.jar;C:\Users\dtougov\.m2\repository\org\springframework\spring-beans\5.3.10\spring-beans-5.3.10.jar;C:\Users\dtougov\.m2\repository\org\springframework\spring-core\5.3.10\spring-core-5.3.10.jar;C:\Users\dtougov\.m2\repository\org\springframework\spring-jcl\5.3.10\spring-jcl-5.3.10.jar;C:\Users\dtougov\.m2\repository\org\springframework\spring-expression\5.3.10\spring-expression-5.3.10.jar;C:\Users\dtougov\.m2\repository\org\aspectj\aspectjweaver\1.9.7\aspectjweaver-1.9.7.jar;C:\Users\dtougov\.m2\repository\org\slf4j\slf4j-api\1.7.32\slf4j-api-1.7.32.jar;C:\Users\dtougov\.m2\repository\org\json\json\20210307\json-20210307.jar;C:\Users\dtougov\.m2\repository\org\apache\logging\log4j\log4j-core\2.14.1\log4j-core-2.14.1.jar;C:\Users\dtougov\.m2\repository\org\apache\logging\log4j\log4j-api\2.14.1\log4j-api-2.14.1.jar;C:\Users\dtougov\.m2\repository\me\jvt\cucumber\reporting-plugin\7.0.0\reporting-plugin-7.0.0.jar;C:\Users\dtougov\.m2\repository\io\cucumber\gherkin\22.0.0\gherkin-22.0.0.jar;C:\Users\dtougov\.m2\repository\net\masterthought\cucumber-reporting\5.6.0\cucumber-reporting-5.6.0.jar;C:\Users\dtougov\.m2\repository\com\fasterxml\jackson\core\jackson-databind\2.12.1\jackson-databind-2.12.1.jar;C:\Users\dtougov\.m2\repository\com\fasterxml\jackson\core\jackson-annotations\2.12.1\jackson-annotations-2.12.1.jar;C:\Users\dtougov\.m2\repository\com\fasterxml\jackson\core\jackson-core\2.12.1\jackson-core-2.12.1.jar;C:\Users\dtougov\.m2\repository\com\fasterxml\jackson\datatype\jackson-datatype-jsr310\2.12.1\jackson-datatype-jsr310-2.12.1.jar;C:\Users\dtougov\.m2\repository\org\apache\velocity\velocity-engine-core\2.3\velocity-engine-core-2.3.jar;C:\Users\dtougov\.m2\repository\joda-time\joda-time\2.10.10\joda-time-2.10.10.jar;C:\Users\dtougov\.m2\repository\org\codehaus\plexus\plexus-utils\3.3.0\plexus-utils-3.3.0.jar;C:\Users\dtougov\.m2\repository\org\jsoup\jsoup\1.14.2\jsoup-1.14.2.jar;C:\Users\dtougov\.m2\repository\com\googlecode\owasp-java-html-sanitizer\owasp-java-html-sanitizer\20200713.1\owasp-java-html-sanitizer-20200713.1.jar;C:\Users\dtougov\.m2\repository\commons-configuration\commons-configuration\1.10\commons-configuration-1.10.jar;C:\Users\dtougov\.m2\repository\commons-lang\commons-lang\2.6\commons-lang-2.6.jar;C:\Users\dtougov\.m2\repository\io\cucumber\cucumber-testng\7.0.0\cucumber-testng-7.0.0.jar;C:\Users\dtougov\.m2\repository\org\testng\testng\7.4.0\testng-7.4.0.jar;C:\Users\dtougov\.m2\repository\com\beust\jcommander\1.78\jcommander-1.78.jar;C:\Users\dtougov\.m2\repository\org\webjars\jquery\3.5.1\jquery-3.5.1.jar;C:\Users\dtougov\.m2\repository\commons-codec\commons-codec\1.15\commons-codec-1.15.jar;"/>
    <property name="java.vm.vendor" value="Oracle Corporation"/>
    <property name="sun.arch.data.model" value="64"/>
    <property name="user.variant" value=""/>
    <property name="java.vendor.url" value="http://java.oracle.com/"/>
    <property name="user.timezone" value="America/New_York"/>
    <property name="java.vm.specification.version" value="1.8"/>
    <property name="os.name" value="Windows 10"/>
    <property name="user.country" value="US"/>
    <property name="sun.java.launcher" value="SUN_STANDARD"/>
    <property name="sun.boot.library.path" value="C:\Program Files\Java\jdk1.8.0_333\jre\bin"/>
    <property name="sun.java.command" value="C:\Users\dtougov\AppData\Local\Temp\surefire6167913707799401978\surefirebooter688725604093057381.jar C:\Users\dtougov\AppData\Local\Temp\surefire6167913707799401978 2022-08-30T16-48-16_329-jvmRun1 surefire7282867495240990011tmp surefire_08852263657341369250tmp"/>
    <property name="surefire.test.class.path" value="C:\Users\dtougov\Downloads\appium-cucumberbdd-testng-master (1)\appium-cucumberbdd-testng-master-new\target\test-classes;C:\Users\dtougov\Downloads\appium-cucumberbdd-testng-master (1)\appium-cucumberbdd-testng-master-new\target\classes;C:\Users\dtougov\.m2\repository\io\cucumber\cucumber-java\7.0.0\cucumber-java-7.0.0.jar;C:\Users\dtougov\.m2\repository\io\cucumber\cucumber-core\7.0.0\cucumber-core-7.0.0.jar;C:\Users\dtougov\.m2\repository\io\cucumber\cucumber-gherkin\7.0.0\cucumber-gherkin-7.0.0.jar;C:\Users\dtougov\.m2\repository\io\cucumber\cucumber-gherkin-messages\7.0.0\cucumber-gherkin-messages-7.0.0.jar;C:\Users\dtougov\.m2\repository\io\cucumber\messages\17.1.1\messages-17.1.1.jar;C:\Users\dtougov\.m2\repository\io\cucumber\tag-expressions\4.0.2\tag-expressions-4.0.2.jar;C:\Users\dtougov\.m2\repository\io\cucumber\cucumber-expressions\13.0.1\cucumber-expressions-13.0.1.jar;C:\Users\dtougov\.m2\repository\io\cucumber\datatable\7.0.0\datatable-7.0.0.jar;C:\Users\dtougov\.m2\repository\io\cucumber\cucumber-plugin\7.0.0\cucumber-plugin-7.0.0.jar;C:\Users\dtougov\.m2\repository\io\cucumber\docstring\7.0.0\docstring-7.0.0.jar;C:\Users\dtougov\.m2\repository\io\cucumber\html-formatter\17.0.0\html-formatter-17.0.0.jar;C:\Users\dtougov\.m2\repository\io\cucumber\create-meta\6.0.1\create-meta-6.0.1.jar;C:\Users\dtougov\.m2\repository\org\apiguardian\apiguardian-api\1.1.2\apiguardian-api-1.1.2.jar;C:\Users\dtougov\.m2\repository\io\cucumber\cucumber-junit\7.0.0\cucumber-junit-7.0.0.jar;C:\Users\dtougov\.m2\repository\junit\junit\4.13.2\junit-4.13.2.jar;C:\Users\dtougov\.m2\repository\org\hamcrest\hamcrest-core\1.3\hamcrest-core-1.3.jar;C:\Users\dtougov\.m2\repository\io\appium\java-client\7.6.0\java-client-7.6.0.jar;C:\Users\dtougov\.m2\repository\org\seleniumhq\selenium\selenium-java\3.141.59\selenium-java-3.141.59.jar;C:\Users\dtougov\.m2\repository\org\seleniumhq\selenium\selenium-chrome-driver\3.141.59\selenium-chrome-driver-3.141.59.jar;C:\Users\dtougov\.m2\repository\org\seleniumhq\selenium\selenium-edge-driver\3.141.59\selenium-edge-driver-3.141.59.jar;C:\Users\dtougov\.m2\repository\org\seleniumhq\selenium\selenium-firefox-driver\3.141.59\selenium-firefox-driver-3.141.59.jar;C:\Users\dtougov\.m2\repository\org\seleniumhq\selenium\selenium-ie-driver\3.141.59\selenium-ie-driver-3.141.59.jar;C:\Users\dtougov\.m2\repository\org\seleniumhq\selenium\selenium-opera-driver\3.141.59\selenium-opera-driver-3.141.59.jar;C:\Users\dtougov\.m2\repository\org\seleniumhq\selenium\selenium-remote-driver\3.141.59\selenium-remote-driver-3.141.59.jar;C:\Users\dtougov\.m2\repository\org\seleniumhq\selenium\selenium-safari-driver\3.141.59\selenium-safari-driver-3.141.59.jar;C:\Users\dtougov\.m2\repository\net\bytebuddy\byte-buddy\1.8.15\byte-buddy-1.8.15.jar;C:\Users\dtougov\.m2\repository\org\apache\commons\commons-exec\1.3\commons-exec-1.3.jar;C:\Users\dtougov\.m2\repository\com\google\guava\guava\25.0-jre\guava-25.0-jre.jar;C:\Users\dtougov\.m2\repository\com\google\code\findbugs\jsr305\1.3.9\jsr305-1.3.9.jar;C:\Users\dtougov\.m2\repository\org\checkerframework\checker-compat-qual\2.0.0\checker-compat-qual-2.0.0.jar;C:\Users\dtougov\.m2\repository\com\google\errorprone\error_prone_annotations\2.1.3\error_prone_annotations-2.1.3.jar;C:\Users\dtougov\.m2\repository\com\google\j2objc\j2objc-annotations\1.1\j2objc-annotations-1.1.jar;C:\Users\dtougov\.m2\repository\org\codehaus\mojo\animal-sniffer-annotations\1.14\animal-sniffer-annotations-1.14.jar;C:\Users\dtougov\.m2\repository\com\squareup\okhttp3\okhttp\3.11.0\okhttp-3.11.0.jar;C:\Users\dtougov\.m2\repository\com\squareup\okio\okio\1.14.0\okio-1.14.0.jar;C:\Users\dtougov\.m2\repository\org\seleniumhq\selenium\selenium-support\3.141.59\selenium-support-3.141.59.jar;C:\Users\dtougov\.m2\repository\org\seleniumhq\selenium\selenium-api\3.141.59\selenium-api-3.141.59.jar;C:\Users\dtougov\.m2\repository\com\google\code\gson\gson\2.8.8\gson-2.8.8.jar;C:\Users\dtougov\.m2\repository\org\apache\httpcomponents\httpclient\4.5.13\httpclient-4.5.13.jar;C:\Users\dtougov\.m2\repository\org\apache\httpcomponents\httpcore\4.4.13\httpcore-4.4.13.jar;C:\Users\dtougov\.m2\repository\commons-logging\commons-logging\1.2\commons-logging-1.2.jar;C:\Users\dtougov\.m2\repository\cglib\cglib\3.3.0\cglib-3.3.0.jar;C:\Users\dtougov\.m2\repository\org\ow2\asm\asm\7.1\asm-7.1.jar;C:\Users\dtougov\.m2\repository\commons-validator\commons-validator\1.7\commons-validator-1.7.jar;C:\Users\dtougov\.m2\repository\commons-beanutils\commons-beanutils\1.9.4\commons-beanutils-1.9.4.jar;C:\Users\dtougov\.m2\repository\commons-digester\commons-digester\2.1\commons-digester-2.1.jar;C:\Users\dtougov\.m2\repository\commons-collections\commons-collections\3.2.2\commons-collections-3.2.2.jar;C:\Users\dtougov\.m2\repository\org\apache\commons\commons-lang3\3.12.0\commons-lang3-3.12.0.jar;C:\Users\dtougov\.m2\repository\commons-io\commons-io\2.11.0\commons-io-2.11.0.jar;C:\Users\dtougov\.m2\repository\org\springframework\spring-context\5.3.10\spring-context-5.3.10.jar;C:\Users\dtougov\.m2\repository\org\springframework\spring-aop\5.3.10\spring-aop-5.3.10.jar;C:\Users\dtougov\.m2\repository\org\springframework\spring-beans\5.3.10\spring-beans-5.3.10.jar;C:\Users\dtougov\.m2\repository\org\springframework\spring-core\5.3.10\spring-core-5.3.10.jar;C:\Users\dtougov\.m2\repository\org\springframework\spring-jcl\5.3.10\spring-jcl-5.3.10.jar;C:\Users\dtougov\.m2\repository\org\springframework\spring-expression\5.3.10\spring-expression-5.3.10.jar;C:\Users\dtougov\.m2\repository\org\aspectj\aspectjweaver\1.9.7\aspectjweaver-1.9.7.jar;C:\Users\dtougov\.m2\repository\org\slf4j\slf4j-api\1.7.32\slf4j-api-1.7.32.jar;C:\Users\dtougov\.m2\repository\org\json\json\20210307\json-20210307.jar;C:\Users\dtougov\.m2\repository\org\apache\logging\log4j\log4j-core\2.14.1\log4j-core-2.14.1.jar;C:\Users\dtougov\.m2\repository\org\apache\logging\log4j\log4j-api\2.14.1\log4j-api-2.14.1.jar;C:\Users\dtougov\.m2\repository\me\jvt\cucumber\reporting-plugin\7.0.0\reporting-plugin-7.0.0.jar;C:\Users\dtougov\.m2\repository\io\cucumber\gherkin\22.0.0\gherkin-22.0.0.jar;C:\Users\dtougov\.m2\repository\net\masterthought\cucumber-reporting\5.6.0\cucumber-reporting-5.6.0.jar;C:\Users\dtougov\.m2\repository\com\fasterxml\jackson\core\jackson-databind\2.12.1\jackson-databind-2.12.1.jar;C:\Users\dtougov\.m2\repository\com\fasterxml\jackson\core\jackson-annotations\2.12.1\jackson-annotations-2.12.1.jar;C:\Users\dtougov\.m2\repository\com\fasterxml\jackson\core\jackson-core\2.12.1\jackson-core-2.12.1.jar;C:\Users\dtougov\.m2\repository\com\fasterxml\jackson\datatype\jackson-datatype-jsr310\2.12.1\jackson-datatype-jsr310-2.12.1.jar;C:\Users\dtougov\.m2\repository\org\apache\velocity\velocity-engine-core\2.3\velocity-engine-core-2.3.jar;C:\Users\dtougov\.m2\repository\joda-time\joda-time\2.10.10\joda-time-2.10.10.jar;C:\Users\dtougov\.m2\repository\org\codehaus\plexus\plexus-utils\3.3.0\plexus-utils-3.3.0.jar;C:\Users\dtougov\.m2\repository\org\jsoup\jsoup\1.14.2\jsoup-1.14.2.jar;C:\Users\dtougov\.m2\repository\com\googlecode\owasp-java-html-sanitizer\owasp-java-html-sanitizer\20200713.1\owasp-java-html-sanitizer-20200713.1.jar;C:\Users\dtougov\.m2\repository\commons-configuration\commons-configuration\1.10\commons-configuration-1.10.jar;C:\Users\dtougov\.m2\repository\commons-lang\commons-lang\2.6\commons-lang-2.6.jar;C:\Users\dtougov\.m2\repository\io\cucumber\cucumber-testng\7.0.0\cucumber-testng-7.0.0.jar;C:\Users\dtougov\.m2\repository\org\testng\testng\7.4.0\testng-7.4.0.jar;C:\Users\dtougov\.m2\repository\com\beust\jcommander\1.78\jcommander-1.78.jar;C:\Users\dtougov\.m2\repository\org\webjars\jquery\3.5.1\jquery-3.5.1.jar;C:\Users\dtougov\.m2\repository\commons-codec\commons-codec\1.15\commons-codec-1.15.jar;"/>
    <property name="sun.cpu.endian" value="little"/>
    <property name="user.home" value="C:\Users\dtougov"/>
    <property name="user.language" value="en"/>
    <property name="java.specification.vendor" value="Oracle Corporation"/>
    <property name="java.home" value="C:\Program Files\Java\jdk1.8.0_333\jre"/>
    <property name="basedir" value="C:\Users\dtougov\Downloads\appium-cucumberbdd-testng-master (1)\appium-cucumberbdd-testng-master-new"/>
    <property name="file.separator" value="\"/>
    <property name="line.separator" value="&#10;"/>
    <property name="java.vm.specification.vendor" value="Oracle Corporation"/>
    <property name="java.specification.name" value="Java Platform API Specification"/>
    <property name="java.awt.graphicsenv" value="sun.awt.Win32GraphicsEnvironment"/>
    <property name="surefire.real.class.path" value="C:\Users\dtougov\AppData\Local\Temp\surefire6167913707799401978\surefirebooter688725604093057381.jar"/>
    <property name="sun.boot.class.path" value="C:\Program Files\Java\jdk1.8.0_333\jre\lib\resources.jar;C:\Program Files\Java\jdk1.8.0_333\jre\lib\rt.jar;C:\Program Files\Java\jdk1.8.0_333\jre\lib\sunrsasign.jar;C:\Program Files\Java\jdk1.8.0_333\jre\lib\jsse.jar;C:\Program Files\Java\jdk1.8.0_333\jre\lib\jce.jar;C:\Program Files\Java\jdk1.8.0_333\jre\lib\charsets.jar;C:\Program Files\Java\jdk1.8.0_333\jre\lib\jfr.jar;C:\Program Files\Java\jdk1.8.0_333\jre\classes"/>
    <property name="user.script" value=""/>
    <property name="sun.management.compiler" value="HotSpot 64-Bit Tiered Compilers"/>
    <property name="java.runtime.version" value="1.8.0_333-b02"/>
    <property name="user.name" value="dtougov"/>
    <property name="path.separator" value=";"/>
    <property name="os.version" value="10.0"/>
    <property name="java.endorsed.dirs" value="C:\Program Files\Java\jdk1.8.0_333\jre\lib\endorsed"/>
    <property name="java.runtime.name" value="Java(TM) SE Runtime Environment"/>
    <property name="file.encoding" value="Cp1252"/>
    <property name="java.vm.name" value="Java HotSpot(TM) 64-Bit Server VM"/>
    <property name="localRepository" value="C:\Users\dtougov\.m2\repository"/>
    <property name="java.vendor.url.bug" value="http://bugreport.sun.com/bugreport/"/>
    <property name="java.io.tmpdir" value="C:\Users\dtougov\AppData\Local\Temp\"/>
    <property name="java.version" value="1.8.0_333"/>
    <property name="user.dir" value="C:\Users\dtougov\Downloads\appium-cucumberbdd-testng-master (1)\appium-cucumberbdd-testng-master-new"/>
    <property name="os.arch" value="amd64"/>
    <property name="java.vm.specification.name" value="Java Virtual Machine Specification"/>
    <property name="java.awt.printerjob" value="sun.awt.windows.WPrinterJob"/>
    <property name="sun.os.patch.level" value=""/>
    <property name="java.library.path" value="C:\Program Files\Java\jdk1.8.0_333\jre\bin;C:\Windows\Sun\Java\bin;C:\Windows\system32;C:\Windows;C:\Program Files (x86)\Common Files\Oracle\Java\javapath;C:\Windows\system32;C:\Windows;C:\Windows\System32\Wbem;C:\Windows\System32\WindowsPowerShell\v1.0\;C:\Windows\System32\OpenSSH\;C:\Program Files (x86)\Intel\Intel(R) Management Engine Components\DAL;C:\Program Files\Intel\Intel(R) Management Engine Components\DAL;C:\Program Files\Java\jdk1.8.0_333\bin;C:\ProgramData\chocolatey\bin;C:\Users\dtougov\AppData\Local\Android\Sdk\platform-tools;C:\Program Files\dotnet\;C:\Program Files\nodejs2\;C:\Users\dtougov\Downloads\allure-2.19.0\bin;C:\Users\dtougov\Downloads;C:\maven\bin;C:\Users\dtougov\AppData\Local\Programs\Python\Python310\Scripts\;C:\Users\dtougov\AppData\Local\Programs\Python\Python310\;C:\Users\dtougov\AppData\Local\Microsoft\WindowsApps;C:\Program Files\JetBrains\IntelliJ IDEA Community Edition 2022.2\bin;;C:\Program Files\JetBrains\PyCharm Community Edition 2022.2\bin;;C:\Users\dtougov\AppData\Roaming\npm;C:\Program Files\JetBrains\PyCharm 2022.2.1\bin;;."/>
    <property name="java.vm.info" value="mixed mode"/>
    <property name="java.vendor" value="Oracle Corporation"/>
    <property name="java.vm.version" value="25.333-b02"/>
    <property name="java.ext.dirs" value="C:\Program Files\Java\jdk1.8.0_333\jre\lib\ext;C:\Windows\Sun\Java\lib\ext"/>
    <property name="sun.io.unicode.encoding" value="UnicodeLittle"/>
    <property name="java.class.version" value="52.0"/>
  </properties>
  <testcase name="scenario[&quot;Login with invalid user name&quot;, &quot;Optional[Login scenarios]&quot;](1)" classname="com.qa.runners.Sm910TestNGRunnerTest" time="8.283">
    <system-out><![CDATA[[INFO ] 2022-08-30 16:48:20.290 ServerManager:20 - starting appium server
&amp#27;[35m[Appium]&amp#27;[39m Welcome to Appium v1.22.3
&amp#27;[35m[Appium]&amp#27;[39m Non-default server args:
&amp#27;[35m[Appium]&amp#27;[39m   port: 15528
&amp#27;[35m[Appium]&amp#27;[39m   sessionOverride: true
&amp#27;[35m[Appium]&amp#27;[39m   logFile: C:\Users\dtougov\Downloads\appium-cucumberbdd-testng-master (1)\appium-cucumberbdd-testng-master-new\Android_sm910\Server.log
&amp#27;[35m[Appium]&amp#27;[39m Appium REST http interface listener started on 0.0.0.0:15528
&amp#27;[35m[HTTP]&amp#27;[39m &amp#27;[37m-->&amp#27;[39m &amp#27;[37mGET&amp#27;[39m &amp#27;[37m/wd/hub/status&amp#27;[39m
&amp#27;[35m[HTTP]&amp#27;[39m &amp#27;[90m{}&amp#27;[39m
[debug] &amp#27;[35m[GENERIC]&amp#27;[39m Calling AppiumDriver.getStatus() with args: []
[debug] &amp#27;[35m[GENERIC]&amp#27;[39m Responding to client with driver.getStatus() result: {"build":{"version":"1.22.3"}}
&amp#27;[35m[HTTP]&amp#27;[39m &amp#27;[37m<-- GET /wd/hub/status &amp#27;[39m&amp#27;[32m200&amp#27;[39m &amp#27;[90m16 ms - 68&amp#27;[39m
&amp#27;[35m[HTTP]&amp#27;[39m &amp#27;[90m&amp#27;[39m
&amp#27;[35m[HTTP]&amp#27;[39m &amp#27;[37m-->&amp#27;[39m &amp#27;[37mGET&amp#27;[39m &amp#27;[37m/wd/hub/status&amp#27;[39m
&amp#27;[35m[HTTP]&amp#27;[39m &amp#27;[90m{}&amp#27;[39m
[debug] &amp#27;[35m[GENERIC]&amp#27;[39m Calling AppiumDriver.getStatus() with args: []
[debug] &amp#27;[35m[GENERIC]&amp#27;[39m Responding to client with driver.getStatus() result: {"build":{"version":"1.22.3"}}
&amp#27;[35m[HTTP]&amp#27;[39m &amp#27;[37m<-- GET /wd/hub/status &amp#27;[39m&amp#27;[32m200&amp#27;[39m &amp#27;[90m11 ms - 68&amp#27;[39m
&amp#27;[35m[HTTP]&amp#27;[39m &amp#27;[90m&amp#27;[39m
[INFO ] 2022-08-30 16:48:28.249 ServerManager:29 - Appium server started
[INFO ] 2022-08-30 16:48:28.386 DriverManager:28 - initializing Appium driver
[INFO ] 2022-08-30 16:48:28.438 PropertyManager:17 - loading config properties
[INFO ] 2022-08-30 16:48:28.441 CapabilitiesManager:18 - getting capabilities
[INFO ] 2022-08-30 16:48:28.446 CapabilitiesManager:34 - appUrl isC:\Users\dtougov\Downloads\appium-cucumberbdd-testng-master (1)\appium-cucumberbdd-testng-master-new\src\test\resources\apps\Android.SauceLabs.Mobile.Sample.app.2.7.1.apk
&amp#27;[35m[Appium]&amp#27;[39m Welcome to Appium v1.22.3
&amp#27;[35m[Appium]&amp#27;[39m Non-default server args:
&amp#27;[35m[Appium]&amp#27;[39m   port: 16071
&amp#27;[35m[Appium]&amp#27;[39m   sessionOverride: true
&amp#27;[35m[Appium]&amp#27;[39m   logFile: C:\Users\dtougov\Downloads\appium-cucumberbdd-testng-master (1)\appium-cucumberbdd-testng-master-new\Android_sony\Server.log
&amp#27;[35m[Appium]&amp#27;[39m Appium REST http interface listener started on 0.0.0.0:16071
[debug] &amp#27;[35m[HTTP]&amp#27;[39m Request idempotency key: f30905e6-93ab-4b6d-8806-58abeda304dc
&amp#27;[35m[HTTP]&amp#27;[39m &amp#27;[37m-->&amp#27;[39m &amp#27;[37mPOST&amp#27;[39m &amp#27;[37m/wd/hub/session&amp#27;[39m
&amp#27;[35m[HTTP]&amp#27;[39m &amp#27;[90m{"desiredCapabilities":{"app":"C:\\Users\\dtougov\\Downloads\\appium-cucumberbdd-testng-master (1)\\appium-cucumberbdd-testng-master-new\\src\\test\\resources\\apps\\Android.SauceLabs.Mobile.Sample.app.2.7.1.apk","appActivity":"com.swaglabsmobileapp.SplashActivity","appPackage":"com.swaglabsmobileapp","automationName":"UiAutomator2","chromeDriverPort":"11001","platformName":"Android","udid":"4100d1bde4b1a193","deviceName":"sm910","systemPort":"10001"},"capabilities":{"firstMatch":[{"appium:app":"C:\\Users\\dtougov\\Downloads\\appium-cucumberbdd-testng-master (1)\\appium-cucumberbdd-testng-master-new\\src\\test\\resources\\apps\\Android.SauceLabs.Mobile.Sample.app.2.7.1.apk","appium:appActivity":"com.swaglabsmobileapp.SplashActivity","appium:appPackage":"com.swaglabsmobileapp","appium:automationName":"UiAutomator2","chromeDriverPort":"11001","appium:deviceName":"sm910","platformName":"android","appium:systemPort":"10001","appium:udid":"4100d1bde4b1a193"}]}}&amp#27;[39m
[debug] &amp#27;[35m[W3C]&amp#27;[39m Calling AppiumDriver.createSession() with args: [{"app":"C:\\Users\\dtougov\\Downloads\\appium-cucumberbdd-testng-master (1)\\appium-cucumberbdd-testng-master-new\\src\\test\\resources\\apps\\Android.SauceLabs.Mobile.Sample.app.2.7.1.apk","appActivity":"com.swaglabsmobileapp.SplashActivity","appPackage":"com.swaglabsmobileapp","automationName":"UiAutomator2","chromeDriverPort":"11001","platformName":"Android","udid":"4100d1bde4b1a193","deviceName":"sm910","systemPort":"10001"},null,{"firstMatch":[{"appium:app":"C:\\Users\\dtougov\\Downloads\\appium-cucumberbdd-testng-master (1)\\appium-cucumberbdd-testng-master-new\\src\\test\\resources\\apps\\Android.SauceLabs.Mobile.Sample.app.2.7.1.apk","appium:appActivity":"com.swaglabsmobileapp.SplashActivity","appium:appPackage":"com.swaglabsmobileapp","appium:automationName":"UiAutomator2","chromeDriverPort":"11001","appium:deviceName":"sm910","platformName":"android","appium:systemPort":"10001","appium:udid":"4100d1bde4b1a193"}]}]
[debug] &amp#27;[35m[BaseDriver]&amp#27;[39m Event 'newSessionRequested' logged at 1661892509979 (16:48:29 GMT-0400 (Eastern Daylight Time))
&amp#27;[35m[BaseDriver]&amp#27;[39m The following capabilities are not standard capabilities and should have an extension prefix:
&amp#27;[35m[BaseDriver]&amp#27;[39m   chromeDriverPort
&amp#27;[35m[HTTP]&amp#27;[39m &amp#27;[37m-->&amp#27;[39m &amp#27;[37mGET&amp#27;[39m &amp#27;[37m/wd/hub/status&amp#27;[39m
&amp#27;[35m[HTTP]&amp#27;[39m &amp#27;[90m{}&amp#27;[39m
[debug] &amp#27;[35m[GENERIC]&amp#27;[39m Calling AppiumDriver.getStatus() with args: []
[debug] &amp#27;[35m[GENERIC]&amp#27;[39m Responding to client with driver.getStatus() result: {"build":{"version":"1.22.3"}}
&amp#27;[35m[HTTP]&amp#27;[39m &amp#27;[37m<-- GET /wd/hub/status &amp#27;[39m&amp#27;[32m200&amp#27;[39m &amp#27;[90m13 ms - 68&amp#27;[39m
&amp#27;[35m[HTTP]&amp#27;[39m &amp#27;[90m&amp#27;[39m
&amp#27;[35m[HTTP]&amp#27;[39m &amp#27;[37m-->&amp#27;[39m &amp#27;[37mGET&amp#27;[39m &amp#27;[37m/wd/hub/status&amp#27;[39m
&amp#27;[35m[HTTP]&amp#27;[39m &amp#27;[90m{}&amp#27;[39m
[debug] &amp#27;[35m[GENERIC]&amp#27;[39m Calling AppiumDriver.getStatus() with args: []
[debug] &amp#27;[35m[GENERIC]&amp#27;[39m Responding to client with driver.getStatus() result: {"build":{"version":"1.22.3"}}
[INFO ] 2022-08-30 16:48:30.056 ServerManager:29 - Appium server started
&amp#27;[35m[HTTP]&amp#27;[39m &amp#27;[37m<-- GET /wd[INFO ] 2022-08-30 16:48:30.056 DriverManager:28 - initializing Appium driver
/hub/status &amp#27;[39m&amp#27;[32m200&amp#27;[39m &amp#27;[90m4 ms - 68&amp#27;[39m
&amp#27;[35m[HTTP]&amp#27;[39m &amp#27;[90m&amp#27;[39m
[INFO ] 2022-08-30 16:48:30.057 CapabilitiesManager:18 - getting capabilities
[INFO ] 2022-08-30 16:48:30.058 CapabilitiesManager:34 - appUrl isC:\Users\dtougov\Downloads\appium-cucumberbdd-testng-master (1)\appium-cucumberbdd-testng-master-new\src\test\resources\apps\Android.SauceLabs.Mobile.Sample.app.2.7.1.apk
[debug] &amp#27;[35m[HTTP]&amp#27;[39m Request idempotency key: d7637842-498c-45eb-b941-03a4b261ed97
&amp#27;[35m[HTTP]&amp#27;[39m &amp#27;[37m-->&amp#27;[39m &amp#27;[37mPOST&amp#27;[39m &amp#27;[37m/wd/hub/session&amp#27;[39m
&amp#27;[35m[HTTP]&amp#27;[39m &amp#27;[90m{"desiredCapabilities":{"app":"C:\\Users\\dtougov\\Downloads\\appium-cucumberbdd-testng-master (1)\\appium-cucumberbdd-testng-master-new\\src\\test\\resources\\apps\\Android.SauceLabs.Mobile.Sample.app.2.7.1.apk","appActivity":"com.swaglabsmobileapp.SplashActivity","appPackage":"com.swaglabsmobileapp","automationName":"UiAutomator2","chromeDriverPort":"11000","platformName":"Android","udid":"CB5A29JXTK","deviceName":"sony","systemPort":"10000"},"capabilities":{"firstMatch":[{"appium:app":"C:\\Users\\dtougov\\Downloads\\appium-cucumberbdd-testng-master (1)\\appium-cucumberbdd-testng-master-new\\src\\test\\resources\\apps\\Android.SauceLabs.Mobile.Sample.app.2.7.1.apk","appium:appActivity":"com.swaglabsmobileapp.SplashActivity","appium:appPackage":"com.swaglabsmobileapp","appium:automationName":"UiAutomator2","chromeDriverPort":"11000","appium:deviceName":"sony","platformName":"android","appium:systemPort":"10000","appium:udid":"CB5A29JXTK"}]}}&amp#27;[39m
[debug] &amp#27;[35m[W3C]&amp#27;[39m Calling AppiumDriver.createSession() with args: [{"app":"C:\\Users\\dtougov\\Downloads\\appium-cucumberbdd-testng-master (1)\\appium-cucumberbdd-testng-master-new\\src\\test\\resources\\apps\\Android.SauceLabs.Mobile.Sample.app.2.7.1.apk","appActivity":"com.swaglabsmobileapp.SplashActivity","appPackage":"com.swaglabsmobileapp","automationName":"UiAutomator2","chromeDriverPort":"11000","platformName":"Android","udid":"CB5A29JXTK","deviceName":"sony","systemPort":"10000"},null,{"firstMatch":[{"appium:app":"C:\\Users\\dtougov\\Downloads\\appium-cucumberbdd-testng-master (1)\\appium-cucumberbdd-testng-master-new\\src\\test\\resources\\apps\\Android.SauceLabs.Mobile.Sample.app.2.7.1.apk","appium:appActivity":"com.swaglabsmobileapp.SplashActivity","appium:appPackage":"com.swaglabsmobileapp","appium:automationName":"UiAutomator2","chromeDriverPort":"11000","appium:deviceName":"sony","platformName":"android","appium:systemPort":"10000","appium:udid":"CB5A29JXTK"}]}]
[debug] &amp#27;[35m[BaseDriver]&amp#27;[39m Event 'newSessionRequested' logged at 1661892510104 (16:48:30 GMT-0400 (Eastern Daylight Time))
&amp#27;[35m[BaseDriver]&amp#27;[39m The following capabilities are not standard capabilities and should have an extension prefix:
&amp#27;[35m[BaseDriver]&amp#27;[39m   chromeDriverPort
&amp#27;[35m[Appium]&amp#27;[39m Appium v1.22.3 creating new AndroidUiautomator2Driver (v1.70.1) session
[debug] &amp#27;[35m[Appium]&amp#27;[39m There are no active sessions for cleanup
[debug] &amp#27;[35m[BaseDriver]&amp#27;[39m W3C capabilities and MJSONWP desired capabilities were provided
[debug] &amp#27;[35m[BaseDriver]&amp#27;[39m Creating session with W3C capabilities: {
[debug] &amp#27;[35m[BaseDriver]&amp#27;[39m   "alwaysMatch": {
[debug] &amp#27;[35m[BaseDriver]&amp#27;[39m     "appium:chromeDriverPort": "11001",
[debug] &amp#27;[35m[BaseDriver]&amp#27;[39m     "platformName": "android",
[debug] &amp#27;[35m[BaseDriver]&amp#27;[39m     "appium:app": "C:\\Users\\dtougov\\Downloads\\appium-cucumberbdd-testng-master (1)\\appium-cucumberbdd-testng-master-new\\src\\test\\resources\\apps\\Android.SauceLabs.Mobile.Sample.app.2.7.1.apk",
[debug] &amp#27;[35m[BaseDriver]&amp#27;[39m     "appium:appActivity": "com.swaglabsmobileapp.SplashActivity",
[debug] &amp#27;[35m[BaseDriver]&amp#27;[39m     "appium:appPackage": "com.swaglabsmobileapp",
[debug] &amp#27;[35m[BaseDriver]&amp#27;[39m     "appium:automationName": "UiAutomator2",
[debug] &amp#27;[35m[BaseDriver]&amp#27;[39m     "appium:deviceName": "sm910",
[debug] &amp#27;[35m[BaseDriver]&amp#27;[39m     "appium:systemPort": "10001",
[debug] &amp#27;[35m[BaseDriver]&amp#27;[39m     "appium:udid": "4100d1bde4b1a193"
[debug] &amp#27;[35m[BaseDriver]&amp#27;[39m   },
[debug] &amp#27;[35m[BaseDriver]&amp#27;[39m   "firstMatch": [
[debug] &amp#27;[35m[BaseDriver]&amp#27;[39m     {}
[debug] &amp#27;[35m[BaseDriver]&amp#27;[39m   ]
[debug] &amp#27;[35m[BaseDriver]&amp#27;[39m }
&amp#27;[35m[BaseDriver]&amp#27;[39m Number capability passed in as string. Functionality may be compromised.
&amp#27;[35m[BaseDriver]&amp#27;[39m Number capability passed in as string. Functionality may be compromised.
&amp#27;[35m[BaseDriver]&amp#27;[39m Capability 'systemPort' changed from string ('10001') to integer (10001). This may cause unexpected behavior
&amp#27;[35m[BaseDriver]&amp#27;[39m Capability 'chromeDriverPort' changed from string ('11001') to integer (11001). This may cause unexpected behavior
&amp#27;[35m[BaseDriver]&amp#27;[39m Session created with session id: 644cb43e-d672-40f5-a9b0-1fd484bb3424
&amp#27;[35m[BaseDriver]&amp#27;[39m Using local app 'C:\Users\dtougov\Downloads\appium-cucumberbdd-testng-master (1)\appium-cucumberbdd-testng-master-new\src\test\resources\apps\Android.SauceLabs.Mobile.Sample.app.2.7.1.apk'
[debug] &amp#27;[35m[UiAutomator2]&amp#27;[39m Checking whether app is actually present
&amp#27;[35m[ADB]&amp#27;[39m Found 1 'build-tools' folders under 'C:\Users\dtougov\AppData\Local\Android\Sdk' (newest first):
&amp#27;[35m[ADB]&amp#27;[39m     C:/Users/dtougov/AppData/Local/Android/Sdk/build-tools/33.0.0
&amp#27;[35m[ADB]&amp#27;[39m Using 'adb.exe' from 'C:\Users\dtougov\AppData\Local\Android\Sdk\platform-tools\adb.exe'
[debug] &amp#27;[35m[ADB]&amp#27;[39m Running 'C:\Users\dtougov\AppData\Local\Android\Sdk\platform-tools\adb.exe -P 5037 start-server'
&amp#27;[35m[Appium]&amp#27;[39m Appium v1.22.3 creating new AndroidUiautomator2Driver (v1.70.1) session
[debug] &amp#27;[35m[Appium]&amp#27;[39m There are no active sessions for cleanup
[debug] &amp#27;[35m[BaseDriver]&amp#27;[39m W3C capabilities and MJSONWP desired capabilities were provided
[debug] &amp#27;[35m[BaseDriver]&amp#27;[39m Creating session with W3C capabilities: {
[debug] &amp#27;[35m[BaseDriver]&amp#27;[39m   "alwaysMatch": {
[debug] &amp#27;[35m[BaseDriver]&amp#27;[39m     "appium:chromeDriverPort": "11000",
[debug] &amp#27;[35m[BaseDriver]&amp#27;[39m     "platformName": "android",
[debug] &amp#27;[35m[BaseDriver]&amp#27;[39m     "appium:app": "C:\\Users\\dtougov\\Downloads\\appium-cucumberbdd-testng-master (1)\\appium-cucumberbdd-testng-master-new\\src\\test\\resources\\apps\\Android.SauceLabs.Mobile.Sample.app.2.7.1.apk",
[debug] &amp#27;[35m[BaseDriver]&amp#27;[39m     "appium:appActivity": "com.swaglabsmobileapp.SplashActivity",
[debug] &amp#27;[35m[BaseDriver]&amp#27;[39m     "appium:appPackage": "com.swaglabsmobileapp",
[debug] &amp#27;[35m[BaseDriver]&amp#27;[39m     "appium:automationName": "UiAutomator2",
[debug] &amp#27;[35m[BaseDriver]&amp#27;[39m     "appium:deviceName": "sony",
[debug] &amp#27;[35m[BaseDriver]&amp#27;[39m     "appium:systemPort": "10000",
[debug] &amp#27;[35m[BaseDriver]&amp#27;[39m     "appium:udid": "CB5A29JXTK"
[debug] &amp#27;[35m[BaseDriver]&amp#27;[39m   },
[debug] &amp#27;[35m[BaseDriver]&amp#27;[39m   "firstMatch": [
[debug] &amp#27;[35m[BaseDriver]&amp#27;[39m     {}
[debug] &amp#27;[35m[BaseDriver]&amp#27;[39m   ]
[debug] &amp#27;[35m[BaseDriver]&amp#27;[39m }
&amp#27;[35m[BaseDriver]&amp#27;[39m Number capability passed in as string. Functionality may be compromised.
&amp#27;[35m[BaseDriver]&amp#27;[39m Number capability passed in as string. Functionality may be compromised.
&amp#27;[35m[BaseDriver]&amp#27;[39m Capability 'systemPort' changed from string ('10000') to integer (10000). This may cause unexpected behavior
&amp#27;[35m[BaseDriver]&amp#27;[39m Capability 'chromeDriverPort' changed from string ('11000') to integer (11000). This may cause unexpected behavior
&amp#27;[35m[BaseDriver]&amp#27;[39m Session created with session id: ee0e5569-3cfd-4739-96df-73f2565751c2
&amp#27;[35m[BaseDriver]&amp#27;[39m Using local app 'C:\Users\dtougov\Downloads\appium-cucumberbdd-testng-master (1)\appium-cucumberbdd-testng-master-new\src\test\resources\apps\Android.SauceLabs.Mobile.Sample.app.2.7.1.apk'
[debug] &amp#27;[35m[UiAutomator2]&amp#27;[39m Checking whether app is actually present
&amp#27;[35m[ADB]&amp#27;[39m Found 1 'build-tools' folders under 'C:\Users\dtougov\AppData\Local\Android\Sdk' (newest first):
&amp#27;[35m[ADB]&amp#27;[39m     C:/Users/dtougov/AppData/Local/Android/Sdk/build-tools/33.0.0
&amp#27;[35m[ADB]&amp#27;[39m Using 'adb.exe' from 'C:\Users\dtougov\AppData\Local\Android\Sdk\platform-tools\adb.exe'
[debug] &amp#27;[35m[ADB]&amp#27;[39m Running 'C:\Users\dtougov\AppData\Local\Android\Sdk\platform-tools\adb.exe -P 5037 start-server'
&amp#27;[35m[AndroidDriver]&amp#27;[39m Retrieving device list
[debug] &amp#27;[35m[ADB]&amp#27;[39m Trying to find a connected android device
[debug] &amp#27;[35m[ADB]&amp#27;[39m Getting connected devices
&amp#27;[35m[AndroidDriver]&amp#27;[39m Retrieving device list
[debug] &amp#27;[35m[ADB]&amp#27;[39m Trying to find a connected android device
[debug] &amp#27;[35m[ADB]&amp#27;[39m Getting connected devices
[debug] &amp#27;[35m[ADB]&amp#27;[39m Connected devices: [{"udid":"4100d1bde4b1a193","state":"device"},{"udid":"CB5A29JXTK","state":"device"}]
&amp#27;[35m[AndroidDriver]&amp#27;[39m Using device: 4100d1bde4b1a193
&amp#27;[35m[ADB]&amp#27;[39m Using 'adb.exe' from 'C:\Users\dtougov\AppData\Local\Android\Sdk\platform-tools\adb.exe'
[debug] &amp#27;[35m[ADB]&amp#27;[39m Running 'C:\Users\dtougov\AppData\Local\Android\Sdk\platform-tools\adb.exe -P 5037 start-server'
[debug] &amp#27;[35m[ADB]&amp#27;[39m Connected devices: [{"udid":"4100d1bde4b1a193","state":"device"},{"udid":"CB5A29JXTK","state":"device"}]
&amp#27;[35m[AndroidDriver]&amp#27;[39m Using device: CB5A29JXTK
&amp#27;[35m[ADB]&amp#27;[39m Using 'adb.exe' from 'C:\Users\dtougov\AppData\Local\Android\Sdk\platform-tools\adb.exe'
[debug] &amp#27;[35m[ADB]&amp#27;[39m Running 'C:\Users\dtougov\AppData\Local\Android\Sdk\platform-tools\adb.exe -P 5037 start-server'
[debug] &amp#27;[35m[ADB]&amp#27;[39m Setting device id to 4100d1bde4b1a193
[debug] &amp#27;[35m[ADB]&amp#27;[39m Running 'C:\Users\dtougov\AppData\Local\Android\Sdk\platform-tools\adb.exe -P 5037 -s 4100d1bde4b1a193 shell getprop ro.build.version.sdk'
[debug] &amp#27;[35m[ADB]&amp#27;[39m Setting device id to CB5A29JXTK
[debug] &amp#27;[35m[ADB]&amp#27;[39m Running 'C:\Users\dtougov\AppData\Local\Android\Sdk\platform-tools\adb.exe -P 5037 -s CB5A29JXTK shell getprop ro.build.version.sdk'
[debug] &amp#27;[35m[ADB]&amp#27;[39m Current device property 'ro.build.version.sdk': 23
[debug] &amp#27;[35m[ADB]&amp#27;[39m Device API level: 23
[debug] &amp#27;[35m[ADB]&amp#27;[39m Running 'C:\Users\dtougov\AppData\Local\Android\Sdk\platform-tools\adb.exe -P 5037 -s 4100d1bde4b1a193 wait-for-device'
[debug] &amp#27;[35m[ADB]&amp#27;[39m Current device property 'ro.build.version.sdk': 25
[debug] &amp#27;[35m[ADB]&amp#27;[39m Device API level: 25
[debug] &amp#27;[35m[ADB]&amp#27;[39m Running 'C:\Users\dtougov\AppData\Local\Android\Sdk\platform-tools\adb.exe -P 5037 -s CB5A29JXTK wait-for-device'
[debug] &amp#27;[35m[ADB]&amp#27;[39m Running 'C:\Users\dtougov\AppData\Local\Android\Sdk\platform-tools\adb.exe -P 5037 -s 4100d1bde4b1a193 shell echo ping'
[debug] &amp#27;[35m[ADB]&amp#27;[39m Running 'C:\Users\dtougov\AppData\Local\Android\Sdk\platform-tools\adb.exe -P 5037 -s CB5A29JXTK shell echo ping'
[debug] &amp#27;[35m[AndroidDriver]&amp#27;[39m Pushing settings apk to device...
[debug] &amp#27;[35m[ADB]&amp#27;[39m Getting install status for io.appium.settings
[debug] &amp#27;[35m[ADB]&amp#27;[39m Running 'C:\Users\dtougov\AppData\Local\Android\Sdk\platform-tools\adb.exe -P 5037 -s 4100d1bde4b1a193 shell dumpsys package io.appium.settings'
[debug] &amp#27;[35m[AndroidDriver]&amp#27;[39m Pushing settings apk to device...
[debug] &amp#27;[35m[ADB]&amp#27;[39m Getting install status for io.appium.settings
[debug] &amp#27;[35m[ADB]&amp#27;[39m Running 'C:\Users\dtougov\AppData\Local\Android\Sdk\platform-tools\adb.exe -P 5037 -s CB5A29JXTK shell dumpsys package io.appium.settings'
[debug] &amp#27;[35m[ADB]&amp#27;[39m 'io.appium.settings' is installed
[debug] &amp#27;[35m[ADB]&amp#27;[39m Getting package info for 'io.appium.settings'
[debug] &amp#27;[35m[ADB]&amp#27;[39m Running 'C:\Users\dtougov\AppData\Local\Android\Sdk\platform-tools\adb.exe -P 5037 -s 4100d1bde4b1a193 shell dumpsys package io.appium.settings'
[debug] &amp#27;[35m[ADB]&amp#27;[39m 'io.appium.settings' is installed
[debug] &amp#27;[35m[ADB]&amp#27;[39m Getting package info for 'io.appium.settings'
[debug] &amp#27;[35m[ADB]&amp#27;[39m Running 'C:\Users\dtougov\AppData\Local\Android\Sdk\platform-tools\adb.exe -P 5037 -s CB5A29JXTK shell dumpsys package io.appium.settings'
[debug] &amp#27;[35m[ADB]&amp#27;[39m The version name of the installed 'io.appium.settings' is greater or equal to the application version name ('3.4.0' >= '3.4.0')
[debug] &amp#27;[35m[ADB]&amp#27;[39m There is no need to install/upgrade 'C:\Users\dtougov\AppData\Roaming\npm\node_modules\appium\node_modules\io.appium.settings\apks\settings_apk-debug.apk'
[debug] &amp#27;[35m[ADB]&amp#27;[39m Getting IDs of all 'io.appium.settings' processes
[debug] &amp#27;[35m[ADB]&amp#27;[39m Running 'C:\Users\dtougov\AppData\Local\Android\Sdk\platform-tools\adb.exe -P 5037 -s 4100d1bde4b1a193 shell 'pgrep --help; echo $?''
[debug] &amp#27;[35m[ADB]&amp#27;[39m The version name of the installed 'io.appium.settings' is greater or equal to the application version name ('3.4.0' >= '3.4.0')
[debug] &amp#27;[35m[ADB]&amp#27;[39m There is no need to install/upgrade 'C:\Users\dtougov\AppData\Roaming\npm\node_modules\appium\node_modules\io.appium.settings\apks\settings_apk-debug.apk'
[debug] &amp#27;[35m[ADB]&amp#27;[39m Getting IDs of all 'io.appium.settings' processes
[debug] &amp#27;[35m[ADB]&amp#27;[39m Running 'C:\Users\dtougov\AppData\Local\Android\Sdk\platform-tools\adb.exe -P 5037 -s CB5A29JXTK shell 'pgrep --help; echo $?''
[debug] &amp#27;[35m[ADB]&amp#27;[39m Running 'C:\Users\dtougov\AppData\Local\Android\Sdk\platform-tools\adb.exe -P 5037 -s 4100d1bde4b1a193 shell pgrep -f \(\[\[:blank:\]\]\|\^\)io\.appium\.settings\(\[\[:blank:\]\]\|\$\)'
[debug] &amp#27;[35m[ADB]&amp#27;[39m Running 'C:\Users\dtougov\AppData\Local\Android\Sdk\platform-tools\adb.exe -P 5037 -s CB5A29JXTK shell 'pgrep ^appium\\.settings$ || pgrep ^io\\.appium\\.setti$''
[debug] &amp#27;[35m[AndroidDriver]&amp#27;[39m io.appium.settings is already running. There is no need to reset its permissions.
[debug] &amp#27;[35m[ADB]&amp#27;[39m Running 'C:\Users\dtougov\AppData\Local\Android\Sdk\platform-tools\adb.exe -P 5037 -s 4100d1bde4b1a193 shell appops set io.appium.settings android:mock_location allow'
[debug] &amp#27;[35m[ADB]&amp#27;[39m Getting IDs of all 'io.appium.settings' processes
[debug] &amp#27;[35m[ADB]&amp#27;[39m Running 'C:\Users\dtougov\AppData\Local\Android\Sdk\platform-tools\adb.exe -P 5037 -s CB5A29JXTK shell 'pgrep ^appium\\.settings$ || pgrep ^io\\.appium\\.setti$''
[debug] &amp#27;[35m[ADB]&amp#27;[39m Starting Appium Settings app
[debug] &amp#27;[35m[ADB]&amp#27;[39m Running 'C:\Users\dtougov\AppData\Local\Android\Sdk\platform-tools\adb.exe -P 5037 -s CB5A29JXTK shell am start -n io.appium.settings/.Settings -a android.intent.action.MAIN -c android.intent.category.LAUNCHER'
[debug] &amp#27;[35m[Logcat]&amp#27;[39m Starting logs capture with command: C:\\Users\\dtougov\\AppData\\Local\\Android\\Sdk\\platform-tools\\adb.exe -P 5037 -s 4100d1bde4b1a193 logcat -v threadtime
[debug] &amp#27;[35m[UiAutomator2]&amp#27;[39m Forwarding UiAutomator2 Server port 6790 to local port 10001
[debug] &amp#27;[35m[ADB]&amp#27;[39m Forwarding system: 10001 to device: 6790
[debug] &amp#27;[35m[ADB]&amp#27;[39m Running 'C:\Users\dtougov\AppData\Local\Android\Sdk\platform-tools\adb.exe -P 5037 -s 4100d1bde4b1a193 forward tcp:10001 tcp:6790'
[debug] &amp#27;[35m[ADB]&amp#27;[39m Getting install status for io.appium.uiautomator2.server
[debug] &amp#27;[35m[ADB]&amp#27;[39m Running 'C:\Users\dtougov\AppData\Local\Android\Sdk\platform-tools\adb.exe -P 5037 -s 4100d1bde4b1a193 shell dumpsys package io.appium.uiautomator2.server'
[debug] &amp#27;[35m[ADB]&amp#27;[39m 'io.appium.uiautomator2.server' is installed
[debug] &amp#27;[35m[ADB]&amp#27;[39m Getting package info for 'io.appium.uiautomator2.server'
[debug] &amp#27;[35m[ADB]&amp#27;[39m Running 'C:\Users\dtougov\AppData\Local\Android\Sdk\platform-tools\adb.exe -P 5037 -s 4100d1bde4b1a193 shell dumpsys package io.appium.uiautomator2.server'
[debug] &amp#27;[35m[ADB]&amp#27;[39m Getting IDs of all 'io.appium.settings' processes
[debug] &amp#27;[35m[ADB]&amp#27;[39m Running 'C:\Users\dtougov\AppData\Local\Android\Sdk\platform-tools\adb.exe -P 5037 -s CB5A29JXTK shell 'pgrep ^appium\\.settings$ || pgrep ^io\\.appium\\.setti$''
[debug] &amp#27;[35m[ADB]&amp#27;[39m Running 'C:\Users\dtougov\AppData\Local\Android\Sdk\platform-tools\adb.exe -P 5037 -s CB5A29JXTK shell appops set io.appium.settings android:mock_location allow'
[debug] &amp#27;[35m[ADB]&amp#27;[39m The version name of the installed 'io.appium.uiautomator2.server' is greater or equal to the application version name ('4.27.0' >= '4.27.0')
[debug] &amp#27;[35m[UiAutomator2]&amp#27;[39m io.appium.uiautomator2.server installation state: sameVersionInstalled
[debug] &amp#27;[35m[ADB]&amp#27;[39m Checking app cert for C:\Users\dtougov\AppData\Roaming\npm\node_modules\appium\node_modules\appium-uiautomator2-server\apks\appium-uiautomator2-server-v4.27.0.apk
&amp#27;[35m[ADB]&amp#27;[39m Using 'apksigner.jar' from 'C:\Users\dtougov\AppData\Local\Android\Sdk\build-tools\33.0.0\lib\apksigner.jar'
[debug] &amp#27;[35m[ADB]&amp#27;[39m Starting apksigner: 'C:\\Program Files\\Java\\jdk1.8.0_333\\bin\\java.exe' -Xmx1024M -Xss1m -jar C:\\Users\\dtougov\\AppData\\Local\\Android\\Sdk\\build-tools\\33.0.0\\lib\\apksigner.jar verify --print-certs C:\\Users\\dtougov\\AppData\\Roaming\\npm\\node_modules\\appium\\node_modules\\appium-uiautomator2-server\\apks\\appium-uiautomator2-server-v4.27.0.apk
[debug] &amp#27;[35m[Logcat]&amp#27;[39m Starting logs capture with command: C:\\Users\\dtougov\\AppData\\Local\\Android\\Sdk\\platform-tools\\adb.exe -P 5037 -s CB5A29JXTK logcat -v threadtime
[debug] &amp#27;[35m[UiAutomator2]&amp#27;[39m Forwarding UiAutomator2 Server port 6790 to local port 10000
[debug] &amp#27;[35m[ADB]&amp#27;[39m Forwarding system: 10000 to device: 6790
[debug] &amp#27;[35m[ADB]&amp#27;[39m Running 'C:\Users\dtougov\AppData\Local\Android\Sdk\platform-tools\adb.exe -P 5037 -s CB5A29JXTK forward tcp:10000 tcp:6790'
[debug] &amp#27;[35m[ADB]&amp#27;[39m Getting install status for io.appium.uiautomator2.server
[debug] &amp#27;[35m[ADB]&amp#27;[39m Running 'C:\Users\dtougov\AppData\Local\Android\Sdk\platform-tools\adb.exe -P 5037 -s CB5A29JXTK shell dumpsys package io.appium.uiautomator2.server'
[debug] &amp#27;[35m[ADB]&amp#27;[39m 'io.appium.uiautomator2.server' is installed
[debug] &amp#27;[35m[ADB]&amp#27;[39m Getting package info for 'io.appium.uiautomator2.server'
[debug] &amp#27;[35m[ADB]&amp#27;[39m Running 'C:\Users\dtougov\AppData\Local\Android\Sdk\platform-tools\adb.exe -P 5037 -s CB5A29JXTK shell dumpsys package io.appium.uiautomator2.server'
[debug] &amp#27;[35m[ADB]&amp#27;[39m The version name of the installed 'io.appium.uiautomator2.server' is greater or equal to the application version name ('4.27.0' >= '4.27.0')
[debug] &amp#27;[35m[UiAutomator2]&amp#27;[39m io.appium.uiautomator2.server installation state: sameVersionInstalled
[debug] &amp#27;[35m[ADB]&amp#27;[39m Checking app cert for C:\Users\dtougov\AppData\Roaming\npm\node_modules\appium\node_modules\appium-uiautomator2-server\apks\appium-uiautomator2-server-v4.27.0.apk
&amp#27;[35m[ADB]&amp#27;[39m Using 'apksigner.jar' from 'C:\Users\dtougov\AppData\Local\Android\Sdk\build-tools\33.0.0\lib\apksigner.jar'
[debug] &amp#27;[35m[ADB]&amp#27;[39m Starting apksigner: 'C:\\Program Files\\Java\\jdk1.8.0_333\\bin\\java.exe' -Xmx1024M -Xss1m -jar C:\\Users\\dtougov\\AppData\\Local\\Android\\Sdk\\build-tools\\33.0.0\\lib\\apksigner.jar verify --print-certs C:\\Users\\dtougov\\AppData\\Roaming\\npm\\node_modules\\appium\\node_modules\\appium-uiautomator2-server\\apks\\appium-uiautomator2-server-v4.27.0.apk
[debug] &amp#27;[35m[ADB]&amp#27;[39m apksigner stdout: Signer #1 certificate DN: EMAILADDRESS=android@android.com, CN=Android, OU=Android, O=Android, L=Mountain View, ST=California, C=US
[debug] &amp#27;[35m[ADB]&amp#27;[39m Signer #1 certificate SHA-256 digest: a40da80a59d170caa950cf15c18c454d47a39b26989d8b640ecd745ba71bf5dc
[debug] &amp#27;[35m[ADB]&amp#27;[39m Signer #1 certificate SHA-1 digest: 61ed377e85d386a8dfee6b864bd85b0bfaa5af81
[debug] &amp#27;[35m[ADB]&amp#27;[39m Signer #1 certificate MD5 digest: e89b158e4bcf988ebd09eb83f5378e87
[debug] &amp#27;[35m[ADB]&amp#27;[39m 
[debug] &amp#27;[35m[ADB]&amp#27;[39m sha256 hash did match for 'appium-uiautomator2-server-v4.27.0.apk'
&amp#27;[35m[ADB]&amp#27;[39m 'C:\Users\dtougov\AppData\Roaming\npm\node_modules\appium\node_modules\appium-uiautomator2-server\apks\appium-uiautomator2-server-v4.27.0.apk' is signed with the default certificate
[debug] &amp#27;[35m[ADB]&amp#27;[39m Getting install status for io.appium.uiautomator2.server.test
[debug] &amp#27;[35m[ADB]&amp#27;[39m Running 'C:\Users\dtougov\AppData\Local\Android\Sdk\platform-tools\adb.exe -P 5037 -s 4100d1bde4b1a193 shell dumpsys package io.appium.uiautomator2.server.test'
[debug] &amp#27;[35m[ADB]&amp#27;[39m 'io.appium.uiautomator2.server.test' is installed
[debug] &amp#27;[35m[ADB]&amp#27;[39m Checking app cert for C:\Users\dtougov\AppData\Roaming\npm\node_modules\appium\node_modules\appium-uiautomator2-server\apks\appium-uiautomator2-server-debug-androidTest.apk
[debug] &amp#27;[35m[ADB]&amp#27;[39m Starting apksigner: 'C:\\Program Files\\Java\\jdk1.8.0_333\\bin\\java.exe' -Xmx1024M -Xss1m -jar C:\\Users\\dtougov\\AppData\\Local\\Android\\Sdk\\build-tools\\33.0.0\\lib\\apksigner.jar verify --print-certs C:\\Users\\dtougov\\AppData\\Roaming\\npm\\node_modules\\appium\\node_modules\\appium-uiautomator2-server\\apks\\appium-uiautomator2-server-debug-androidTest.apk
[debug] &amp#27;[35m[ADB]&amp#27;[39m apksigner stdout: Signer #1 certificate DN: EMAILADDRESS=android@android.com, CN=Android, OU=Android, O=Android, L=Mountain View, ST=California, C=US
[debug] &amp#27;[35m[ADB]&amp#27;[39m Signer #1 certificate SHA-256 digest: a40da80a59d170caa950cf15c18c454d47a39b26989d8b640ecd745ba71bf5dc
[debug] &amp#27;[35m[ADB]&amp#27;[39m Signer #1 certificate SHA-1 digest: 61ed377e85d386a8dfee6b864bd85b0bfaa5af81
[debug] &amp#27;[35m[ADB]&amp#27;[39m Signer #1 certificate MD5 digest: e89b158e4bcf988ebd09eb83f5378e87
[debug] &amp#27;[35m[ADB]&amp#27;[39m 
[debug] &amp#27;[35m[ADB]&amp#27;[39m sha256 hash did match for 'appium-uiautomator2-server-debug-androidTest.apk'
&amp#27;[35m[ADB]&amp#27;[39m 'C:\Users\dtougov\AppData\Roaming\npm\node_modules\appium\node_modules\appium-uiautomator2-server\apks\appium-uiautomator2-server-debug-androidTest.apk' is signed with the default certificate
&amp#27;[35m[UiAutomator2]&amp#27;[39m Server packages are not going to be (re)installed
[debug] &amp#27;[35m[UiAutomator2]&amp#27;[39m Waiting up to 30000ms for services to be available
[debug] &amp#27;[35m[ADB]&amp#27;[39m Running 'C:\Users\dtougov\AppData\Local\Android\Sdk\platform-tools\adb.exe -P 5037 -s 4100d1bde4b1a193 shell pm list instrumentation'
[debug] &amp#27;[35m[ADB]&amp#27;[39m apksigner stdout: Signer #1 certificate DN: EMAILADDRESS=android@android.com, CN=Android, OU=Android, O=Android, L=Mountain View, ST=California, C=US
[debug] &amp#27;[35m[ADB]&amp#27;[39m Signer #1 certificate SHA-256 digest: a40da80a59d170caa950cf15c18c454d47a39b26989d8b640ecd745ba71bf5dc
[debug] &amp#27;[35m[ADB]&amp#27;[39m Signer #1 certificate SHA-1 digest: 61ed377e85d386a8dfee6b864bd85b0bfaa5af81
[debug] &amp#27;[35m[ADB]&amp#27;[39m Signer #1 certificate MD5 digest: e89b158e4bcf988ebd09eb83f5378e87
[debug] &amp#27;[35m[ADB]&amp#27;[39m 
[debug] &amp#27;[35m[ADB]&amp#27;[39m sha256 hash did match for 'appium-uiautomator2-server-v4.27.0.apk'
&amp#27;[35m[ADB]&amp#27;[39m 'C:\Users\dtougov\AppData\Roaming\npm\node_modules\appium\node_modules\appium-uiautomator2-server\apks\appium-uiautomator2-server-v4.27.0.apk' is signed with the default certificate
[debug] &amp#27;[35m[ADB]&amp#27;[39m Getting install status for io.appium.uiautomator2.server.test
[debug] &amp#27;[35m[ADB]&amp#27;[39m Running 'C:\Users\dtougov\AppData\Local\Android\Sdk\platform-tools\adb.exe -P 5037 -s CB5A29JXTK shell dumpsys package io.appium.uiautomator2.server.test'
[debug] &amp#27;[35m[ADB]&amp#27;[39m 'io.appium.uiautomator2.server.test' is installed
[debug] &amp#27;[35m[ADB]&amp#27;[39m Checking app cert for C:\Users\dtougov\AppData\Roaming\npm\node_modules\appium\node_modules\appium-uiautomator2-server\apks\appium-uiautomator2-server-debug-androidTest.apk
[debug] &amp#27;[35m[ADB]&amp#27;[39m Starting apksigner: 'C:\\Program Files\\Java\\jdk1.8.0_333\\bin\\java.exe' -Xmx1024M -Xss1m -jar C:\\Users\\dtougov\\AppData\\Local\\Android\\Sdk\\build-tools\\33.0.0\\lib\\apksigner.jar verify --print-certs C:\\Users\\dtougov\\AppData\\Roaming\\npm\\node_modules\\appium\\node_modules\\appium-uiautomator2-server\\apks\\appium-uiautomator2-server-debug-androidTest.apk
[debug] &amp#27;[35m[UiAutomator2]&amp#27;[39m Instrumentation target 'io.appium.uiautomator2.server.test/androidx.test.runner.AndroidJUnitRunner' is available
&amp#27;[35m[ADB]&amp#27;[39m Adding packages ["io.appium.settings","io.appium.uiautomator2.server","io.appium.uiautomator2.server.test"] to Doze whitelist
[debug] &amp#27;[35m[ADB]&amp#27;[39m Got the following command chunks to execute: [["dumpsys","deviceidle","whitelist","+io.appium.settings",";","dumpsys","deviceidle","whitelist","+io.appium.uiautomator2.server",";","dumpsys","deviceidle","whitelist","+io.appium.uiautomator2.server.test",";"]]
[debug] &amp#27;[35m[ADB]&amp#27;[39m Running 'C:\Users\dtougov\AppData\Local\Android\Sdk\platform-tools\adb.exe -P 5037 -s 4100d1bde4b1a193 shell dumpsys deviceidle whitelist +io.appium.settings ; dumpsys deviceidle whitelist +io.appium.uiautomator2.server ; dumpsys deviceidle whitelist +io.appium.uiautomator2.server.test ;'
[debug] &amp#27;[35m[ADB]&amp#27;[39m apksigner stdout: Signer #1 certificate DN: EMAILADDRESS=android@android.com, CN=Android, OU=Android, O=Android, L=Mountain View, ST=California, C=US
[debug] &amp#27;[35m[ADB]&amp#27;[39m Signer #1 certificate SHA-256 digest: a40da80a59d170caa950cf15c18c454d47a39b26989d8b640ecd745ba71bf5dc
[debug] &amp#27;[35m[ADB]&amp#27;[39m Signer #1 certificate SHA-1 digest: 61ed377e85d386a8dfee6b864bd85b0bfaa5af81
[debug] &amp#27;[35m[ADB]&amp#27;[39m Signer #1 certificate MD5 digest: e89b158e4bcf988ebd09eb83f5378e87
[debug] &amp#27;[35m[ADB]&amp#27;[39m 
[debug] &amp#27;[35m[ADB]&amp#27;[39m sha256 hash did match for 'appium-uiautomator2-server-debug-androidTest.apk'
&amp#27;[35m[ADB]&amp#27;[39m 'C:\Users\dtougov\AppData\Roaming\npm\node_modules\appium\node_modules\appium-uiautomator2-server\apks\appium-uiautomator2-server-debug-androidTest.apk' is signed with the default certificate
&amp#27;[35m[UiAutomator2]&amp#27;[39m Server packages are not going to be (re)installed
[debug] &amp#27;[35m[UiAutomator2]&amp#27;[39m Waiting up to 30000ms for services to be available
[debug] &amp#27;[35m[ADB]&amp#27;[39m Running 'C:\Users\dtougov\AppData\Local\Android\Sdk\platform-tools\adb.exe -P 5037 -s CB5A29JXTK shell pm list instrumentation'
[debug] &amp#27;[35m[ADB]&amp#27;[39m Checking app cert for C:\Users\dtougov\Downloads\appium-cucumberbdd-testng-master (1)\appium-cucumberbdd-testng-master-new\src\test\resources\apps\Android.SauceLabs.Mobile.Sample.app.2.7.1.apk
[debug] &amp#27;[35m[ADB]&amp#27;[39m Starting apksigner: 'C:\\Program Files\\Java\\jdk1.8.0_333\\bin\\java.exe' -Xmx1024M -Xss1m -jar C:\\Users\\dtougov\\AppData\\Local\\Android\\Sdk\\build-tools\\33.0.0\\lib\\apksigner.jar verify --print-certs 'C:\\Users\\dtougov\\Downloads\\appium-cucumberbdd-testng-master (1)\\appium-cucumberbdd-testng-master-new\\src\\test\\resources\\apps\\Android.SauceLabs.Mobile.Sample.app.2.7.1.apk'
[debug] &amp#27;[35m[UiAutomator2]&amp#27;[39m Instrumentation target 'io.appium.uiautomator2.server.test/androidx.test.runner.AndroidJUnitRunner' is available
&amp#27;[35m[ADB]&amp#27;[39m Adding packages ["io.appium.settings","io.appium.uiautomator2.server","io.appium.uiautomator2.server.test"] to Doze whitelist
[debug] &amp#27;[35m[ADB]&amp#27;[39m Got the following command chunks to execute: [["dumpsys","deviceidle","whitelist","+io.appium.settings",";","dumpsys","deviceidle","whitelist","+io.appium.uiautomator2.server",";","dumpsys","deviceidle","whitelist","+io.appium.uiautomator2.server.test",";"]]
[debug] &amp#27;[35m[ADB]&amp#27;[39m Running 'C:\Users\dtougov\AppData\Local\Android\Sdk\platform-tools\adb.exe -P 5037 -s CB5A29JXTK shell dumpsys deviceidle whitelist +io.appium.settings ; dumpsys deviceidle whitelist +io.appium.uiautomator2.server ; dumpsys deviceidle whitelist +io.appium.uiautomator2.server.test ;'
[debug] &amp#27;[35m[ADB]&amp#27;[39m Checking app cert for C:\Users\dtougov\Downloads\appium-cucumberbdd-testng-master (1)\appium-cucumberbdd-testng-master-new\src\test\resources\apps\Android.SauceLabs.Mobile.Sample.app.2.7.1.apk
[debug] &amp#27;[35m[ADB]&amp#27;[39m Starting apksigner: 'C:\\Program Files\\Java\\jdk1.8.0_333\\bin\\java.exe' -Xmx1024M -Xss1m -jar C:\\Users\\dtougov\\AppData\\Local\\Android\\Sdk\\build-tools\\33.0.0\\lib\\apksigner.jar verify --print-certs 'C:\\Users\\dtougov\\Downloads\\appium-cucumberbdd-testng-master (1)\\appium-cucumberbdd-testng-master-new\\src\\test\\resources\\apps\\Android.SauceLabs.Mobile.Sample.app.2.7.1.apk'
[debug] &amp#27;[35m[ADB]&amp#27;[39m apksigner stdout: Signer #1 certificate DN: CN=wswebcreation, OU=sample-app, O=Sauce Labs, L=San Francisco, ST=California, C=CA
[debug] &amp#27;[35m[ADB]&amp#27;[39m Signer #1 certificate SHA-256 digest: 24fd76156cde9748f50e68dbdafde6498ec4beaa41316438d06ffdde41ce7a3d
[debug] &amp#27;[35m[ADB]&amp#27;[39m Signer #1 certificate SHA-1 digest: 2a1a91b5b813edbd94986bffb8398349b9b504e0
[debug] &amp#27;[35m[ADB]&amp#27;[39m Signer #1 certificate MD5 digest: ac89c8eda61ba1f13ee22bae56d13abc
[debug] &amp#27;[35m[ADB]&amp#27;[39m 
&amp#27;[35m[ADB]&amp#27;[39m 'C:\Users\dtougov\Downloads\appium-cucumberbdd-testng-master (1)\appium-cucumberbdd-testng-master-new\src\test\resources\apps\Android.SauceLabs.Mobile.Sample.app.2.7.1.apk' is signed with a non-default certificate
[debug] &amp#27;[35m[ADB]&amp#27;[39m Getting install status for com.swaglabsmobileapp
[debug] &amp#27;[35m[ADB]&amp#27;[39m Running 'C:\Users\dtougov\AppData\Local\Android\Sdk\platform-tools\adb.exe -P 5037 -s 4100d1bde4b1a193 shell dumpsys package com.swaglabsmobileapp'
[debug] &amp#27;[35m[ADB]&amp#27;[39m 'com.swaglabsmobileapp' is installed
[debug] &amp#27;[35m[ADB]&amp#27;[39m Getting package info for 'com.swaglabsmobileapp'
[debug] &amp#27;[35m[ADB]&amp#27;[39m Running 'C:\Users\dtougov\AppData\Local\Android\Sdk\platform-tools\adb.exe -P 5037 -s 4100d1bde4b1a193 shell dumpsys package com.swaglabsmobileapp'
[debug] &amp#27;[35m[ADB]&amp#27;[39m The version name of the installed 'com.swaglabsmobileapp' is greater or equal to the application version name ('2.7.1' >= '2.7.1')
[debug] &amp#27;[35m[ADB]&amp#27;[39m There is no need to install/upgrade 'C:\Users\dtougov\Downloads\appium-cucumberbdd-testng-master (1)\appium-cucumberbdd-testng-master-new\src\test\resources\apps\Android.SauceLabs.Mobile.Sample.app.2.7.1.apk'
&amp#27;[35m[AndroidDriver]&amp#27;[39m Performing fast reset on 'com.swaglabsmobileapp'
[debug] &amp#27;[35m[ADB]&amp#27;[39m Getting install status for com.swaglabsmobileapp
[debug] &amp#27;[35m[ADB]&amp#27;[39m Running 'C:\Users\dtougov\AppData\Local\Android\Sdk\platform-tools\adb.exe -P 5037 -s 4100d1bde4b1a193 shell dumpsys package com.swaglabsmobileapp'
[debug] &amp#27;[35m[ADB]&amp#27;[39m 'com.swaglabsmobileapp' is installed
[debug] &amp#27;[35m[ADB]&amp#27;[39m Running 'C:\Users\dtougov\AppData\Local\Android\Sdk\platform-tools\adb.exe -P 5037 -s 4100d1bde4b1a193 shell am force-stop com.swaglabsmobileapp'
[debug] &amp#27;[35m[ADB]&amp#27;[39m apksigner stdout: Signer #1 certificate DN: CN=wswebcreation, OU=sample-app, O=Sauce Labs, L=San Francisco, ST=California, C=CA
[debug] &amp#27;[35m[ADB]&amp#27;[39m Signer #1 certificate SHA-256 digest: 24fd76156cde9748f50e68dbdafde6498ec4beaa41316438d06ffdde41ce7a3d
[debug] &amp#27;[35m[ADB]&amp#27;[39m Signer #1 certificate SHA-1 digest: 2a1a91b5b813edbd94986bffb8398349b9b504e0
[debug] &amp#27;[35m[ADB]&amp#27;[39m Signer #1 certificate MD5 digest: ac89c8eda61ba1f13ee22bae56d13abc
[debug] &amp#27;[35m[ADB]&amp#27;[39m 
&amp#27;[35m[ADB]&amp#27;[39m 'C:\Users\dtougov\Downloads\appium-cucumberbdd-testng-master (1)\appium-cucumberbdd-testng-master-new\src\test\resources\apps\Android.SauceLabs.Mobile.Sample.app.2.7.1.apk' is signed with a non-default certificate
[debug] &amp#27;[35m[ADB]&amp#27;[39m Getting install status for com.swaglabsmobileapp
[debug] &amp#27;[35m[ADB]&amp#27;[39m Running 'C:\Users\dtougov\AppData\Local\Android\Sdk\platform-tools\adb.exe -P 5037 -s CB5A29JXTK shell dumpsys package com.swaglabsmobileapp'
[debug] &amp#27;[35m[ADB]&amp#27;[39m 'com.swaglabsmobileapp' is installed
[debug] &amp#27;[35m[ADB]&amp#27;[39m Getting package info for 'com.swaglabsmobileapp'
[debug] &amp#27;[35m[ADB]&amp#27;[39m Running 'C:\Users\dtougov\AppData\Local\Android\Sdk\platform-tools\adb.exe -P 5037 -s CB5A29JXTK shell dumpsys package com.swaglabsmobileapp'
[debug] &amp#27;[35m[ADB]&amp#27;[39m Running 'C:\Users\dtougov\AppData\Local\Android\Sdk\platform-tools\adb.exe -P 5037 -s 4100d1bde4b1a193 shell pm clear com.swaglabsmobileapp'
[debug] &amp#27;[35m[ADB]&amp#27;[39m The version name of the installed 'com.swaglabsmobileapp' is greater or equal to the application version name ('2.7.1' >= '2.7.1')
[debug] &amp#27;[35m[ADB]&amp#27;[39m There is no need to install/upgrade 'C:\Users\dtougov\Downloads\appium-cucumberbdd-testng-master (1)\appium-cucumberbdd-testng-master-new\src\test\resources\apps\Android.SauceLabs.Mobile.Sample.app.2.7.1.apk'
&amp#27;[35m[AndroidDriver]&amp#27;[39m Performing fast reset on 'com.swaglabsmobileapp'
[debug] &amp#27;[35m[ADB]&amp#27;[39m Getting install status for com.swaglabsmobileapp
[debug] &amp#27;[35m[ADB]&amp#27;[39m Running 'C:\Users\dtougov\AppData\Local\Android\Sdk\platform-tools\adb.exe -P 5037 -s CB5A29JXTK shell dumpsys package com.swaglabsmobileapp'
[debug] &amp#27;[35m[ADB]&amp#27;[39m 'com.swaglabsmobileapp' is installed
[debug] &amp#27;[35m[ADB]&amp#27;[39m Running 'C:\Users\dtougov\AppData\Local\Android\Sdk\platform-tools\adb.exe -P 5037 -s CB5A29JXTK shell am force-stop com.swaglabsmobileapp'
[debug] &amp#27;[35m[AndroidDriver]&amp#27;[39m Performed fast reset on the installed 'com.swaglabsmobileapp' application (stop and clear)
[debug] &amp#27;[35m[UiAutomator2]&amp#27;[39m Performing shallow cleanup of automation leftovers
[debug] &amp#27;[35m[UiAutomator2]&amp#27;[39m No obsolete sessions have been detected (socket hang up)
[debug] &amp#27;[35m[ADB]&amp#27;[39m Running 'C:\Users\dtougov\AppData\Local\Android\Sdk\platform-tools\adb.exe -P 5037 -s 4100d1bde4b1a193 shell am force-stop io.appium.uiautomator2.server.test'
[debug] &amp#27;[35m[ADB]&amp#27;[39m Running 'C:\Users\dtougov\AppData\Local\Android\Sdk\platform-tools\adb.exe -P 5037 -s CB5A29JXTK shell pm clear com.swaglabsmobileapp'
&amp#27;[35m[UiAutomator2]&amp#27;[39m Starting UIAutomator2 server 4.27.0
&amp#27;[35m[UiAutomator2]&amp#27;[39m Using UIAutomator2 server from 'C:\Users\dtougov\AppData\Roaming\npm\node_modules\appium\node_modules\appium-uiautomator2-server\apks\appium-uiautomator2-server-v4.27.0.apk' and test from 'C:\Users\dtougov\AppData\Roaming\npm\node_modules\appium\node_modules\appium-uiautomator2-server\apks\appium-uiautomator2-server-debug-androidTest.apk'
&amp#27;[35m[UiAutomator2]&amp#27;[39m Waiting up to 30000ms for UiAutomator2 to be online...
[debug] &amp#27;[35m[ADB]&amp#27;[39m Creating ADB subprocess with args: ["-P",5037,"-s","4100d1bde4b1a193","shell","am","instrument","-w","-e","disableAnalytics",true,"io.appium.uiautomator2.server.test/androidx.test.runner.AndroidJUnitRunner"]
[debug] &amp#27;[35m[WD Proxy]&amp#27;[39m Matched '/status' to command name 'getStatus'
[debug] &amp#27;[35m[WD Proxy]&amp#27;[39m Proxying [GET /status] to [GET http://127.0.0.1:10001/wd/hub/status] with no body
&amp#27;[35m[WD Proxy]&amp#27;[39m socket hang up
[debug] &amp#27;[35m[AndroidDriver]&amp#27;[39m Performed fast reset on the installed 'com.swaglabsmobileapp' application (stop and clear)
[debug] &amp#27;[35m[UiAutomator2]&amp#27;[39m Performing shallow cleanup of automation leftovers
[debug] &amp#27;[35m[UiAutomator2]&amp#27;[39m No obsolete sessions have been detected (socket hang up)
[debug] &amp#27;[35m[ADB]&amp#27;[39m Running 'C:\Users\dtougov\AppData\Local\Android\Sdk\platform-tools\adb.exe -P 5037 -s CB5A29JXTK shell am force-stop io.appium.uiautomator2.server.test'
[debug] &amp#27;[35m[WD Proxy]&amp#27;[39m Matched '/status' to command name 'getStatus'
[debug] &amp#27;[35m[WD Proxy]&amp#27;[39m Proxying [GET /status] to [GET http://127.0.0.1:10001/wd/hub/status] with no body
&amp#27;[35m[WD Proxy]&amp#27;[39m socket hang up
[debug] &amp#27;[35m[Instrumentation]&amp#27;[39m io.appium.uiautomator2.server.test.AppiumUiAutomator2Server:
&amp#27;[35m[UiAutomator2]&amp#27;[39m Starting UIAutomator2 server 4.27.0
&amp#27;[35m[UiAutomator2]&amp#27;[39m Using UIAutomator2 server from 'C:\Users\dtougov\AppData\Roaming\npm\node_modules\appium\node_modules\appium-uiautomator2-server\apks\appium-uiautomator2-server-v4.27.0.apk' and test from 'C:\Users\dtougov\AppData\Roaming\npm\node_modules\appium\node_modules\appium-uiautomator2-server\apks\appium-uiautomator2-server-debug-androidTest.apk'
&amp#27;[35m[UiAutomator2]&amp#27;[39m Waiting up to 30000ms for UiAutomator2 to be online...
[debug] &amp#27;[35m[ADB]&amp#27;[39m Creating ADB subprocess with args: ["-P",5037,"-s","CB5A29JXTK","shell","am","instrument","-w","-e","disableAnalytics",true,"io.appium.uiautomator2.server.test/androidx.test.runner.AndroidJUnitRunner"]
[debug] &amp#27;[35m[WD Proxy]&amp#27;[39m Matched '/status' to command name 'getStatus'
[debug] &amp#27;[35m[WD Proxy]&amp#27;[39m Proxying [GET /status] to [GET http://127.0.0.1:10000/wd/hub/status] with no body
&amp#27;[35m[WD Proxy]&amp#27;[39m socket hang up
[debug] &amp#27;[35m[WD Proxy]&amp#27;[39m Matched '/status' to command name 'getStatus'
[debug] &amp#27;[35m[WD Proxy]&amp#27;[39m Proxying [GET /status] to [GET http://127.0.0.1:10001/wd/hub/status] with no body
&amp#27;[35m[WD Proxy]&amp#27;[39m socket hang up
[debug] &amp#27;[35m[WD Proxy]&amp#27;[39m Matched '/status' to command name 'getStatus'
[debug] &amp#27;[35m[WD Proxy]&amp#27;[39m Proxying [GET /status] to [GET http://127.0.0.1:10000/wd/hub/status] with no body
&amp#27;[35m[WD Proxy]&amp#27;[39m socket hang up
[debug] &amp#27;[35m[WD Proxy]&amp#27;[39m Matched '/status' to command name 'getStatus'
[debug] &amp#27;[35m[WD Proxy]&amp#27;[39m Proxying [GET /status] to [GET http://127.0.0.1:10001/wd/hub/status] with no body
[debug] &amp#27;[35m[WD Proxy]&amp#27;[39m Got response with status 200: {"sessionId":"None","value":{"message":"UiAutomator2 Server is ready to accept commands","ready":true}}
[debug] &amp#27;[35m[UiAutomator2]&amp#27;[39m The initialization of the instrumentation process took 3323ms
[debug] &amp#27;[35m[WD Proxy]&amp#27;[39m Matched '/session' to command name 'createSession'
[debug] &amp#27;[35m[WD Proxy]&amp#27;[39m Proxying [POST /session] to [POST http://127.0.0.1:10001/wd/hub/session] with body: {"capabilities":{"firstMatch":[{"platform":"LINUX","webStorageEnabled":false,"takesScreenshot":true,"javascriptEnabled":true,"databaseEnabled":false,"networkConnectionEnabled":true,"locationContextEnabled":false,"warnings":{},"desired":{"platformName":"android","chromeDriverPort":11001,"app":"C:\\Users\\dtougov\\Downloads\\appium-cucumberbdd-testng-master (1)\\appium-cucumberbdd-testng-master-new\\src\\test\\resources\\apps\\Android.SauceLabs.Mobile.Sample.app.2.7.1.apk","appActivity":"com.swaglabsmobileapp.SplashActivity","appPackage":"com.swaglabsmobileapp","automationName":"UiAutomator2","deviceName":"sm910","systemPort":10001,"udid":"4100d1bde4b1a193"},"platformName":"android","chromeDriverPort":11001,"app":"C:\\Users\\dtougov\\Downloads\\appium-cucumberbdd-testng-master (1)\\appium-cucumberbdd-testng-master-new\\src\\test\\resources\\apps\\Android.SauceLabs.Mobile.Sample.app.2.7.1.apk","appActivity":"com.swaglabsmobileapp.SplashActivity","appPackage":"com.swaglabsmobileapp","automationName":"UiAutomat...
[debug] &amp#27;[35m[WD Proxy]&amp#27;[39m Got response with status 200: {"sessionId":"44ba05ff-d8a8-4796-9026-76750819bf31","value":{"capabilities":{"firstMatch":[{"platform":"LINUX","webStorageEnabled":false,"takesScreenshot":true,"javascriptEnabled":true,"databaseEnabled":false,"networkConnectionEnabled":true,"locationContextEnabled":false,"warnings":{},"desired":{"platformName":"android","chromeDriverPort":11001,"app":"C:\\Users\\dtougov\\Downloads\\appium-cucumberbdd-testng-master (1)\\appium-cucumberbdd-testng-master-new\\src\\test\\resources\\apps\\Android.SauceLabs.Mobile.Sample.app.2.7.1.apk","appActivity":"com.swaglabsmobileapp.SplashActivity","appPackage":"com.swaglabsmobileapp","automationName":"UiAutomator2","deviceName":"sm910","systemPort":10001,"udid":"4100d1bde4b1a193"},"platformName":"android","chromeDriverPort":11001,"app":"C:\\Users\\dtougov\\Downloads\\appium-cucumberbdd-testng-master (1)\\appium-cucumberbdd-testng-master-new\\src\\test\\resources\\apps\\Android.SauceLabs.Mobile.Sample.app.2.7.1.apk","appActivity":"com.swaglabsmobileapp.SplashActivity","app...
&amp#27;[35m[WD Proxy]&amp#27;[39m Determined the downstream protocol as 'W3C'
[debug] &amp#27;[35m[WD Proxy]&amp#27;[39m Proxying [GET /appium/device/info] to [GET http://127.0.0.1:10001/wd/hub/session/44ba05ff-d8a8-4796-9026-76750819bf31/appium/device/info] with no body
[debug] &amp#27;[35m[WD Proxy]&amp#27;[39m Got response with status 200: {"sessionId":"44ba05ff-d8a8-4796-9026-76750819bf31","value":{"androidId":"d61b2a46ac85346b","apiVersion":"23","bluetooth":{"state":"OFF"},"brand":"samsung","carrierName":"Koodo","displayDensity":640,"locale":"ru_RU","manufacturer":"samsung","model":"SM-N910C","networks":[{"capabilities":{"SSID":null,"linkDownBandwidthKbps":1048576,"linkUpstreamBandwidthKbps":1048576,"networkCapabilities":"NET_CAPABILITY_NOT_RESTRICTED,NET_CAPABILITY_NOT_VPN,NET_CAPABILITY_WIFI_P2P,NET_CAPABILITY_TRUSTED","signalStrength":-2147483648,"transportTypes":"TRANSPORT_WIFI"},"detailedState":"IDLE","extraInfo":null,"isAvailable":true,"isConnected":false,"isFailover":false,"isRoaming":false,"state":"UNKNOWN","subtype":0,"subtypeName":"","type":13,"typeName":"WIFI_P2P"},{"capabilities":{"SSID":null,"linkDownBandwidthKbps":1048576,"linkUpstreamBandwidthKbps":1048576,"networkCapabilities":"NET_CAPABILITY_NOT_RESTRICTED,NET_CAPABILITY_NOT_VPN,NET_CAPABILITY_INTERNET,NET_CAPABILITY_TRUSTED,NET_CAPABILITY_VALIDATED","signalStrength":-58,"...
[debug] &amp#27;[35m[ADB]&amp#27;[39m Running 'C:\Users\dtougov\AppData\Local\Android\Sdk\platform-tools\adb.exe -P 5037 -s 4100d1bde4b1a193 shell dumpsys window'
&amp#27;[35m[AndroidDriver]&amp#27;[39m Screen already unlocked, doing nothing
&amp#27;[35m[UiAutomator2]&amp#27;[39m Starting 'com.swaglabsmobileapp/com.swaglabsmobileapp.SplashActivity and waiting for 'com.swaglabsmobileapp/com.swaglabsmobileapp.SplashActivity'
[debug] &amp#27;[35m[ADB]&amp#27;[39m Running 'C:\Users\dtougov\AppData\Local\Android\Sdk\platform-tools\adb.exe -P 5037 -s 4100d1bde4b1a193 shell am start -W -n com.swaglabsmobileapp/com.swaglabsmobileapp.SplashActivity -S -a android.intent.action.MAIN -c android.intent.category.LAUNCHER -f 0x10200000'
[debug] &amp#27;[35m[Instrumentation]&amp#27;[39m io.appium.uiautomator2.server.test.AppiumUiAutomator2Server:
[debug] &amp#27;[35m[WD Proxy]&amp#27;[39m Matched '/status' to command name 'getStatus'
[debug] &amp#27;[35m[WD Proxy]&amp#27;[39m Proxying [GET /status] to [GET http://127.0.0.1:10000/wd/hub/status] with no body
&amp#27;[35m[WD Proxy]&amp#27;[39m socket hang up
[debug] &amp#27;[35m[WD Proxy]&amp#27;[39m Matched '/status' to command name 'getStatus'
[debug] &amp#27;[35m[WD Proxy]&amp#27;[39m Proxying [GET /status] to [GET http://127.0.0.1:10000/wd/hub/status] with no body
[debug] &amp#27;[35m[WD Proxy]&amp#27;[39m Got response with status 200: {"sessionId":"None","value":{"message":"UiAutomator2 Server is ready to accept commands","ready":true}}
[debug] &amp#27;[35m[UiAutomator2]&amp#27;[39m The initialization of the instrumentation process took 3289ms
[debug] &amp#27;[35m[WD Proxy]&amp#27;[39m Matched '/session' to command name 'createSession'
[debug] &amp#27;[35m[WD Proxy]&amp#27;[39m Proxying [POST /session] to [POST http://127.0.0.1:10000/wd/hub/session] with body: {"capabilities":{"firstMatch":[{"platform":"LINUX","webStorageEnabled":false,"takesScreenshot":true,"javascriptEnabled":true,"databaseEnabled":false,"networkConnectionEnabled":true,"locationContextEnabled":false,"warnings":{},"desired":{"platformName":"android","chromeDriverPort":11000,"app":"C:\\Users\\dtougov\\Downloads\\appium-cucumberbdd-testng-master (1)\\appium-cucumberbdd-testng-master-new\\src\\test\\resources\\apps\\Android.SauceLabs.Mobile.Sample.app.2.7.1.apk","appActivity":"com.swaglabsmobileapp.SplashActivity","appPackage":"com.swaglabsmobileapp","automationName":"UiAutomator2","deviceName":"sony","systemPort":10000,"udid":"CB5A29JXTK"},"platformName":"android","chromeDriverPort":11000,"app":"C:\\Users\\dtougov\\Downloads\\appium-cucumberbdd-testng-master (1)\\appium-cucumberbdd-testng-master-new\\src\\test\\resources\\apps\\Android.SauceLabs.Mobile.Sample.app.2.7.1.apk","appActivity":"com.swaglabsmobileapp.SplashActivity","appPackage":"com.swaglabsmobileapp","automationName":"UiAutomator2","d...
[debug] &amp#27;[35m[WD Proxy]&amp#27;[39m Got response with status 200: {"sessionId":"21df9c7c-7d36-4b62-bb40-31691f012b3b","value":{"capabilities":{"firstMatch":[{"platform":"LINUX","webStorageEnabled":false,"takesScreenshot":true,"javascriptEnabled":true,"databaseEnabled":false,"networkConnectionEnabled":true,"locationContextEnabled":false,"warnings":{},"desired":{"platformName":"android","chromeDriverPort":11000,"app":"C:\\Users\\dtougov\\Downloads\\appium-cucumberbdd-testng-master (1)\\appium-cucumberbdd-testng-master-new\\src\\test\\resources\\apps\\Android.SauceLabs.Mobile.Sample.app.2.7.1.apk","appActivity":"com.swaglabsmobileapp.SplashActivity","appPackage":"com.swaglabsmobileapp","automationName":"UiAutomator2","deviceName":"sony","systemPort":10000,"udid":"CB5A29JXTK"},"platformName":"android","chromeDriverPort":11000,"app":"C:\\Users\\dtougov\\Downloads\\appium-cucumberbdd-testng-master (1)\\appium-cucumberbdd-testng-master-new\\src\\test\\resources\\apps\\Android.SauceLabs.Mobile.Sample.app.2.7.1.apk","appActivity":"com.swaglabsmobileapp.SplashActivity","appPackage...
&amp#27;[35m[WD Proxy]&amp#27;[39m Determined the downstream protocol as 'W3C'
[debug] &amp#27;[35m[WD Proxy]&amp#27;[39m Proxying [GET /appium/device/info] to [GET http://127.0.0.1:10000/wd/hub/session/21df9c7c-7d36-4b62-bb40-31691f012b3b/appium/device/info] with no body
[debug] &amp#27;[35m[WD Proxy]&amp#27;[39m Got response with status 200: {"sessionId":"21df9c7c-7d36-4b62-bb40-31691f012b3b","value":{"androidId":"a2436468ca0ee6fd","apiVersion":"25","bluetooth":{"state":"OFF"},"brand":"Sony","carrierName":"TELUS","displayDensity":480,"locale":"en_CA","manufacturer":"Sony","model":"E6833","networks":[{"capabilities":{"SSID":null,"linkDownBandwidthKbps":1048576,"linkUpstreamBandwidthKbps":1048576,"networkCapabilities":"NET_CAPABILITY_NOT_METERED,NET_CAPABILITY_NOT_RESTRICTED,NET_CAPABILITY_NOT_VPN,NET_CAPABILITY_NOT_ROAMING,NET_CAPABILITY_INTERNET,NET_CAPABILITY_TRUSTED,NET_CAPABILITY_VALIDATED","signalStrength":-64,"transportTypes":"TRANSPORT_WIFI"},"detailedState":"CONNECTED","extraInfo":"\"Tougovs\"","isAvailable":true,"isConnected":true,"isFailover":false,"isRoaming":false,"state":"CONNECTED","subtype":0,"subtypeName":"","type":1,"typeName":"WIFI"},{"capabilities":{"SSID":null,"linkDownBandwidthKbps":0,"linkUpstreamBandwidthKbps":0,"networkCapabilities":"NET_CAPABILITY_NOT_RESTRICTED,NET_CAPABILITY_NOT_ROAMING,NET_CAPABILITY_TRUSTED,NET_CAPA...
[debug] &amp#27;[35m[ADB]&amp#27;[39m Running 'C:\Users\dtougov\AppData\Local\Android\Sdk\platform-tools\adb.exe -P 5037 -s CB5A29JXTK shell dumpsys window'
&amp#27;[35m[AndroidDriver]&amp#27;[39m Screen already unlocked, doing nothing
&amp#27;[35m[UiAutomator2]&amp#27;[39m Starting 'com.swaglabsmobileapp/com.swaglabsmobileapp.SplashActivity and waiting for 'com.swaglabsmobileapp/com.swaglabsmobileapp.SplashActivity'
[debug] &amp#27;[35m[ADB]&amp#27;[39m Running 'C:\Users\dtougov\AppData\Local\Android\Sdk\platform-tools\adb.exe -P 5037 -s CB5A29JXTK shell am start -W -n com.swaglabsmobileapp/com.swaglabsmobileapp.SplashActivity -S -a android.intent.action.MAIN -c android.intent.category.LAUNCHER -f 0x10200000'
[debug] &amp#27;[35m[WD Proxy]&amp#27;[39m Proxying [GET /appium/device/pixel_ratio] to [GET http://127.0.0.1:10001/wd/hub/session/44ba05ff-d8a8-4796-9026-76750819bf31/appium/device/pixel_ratio] with no body
[debug] &amp#27;[35m[WD Proxy]&amp#27;[39m Got response with status 200: {"sessionId":"44ba05ff-d8a8-4796-9026-76750819bf31","value":4}
[debug] &amp#27;[35m[WD Proxy]&amp#27;[39m Matched '/appium/device/system_bars' to command name 'getSystemBars'
[debug] &amp#27;[35m[WD Proxy]&amp#27;[39m Proxying [GET /appium/device/system_bars] to [GET http://127.0.0.1:10001/wd/hub/session/44ba05ff-d8a8-4796-9026-76750819bf31/appium/device/system_bars] with no body
[debug] &amp#27;[35m[WD Proxy]&amp#27;[39m Got response with status 200: {"sessionId":"44ba05ff-d8a8-4796-9026-76750819bf31","value":{"statusBar":96}}
[debug] &amp#27;[35m[WD Proxy]&amp#27;[39m Matched '/window/current/size' to command name 'getWindowSize'
[debug] &amp#27;[35m[WD Proxy]&amp#27;[39m Proxying [GET /window/current/size] to [GET http://127.0.0.1:10001/wd/hub/session/44ba05ff-d8a8-4796-9026-76750819bf31/window/current/size] with no body
[debug] &amp#27;[35m[WD Proxy]&amp#27;[39m Got response with status 200: {"sessionId":"44ba05ff-d8a8-4796-9026-76750819bf31","value":{"height":2560,"width":1440}}
&amp#27;[35m[Appium]&amp#27;[39m New AndroidUiautomator2Driver session created successfully, session 644cb43e-d672-40f5-a9b0-1fd484bb3424 added to master session list
[debug] &amp#27;[35m[BaseDriver]&amp#27;[39m Event 'newSessionStarted' logged at 1661892535634 (16:48:55 GMT-0400 (Eastern Daylight Time))
[debug] &amp#27;[35m[W3C (644cb43e)]&amp#27;[39m Cached the protocol value 'W3C' for the new session 644cb43e-d672-40f5-a9b0-1fd484bb3424
[debug] &amp#27;[35m[W3C (644cb43e)]&amp#27;[39m Responding to client with driver.createSession() result: {"capabilities":{"platform":"LINUX","webStorageEnabled":false,"takesScreenshot":true,"javascriptEnabled":true,"databaseEnabled":false,"networkConnectionEnabled":true,"locationContextEnabled":false,"warnings":{},"desired":{"platformName":"android","chromeDriverPort":11001,"app":"C:\\Users\\dtougov\\Downloads\\appium-cucumberbdd-testng-master (1)\\appium-cucumberbdd-testng-master-new\\src\\test\\resources\\apps\\Android.SauceLabs.Mobile.Sample.app.2.7.1.apk","appActivity":"com.swaglabsmobileapp.SplashActivity","appPackage":"com.swaglabsmobileapp","automationName":"UiAutomator2","deviceName":"sm910","systemPort":10001,"udid":"4100d1bde4b1a193"},"platformName":"android","chromeDriverPort":11001,"app":"C:\\Users\\dtougov\\Downloads\\appium-cucumberbdd-testng-master (1)\\appium-cucumberbdd-testng-master-new\\src\\test\\resources\\apps\\Android.SauceLabs.Mobile.Sample.app.2.7.1.apk","appActivity":"com.swaglabsmobileapp.SplashActivity","appPackage":"com.swaglabsmobileapp","automationName":"UiAutomator2","deviceNam...
&amp#27;[35m[HTTP]&amp#27;[39m &amp#27;[37m<-- POST /wd/hub/session &amp#27;[39m&amp#27;[32m200&amp#27;[39m &amp#27;[90m25662 ms - 1437&amp#27;[39m
&amp#27;[35m[HTTP]&amp#27;[39m &amp#27;[90m&amp#27;[39m
[INFO ] 2022-08-30 16:48:55.762 DriverManager:40 - Driver is initialized

@test1
Scenario Outline: Login with invalid user name                                                        # src/test/resources/Login.feature:11
&amp#27;[35m[HTTP]&amp#27;[39m &amp#27;[37m-->&amp#27;[39m &amp#27;[37mPOST&amp#27;[39m &amp#27;[37m/wd/hub/session/644cb43e-d672-40f5-a9b0-1fd484bb3424/appium/start_recording_screen&amp#27;[39m
&amp#27;[35m[HTTP]&amp#27;[39m &amp#27;[90m{}&amp#27;[39m
[debug] &amp#27;[35m[W3C (644cb43e)]&amp#27;[39m Calling AppiumDriver.startRecordingScreen() with args: [null,"644cb43e-d672-40f5-a9b0-1fd484bb3424"]
[debug] &amp#27;[35m[ADB]&amp#27;[39m Getting IDs of all 'screenrecord' processes
[debug] &amp#27;[35m[ADB]&amp#27;[39m Running 'C:\Users\dtougov\AppData\Local\Android\Sdk\platform-tools\adb.exe -P 5037 -s 4100d1bde4b1a193 shell pgrep -f \(\[\[:blank:\]\]\|\^\)screenrecord\(\[\[:blank:\]\]\|\$\)'
&amp#27;[35m[AndroidDriver]&amp#27;[39m Screen recording has not been previously started by Appium. There is nothing to stop
[debug] &amp#27;[35m[ADB]&amp#27;[39m Getting IDs of all 'screenrecord' processes
[debug] &amp#27;[35m[ADB]&amp#27;[39m Running 'C:\Users\dtougov\AppData\Local\Android\Sdk\platform-tools\adb.exe -P 5037 -s 4100d1bde4b1a193 shell pgrep -f \(\[\[:blank:\]\]\|\^\)screenrecord\(\[\[:blank:\]\]\|\$\)'
[debug] &amp#27;[35m[ADB]&amp#27;[39m Building screenrecord process with the command line: adb -P 5037 -s 4100d1bde4b1a193 shell screenrecord --time-limit 180 /sdcard/05ce9b8c.mp4
[debug] &amp#27;[35m[ADB]&amp#27;[39m Running 'C:\Users\dtougov\AppData\Local\Android\Sdk\platform-tools\adb.exe -P 5037 -s 4100d1bde4b1a193 shell "[ -e '/sdcard/05ce9b8c.mp4' ] && echo __PASS__"'
[debug] &amp#27;[35m[WD Proxy]&amp#27;[39m Proxying [GET /appium/device/pixel_ratio] to [GET http://127.0.0.1:10000/wd/hub/session/21df9c7c-7d36-4b62-bb40-31691f012b3b/appium/device/pixel_ratio] with no body
[debug] &amp#27;[35m[WD Proxy]&amp#27;[39m Got response with status 200: {"sessionId":"21df9c7c-7d36-4b62-bb40-31691f012b3b","value":3}
[debug] &amp#27;[35m[WD Proxy]&amp#27;[39m Matched '/appium/device/system_bars' to command name 'getSystemBars'
[debug] &amp#27;[35m[WD Proxy]&amp#27;[39m Proxying [GET /appium/device/system_bars] to [GET http://127.0.0.1:10000/wd/hub/session/21df9c7c-7d36-4b62-bb40-31691f012b3b/appium/device/system_bars] with no body
[debug] &amp#27;[35m[WD Proxy]&amp#27;[39m Got response with status 200: {"sessionId":"21df9c7c-7d36-4b62-bb40-31691f012b3b","value":{"statusBar":72}}
[debug] &amp#27;[35m[WD Proxy]&amp#27;[39m Matched '/window/current/size' to command name 'getWindowSize'
[debug] &amp#27;[35m[WD Proxy]&amp#27;[39m Proxying [GET /window/current/size] to [GET http://127.0.0.1:10000/wd/hub/session/21df9c7c-7d36-4b62-bb40-31691f012b3b/window/current/size] with no body
[debug] &amp#27;[35m[ADB]&amp#27;[39m Running 'C:\Users\dtougov\AppData\Local\Android\Sdk\platform-tools\adb.exe -P 5037 -s 4100d1bde4b1a193 shell "[ -e '/sdcard/05ce9b8c.mp4' ] && echo __PASS__"'
[debug] &amp#27;[35m[WD Proxy]&amp#27;[39m Got response with status 200: {"sessionId":"21df9c7c-7d36-4b62-bb40-31691f012b3b","value":{"height":1776,"width":1080}}
&amp#27;[35m[Appium]&amp#27;[39m New AndroidUiautomator2Driver session created successfully, session ee0e5569-3cfd-4739-96df-73f2565751c2 added to master session list
[debug] &amp#27;[35m[BaseDriver]&amp#27;[39m Event 'newSessionStarted' logged at 1661892538702 (16:48:58 GMT-0400 (Eastern Daylight Time))
[debug] &amp#27;[35m[W3C (ee0e5569)]&amp#27;[39m Cached the protocol value 'W3C' for the new session ee0e5569-3cfd-4739-96df-73f2565751c2
[debug] &amp#27;[35m[W3C (ee0e5569)]&amp#27;[39m Responding to client with driver.createSession() result: {"capabilities":{"platform":"LINUX","webStorageEnabled":false,"takesScreenshot":true,"javascriptEnabled":true,"databaseEnabled":false,"networkConnectionEnabled":true,"locationContextEnabled":false,"warnings":{},"desired":{"platformName":"android","chromeDriverPort":11000,"app":"C:\\Users\\dtougov\\Downloads\\appium-cucumberbdd-testng-master (1)\\appium-cucumberbdd-testng-master-new\\src\\test\\resources\\apps\\Android.SauceLabs.Mobile.Sample.app.2.7.1.apk","appActivity":"com.swaglabsmobileapp.SplashActivity","appPackage":"com.swaglabsmobileapp","automationName":"UiAutomator2","deviceName":"sony","systemPort":10000,"udid":"CB5A29JXTK"},"platformName":"android","chromeDriverPort":11000,"app":"C:\\Users\\dtougov\\Downloads\\appium-cucumberbdd-testng-master (1)\\appium-cucumberbdd-testng-master-new\\src\\test\\resources\\apps\\Android.SauceLabs.Mobile.Sample.app.2.7.1.apk","appActivity":"com.swaglabsmobileapp.SplashActivity","appPackage":"com.swaglabsmobileapp","automationName":"UiAutomator2","deviceName":"CB5...
&amp#27;[35m[HTTP]&amp#27;[39m &amp#27;[37m<-- POST /wd/hub/session &amp#27;[39m&amp#27;[32m200&amp#27;[39m &amp#27;[90m28611 ms - 1406&amp#27;[39m
&amp#27;[35m[HTTP]&amp#27;[39m &amp#27;[90m&amp#27;[39m
[INFO ] 2022-08-30 16:48:58.729 DriverManager:40 - Driver is initialized

@test1
Scenario Outline: Login with invalid user name                                                        # src/test/resources/Login.feature:11
&amp#27;[35m[HTTP]&amp#27;[39m &amp#27;[37m-->&amp#27;[39m &amp#27;[37mPOST&amp#27;[39m &amp#27;[37m/wd/hub/session/ee0e5569-3cfd-4739-96df-73f2565751c2/appium/start_recording_screen&amp#27;[39m
&amp#27;[35m[HTTP]&amp#27;[39m &amp#27;[90m{}&amp#27;[39m
[debug] &amp#27;[35m[W3C (ee0e5569)]&amp#27;[39m Calling AppiumDriver.startRecordingScreen() with args: [null,"ee0e5569-3cfd-4739-96df-73f2565751c2"]
[debug] &amp#27;[35m[ADB]&amp#27;[39m Getting IDs of all 'screenrecord' processes
[debug] &amp#27;[35m[ADB]&amp#27;[39m Running 'C:\Users\dtougov\AppData\Local\Android\Sdk\platform-tools\adb.exe -P 5037 -s CB5A29JXTK shell 'pgrep ^screenrecord$ || pgrep ^screenrecord$''
[debug] &amp#27;[35m[W3C (644cb43e)]&amp#27;[39m Responding to client with driver.startRecordingScreen() result: ""
&amp#27;[35m[HTTP]&amp#27;[39m &amp#27;[37m<-- POST /wd/hub/session/644cb43e-d672-40f5-a9b0-1fd484bb3424/appium/start_recording_screen &amp#27;[39m&amp#27;[32m200&amp#27;[39m &amp#27;[90m1881 ms - 12&amp#27;[39m
&amp#27;[35m[HTTP]&amp#27;[39m &amp#27;[90m&amp#27;[39m
&amp#27;[35m[HTTP]&amp#27;[39m &amp#27;[37m-->&amp#27;[39m &amp#27;[37mGET&amp#27;[39m &amp#27;[37m/wd/hub/session/644cb43e-d672-40f5-a9b0-1fd484bb3424/context&amp#27;[39m
&amp#27;[35m[HTTP]&amp#27;[39m &amp#27;[90m{}&amp#27;[39m
&amp#27;[35m[AndroidDriver]&amp#27;[39m Screen recording has not been previously started by Appium. There is nothing to stop
[debug] &amp#27;[35m[ADB]&amp#27;[39m Getting IDs of all 'screenrecord' processes
[debug] &amp#27;[35m[ADB]&amp#27;[39m Running 'C:\Users\dtougov\AppData\Local\Android\Sdk\platform-tools\adb.exe -P 5037 -s CB5A29JXTK shell 'pgrep ^screenrecord$ || pgrep ^screenrecord$''
[debug] &amp#27;[35m[W3C (644cb43e)]&amp#27;[39m Calling AppiumDriver.getCurrentContext() with args: ["644cb43e-d672-40f5-a9b0-1fd484bb3424"]
[debug] &amp#27;[35m[W3C (644cb43e)]&amp#27;[39m Responding to client with driver.getCurrentContext() result: "NATIVE_APP"
&amp#27;[35m[HTTP]&amp#27;[39m &amp#27;[37m<-- GET /wd/hub/session/644cb43e-d672-40f5-a9b0-1fd484bb3424/context &amp#27;[39m&amp#27;[32m200&amp#27;[39m &amp#27;[90m9 ms - 22&amp#27;[39m
&amp#27;[35m[HTTP]&amp#27;[39m &amp#27;[90m&amp#27;[39m
&amp#27;[35m[HTTP]&amp#27;[39m &amp#27;[37m-->&amp#27;[39m &amp#27;[37mPOST&amp#27;[39m &amp#27;[37m/wd/hub/session/644cb43e-d672-40f5-a9b0-1fd484bb3424/element&amp#27;[39m
&amp#27;[35m[HTTP]&amp#27;[39m &amp#27;[90m{"using":"accessibility id","value":"test-Username"}&amp#27;[39m
[debug] &amp#27;[35m[W3C (644cb43e)]&amp#27;[39m Calling AppiumDriver.findElement() with args: ["accessibility id","test-Username","644cb43e-d672-40f5-a9b0-1fd484bb3424"]
[debug] &amp#27;[35m[BaseDriver]&amp#27;[39m Valid locator strategies for this request: xpath, id, class name, accessibility id, css selector, -android uiautomator
[debug] &amp#27;[35m[BaseDriver]&amp#27;[39m Waiting up to 0 ms for condition
[debug] &amp#27;[35m[WD Proxy]&amp#27;[39m Matched '/element' to command name 'findElement'
[debug] &amp#27;[35m[WD Proxy]&amp#27;[39m Proxying [POST /element] to [POST http://127.0.0.1:10001/wd/hub/session/44ba05ff-d8a8-4796-9026-76750819bf31/element] with body: {"strategy":"accessibility id","selector":"test-Username","context":"","multiple":false}
[debug] &amp#27;[35m[WD Proxy]&amp#27;[39m Got response with status 200: {"sessionId":"44ba05ff-d8a8-4796-9026-76750819bf31","value":{"ELEMENT":"00000000-0000-0166-7fff-ffff0000002e","element-6066-11e4-a52e-4f735466cecf":"00000000-0000-0166-7fff-ffff0000002e"}}
[debug] &amp#27;[35m[W3C (644cb43e)]&amp#27;[39m Responding to client with driver.findElement() result: {"element-6066-11e4-a52e-4f735466cecf":"00000000-0000-0166-7fff-ffff0000002e","ELEMENT":"00000000-0000-0166-7fff-ffff0000002e"}
&amp#27;[35m[HTTP]&amp#27;[39m &amp#27;[37m<-- POST /wd/hub/session/644cb43e-d672-40f5-a9b0-1fd484bb3424/element &amp#27;[39m&amp#27;[32m200&amp#27;[39m &amp#27;[90m106 ms - 137&amp#27;[39m
&amp#27;[35m[HTTP]&amp#27;[39m &amp#27;[90m&amp#27;[39m
&amp#27;[35m[HTTP]&amp#27;[39m &amp#27;[37m-->&amp#27;[39m &amp#27;[37mGET&amp#27;[39m &amp#27;[37m/wd/hub/session/644cb43e-d672-40f5-a9b0-1fd484bb3424/element/00000000-0000-0166-7fff-ffff0000002e/displayed&amp#27;[39m
&amp#27;[35m[HTTP]&amp#27;[39m &amp#27;[90m{}&amp#27;[39m
[debug] &amp#27;[35m[W3C (644cb43e)]&amp#27;[39m Calling AppiumDriver.elementDisplayed() with args: ["00000000-0000-0166-7fff-ffff0000002e","644cb43e-d672-40f5-a9b0-1fd484bb3424"]
[debug] &amp#27;[35m[WD Proxy]&amp#27;[39m Matched '/element/00000000-0000-0166-7fff-ffff0000002e/attribute/displayed' to command name 'getAttribute'
[debug] &amp#27;[35m[WD Proxy]&amp#27;[39m Proxying [GET /element/00000000-0000-0166-7fff-ffff0000002e/attribute/displayed] to [GET http://127.0.0.1:10001/wd/hub/session/44ba05ff-d8a8-4796-9026-76750819bf31/element/00000000-0000-0166-7fff-ffff0000002e/attribute/displayed] with no body
[debug] &amp#27;[35m[WD Proxy]&amp#27;[39m Got response with status 200: {"sessionId":"44ba05ff-d8a8-4796-9026-76750819bf31","value":"true"}
[debug] &amp#27;[35m[W3C (644cb43e)]&amp#27;[39m Responding to client with driver.elementDisplayed() result: true
&amp#27;[35m[HTTP]&amp#27;[39m &amp#27;[37m<-- GET /wd/hub/session/644cb43e-d672-40f5-a9b0-1fd484bb3424/element/00000000-0000-0166-7fff-ffff0000002e/displayed &amp#27;[39m&amp#27;[32m200&amp#27;[39m &amp#27;[90m25 ms - 14&amp#27;[39m
&amp#27;[35m[HTTP]&amp#27;[39m &amp#27;[90m&amp#27;[39m
&amp#27;[35m[HTTP]&amp#27;[39m &amp#27;[37m-->&amp#27;[39m &amp#27;[37mGET&amp#27;[39m &amp#27;[37m/wd/hub/session/644cb43e-d672-40f5-a9b0-1fd484bb3424/context&amp#27;[39m
&amp#27;[35m[HTTP]&amp#27;[39m &amp#27;[90m{}&amp#27;[39m
[debug] &amp#27;[35m[W3C (644cb43e)]&amp#27;[39m Calling AppiumDriver.getCurrentContext() with args: ["644cb43e-d672-40f5-a9b0-1fd484bb3424"]
[debug] &amp#27;[35m[W3C (644cb43e)]&amp#27;[39m Responding to client with driver.getCurrentContext() result: "NATIVE_APP"
&amp#27;[35m[HTTP]&amp#27;[39m &amp#27;[37m<-- GET /wd/hub/session/644cb43e-d672-40f5-a9b0-1fd484bb3424/context &amp#27;[39m&amp#27;[32m200&amp#27;[39m &amp#27;[90m4 ms - 22&amp#27;[39m
&amp#27;[35m[HTTP]&amp#27;[39m &amp#27;[90m&amp#27;[39m
&amp#27;[35m[HTTP]&amp#27;[39m &amp#27;[37m-->&amp#27;[39m &amp#27;[37mPOST&amp#27;[39m &amp#27;[37m/wd/hub/session/644cb43e-d672-40f5-a9b0-1fd484bb3424/element&amp#27;[39m
&amp#27;[35m[HTTP]&amp#27;[39m &amp#27;[90m{"using":"accessibility id","value":"test-Username"}&amp#27;[39m
[debug] &amp#27;[35m[W3C (644cb43e)]&amp#27;[39m Calling AppiumDriver.findElement() with args: ["accessibility id","test-Username","644cb43e-d672-40f5-a9b0-1fd484bb3424"]
[debug] &amp#27;[35m[BaseDriver]&amp#27;[39m Valid locator strategies for this request: xpath, id, class name, accessibility id, css selector, -android uiautomator
[debug] &amp#27;[35m[BaseDriver]&amp#27;[39m Waiting up to 0 ms for condition
[debug] &amp#27;[35m[WD Proxy]&amp#27;[39m Matched '/element' to command name 'findElement'
[debug] &amp#27;[35m[WD Proxy]&amp#27;[39m Proxying [POST /element] to [POST http://127.0.0.1:10001/wd/hub/session/44ba05ff-d8a8-4796-9026-76750819bf31/element] with body: {"strategy":"accessibility id","selector":"test-Username","context":"","multiple":false}
[debug] &amp#27;[35m[WD Proxy]&amp#27;[39m Got response with status 200: {"sessionId":"44ba05ff-d8a8-4796-9026-76750819bf31","value":{"ELEMENT":"00000000-0000-0166-7fff-ffff0000002e","element-6066-11e4-a52e-4f735466cecf":"00000000-0000-0166-7fff-ffff0000002e"}}
[debug] &amp#27;[35m[W3C (644cb43e)]&amp#27;[39m Responding to client with driver.findElement() result: {"element-6066-11e4-a52e-4f735466cecf":"00000000-0000-0166-7fff-ffff0000002e","ELEMENT":"00000000-0000-0166-7fff-ffff0000002e"}
&amp#27;[35m[HTTP]&amp#27;[39m &amp#27;[37m<-- POST /wd/hub/session/644cb43e-d672-40f5-a9b0-1fd484bb3424/element &amp#27;[39m&amp#27;[32m200&amp#27;[39m &amp#27;[90m43 ms - 137&amp#27;[39m
&amp#27;[35m[HTTP]&amp#27;[39m &amp#27;[90m&amp#27;[39m
&amp#27;[35m[HTTP]&amp#27;[39m &amp#27;[37m-->&amp#27;[39m &amp#27;[37mPOST&amp#27;[39m &amp#27;[37m/wd/hub/session/644cb43e-d672-40f5-a9b0-1fd484bb3424/element/00000000-0000-0166-7fff-ffff0000002e/clear&amp#27;[39m
&amp#27;[35m[HTTP]&amp#27;[39m &amp#27;[90m{"id":"00000000-0000-0166-7fff-ffff0000002e"}&amp#27;[39m
[debug] &amp#27;[35m[W3C (644cb43e)]&amp#27;[39m Calling AppiumDriver.clear() with args: ["00000000-0000-0166-7fff-ffff0000002e","644cb43e-d672-40f5-a9b0-1fd484bb3424"]
[debug] &amp#27;[35m[WD Proxy]&amp#27;[39m Matched '/element/00000000-0000-0166-7fff-ffff0000002e/clear' to command name 'clear'
[debug] &amp#27;[35m[WD Proxy]&amp#27;[39m Proxying [POST /element/00000000-0000-0166-7fff-ffff0000002e/clear] to [POST http://127.0.0.1:10001/wd/hub/session/44ba05ff-d8a8-4796-9026-76750819bf31/element/00000000-0000-0166-7fff-ffff0000002e/clear] with body: {"elementId":"00000000-0000-0166-7fff-ffff0000002e"}
[debug] &amp#27;[35m[WD Proxy]&amp#27;[39m Got response with status 200: {"sessionId":"44ba05ff-d8a8-4796-9026-76750819bf31","value":null}
[debug] &amp#27;[35m[W3C (644cb43e)]&amp#27;[39m Responding to client with driver.clear() result: null
&amp#27;[35m[HTTP]&amp#27;[39m &amp#27;[37m<-- POST /wd/hub/session/644cb43e-d672-40f5-a9b0-1fd484bb3424/element/00000000-0000-0166-7fff-ffff0000002e/clear &amp#27;[39m&amp#27;[32m200&amp#27;[39m &amp#27;[90m26 ms - 14&amp#27;[39m
&amp#27;[35m[HTTP]&amp#27;[39m &amp#27;[90m&amp#27;[39m
&amp#27;[35m[HTTP]&amp#27;[39m &amp#27;[37m-->&amp#27;[39m &amp#27;[37mGET&amp#27;[39m &amp#27;[37m/wd/hub/session/644cb43e-d672-40f5-a9b0-1fd484bb3424/context&amp#27;[39m
&amp#27;[35m[HTTP]&amp#27;[39m &amp#27;[90m{}&amp#27;[39m
[debug] &amp#27;[35m[W3C (644cb43e)]&amp#27;[39m Calling AppiumDriver.getCurrentContext() with args: ["644cb43e-d672-40f5-a9b0-1fd484bb3424"]
[debug] &amp#27;[35m[W3C (644cb43e)]&amp#27;[39m Responding to client with driver.getCurrentContext() result: "NATIVE_APP"
&amp#27;[35m[HTTP]&amp#27;[39m &amp#27;[37m<-- GET /wd/hub/session/644cb43e-d672-40f5-a9b0-1fd484bb3424/context &amp#27;[39m&amp#27;[32m200&amp#27;[39m &amp#27;[90m3 ms - 22&amp#27;[39m
&amp#27;[35m[HTTP]&amp#27;[39m &amp#27;[90m&amp#27;[39m
&amp#27;[35m[HTTP]&amp#27;[39m &amp#27;[37m-->&amp#27;[39m &amp#27;[37mPOST&amp#27;[39m &amp#27;[37m/wd/hub/session/644cb43e-d672-40f5-a9b0-1fd484bb3424/element&amp#27;[39m
&amp#27;[35m[HTTP]&amp#27;[39m &amp#27;[90m{"using":"accessibility id","value":"test-Username"}&amp#27;[39m
[debug] &amp#27;[35m[W3C (644cb43e)]&amp#27;[39m Calling AppiumDriver.findElement() with args: ["accessibility id","test-Username","644cb43e-d672-40f5-a9b0-1fd484bb3424"]
[debug] &amp#27;[35m[BaseDriver]&amp#27;[39m Valid locator strategies for this request: xpath, id, class name, accessibility id, css selector, -android uiautomator
[debug] &amp#27;[35m[BaseDriver]&amp#27;[39m Waiting up to 0 ms for condition
[debug] &amp#27;[35m[WD Proxy]&amp#27;[39m Matched '/element' to command name 'findElement'
[debug] &amp#27;[35m[WD Proxy]&amp#27;[39m Proxying [POST /element] to [POST http://127.0.0.1:10001/wd/hub/session/44ba05ff-d8a8-4796-9026-76750819bf31/element] with body: {"strategy":"accessibility id","selector":"test-Username","context":"","multiple":false}
[debug] &amp#27;[35m[ADB]&amp#27;[39m Building screenrecord process with the command line: adb -P 5037 -s CB5A29JXTK shell screenrecord --time-limit 180 /sdcard/0823b538.mp4
[debug] &amp#27;[35m[ADB]&amp#27;[39m Running 'C:\Users\dtougov\AppData\Local\Android\Sdk\platform-tools\adb.exe -P 5037 -s CB5A29JXTK shell "[ -e '/sdcard/0823b538.mp4' ] && echo __PASS__"'
[debug] &amp#27;[35m[WD Proxy]&amp#27;[39m Got response with status 200: {"sessionId":"44ba05ff-d8a8-4796-9026-76750819bf31","value":{"ELEMENT":"00000000-0000-0166-7fff-ffff0000002e","element-6066-11e4-a52e-4f735466cecf":"00000000-0000-0166-7fff-ffff0000002e"}}
[debug] &amp#27;[35m[W3C (644cb43e)]&amp#27;[39m Responding to client with driver.findElement() result: {"element-6066-11e4-a52e-4f735466cecf":"00000000-0000-0166-7fff-ffff0000002e","ELEMENT":"00000000-0000-0166-7fff-ffff0000002e"}
&amp#27;[35m[HTTP]&amp#27;[39m &amp#27;[37m<-- POST /wd/hub/session/644cb43e-d672-40f5-a9b0-1fd484bb3424/element &amp#27;[39m&amp#27;[32m200&amp#27;[39m &amp#27;[90m518 ms - 137&amp#27;[39m
&amp#27;[35m[HTTP]&amp#27;[39m &amp#27;[90m&amp#27;[39m
&amp#27;[35m[HTTP]&amp#27;[39m &amp#27;[37m-->&amp#27;[39m &amp#27;[37mGET&amp#27;[39m &amp#27;[37m/wd/hub/session/644cb43e-d672-40f5-a9b0-1fd484bb3424/element/00000000-0000-0166-7fff-ffff0000002e/displayed&amp#27;[39m
&amp#27;[35m[HTTP]&amp#27;[39m &amp#27;[90m{}&amp#27;[39m
[debug] &amp#27;[35m[W3C (644cb43e)]&amp#27;[39m Calling AppiumDriver.elementDisplayed() with args: ["00000000-0000-0166-7fff-ffff0000002e","644cb43e-d672-40f5-a9b0-1fd484bb3424"]
[debug] &amp#27;[35m[WD Proxy]&amp#27;[39m Matched '/element/00000000-0000-0166-7fff-ffff0000002e/attribute/displayed' to command name 'getAttribute'
[debug] &amp#27;[35m[WD Proxy]&amp#27;[39m Proxying [GET /element/00000000-0000-0166-7fff-ffff0000002e/attribute/displayed] to [GET http://127.0.0.1:10001/wd/hub/session/44ba05ff-d8a8-4796-9026-76750819bf31/element/00000000-0000-0166-7fff-ffff0000002e/attribute/displayed] with no body
[debug] &amp#27;[35m[WD Proxy]&amp#27;[39m Got response with status 200: {"sessionId":"44ba05ff-d8a8-4796-9026-76750819bf31","value":"true"}
[debug] &amp#27;[35m[W3C (644cb43e)]&amp#27;[39m Responding to client with driver.elementDisplayed() result: true
&amp#27;[35m[HTTP]&amp#27;[39m &amp#27;[37m<-- GET /wd/hub/session/644cb43e-d672-40f5-a9b0-1fd484bb3424/element/00000000-0000-0166-7fff-ffff0000002e/displayed &amp#27;[39m&amp#27;[32m200&amp#27;[39m &amp#27;[90m23 ms - 14&amp#27;[39m
&amp#27;[35m[HTTP]&amp#27;[39m &amp#27;[90m&amp#27;[39m
[INFO ] 2022-08-30 16:49:00.251 BasePage:71 - login with invalidUsername
&amp#27;[35m[HTTP]&amp#27;[39m &amp#27;[37m-->&amp#27;[39m &amp#27;[37mGET&amp#27;[39m &amp#27;[37m/wd/hub/session/644cb43e-d672-40f5-a9b0-1fd484bb3424/context&amp#27;[39m
&amp#27;[35m[HTTP]&amp#27;[39m &amp#27;[90m{}&amp#27;[39m
[debug] &amp#27;[35m[W3C (644cb43e)]&amp#27;[39m Calling AppiumDriver.getCurrentContext() with args: ["644cb43e-d672-40f5-a9b0-1fd484bb3424"]
[debug] &amp#27;[35m[W3C (644cb43e)]&amp#27;[39m Responding to client with driver.getCurrentContext() result: "NATIVE_APP"
&amp#27;[35m[HTTP]&amp#27;[39m &amp#27;[37m<-- GET /wd/hub/session/644cb43e-d672-40f5-a9b0-1fd484bb3424/context &amp#27;[39m&amp#27;[32m200&amp#27;[39m &amp#27;[90m3 ms - 22&amp#27;[39m
&amp#27;[35m[HTTP]&amp#27;[39m &amp#27;[90m&amp#27;[39m
&amp#27;[35m[HTTP]&amp#27;[39m &amp#27;[37m-->&amp#27;[39m &amp#27;[37mPOST&amp#27;[39m &amp#27;[37m/wd/hub/session/644cb43e-d672-40f5-a9b0-1fd484bb3424/element&amp#27;[39m
&amp#27;[35m[HTTP]&amp#27;[39m &amp#27;[90m{"using":"accessibility id","value":"test-Username"}&amp#27;[39m
[debug] &amp#27;[35m[W3C (644cb43e)]&amp#27;[39m Calling AppiumDriver.findElement() with args: ["accessibility id","test-Username","644cb43e-d672-40f5-a9b0-1fd484bb3424"]
[debug] &amp#27;[35m[BaseDriver]&amp#27;[39m Valid locator strategies for this request: xpath, id, class name, accessibility id, css selector, -android uiautomator
[debug] &amp#27;[35m[BaseDriver]&amp#27;[39m Waiting up to 0 ms for condition
[debug] &amp#27;[35m[WD Proxy]&amp#27;[39m Matched '/element' to command name 'findElement'
[debug] &amp#27;[35m[WD Proxy]&amp#27;[39m Proxying [POST /element] to [POST http://127.0.0.1:10001/wd/hub/session/44ba05ff-d8a8-4796-9026-76750819bf31/element] with body: {"strategy":"accessibility id","selector":"test-Username","context":"","multiple":false}
[debug] &amp#27;[35m[WD Proxy]&amp#27;[39m Got response with status 200: {"sessionId":"44ba05ff-d8a8-4796-9026-76750819bf31","value":{"ELEMENT":"00000000-0000-0166-7fff-ffff0000002e","element-6066-11e4-a52e-4f735466cecf":"00000000-0000-0166-7fff-ffff0000002e"}}
[debug] &amp#27;[35m[W3C (644cb43e)]&amp#27;[39m Responding to client with driver.findElement() result: {"element-6066-11e4-a52e-4f735466cecf":"00000000-0000-0166-7fff-ffff0000002e","ELEMENT":"00000000-0000-0166-7fff-ffff0000002e"}
&amp#27;[35m[HTTP]&amp#27;[39m &amp#27;[37m<-- POST /wd/hub/session/644cb43e-d672-40f5-a9b0-1fd484bb3424/element &amp#27;[39m&amp#27;[32m200&amp#27;[39m &amp#27;[90m65 ms - 137&amp#27;[39m
&amp#27;[35m[HTTP]&amp#27;[39m &amp#27;[90m&amp#27;[39m
&amp#27;[35m[HTTP]&amp#27;[39m &amp#27;[37m-->&amp#27;[39m &amp#27;[37mPOST&amp#27;[39m &amp#27;[37m/wd/hub/session/644cb43e-d672-40f5-a9b0-1fd484bb3424/element/00000000-0000-0166-7fff-ffff0000002e/value&amp#27;[39m
&amp#27;[35m[HTTP]&amp#27;[39m &amp#27;[90m{"id":"00000000-0000-0166-7fff-ffff0000002e","text":"invalidUsername","value":["i","n","v","a","l","i","d","U","s","e","r","n","a","m","e"]}&amp#27;[39m
[debug] &amp#27;[35m[W3C (644cb43e)]&amp#27;[39m Calling AppiumDriver.setValue() with args: [["i","n","v","a","l","i","d","U","s","e","r","n","a","m","e"],"00000000-0000-0166-7fff-ffff0000002e","644cb43e-d672-40f5-a9b0-1fd484bb3424"]
[debug] &amp#27;[35m[WD Proxy]&amp#27;[39m Matched '/element/00000000-0000-0166-7fff-ffff0000002e/value' to command name 'setValue'
[debug] &amp#27;[35m[Protocol Converter]&amp#27;[39m Added 'value' property ["i","n","v","a","l","i","d","U","s","e","r","n","a","m","e"] to 'setValue' request body
[debug] &amp#27;[35m[WD Proxy]&amp#27;[39m Proxying [POST /element/00000000-0000-0166-7fff-ffff0000002e/value] to [POST http://127.0.0.1:10001/wd/hub/session/44ba05ff-d8a8-4796-9026-76750819bf31/element/00000000-0000-0166-7fff-ffff0000002e/value] with body: {"elementId":"00000000-0000-0166-7fff-ffff0000002e","text":"invalidUsername","replace":false,"value":["i","n","v","a","l","i","d","U","s","e","r","n","a","m","e"]}
[debug] &amp#27;[35m[ADB]&amp#27;[39m Running 'C:\Users\dtougov\AppData\Local\Android\Sdk\platform-tools\adb.exe -P 5037 -s CB5A29JXTK shell "[ -e '/sdcard/0823b538.mp4' ] && echo __PASS__"'
[debug] &amp#27;[35m[WD Proxy]&amp#27;[39m Got response with status 200: {"sessionId":"44ba05ff-d8a8-4796-9026-76750819bf31","value":null}
[debug] &amp#27;[35m[W3C (644cb43e)]&amp#27;[39m Responding to client with driver.setValue() result: null
&amp#27;[35m[HTTP]&amp#27;[39m &amp#27;[37m<-- POST /wd/hub/session/644cb43e-d672-40f5-a9b0-1fd484bb3424/element/00000000-0000-0166-7fff-ffff0000002e/value &amp#27;[39m&amp#27;[32m200&amp#27;[39m &amp#27;[90m562 ms - 14&amp#27;[39m
&amp#27;[35m[HTTP]&amp#27;[39m &amp#27;[90m&amp#27;[39m
  When I enter username as "invalidUsername"                                                          # com.qa.stepdef.LoginStepDef.iEnterUsernameAs(java.lang.String)
&amp#27;[35m[HTTP]&amp#27;[39m &amp#27;[37m-->&amp#27;[39m &amp#27;[37mGET&amp#27;[39m &amp#27;[37m/wd/hub/session/644cb43e-d672-40f5-a9b0-1fd484bb3424/context&amp#27;[39m
&amp#27;[35m[HTTP]&amp#27;[39m &amp#27;[90m{}&amp#27;[39m
[debug] &amp#27;[35m[W3C (644cb43e)]&amp#27;[39m Calling AppiumDriver.getCurrentContext() with args: ["644cb43e-d672-40f5-a9b0-1fd484bb3424"]
[debug] &amp#27;[35m[W3C (644cb43e)]&amp#27;[39m Responding to client with driver.getCurrentContext() result: "NATIVE_APP"
&amp#27;[35m[HTTP]&amp#27;[39m &amp#27;[37m<-- GET /wd/hub/session/644cb43e-d672-40f5-a9b0-1fd484bb3424/context &amp#27;[39m&amp#27;[32m200&amp#27;[39m &amp#27;[90m12 ms - 22&amp#27;[39m
&amp#27;[35m[HTTP]&amp#27;[39m &amp#27;[90m&amp#27;[39m
&amp#27;[35m[HTTP]&amp#27;[39m &amp#27;[37m-->&amp#27;[39m &amp#27;[37mPOST&amp#27;[39m &amp#27;[37m/wd/hub/session/644cb43e-d672-40f5-a9b0-1fd484bb3424/element&amp#27;[39m
&amp#27;[35m[HTTP]&amp#27;[39m &amp#27;[90m{"using":"accessibility id","value":"test-Password"}&amp#27;[39m
[debug] &amp#27;[35m[W3C (644cb43e)]&amp#27;[39m Calling AppiumDriver.findElement() with args: ["accessibility id","test-Password","644cb43e-d672-40f5-a9b0-1fd484bb3424"]
[debug] &amp#27;[35m[BaseDriver]&amp#27;[39m Valid locator strategies for this request: xpath, id, class name, accessibility id, css selector, -android uiautomator
[debug] &amp#27;[35m[BaseDriver]&amp#27;[39m Waiting up to 0 ms for condition
[debug] &amp#27;[35m[WD Proxy]&amp#27;[39m Matched '/element' to command name 'findElement'
[debug] &amp#27;[35m[WD Proxy]&amp#27;[39m Proxying [POST /element] to [POST http://127.0.0.1:10001/wd/hub/session/44ba05ff-d8a8-4796-9026-76750819bf31/element] with body: {"strategy":"accessibility id","selector":"test-Password","context":"","multiple":false}
[debug] &amp#27;[35m[W3C (ee0e5569)]&amp#27;[39m Responding to client with driver.startRecordingScreen() result: ""
&amp#27;[35m[HTTP]&amp#27;[39m &amp#27;[37m<-- POST /wd/hub/session/ee0e5569-3cfd-4739-96df-73f2565751c2/appium/start_recording_screen &amp#27;[39m&amp#27;[32m200&amp#27;[39m &amp#27;[90m2498 ms - 12&amp#27;[39m
&amp#27;[35m[HTTP]&amp#27;[39m &amp#27;[90m&amp#27;[39m
&amp#27;[35m[HTTP]&amp#27;[39m &amp#27;[37m-->&amp#27;[39m &amp#27;[37mGET&amp#27;[39m &amp#27;[37m/wd/hub/session/ee0e5569-3cfd-4739-96df-73f2565751c2/context&amp#27;[39m
&amp#27;[35m[HTTP]&amp#27;[39m &amp#27;[90m{}&amp#27;[39m
[debug] &amp#27;[35m[W3C (ee0e5569)]&amp#27;[39m Calling AppiumDriver.getCurrentContext() with args: ["ee0e5569-3cfd-4739-96df-73f2565751c2"]
[debug] &amp#27;[35m[W3C (ee0e5569)]&amp#27;[39m Responding to client with driver.getCurrentContext() result: "NATIVE_APP"
&amp#27;[35m[HTTP]&amp#27;[39m &amp#27;[37m<-- GET /wd/hub/session/ee0e5569-3cfd-4739-96df-73f2565751c2/context &amp#27;[39m&amp#27;[32m200&amp#27;[39m &amp#27;[90m21 ms - 22&amp#27;[39m
&amp#27;[35m[HTTP]&amp#27;[39m &amp#27;[90m&amp#27;[39m
&amp#27;[35m[HTTP]&amp#27;[39m &amp#27;[37m-->&amp#27;[39m &amp#27;[37mPOST&amp#27;[39m &amp#27;[37m/wd/hub/session/ee0e5569-3cfd-4739-96df-73f2565751c2/element&amp#27;[39m
&amp#27;[35m[HTTP]&amp#27;[39m &amp#27;[90m{"using":"accessibility id","value":"test-Username"}&amp#27;[39m
[debug] &amp#27;[35m[W3C (ee0e5569)]&amp#27;[39m Calling AppiumDriver.findElement() with args: ["accessibility id","test-Username","ee0e5569-3cfd-4739-96df-73f2565751c2"]
[debug] &amp#27;[35m[BaseDriver]&amp#27;[39m Valid locator strategies for this request: xpath, id, class name, accessibility id, css selector, -android uiautomator
[debug] &amp#27;[35m[BaseDriver]&amp#27;[39m Waiting up to 0 ms for condition
[debug] &amp#27;[35m[WD Proxy]&amp#27;[39m Matched '/element' to command name 'findElement'
[debug] &amp#27;[35m[WD Proxy]&amp#27;[39m Proxying [POST /element] to [POST http://127.0.0.1:10000/wd/hub/session/21df9c7c-7d36-4b62-bb40-31691f012b3b/element] with body: {"strategy":"accessibility id","selector":"test-Username","context":"","multiple":false}
[debug] &amp#27;[35m[WD Proxy]&amp#27;[39m Got response with status 200: {"sessionId":"44ba05ff-d8a8-4796-9026-76750819bf31","value":{"ELEMENT":"00000000-0000-0166-7fff-ffff0000002f","element-6066-11e4-a52e-4f735466cecf":"00000000-0000-0166-7fff-ffff0000002f"}}
[debug] &amp#27;[35m[W3C (644cb43e)]&amp#27;[39m Responding to client with driver.findElement() result: {"element-6066-11e4-a52e-4f735466cecf":"00000000-0000-0166-7fff-ffff0000002f","ELEMENT":"00000000-0000-0166-7fff-ffff0000002f"}
&amp#27;[35m[HTTP]&amp#27;[39m &amp#27;[37m<-- POST /wd/hub/session/644cb43e-d672-40f5-a9b0-1fd484bb3424/element &amp#27;[39m&amp#27;[32m200&amp#27;[39m &amp#27;[90m607 ms - 137&amp#27;[39m
&amp#27;[35m[HTTP]&amp#27;[39m &amp#27;[90m&amp#27;[39m
&amp#27;[35m[HTTP]&amp#27;[39m &amp#27;[37m-->&amp#27;[39m &amp#27;[37mGET&amp#27;[39m &amp#27;[37m/wd/hub/session/644cb43e-d672-40f5-a9b0-1fd484bb3424/element/00000000-0000-0166-7fff-ffff0000002f/displayed&amp#27;[39m
&amp#27;[35m[HTTP]&amp#27;[39m &amp#27;[90m{}&amp#27;[39m
[debug] &amp#27;[35m[W3C (644cb43e)]&amp#27;[39m Calling AppiumDriver.elementDisplayed() with args: ["00000000-0000-0166-7fff-ffff0000002f","644cb43e-d672-40f5-a9b0-1fd484bb3424"]
[debug] &amp#27;[35m[WD Proxy]&amp#27;[39m Matched '/element/00000000-0000-0166-7fff-ffff0000002f/attribute/displayed' to command name 'getAttribute'
[debug] &amp#27;[35m[WD Proxy]&amp#27;[39m Proxying [GET /element/00000000-0000-0166-7fff-ffff0000002f/attribute/displayed] to [GET http://127.0.0.1:10001/wd/hub/session/44ba05ff-d8a8-4796-9026-76750819bf31/element/00000000-0000-0166-7fff-ffff0000002f/attribute/displayed] with no body
[debug] &amp#27;[35m[WD Proxy]&amp#27;[39m Got response with status 200: {"sessionId":"44ba05ff-d8a8-4796-9026-76750819bf31","value":"true"}
[debug] &amp#27;[35m[W3C (644cb43e)]&amp#27;[39m Responding to client with driver.elementDisplayed() result: true
&amp#27;[35m[HTTP]&amp#27;[39m &amp#27;[37m<-- GET /wd/hub/session/644cb43e-d672-40f5-a9b0-1fd484bb3424/element/00000000-0000-0166-7fff-ffff0000002f/displayed &amp#27;[39m&amp#27;[32m200&amp#27;[39m &amp#27;[90m33 ms - 14&amp#27;[39m
&amp#27;[35m[HTTP]&amp#27;[39m &amp#27;[90m&amp#27;[39m
&amp#27;[35m[HTTP]&amp#27;[39m &amp#27;[37m-->&amp#27;[39m &amp#27;[37mGET&amp#27;[39m &amp#27;[37m/wd/hub/session/644cb43e-d672-40f5-a9b0-1fd484bb3424/context&amp#27;[39m
&amp#27;[35m[HTTP]&amp#27;[39m &amp#27;[90m{}&amp#27;[39m
[debug] &amp#27;[35m[W3C (644cb43e)]&amp#27;[39m Calling AppiumDriver.getCurrentContext() with args: ["644cb43e-d672-40f5-a9b0-1fd484bb3424"]
[debug] &amp#27;[35m[W3C (644cb43e)]&amp#27;[39m Responding to client with driver.getCurrentContext() result: "NATIVE_APP"
&amp#27;[35m[WD Proxy]&amp#27;[39m Got response with status 404: {"sessionId":"21df9c7c-7d36-4b62-bb40-31691f012b3b","value":{"error":"no such element","message":"An element could not be located on the page using the given search parameters","stacktrace":"io.appium.uiautomator2.common.exceptions.ElementNotFoundException: An element could not be located on the page using the given search parameters\n\tat io.appium.uiautomator2.handler.FindElement.safeHandle(FindElement.java:70)\n\tat io.appium.uiautomator2.handler.r&amp#27;e[35m[HqTTP]&amp#27;ue[3s9t.mS &amp#27;a[fe3R7me<qu-e- sGtHEaT n/dlwed/rh.huab/nsdlees(sSiaofn/e6R4e4qcbue4s3teH-adn6dl7er.jav2a:59)\n\-tat io.4appium.0uiautfomator2.s5erver.A-ppiumSearvlet.h9andleReqbuest(0Appiu-mServl1et.java:26f6)\n\tdat io4.app8ium.uiau4tomatobr2.serbver.Ap3piumServ4let.ha2ndleH4ttpRe/quest(ApcpiumSeorvlet.njava:2t60)\n\teat io.xappiutm.uiau tomator&amp#27;2.http[39m&amp#27;[32m200&amp#27;[39m &amp#27;[90m5 ms - 22&amp#27;[39m
&amp#27;[35m[HTTP]&amp#27;[39m &amp#27;[90m&amp#27;[39m
.ServerHandler.channelRead(ServerHandler.java:68)\n\tat io.netty.channel.AbstractChannelHandlerContext.invokeChannelRead(AbstractChannelHandlerContext.java:366)\n\tat io.netty.channel.AbstractChannelHandlerContext.invokeChannelRead(AbstractChannelHandlerContext.java:352)\n\tat io.netty.chann...
[debug] &amp#27;[35m[W3C]&amp#27;[39m Matched W3C error code 'no such element' to NoSuchElementError
&amp#27;[35m[HTTP]&amp#27;[39m &amp#27;[37m-->&amp#27;[39m &amp#27;[37mPOST&amp#27;[39m &amp#27;[37m/wd/hub/session/644cb43e-d672-40f5-a9b0-1fd484bb3424/element&amp#27;[39m
&amp#27;[35m[HTTP]&amp#27;[39m &amp#27;[90m{"using":"accessibility id","value":"test-Password"}&amp#27;[39m
[debug] &amp#27;[35m[W3C (644cb43e)]&amp#27;[39m Calling AppiumDriver.findElement() with args: ["accessibility id","test-Password","644cb43e-d672-40f5-a9b0-1fd484bb3424"]
[debug] &amp#27;[35m[BaseDriver]&amp#27;[39m Valid locator strategies for this request: xpath, id, class name, accessibility id, css selector, -android uiautomator
[debug] &amp#27;[35m[BaseDriver]&amp#27;[39m Waiting up to 0 ms for condition
[debug] &amp#27;[35m[W3C (ee0e5569)]&amp#27;[39m Encountered internal error running command: NoSuchElementError: An el[edmeebnutg ]c o&amp#27;u[35m[lWdD  nPorto xbye]&amp#27; [l3oc9amt Meadt cohne dt h'e/ eplaegmee nuts'i ng ttoh ec ogmimvaennd  sneaamrec h' fpinadrEalmeemteenrts'.

[debug] &amp#27;[35m[WD Proxy]&amp#27;[39m Proxying [POST /element] to [POST http://127.0.0.1:10001/wd/hub/session/44ba05ff-d8a8-4796-9026-76750819bf31/element] with body: {"strategy":"accessibility id","selector":"test-Password","context":"","multiple":false}
[debug] &amp#27;[35m[W3C (ee0e5569)]&amp#27;[39m     at AndroidUiautomator2Driver.findElOrEls (C:\Users\dtougov\AppData\Roaming\npm\node_modules\appium\node_modules\appium-android-driver\lib\commands\find.js:75:11)
[debug] &amp#27;[35m[W3C (ee0e5569)]&amp#27;[39m     at processTicksAndRejections (node:internal/process/task_queues:95:5)
[debug] &amp#27;[35m[W3C (ee0e5569)]&amp#27;[39m     at AndroidUiautomator2Driver.findElOrElsWithProcessing (C:\Users\dtougov\AppData\Roaming\npm\node_modules\appium\node_modules\appium-base-driver\lib\basedriver\commands\find.js:33:12)
[debug] &amp#27;[35m[W3C (ee0e5569)]&amp#27;[39m     at AndroidUiautomator2Driver.findElement (C:\Users\dtougov\AppData\Roaming\npm\node_modules\appium\node_modules\appium-base-driver\lib\basedriver\commands\find.js:53:10)
&amp#27;[35m[HTTP]&amp#27;[39m &amp#27;[37m<-- POST /wd/hub/session/ee0e5569-3cfd-4739-96df-73f2565751c2/element &amp#27;[39m&amp#27;[33m404&amp#27;[39m &amp#27;[90m163 ms - 886&amp#27;[39m
&amp#27;[35m[HTTP]&amp#27;[39m &amp#27;[90m&amp#27;[39m
[debug] &amp#27;[35m[WD Proxy]&amp#27;[39m Got response with status 200: {"sessionId":"44ba05ff-d8a8-4796-9026-76750819bf31","value":{"ELEMENT":"00000000-0000-0166-7fff-ffff0000002f","element-6066-11e4-a52e-4f735466cecf":"00000000-0000-0166-7fff-ffff0000002f"}}
[debug] &amp#27;[35m[W3C (644cb43e)]&amp#27;[39m Responding to client with driver.findElement() result: {"element-6066-11e4-a52e-4f735466cecf":"00000000-0000-0166-7fff-ffff0000002f","ELEMENT":"00000000-0000-0166-7fff-ffff0000002f"}
&amp#27;[35m[HTTP]&amp#27;[39m &amp#27;[37m<-- POST /wd/hub/session/644cb43e-d672-40f5-a9b0-1fd484bb3424/element &amp#27;[39m&amp#27;[32m200&amp#27;[39m &amp#27;[90m40 ms - 137&amp#27;[39m
&amp#27;[35m[HTTP]&amp#27;[39m &amp#27;[90m&amp#27;[39m
&amp#27;[35m[HTTP]&amp#27;[39m &amp#27;[37m-->&amp#27;[39m &amp#27;[37mPOST&amp#27;[39m &amp#27;[37m/wd/hub/session/644cb43e-d672-40f5-a9b0-1fd484bb3424/element/00000000-0000-0166-7fff-ffff0000002f/clear&amp#27;[39m
&amp#27;[35m[HTTP]&amp#27;[39m &amp#27;[90m{"id":"00000000-0000-0166-7fff-ffff0000002f"}&amp#27;[39m
[debug] &amp#27;[35m[W3C (644cb43e)]&amp#27;[39m Calling AppiumDriver.clear() with args: ["00000000-0000-0166-7fff-ffff0000002f","644cb43e-d672-40f5-a9b0-1fd484bb3424"]
[debug] &amp#27;[35m[WD Proxy]&amp#27;[39m Matched '/element/00000000-0000-0166-7fff-ffff0000002f/clear' to command name 'clear'
[debug] &amp#27;[35m[WD Proxy]&amp#27;[39m Proxying [POST /element/00000000-0000-0166-7fff-ffff0000002f/clear] to [POST http://127.0.0.1:10001/wd/hub/session/44ba05ff-d8a8-4796-9026-76750819bf31/element/00000000-0000-0166-7fff-ffff0000002f/clear] with body: {"elementId":"00000000-0000-0166-7fff-ffff0000002f"}
[debug] &amp#27;[35m[WD Proxy]&amp#27;[39m Got response with status 200: {"sessionId":"44ba05ff-d8a8-4796-9026-76750819bf31","value":null}
[debug] &amp#27;[35m[W3C (644cb43e)]&amp#27;[39m Responding to client with driver.clear() result: null
&amp#27;[35m[HTTP]&amp#27;[39m &amp#27;[37m<-- POST /wd/hub/session/644cb43e-d672-40f5-a9b0-1fd484bb3424/element/00000000-0000-0166-7fff-ffff0000002f/clear &amp#27;[39m&amp#27;[32m200&amp#27;[39m &amp#27;[90m25 ms - 14&amp#27;[39m
&amp#27;[35m[HTTP]&amp#27;[39m &amp#27;[90m&amp#27;[39m
&amp#27;[35m[HTTP]&amp#27;[39m &amp#27;[37m-->&amp#27;[39m &amp#27;[37mGET&amp#27;[39m &amp#27;[37m/wd/hub/session/644cb43e-d672-40f5-a9b0-1fd484bb3424/context&amp#27;[39m
&amp#27;[35m[HTTP]&amp#27;[39m &amp#27;[90m{}&amp#27;[39m
[debug] &amp#27;[35m[W3C (644cb43e)]&amp#27;[39m Calling AppiumDriver.getCurrentContext() with args: ["644cb43e-d672-40f5-a9b0-1fd484bb3424"]
[debug] &amp#27;[35m[W3C (644cb43e)]&amp#27;[39m Responding to client with driver.getCurrentContext() result: "NATIVE_APP"
&amp#27;[35m[HTTP]&amp#27;[39m &amp#27;[37m<-- GET /wd/hub/session/644cb43e-d672-40f5-a9b0-1fd484bb3424/context &amp#27;[39m&amp#27;[32m200&amp#27;[39m &amp#27;[90m3 ms - 22&amp#27;[39m
&amp#27;[35m[HTTP]&amp#27;[39m &amp#27;[90m&amp#27;[39m
&amp#27;[35m[HTTP]&amp#27;[39m &amp#27;[37m-->&amp#27;[39m &amp#27;[37mPOST&amp#27;[39m &amp#27;[37m/wd/hub/session/644cb43e-d672-40f5-a9b0-1fd484bb3424/element&amp#27;[39m
&amp#27;[35m[HTTP]&amp#27;[39m &amp#27;[90m{"using":"accessibility id","value":"test-Password"}&amp#27;[39m
[debug] &amp#27;[35m[W3C (644cb43e)]&amp#27;[39m Calling AppiumDriver.findElement() with args: ["accessibility id","test-Password","644cb43e-d672-40f5-a9b0-1fd484bb3424"]
[debug] &amp#27;[35m[BaseDriver]&amp#27;[39m Valid locator strategies for this request: xpath, id, class name, accessibility id, css selector, -android uiautomator
[debug] &amp#27;[35m[BaseDriver]&amp#27;[39m Waiting up to 0 ms for condition
[debug] &amp#27;[35m[WD Proxy]&amp#27;[39m Matched '/element' to command name 'findElement'
[debug] &amp#27;[35m[WD Proxy]&amp#27;[39m Proxying [POST /element] to [POST http://127.0.0.1:10001/wd/hub/session/44ba05ff-d8a8-4796-9026-76750819bf31/element] with body: {"strategy":"accessibility id","selector":"test-Password","context":"","multiple":false}
&amp#27;[35m[HTTP]&amp#27;[39m &amp#27;[37m-->&amp#27;[39m &amp#27;[37mPOST&amp#27;[39m &amp#27;[37m/wd/hub/session/ee0e5569-3cfd-4739-96df-73f2565751c2/element&amp#27;[39m
&amp#27;[35m[HTTP]&amp#27;[39m &amp#27;[90m{"using":"accessibility id","value":"test-Username"}&amp#27;[39m
[debug] &amp#27;[35m[W3C (ee0e5569)]&amp#27;[39m Calling AppiumDriver.findElement() with args: ["accessibility id","test-Username","ee0e5569-3cfd-4739-96df-73f2565751c2"]
[debug] &amp#27;[35m[BaseDriver]&amp#27;[39m Valid locator strategies for this request: xpath, id, class name, accessibility id, css selector, -android uiautomator
[debug] &amp#27;[35m[BaseDriver]&amp#27;[39m Waiting up to 0 ms for condition
[debug] &amp#27;[35m[WD Proxy]&amp#27;[39m Matched '/element' to command name 'findElement'
[debug] &amp#27;[35m[WD Proxy]&amp#27;[39m Proxying [POST /element] to [POST http://127.0.0.1:10000/wd/hub/session/21df9c7c-7d36-4b62-bb40-31691f012b3b/element] with body: {"strategy":"accessibility id","selector":"test-Username","context":"","multiple":false}
[debug] &amp#27;[35m[WD Proxy]&amp#27;[39m Got response with status 200: {"sessionId":"44ba05ff-d8a8-4796-9026-76750819bf31","value":{"ELEMENT":"00000000-0000-0166-7fff-ffff0000002f","element-6066-11e4-a52e-4f735466cecf":"00000000-0000-0166-7fff-ffff0000002f"}}
[debug] &amp#27;[35m[W3C (644cb43e)]&amp#27;[39m Responding to client with driver.findElement() result: {"element-6066-11e4-a52e-4f735466cecf":"00000000-0000-0166-7fff-ffff0000002f","ELEMENT":"00000000-0000-0166-7fff-ffff0000002f"}
&amp#27;[35m[HTTP]&amp#27;[39m &amp#27;[37m<-- POST /wd/hub/session/644cb43e-d672-40f5-a9b0-1fd484bb3424/element &amp#27;[39m&amp#27;[32m200&amp#27;[39m &amp#27;[90m524 ms - 137&amp#27;[39m
&amp#27;[35m[HTTP]&amp#27;[39m &amp#27;[90m&amp#27;[39m
&amp#27;[35m[HTTP]&amp#27;[39m &amp#27;[37m-->&amp#27;[39m &amp#27;[37mGET&amp#27;[39m &amp#27;[37m/wd/hub/session/644cb43e-d672-40f5-a9b0-1fd484bb3424/element/00000000-0000-0166-7fff-ffff0000002f/displayed&amp#27;[39m
&amp#27;[35m[HTTP]&amp#27;[39m &amp#27;[90m{}&amp#27;[39m
[debug] &amp#27;[35m[W3C (644cb43e)]&amp#27;[39m Calling AppiumDriver.elementDisplayed() with args: ["00000000-0000-0166-7fff-ffff0000002f","644cb43e-d672-40f5-a9b0-1fd484bb3424"]
[debug] &amp#27;[35m[WD Proxy]&amp#27;[39m Matched '/element/00000000-0000-0166-7fff-ffff0000002f/attribute/displayed' to command name 'getAttribute'
[debug] &amp#27;[35m[WD Proxy]&amp#27;[39m Proxying [GET /element/00000000-0000-0166-7fff-ffff0000002f/attribute/displayed] to [GET http://127.0.0.1:10001/wd/hub/session/44ba05ff-d8a8-4796-9026-76750819bf31/element/00000000-0000-0166-7fff-ffff0000002f/attribute/displayed] with no body
[debug] &amp#27;[35m[WD Proxy]&amp#27;[39m Got response with status 200: {"sessionId":"44ba05ff-d8a8-4796-9026-76750819bf31","value":"true"}
[debug] &amp#27;[35m[W3C (644cb43e)]&amp#27;[39m Responding to client with driver.elementDisplayed() result: true
&amp#27;[35m[HTTP]&amp#27;[39m &amp#27;[37m<-- GET /wd/hub/session/644cb43e-d672-40f5-a9b0-1fd484bb3424/element/00000000-0000-0166-7fff-ffff0000002f/displayed &amp#27;[39m&amp#27;[32m200&amp#27;[39m &amp#27;[90m32 ms - 14&amp#27;[39m
&amp#27;[35m[HTTP]&amp#27;[39m &amp#27;[90m&amp#27;[39m
[INFO ] 2022-08-30 16:49:02.357 BasePage:71 - password is secret_sauce
&amp#27;[35m[HTTP]&amp#27;[39m &amp#27;[37m-->&amp#27;[39m &amp#27;[37mGET&amp#27;[39m &amp#27;[37m/wd/hub/session/644cb43e-d672-40f5-a9b0-1fd484bb3424/context&amp#27;[39m
&amp#27;[35m[HTTP]&amp#27;[39m &amp#27;[90m{}&amp#27;[39m
[debug] &amp#27;[35m[W3C (644cb43e)]&amp#27;[39m Calling AppiumDriver.getCurrentContext() with args: ["644cb43e-d672-40f5-a9b0-1fd484bb3424"]
[debug] &amp#27;[35m[W3C (644cb43e)]&amp#27;[39m Responding to client with driver.getCurrentContext() result: "NATIVE_APP"
&amp#27;[35m[HTTP]&amp#27;[39m &amp#27;[37m<-- GET /wd/hub/session/644cb43e-d672-40f5-a9b0-1fd484bb3424/context &amp#27;[39m&amp#27;[32m200&amp#27;[39m &amp#27;[90m2 ms - 22&amp#27;[39m
&amp#27;[35m[HTTP]&amp#27;[39m &amp#27;[90m&amp#27;[39m
&amp#27;[35m[HTTP]&amp#27;[39m &amp#27;[37m-->&amp#27;[39m &amp#27;[37mPOST&amp#27;[39m &amp#27;[37m/wd/hub/session/644cb43e-d672-40f5-a9b0-1fd484bb3424/element&amp#27;[39m
&amp#27;[35m[HTTP]&amp#27;[39m &amp#27;[90m{"using":"accessibility id","value":"test-Password"}&amp#27;[39m
[debug] &amp#27;[35m[W3C (644cb43e)]&amp#27;[39m Calling AppiumDriver.findElement() with args: ["accessibility id","test-Password","644cb43e-d672-40f5-a9b0-1fd484bb3424"]
[debug] &amp#27;[35m[BaseDriver]&amp#27;[39m Valid locator strategies for this request: xpath, id, class name, accessibility id, css selector, -android uiautomator
[debug] &amp#27;[35m[BaseDriver]&amp#27;[39m Waiting up to 0 ms for condition
[debug] &amp#27;[35m[WD Proxy]&amp#27;[39m Matched '/element' to command name 'findElement'
[debug] &amp#27;[35m[WD Proxy]&amp#27;[39m Proxying [POST /element] to [POST http://127.0.0.1:10001/wd/hub/session/44ba05ff-d8a8-4796-9026-76750819bf31/element] with body: {"strategy":"accessibility id","selector":"test-Password","context":"","multiple":false}
[debug] &amp#27;[35m[WD Proxy]&amp#27;[39m Got response with status 200: {"sessionId":"44ba05ff-d8a8-4796-9026-76750819bf31","value":{"ELEMENT":"00000000-0000-0166-7fff-ffff0000002f","element-6066-11e4-a52e-4f735466cecf":"00000000-0000-0166-7fff-ffff0000002f"}}
[debug] &amp#27;[35m[W3C (644cb43e)]&amp#27;[39m Responding to client with driver.findElement() result: {"element-6066-11e4-a52e-4f735466cecf":"00000000-0000-0166-7fff-ffff0000002f","ELEMENT":"00000000-0000-0166-7fff-ffff0000002f"}
&amp#27;[35m[HTTP]&amp#27;[39m &amp#27;[37m<-- POST /wd/hub/session/644cb43e-d672-40f5-a9b0-1fd484bb3424/element &amp#27;[39m&amp#27;[32m200&amp#27;[39m &amp#27;[90m67 ms - 137&amp#27;[39m
&amp#27;[35m[HTTP]&amp#27;[39m &amp#27;[90m&amp#27;[39m
&amp#27;[35m[HTTP]&amp#27;[39m &amp#27;[37m-->&amp#27;[39m &amp#27;[37mPOST&amp#27;[39m &amp#27;[37m/wd/hub/session/644cb43e-d672-40f5-a9b0-1fd484bb3424/element/00000000-0000-0166-7fff-ffff0000002f/value&amp#27;[39m
&amp#27;[35m[HTTP]&amp#27;[39m &amp#27;[90m{"id":"00000000-0000-0166-7fff-ffff0000002f","text":"secret_sauce","value":["s","e","c","r","e","t","_","s","a","u","c","e"]}&amp#27;[39m
[debug] &amp#27;[35m[W3C (644cb43e)]&amp#27;[39m Calling AppiumDriver.setValue() with args: [["s","e","c","r","e","t","_","s","a","u","c","e"],"00000000-0000-0166-7fff-ffff0000002f","644cb43e-d672-40f5-a9b0-1fd484bb3424"]
[debug] &amp#27;[35m[WD Proxy]&amp#27;[39m Matched '/element/00000000-0000-0166-7fff-ffff0000002f/value' to command name 'setValue'
[debug] &amp#27;[35m[Protocol Converter]&amp#27;[39m Added 'value' property ["s","e","c","r","e","t","_","s","a","u","c","e"] to 'setValue' request body
[debug] &amp#27;[35m[WD Proxy]&amp#27;[39m Proxying [POST /element/00000000-0000-0166-7fff-ffff0000002f/value] to [POST http://127.0.0.1:10001/wd/hub/session/44ba05ff-d8a8-4796-9026-76750819bf31/element/00000000-0000-0166-7fff-ffff0000002f/value] with body: {"elementId":"00000000-0000-0166-7fff-ffff0000002f","text":"secret_sauce","replace":false,"value":["s","e","c","r","e","t","_","s","a","u","c","e"]}
[debug] &amp#27;[35m[WD Proxy]&amp#27;[39m Got response with status 200: {"sessionId":"44ba05ff-d8a8-4796-9026-76750819bf31","value":null}
[debug] &amp#27;[35m[W3C (644cb43e)]&amp#27;[39m Responding to client with driver.setValue() result: null
  And I enter password as "secret_sauce"                                                              # com.qa.stepdef.LoginStepDef.iEnterPasswordAs(java.lang.String)
&amp#27;[35m[HTTP]&amp#27;[39m &amp#27;[37m<-- POST /wd/hub/session/644cb43e-d672-40f5-a9b0-1fd484bb3424/element/00000000-0000-0166-7fff-ffff0000002f/value &amp#27;[39m&amp#27;[32m200&amp#27;[39m &amp#27;[90m49 ms - 14&amp#27;[39m
&amp#27;[35m[HTTP]&amp#27;[39m &amp#27;[90m&amp#27;[39m
&amp#27;[35m[HTTP]&amp#27;[39m &amp#27;[37m-->&amp#27;[39m &amp#27;[37mGET&amp#27;[39m &amp#27;[37m/wd/hub/session/644cb43e-d672-40f5-a9b0-1fd484bb3424/context&amp#27;[39m
&amp#27;[35m[HTTP]&amp#27;[39m &amp#27;[90m{}&amp#27;[39m
[debug] &amp#27;[35m[W3C (644cb43e)]&amp#27;[39m Calling AppiumDriver.getCurrentContext() with args: ["644cb43e-d672-40f5-a9b0-1fd484bb3424"]
[debug] &amp#27;[35m[W3C (644cb43e)]&amp#27;[39m Responding to client with driver.getCurrentContext() result: "NATIVE_APP"
&amp#27;[35m[HTTP]&amp#27;[39m &amp#27;[37m<-- GET /wd/hub/session/644cb43e-d672-40f5-a9b0-1fd484bb3424/context &amp#27;[39m&amp#27;[32m200&amp#27;[39m &amp#27;[90m2 ms - 22&amp#27;[39m
&amp#27;[35m[HTTP]&amp#27;[39m &amp#27;[90m&amp#27;[39m
&amp#27;[35m[HTTP]&amp#27;[39m &amp#27;[37m-->&amp#27;[39m &amp#27;[37mPOST&amp#27;[39m &amp#27;[37m/wd/hub/session/644cb43e-d672-40f5-a9b0-1fd484bb3424/element&amp#27;[39m
&amp#27;[35m[HTTP]&amp#27;[39m &amp#27;[90m{"using":"accessibility id","value":"test-LOGIN"}&amp#27;[39m
[debug] &amp#27;[35m[W3C (644cb43e)]&amp#27;[39m Calling AppiumDriver.findElement() with args: ["accessibility id","test-LOGIN","644cb43e-d672-40f5-a9b0-1fd484bb3424"]
[debug] &amp#27;[35m[BaseDriver]&amp#27;[39m Valid locator strategies for this request: xpath, id, class name, accessibility id, css selector, -android uiautomator
[debug] &amp#27;[35m[BaseDriver]&amp#27;[39m Waiting up to 0 ms for condition
[debug] &amp#27;[35m[WD Proxy]&amp#27;[39m Matched '/element' to command name 'findElement'
[debug] &amp#27;[35m[WD Proxy]&amp#27;[39m Proxying [POST /element] to [POST http://127.0.0.1:10001/wd/hub/session/44ba05ff-d8a8-4796-9026-76750819bf31/element] with body: {"strategy":"accessibility id","selector":"test-LOGIN","context":"","multiple":false}
[debug] &amp#27;[35m[WD Proxy]&amp#27;[39m Got response with status 200: {"sessionId":"21df9c7c-7d36-4b62-bb40-31691f012b3b","value":{"ELEMENT":"00000000-0000-036c-7fff-ffff0000002f","element-6066-11e4-a52e-4f735466cecf":"00000000-0000-036c-7fff-ffff0000002f"}}
[debug] &amp#27;[35m[W3C (ee0e5569)]&amp#27;[39m Responding to client with driver.findElement() result: {"element-6066-11e4-a52e-4f735466cecf":"00000000-0000-036c-7fff-ffff0000002f","ELEMENT":"00000000-0000-036c-7fff-ffff0000002f"}
&amp#27;[35m[HTTP]&amp#27;[39m &amp#27;[37m<-- POST /wd/hub/session/ee0e5569-3cfd-4739-96df-73f2565751c2/element &amp#27;[39m&amp#27;[32m200&amp#27;[39m &amp#27;[90m515 ms - 137&amp#27;[39m
&amp#27;[35m[HTTP]&amp#27;[39m &amp#27;[90m&amp#27;[39m
&amp#27;[35m[HTTP]&amp#27;[39m &amp#27;[37m-->&amp#27;[39m &amp#27;[37mGET&amp#27;[39m &amp#27;[37m/wd/hub/session/ee0e5569-3cfd-4739-96df-73f2565751c2/element/00000000-0000-036c-7fff-ffff0000002f/displayed&amp#27;[39m
&amp#27;[35m[HTTP]&amp#27;[39m &amp#27;[90m{}&amp#27;[39m
[debug] &amp#27;[35m[W3C (ee0e5569)]&amp#27;[39m Calling AppiumDriver.elementDisplayed() with args: ["00000000-0000-036c-7fff-ffff0000002f","ee0e5569-3cfd-4739-96df-73f2565751c2"]
[debug] &amp#27;[35m[WD Proxy]&amp#27;[39m Matched '/element/00000000-0000-036c-7fff-ffff0000002f/attribute/displayed' to command name 'getAttribute'
[debug] &amp#27;[35m[WD Proxy]&amp#27;[39m Proxying [GET /element/00000000-0000-036c-7fff-ffff0000002f/attribute/displayed] to [GET http://127.0.0.1:10000/wd/hub/session/21df9c7c-7d36-4b62-bb40-31691f012b3b/element/00000000-0000-036c-7fff-ffff0000002f/attribute/displayed] with no body
[debug] &amp#27;[35m[WD Proxy]&amp#27;[39m Got response with status 200: {"sessionId":"21df9c7c-7d36-4b62-bb40-31691f012b3b","value":"true"}
[debug] &amp#27;[35m[W3C (ee0e5569)]&amp#27;[39m Responding to client with driver.elementDisplayed() result: true
&amp#27;[35m[HTTP]&amp#27;[39m &amp#27;[37m<-- GET /wd/hub/session/ee0e5569-3cfd-4739-96df-73f2565751c2/element/00000000-0000-036c-7fff-ffff0000002f/displayed &amp#27;[39m&amp#27;[32m200&amp#27;[39m &amp#27;[90m34 ms - 14&amp#27;[39m
&amp#27;[35m[HTTP]&amp#27;[39m &amp#27;[90m&amp#27;[39m
&amp#27;[35m[HTTP]&amp#27;[39m &amp#27;[37m-->&amp#27;[39m &amp#27;[37mGET&amp#27;[39m &amp#27;[37m/wd/hub/session/ee0e5569-3cfd-4739-96df-73f2565751c2/context&amp#27;[39m
&amp#27;[35m[HTTP]&amp#27;[39m &amp#27;[90m{}&amp#27;[39m
[debug] &amp#27;[35m[W3C (ee0e5569)]&amp#27;[39m Calling AppiumDriver.getCurrentContext() with args: ["ee0e5569-3cfd-4739-96df-73f2565751c2"]
[debug] &amp#27;[35m[W3C (ee0e5569)]&amp#27;[39m Responding to client with driver.getCurrentContext() result: "NATIVE_APP"
&amp#27;[35m[HTTP]&amp#27;[39m &amp#27;[37m<-- GET /wd/hub/session/ee0e5569-3cfd-4739-96df-73f2565751c2/context &amp#27;[39m&amp#27;[32m200&amp#27;[39m &amp#27;[90m6 ms - 22&amp#27;[39m
&amp#27;[35m[HTTP]&amp#27;[39m &amp#27;[90m&amp#27;[39m
&amp#27;[35m[HTTP]&amp#27;[39m &amp#27;[37m-->&amp#27;[39m &amp#27;[37mPOST&amp#27;[39m &amp#27;[37m/wd/hub/session/ee0e5569-3cfd-4739-96df-73f2565751c2/element&amp#27;[39m
&amp#27;[35m[HTTP]&amp#27;[39m &amp#27;[90m{"using":"accessibility id","value":"test-Username"}&amp#27;[39m
[debug] &amp#27;[35m[W3C (ee0e5569)]&amp#27;[39m Calling AppiumDriver.findElement() with args: ["accessibility id","test-Username","ee0e5569-3cfd-4739-96df-73f2565751c2"]
[debug] &amp#27;[35m[BaseDriver]&amp#27;[39m Valid locator strategies for this request: xpath, id, class name, accessibility id, css selector, -android uiautomator
[debug] &amp#27;[35m[BaseDriver]&amp#27;[39m Waiting up to 0 ms for condition
[debug] &amp#27;[35m[WD Proxy]&amp#27;[39m Matched '/element' to command name 'findElement'
[debug] &amp#27;[35m[WD Proxy]&amp#27;[39m Proxying [POST /element] to [POST http://127.0.0.1:10000/wd/hub/session/21df9c7c-7d36-4b62-bb40-31691f012b3b/element] with body: {"strategy":"accessibility id","selector":"test-Username","context":"","multiple":false}
[debug] &amp#27;[35m[WD Proxy]&amp#27;[39m Got response with status 200: {"sessionId":"21df9c7c-7d36-4b62-bb40-31691f012b3b","value":{"ELEMENT":"00000000-0000-036c-7fff-ffff0000002f","element-6066-11e4-a52e-4f735466cecf":"00000000-0000-036c-7fff-ffff0000002f"}}
[debug] &amp#27;[35m[W3C (ee0e5569)]&amp#27;[39m Responding to client with driver.findElement() result: {"element-6066-11e4-a52e-4f735466cecf":"00000000-0000-036c-7fff-ffff0000002f","ELEMENT":"00000000-0000-036c-7fff-ffff0000002f"}
&amp#27;[35m[HTTP]&amp#27;[39m &amp#27;[37m<-- POST /wd/hub/session/ee0e5569-3cfd-4739-96df-73f2565751c2/element &amp#27;[39m&amp#27;[32m200&amp#27;[39m &amp#27;[90m41 ms - 137&amp#27;[39m
&amp#27;[35m[HTTP]&amp#27;[39m &amp#27;[90m&amp#27;[39m
&amp#27;[35m[HTTP]&amp#27;[39m &amp#27;[37m-->&amp#27;[39m &amp#27;[37mPOST&amp#27;[39m &amp#27;[37m/wd/hub/session/ee0e5569-3cfd-4739-96df-73f2565751c2/element/00000000-0000-036c-7fff-ffff0000002f/clear&amp#27;[39m
&amp#27;[35m[HTTP]&amp#27;[39m &amp#27;[90m{"id":"00000000-0000-036c-7fff-ffff0000002f"}&amp#27;[39m
[debug] &amp#27;[35m[W3C (ee0e5569)]&amp#27;[39m Calling AppiumDriver.clear() with args: ["00000000-0000-036c-7fff-ffff0000002f","ee0e5569-3cfd-4739-96df-73f2565751c2"]
[debug] &amp#27;[35m[WD Proxy]&amp#27;[39m Matched '/element/00000000-0000-036c-7fff-ffff0000002f/clear' to command name 'clear'
[debug] &amp#27;[35m[WD Proxy]&amp#27;[39m Proxying [POST /element/00000000-0000-036c-7fff-ffff0000002f/clear] to [POST http://127.0.0.1:10000/wd/hub/session/21df9c7c-7d36-4b62-bb40-31691f012b3b/element/00000000-0000-036c-7fff-ffff0000002f/clear] with body: {"elementId":"00000000-0000-036c-7fff-ffff0000002f"}
[debug] &amp#27;[35m[WD Proxy]&amp#27;[39m Got response with status 200: {"sessionId":"21df9c7c-7d36-4b62-bb40-31691f012b3b","value":null}
[debug] &amp#27;[35m[W3C (ee0e5569)]&amp#27;[39m Responding to client with driver.clear() result: null
&amp#27;[35m[HTTP]&amp#27;[39m &amp#27;[37m<-- POST /wd/hub/session/ee0e5569-3cfd-4739-96df-73f2565751c2/element/00000000-0000-036c-7fff-ffff0000002f/clear &amp#27;[39m&amp#27;[32m200&amp#27;[39m &amp#27;[90m27 ms - 14&amp#27;[39m
&amp#27;[35m[HTTP]&amp#27;[39m &amp#27;[90m&amp#27;[39m
&amp#27;[35m[HTTP]&amp#27;[39m &amp#27;[37m-->&amp#27;[39m &amp#27;[37mGET&amp#27;[39m &amp#27;[37m/wd/hub/session/ee0e5569-3cfd-4739-96df-73f2565751c2/context&amp#27;[39m
&amp#27;[35m[HTTP]&amp#27;[39m &amp#27;[90m{}&amp#27;[39m
[debug] &amp#27;[35m[W3C (ee0e5569)]&amp#27;[39m Calling AppiumDriver.getCurrentContext() with args: ["ee0e5569-3cfd-4739-96df-73f2565751c2"]
[debug] &amp#27;[35m[W3C (ee0e5569)]&amp#27;[39m Responding to client with driver.getCurrentContext() result: "NATIVE_APP"
&amp#27;[35m[HTTP]&amp#27;[39m &amp#27;[37m<-- GET /wd/hub/session/ee0e5569-3cfd-4739-96df-73f2565751c2/context &amp#27;[39m&amp#27;[32m200&amp#27;[39m &amp#27;[90m4 ms - 22&amp#27;[39m
&amp#27;[35m[HTTP]&amp#27;[39m &amp#27;[90m&amp#27;[39m
&amp#27;[35m[HTTP]&amp#27;[39m &amp#27;[37m-->&amp#27;[39m &amp#27;[37mPOST&amp#27;[39m &amp#27;[37m/wd/hub/session/ee0e5569-3cfd-4739-96df-73f2565751c2/element&amp#27;[39m
&amp#27;[35m[HTTP]&amp#27;[39m &amp#27;[90m{"using":"accessibility id","value":"test-Username"}&amp#27;[39m
[debug] &amp#27;[35m[W3C (ee0e5569)]&amp#27;[39m Calling AppiumDriver.findElement() with args: ["accessibility id","test-Username","ee0e5569-3cfd-4739-96df-73f2565751c2"]
[debug] &amp#27;[35m[BaseDriver]&amp#27;[39m Valid locator strategies for this request: xpath, id, class name, accessibility id, css selector, -android uiautomator
[debug] &amp#27;[35m[BaseDriver]&amp#27;[39m Waiting up to 0 ms for condition
[debug] &amp#27;[35m[WD Proxy]&amp#27;[39m Matched '/element' to command name 'findElement'
[debug] &amp#27;[35m[WD Proxy]&amp#27;[39m Proxying [POST /element] to [POST http://127.0.0.1:10000/wd/hub/session/21df9c7c-7d36-4b62-bb40-31691f012b3b/element] with body: {"strategy":"accessibility id","selector":"test-Username","context":"","multiple":false}
[debug] &amp#27;[35m[WD Proxy]&amp#27;[39m Got response with status 200: {"sessionId":"44ba05ff-d8a8-4796-9026-76750819bf31","value":{"ELEMENT":"00000000-0000-0166-7fff-ffff0000002b","element-6066-11e4-a52e-4f735466cecf":"00000000-0000-0166-7fff-ffff0000002b"}}
[debug] &amp#27;[35m[W3C (644cb43e)]&amp#27;[39m Responding to client with driver.findElement() result: {"element-6066-11e4-a52e-4f735466cecf":"00000000-0000-0166-7fff-ffff0000002b","ELEMENT":"00000000-0000-0166-7fff-ffff0000002b"}
&amp#27;[35m[HTTP]&amp#27;[39m &amp#27;[37m<-- POST /wd/hub/session/644cb43e-d672-40f5-a9b0-1fd484bb3424/element &amp#27;[39m&amp#27;[32m200&amp#27;[39m &amp#27;[90m516 ms - 137&amp#27;[39m
&amp#27;[35m[HTTP]&amp#27;[39m &amp#27;[90m&amp#27;[39m
&amp#27;[35m[HTTP]&amp#27;[39m &amp#27;[37m-->&amp#27;[39m &amp#27;[37mGET&amp#27;[39m &amp#27;[37m/wd/hub/session/644cb43e-d672-40f5-a9b0-1fd484bb3424/element/00000000-0000-0166-7fff-ffff0000002b/displayed&amp#27;[39m
&amp#27;[35m[HTTP]&amp#27;[39m &amp#27;[90m{}&amp#27;[39m
[debug] &amp#27;[35m[W3C (644cb43e)]&amp#27;[39m Calling AppiumDriver.elementDisplayed() with args: ["00000000-0000-0166-7fff-ffff0000002b","644cb43e-d672-40f5-a9b0-1fd484bb3424"]
[debug] &amp#27;[35m[WD Proxy]&amp#27;[39m Matched '/element/00000000-0000-0166-7fff-ffff0000002b/attribute/displayed' to command name 'getAttribute'
[debug] &amp#27;[35m[WD Proxy]&amp#27;[39m Proxying [GET /element/00000000-0000-0166-7fff-ffff0000002b/attribute/displayed] to [GET http://127.0.0.1:10001/wd/hub/session/44ba05ff-d8a8-4796-9026-76750819bf31/element/00000000-0000-0166-7fff-ffff0000002b/attribute/displayed] with no body
[debug] &amp#27;[35m[WD Proxy]&amp#27;[39m Got response with status 200: {"sessionId":"44ba05ff-d8a8-4796-9026-76750819bf31","value":"true"}
[debug] &amp#27;[35m[W3C (644cb43e)]&amp#27;[39m Responding to client with driver.elementDisplayed() result: true
&amp#27;[35m[HTTP]&amp#27;[39m &amp#27;[37m<-- GET /wd/hub/session/644cb43e-d672-40f5-a9b0-1fd484bb3424/element/00000000-0000-0166-7fff-ffff0000002b/displayed &amp#27;[39m&amp#27;[32m200&amp#27;[39m &amp#27;[90m20 ms - 14&amp#27;[39m
&amp#27;[35m[HTTP]&amp#27;[39m &amp#27;[90m&amp#27;[39m
[INFO ] 2022-08-30 16:49:03.081 BasePage:54 - press login button
&amp#27;[35m[HTTP]&amp#27;[39m &amp#27;[37m-->&amp#27;[39m &amp#27;[37mGET&amp#27;[39m &amp#27;[37m/wd/hub/session/644cb43e-d672-40f5-a9b0-1fd484bb3424/context&amp#27;[39m
&amp#27;[35m[HTTP]&amp#27;[39m &amp#27;[90m{}&amp#27;[39m
[debug] &amp#27;[35m[W3C (644cb43e)]&amp#27;[39m Calling AppiumDriver.getCurrentContext() with args: ["644cb43e-d672-40f5-a9b0-1fd484bb3424"]
[debug] &amp#27;[35m[W3C (644cb43e)]&amp#27;[39m Responding to client with driver.getCurrentContext() result: "NATIVE_APP"
&amp#27;[35m[HTTP]&amp#27;[39m &amp#27;[37m<-- GET /wd/hub/session/644cb43e-d672-40f5-a9b0-1fd484bb3424/context &amp#27;[39m&amp#27;[32m200&amp#27;[39m &amp#27;[90m4 ms - 22&amp#27;[39m
&amp#27;[35m[HTTP]&amp#27;[39m &amp#27;[90m&amp#27;[39m
&amp#27;[35m[HTTP]&amp#27;[39m &amp#27;[37m-->&amp#27;[39m &amp#27;[37mPOST&amp#27;[39m &amp#27;[37m/wd/hub/session/644cb43e-d672-40f5-a9b0-1fd484bb3424/element&amp#27;[39m
&amp#27;[35m[HTTP]&amp#27;[39m &amp#27;[90m{"using":"accessibility id","value":"test-LOGIN"}&amp#27;[39m
[debug] &amp#27;[35m[W3C (644cb43e)]&amp#27;[39m Calling AppiumDriver.findElement() with args: ["accessibility id","test-LOGIN","644cb43e-d672-40f5-a9b0-1fd484bb3424"]
[debug] &amp#27;[35m[BaseDriver]&amp#27;[39m Valid locator strategies for this request: xpath, id, class name, accessibility id, css selector, -android uiautomator
[debug] &amp#27;[35m[BaseDriver]&amp#27;[39m Waiting up to 0 ms for condition
[debug] &amp#27;[35m[WD Proxy]&amp#27;[39m Matched '/element' to command name 'findElement'
[debug] &amp#27;[35m[WD Proxy]&amp#27;[39m Proxying [POST /element] to [POST http://127.0.0.1:10001/wd/hub/session/44ba05ff-d8a8-4796-9026-76750819bf31/element] with body: {"strategy":"accessibility id","selector":"test-LOGIN","context":"","multiple":false}
[debug] &amp#27;[35m[WD Proxy]&amp#27;[39m Got response with status 200: {"sessionId":"44ba05ff-d8a8-4796-9026-76750819bf31","value":{"ELEMENT":"00000000-0000-0166-7fff-ffff0000002b","element-6066-11e4-a52e-4f735466cecf":"00000000-0000-0166-7fff-ffff0000002b"}}
[debug] &amp#27;[35m[W3C (644cb43e)]&amp#27;[39m Responding to client with driver.findElement() result: {"element-6066-11e4-a52e-4f735466cecf":"00000000-0000-0166-7fff-ffff0000002b","ELEMENT":"00000000-0000-0166-7fff-ffff0000002b"}
&amp#27;[35m[HTTP]&amp#27;[39m &amp#27;[37m<-- POST /wd/hub/session/644cb43e-d672-40f5-a9b0-1fd484bb3424/element &amp#27;[39m&amp#27;[32m200&amp#27;[39m &amp#27;[90m64 ms - 137&amp#27;[39m
&amp#27;[35m[HTTP]&amp#27;[39m &amp#27;[90m&amp#27;[39m
&amp#27;[35m[HTTP]&amp#27;[39m &amp#27;[37m-->&amp#27;[39m &amp#27;[37mPOST&amp#27;[39m &amp#27;[37m/wd/hub/session/644cb43e-d672-40f5-a9b0-1fd484bb3424/element/00000000-0000-0166-7fff-ffff0000002b/click&amp#27;[39m
&amp#27;[35m[HTTP]&amp#27;[39m &amp#27;[90m{"id":"00000000-0000-0166-7fff-ffff0000002b"}&amp#27;[39m
[debug] &amp#27;[35m[W3C (644cb43e)]&amp#27;[39m Calling AppiumDriver.click() with args: ["00000000-0000-0166-7fff-ffff0000002b","644cb43e-d672-40f5-a9b0-1fd484bb3424"]
[debug] &amp#27;[35m[WD Proxy]&amp#27;[39m Matched '/element/00000000-0000-0166-7fff-ffff0000002b/click' to command name 'click'
[debug] &amp#27;[35m[WD Proxy]&amp#27;[39m Proxying [POST /element/00000000-0000-0166-7fff-ffff0000002b/click] to [POST http://127.0.0.1:10001/wd/hub/session/44ba05ff-d8a8-4796-9026-76750819bf31/element/00000000-0000-0166-7fff-ffff0000002b/click] with body: {"element":"00000000-0000-0166-7fff-ffff0000002b"}
[debug] &amp#27;[35m[WD Proxy]&amp#27;[39m Got response with status 200: {"sessionId":"44ba05ff-d8a8-4796-9026-76750819bf31","value":null}
[debug] &amp#27;[35m[W3C (644cb43e)]&amp#27;[39m Responding to client with driver.click() result: null
&amp#27;[35m[HTTP]&amp#27;[39m &amp#27;[37m<-- POST /wd/hub/session/644cb43e-d672-40f5-a9b0-1fd484bb3424/element/00000000-0000-0166-7fff-ffff0000002b/click &amp#27;[39m&amp#27;[32m200&amp#27;[39m &amp#27;[90m70 ms - 14&amp#27;[39m
&amp#27;[35m[HTTP]&amp#27;[39m &amp#27;[90m&amp#27;[39m
  And I login                                                                                         # com.qa.stepdef.LoginStepDef.iLogin()
&amp#27;[35m[HTTP]&amp#27;[39m &amp#27;[37m-->&amp#27;[39m &amp#27;[37mGET&amp#27;[39m &amp#27;[37m/wd/hub/session/644cb43e-d672-40f5-a9b0-1fd484bb3424/context&amp#27;[39m
&amp#27;[35m[HTTP]&amp#27;[39m &amp#27;[90m{}&amp#27;[39m
[debug] &amp#27;[35m[W3C (644cb43e)]&amp#27;[39m Calling AppiumDriver.getCurrentContext() with args: ["644cb43e-d672-40f5-a9b0-1fd484bb3424"]
[debug] &amp#27;[35m[W3C (644cb43e)]&amp#27;[39m Responding to client with driver.getCurrentContext() result: "NATIVE_APP"
&amp#27;[35m[HTTP]&amp#27;[39m &amp#27;[37m<-- GET /wd/hub/session/644cb43e-d672-40f5-a9b0-1fd484bb3424/context &amp#27;[39m&amp#27;[32m200&amp#27;[39m &amp#27;[90m2 ms - 22&amp#27;[39m
&amp#27;[35m[HTTP]&amp#27;[39m &amp#27;[90m&amp#27;[39m
&amp#27;[35m[HTTP]&amp#27;[39m &amp#27;[37m-->&amp#27;[39m &amp#27;[37mPOST&amp#27;[39m &amp#27;[37m/wd/hub/session/644cb43e-d672-40f5-a9b0-1fd484bb3424/element&amp#27;[39m
&amp#27;[35m[HTTP]&amp#27;[39m &amp#27;[90m{"using":"xpath","value":"//android.view.ViewGroup[@content-desc=\"test-Error message\"]/android.widget.TextView"}&amp#27;[39m
[debug] &amp#27;[35m[W3C (644cb43e)]&amp#27;[39m Calling AppiumDriver.findElement() with args: ["xpath","//android.view.ViewGroup[@content-desc=\"test-Error message\"]/android.widget.TextView","644cb43e-d672-40f5-a9b0-1fd484bb3424"]
[debug] &amp#27;[35m[BaseDriver]&amp#27;[39m Valid locator strategies for this request: xpath, id, class name, accessibility id, css selector, -android uiautomator
[debug] &amp#27;[35m[BaseDriver]&amp#27;[39m Waiting up to 0 ms for condition
[debug] &amp#27;[35m[WD Proxy]&amp#27;[39m Matched '/element' to command name 'findElement'
[debug] &amp#27;[35m[WD Proxy]&amp#27;[39m Proxying [POST /element] to [POST http://127.0.0.1:10001/wd/hub/session/44ba05ff-d8a8-4796-9026-76750819bf31/element] with body: {"strategy":"xpath","selector":"//android.view.ViewGroup[@content-desc=\"test-Error message\"]/android.widget.TextView","context":"","multiple":false}
[debug] &amp#27;[35m[WD Proxy]&amp#27;[39m Got response with status 200: {"sessionId":"21df9c7c-7d36-4b62-bb40-31691f012b3b","value":{"ELEMENT":"00000000-0000-036c-7fff-ffff0000002f","element-6066-11e4-a52e-4f735466cecf":"00000000-0000-036c-7fff-ffff0000002f"}}
[debug] &amp#27;[35m[W3C (ee0e5569)]&amp#27;[39m Responding to client with driver.findElement() result: {"element-6066-11e4-a52e-4f735466cecf":"00000000-0000-036c-7fff-ffff0000002f","ELEMENT":"00000000-0000-036c-7fff-ffff0000002f"}
&amp#27;[35m[HTTP]&amp#27;[39m &amp#27;[37m<-- POST /wd/hub/session/ee0e5569-3cfd-4739-[INFO ] 2022-08-30 16:49:03.458 BasePage:71 - login with invalidUsername
96df-73f2565751c2/element &amp#27;[39m&amp#27;[32m200&amp#27;[39m &amp#27;[90m507 ms - 137&amp#27;[39m
&amp#27;[35m[HTTP]&amp#27;[39m &amp#27;[90m&amp#27;[39m
&amp#27;[35m[HTTP]&amp#27;[39m &amp#27;[37m-->&amp#27;[39m &amp#27;[37mGET&amp#27;[39m &amp#27;[37m/wd/hub/session/ee0e5569-3cfd-4739-96df-73f2565751c2/element/00000000-0000-036c-7fff-ffff0000002f/displayed&amp#27;[39m
&amp#27;[35m[HTTP]&amp#27;[39m &amp#27;[90m{}&amp#27;[39m
[debug] &amp#27;[35m[W3C (ee0e5569)]&amp#27;[39m Calling AppiumDriver.elementDisplayed() with args: ["00000000-0000-036c-7fff-ffff0000002f","ee0e5569-3cfd-4739-96df-73f2565751c2"]
[debug] &amp#27;[35m[WD Proxy]&amp#27;[39m Matched '/element/00000000-0000-036c-7fff-ffff0000002f/attribute/displayed' to command name 'getAttribute'
[debug] &amp#27;[35m[WD Proxy]&amp#27;[39m Proxying [GET /element/00000000-0000-036c-7fff-ffff0000002f/attribute/displayed] to [GET http://127.0.0.1:10000/wd/hub/session/21df9c7c-7d36-4b62-bb40-31691f012b3b/element/00000000-0000-036c-7fff-ffff0000002f/attribute/displayed] with no body
[debug] &amp#27;[35m[WD Proxy]&amp#27;[39m Got response with status 200: {"sessionId":"21df9c7c-7d36-4b62-bb40-31691f012b3b","value":"true"}
[debug] &amp#27;[35m[W3C (ee0e5569)]&amp#27;[39m Responding to client with driver.elementDisplayed() result: true
&amp#27;[35m[HTTP]&amp#27;[39m &amp#27;[37m<-- GET /wd/hub/session/ee0e5569-3cfd-4739-96df-73f2565751c2/element/00000000-0000-036c-7fff-ffff0000002f/displayed &amp#27;[39m&amp#27;[32m200&amp#27;[39m &amp#27;[90m24 ms - 14&amp#27;[39m
&amp#27;[35m[HTTP]&amp#27;[39m &amp#27;[90m&amp#27;[39m
&amp#27;[35m[HTTP]&amp#27;[39m &amp#27;[37m-->&amp#27;[39m &amp#27;[37mGET&amp#27;[39m &amp#27;[37m/wd/hub/session/ee0e5569-3cfd-4739-96df-73f2565751c2/context&amp#27;[39m
&amp#27;[35m[HTTP]&amp#27;[39m &amp#27;[90m{}&amp#27;[39m
[debug] &amp#27;[35m[W3C (ee0e5569)]&amp#27;[39m Calling AppiumDriver.getCurrentContext() with args: ["ee0e5569-3cfd-4739-96df-73f2565751c2"]
[debug] &amp#27;[35m[W3C (ee0e5569)]&amp#27;[39m Responding to client with driver.getCurrentContext() result: "NATIVE_APP"
&amp#27;[35m[HTTP]&amp#27;[39m &amp#27;[37m<-- GET /wd/hub/session/ee0e5569-3cfd-4739-96df-73f2565751c2/context &amp#27;[39m&amp#27;[32m200&amp#27;[39m &amp#27;[90m3 ms - 22&amp#27;[39m
&amp#27;[35m[HTTP]&amp#27;[39m &amp#27;[90m&amp#27;[39m
&amp#27;[35m[HTTP]&amp#27;[39m &amp#27;[37m-->&amp#27;[39m &amp#27;[37mPOST&amp#27;[39m &amp#27;[37m/wd/hub/session/ee0e5569-3cfd-4739-96df-73f2565751c2/element&amp#27;[39m
&amp#27;[35m[HTTP]&amp#27;[39m &amp#27;[90m{"using":"accessibility id","value":"test-Username"}&amp#27;[39m
[debug] &amp#27;[35m[W3C (ee0e5569)]&amp#27;[39m Calling AppiumDriver.findElement() with args: ["accessibility id","test-Username","ee0e5569-3cfd-4739-96df-73f2565751c2"]
[debug] &amp#27;[35m[BaseDriver]&amp#27;[39m Valid locator strategies for this request: xpath, id, class name, accessibility id, css selector, -android uiautomator
[debug] &amp#27;[35m[BaseDriver]&amp#27;[39m Waiting up to 0 ms for condition
[debug] &amp#27;[35m[WD Proxy]&amp#27;[39m Matched '/element' to command name 'findElement'
[debug] &amp#27;[35m[WD Proxy]&amp#27;[39m Proxying [POST /element] to [POST http://127.0.0.1:10000/wd/hub/session/21df9c7c-7d36-4b62-bb40-31691f012b3b/element] with body: {"strategy":"accessibility id","selector":"test-Username","context":"","multiple":false}
[debug] &amp#27;[35m[WD Proxy]&amp#27;[39m Got response with status 200: {"sessionId":"21df9c7c-7d36-4b62-bb40-31691f012b3b","value":{"ELEMENT":"00000000-0000-036c-7fff-ffff0000002f","element-6066-11e4-a52e-4f735466cecf":"00000000-0000-036c-7fff-ffff0000002f"}}
[debug] &amp#27;[35m[W3C (ee0e5569)]&amp#27;[39m Responding to client with driver.findElement() result: {"element-6066-11e4-a52e-4f735466cecf":"00000000-0000-036c-7fff-ffff0000002f","ELEMENT":"00000000-0000-036c-7fff-ffff0000002f"}
&amp#27;[35m[HTTP]&amp#27;[39m &amp#27;[37m<-- POST /wd/hub/session/ee0e[5d5e6b9u-3gc]f d&amp#27;-[437539m-[W9D6 dPfr-o7x3fy2]5&amp#27;6[35975m 1cG2ot respon/see lweimtehn ts t&amp#27;[a3t9ums &amp#27;[23020m:2 0{0"&amp#27;se[s3s9mi o&amp#27;n[I9d0"m:7"404 bmas0 5-f 1f3-7d&amp#27;8a[83-94m79
&amp#27;6[35-9m0[H2T6TP-]7&amp#27;6[73590m8 1&amp#27;9[bf930m1&amp#27;"[,3"9vmal
u&amp#27;[e3":5{m"[HELTTEPM]E&amp#27;N[T3"9:m" 0&amp#27;0[03070m0-0-0>-&amp#27;0[0390m0 -0&amp#27;1[6367-m7PfOfSfT-&amp#27;f[f3f9mf0 &amp#27;000003f","[eleme3nt-60676-11me4-a/52e-w4f73546d6cecf/":"0h00000u00-000b0-01/66-7session/fee0fe5f5-6f9f-f3fc0fd0-04739-0960d0f3-f73"f}2}56
5751c2/element/00000000-0000[-d0e3b6c-u7gf]f f&amp#27;-[ff3f5fm0[0W03C0002f/ v(6a4l4cube4&amp#27;3e[)3]9&amp#27;m[3
9&amp#27;m [3R5ems[pHonTdTiPn]&amp#27;g[ 3t9om c l&amp#27;i[e90nmt {w"iidt"h: "dr0i0ve00r0.f0i0n0d-El0e0m0e0n-t0(3)6 cr-e7sfuflft-:f f{f"f0ele0m0e0n00t-26f0"6,"6t-1ex1te"4:"-ian52vea-l4ifd7U3s5e4r66ncaemcef"",:""v0a0l0ue":0[0"0i0"0,-"0n0"0,0"-v0"1,6"6a-"7,f"fl"f,-"fif",f"fd0"0,0"U0"0,0"3sf"",,""eE"L,E"MrE"N,T""n:"",0"0a0"0,0"m0"0,0"e-"0]0}0&amp#27;0[-3091m66
-[7dffefb-ufgf]f f&amp#27;0[03050m0[0W33fC" }(e
e&amp#27;0[e53556m9[)H]T&amp#27;T[3P]9&amp#27;m[ 3C9alling AppiumDriver.setValue() with args: [["i","n","v","a","l","i","d","U","s","e","r","n","a","m","e"],"00000000-0000-036c-7fff-fmff f&amp#27;0[037m<--0 0P0O0S2Tf "/,w"ede/0heu5b5/6s9e-s3scifodn-/4674349c-b9463def--d73f627526-54705f15c-2a"9]b0
-[1dfedbug] 4&amp#27;8[43b5bm3[4W2D4 /Perloexmye]n&amp#27;t[ 3&amp#27;9[m3 9Mma&amp#27;t[c3hed 2'/mel20ement/00000000-0000-036c-7fff-ffff00000002f/va&amp#27;lu[e3'9 mto c om&amp#27;m[a9n0dm 5n5ame 'setValue'
[debug] &amp#27;[35m[Pro0 toms c-o l Co1nve3rter7]&amp#27;[3&amp#27;9[3m9m
 &amp#27;A[d3d5edm ['HvTaTlPu]e&amp#27;['3 9pmr o&amp#27;p[er9t0y m[&amp#27;"[i3"9,"mn"
,"&amp#27;v[3"5,m"[aH"T,T"lP"],"&amp#27;i["39,m "&amp#27;d["3,7"mU-",-"s>",&amp#27;["3e9"m, "&amp#27;r[",3"7nm"GET&amp#27;[39m &amp#27;[37m/wd/hub/sessi,o"na/"6,4"4mc",b"4e3"e]- tdo6 7'2s-e4tV0afl5ue-' ar9eb0qu-e1stf d48b4obdby34
[d2e4b/uegl]e m&amp#27;e[n3t5m/[0W0D0 0P0r0ox0y0]&amp#27;[3-9m0 0P0r0o-xy0i1ng6 6[-P7OSfT f/fe-lfefmefntf/0000000000000-000300f-/0d36ic-s7pflfafy-effdf&amp#27;f[0030900m02f
/&amp#27;v[a3l5uem][ HTTtP]o&amp#27; [[P3O9SmT  h&amp#27;t[t9p0:m/{/}12&amp#27;7.[0.30.91:m1000
0/[wd/dhueb/sbeussgion]/21 df9&amp#27;c7[c-73d356-m4[b6W2-3bbC40- 31(6961f40124b3cbb/e4le3menet/)000]000&amp#27;00[-03000-903m6c- 7fCffa-fflff0l0i00n002gf/ vaAlupe]p wiituh mboDdyr: {i"evlemeenrtId.":"e00l00e00m00-e000n0-t03D6c-i7sfpflayfed(-)f wfiftf0h0 0a0r0g0s2:f "[","00t00e0x0t"0:0"in-val0i0d00-U0s1e66rna-me7"f,f"fr-efpflfafc0e0"0:0f0a03f","l6s4e4,c"bv4a3leu-ed"6:["i","n","v","a","l","i","d","U","s","e","r","n","a","m","e"]}
72-40f5-a9b0-1fd484bb3424"]
[debug] &amp#27;[35m[WD Proxy]&amp#27;[39m Matched '/element/00000000-0000-0166-7fff-ffff0000003f/attribute/displayed' to command name 'getAttribute'
[debug] &amp#27;[35m[WD Proxy]&amp#27;[39m Proxying [GET /element/00000000-0000-0166-7fff-ffff0000003f/attribute/displayed] to [GET http://127.0.0.1:10001/wd/hub/session/44ba05ff-d8a8-4796-9026-76750819bf31/element/00000000-0000-0166-7fff-ffff0000003f/attribute/displayed] with no body
[debug] &amp#27;[35m[WD Proxy]&amp#27;[39m Got response with status 200: {"sessionId":"44ba05ff-d8a8-4796-9026-76750819bf31","value":"true"}
[debug] &amp#27;[35m[W3C (644cb43e)]&amp#27;[39m Responding to client with driver.elementDisplayed() result: true
&amp#27;[35m[HTTP]&amp#27;[39m &amp#27;[37m<-- GET /wd/hub/session/644cb43e-d672-40f5-a9b0-1fd484bb3424/element/00000000-0000-0166-7fff-ffff0000003f/displayed &amp#27;[39m&amp#27;[32m200&amp#27;[39m &amp#27;[90m196 ms - 14&amp#27;[39m
&amp#27;[35m[HTTP]&amp#27;[39m &amp#27;[90m&amp#27;[39m
&amp#27;[35m[HTTP]&amp#27;[39m &amp#27;[37m-->&amp#27;[39m &amp#27;[37mGET&amp#27;[39m &amp#27;[37m/wd/hub/session/644cb43e-d672-40f5-a9b0-1  When I enter username as "invalidUsername"                                                          # com.qa.stepdef.LoginStepDef.iEnterUsernameAs(java.lang.String)
fd484[bb34d2e4b/ucgo]n t&amp#27;e[x3t5&amp#27;m[[3W9Dm P
&amp#27;r[o3x5ym[]H&amp#27;T[T3P9]m&amp#27; [G3o9tm  r&amp#27;e[s9p0m{}&amp#27;[o3n9sme 
wi[tdhe bsutga]t u&amp#27;s[ 3250m0[:W 3{"Cs (e6ss44iconbI4d3"e:)"2]1&amp#27;d[f399cm7c -7d3C6a-l4lbi6n2g- bAbp4p0i-um3D1r6i9v1efr0.g1e2btC3ubr"r,en"vtaClounet"e:xnutl()l }wit
h args: ["644cb43e-d672-40f5-a9b0-1fd484bb3424"]
[[debug] &amp#27;[35m[W3C (ee0e5569)]&amp#27;[39m Responding to client with driver.setValue() result: null
&amp#27;[35m[HTTP]&amp#27;[39m &amp#27;[37md<-- ePbOuSgT]  /&amp#27;w[d/3h5umb[/Ws3eCs s(i64o4nc/ebe40e35e5)6]9&amp#27;-[33c9fmd- 4R7e3s9p-9o6nddfi-n7g3 ft2o5 65c7l5i1ecn2/t with edlremievnetr/.0g00e0t0C000u-r00r0e0n-t0C36ocn-t7efxfft-f(f)f f0000r00e2sfu/lvta:l "uNe A&amp#27;T[IV3E9m&amp#27;[32m200&amp#27;[39_m A&amp#27;P[P"9
0&amp#27;m[63518m [mHTsT P-]&amp#27; 1[43&amp#27;9[m3 9&amp#27;m[3
7&amp#27;m[<3-5-m [GHETTT P/]w&amp#27;d[3/h9ubm/ s&amp#27;e[ss9i0omn&amp#27;/[64349cmb4
3e-d672-40f5-a9b0-1fd484bb3424/context &amp#27;[39m&amp#27;[32m200&amp#27;[39m &amp#27;[90m3 ms - 22&amp#27;[39m
&amp#27;[35m[HTTP]&amp#27;[39m &amp#27;[90m&amp#27;[39m
&amp#27;[35m[HTTP]&amp#27;[39m &amp#27;[37m-->&amp#27;[39m &amp#27;[37mPOST&amp#27;[39m &amp#27;[37m/wd/hub/session/644cb43e-d672-40f5-a9b0-1fd484bb3424/element&amp#27;[39m
&amp#27;[35m[HTTP]&amp#27;[39m &amp#27;[90m{"using":"xpath","value":"//android.view.ViewGroup[@content-desc=\[INFO ] 2022-08-30 16:49:04.259 BasePage:97 - error text is - Username and password do not match any user in this service.
"test-Error &amp#27;mess[a3g5em\["H]T/TaPn]d&amp#27;[r3o9imd .&amp#27;w[i3d7gme-t-.>T&amp#27;[e3x9tm V&amp#27;i[e3w7"m}G&amp#27;E[T3&amp#27;9[m39m
 [&amp#27;d[e3b7umg/]w d&amp#27;/[h3u5bm/[seWs3sCi o(644nc/be4e30ee5)56]9&amp#27;-3[c3f9dm-4 7C3a9l-l9i6ndfg- 73Afp2p5i6u5m75D1rci2v/ecron.tfeixntd&amp#27;E[l39emme
nt() with args: [&amp#27;"[x3p5amt[hH"T,T"P/]/&amp#27;a[3nd9rmo i&amp#27;[d9.0vmi{}&amp#27;[e39wm.V
i[edweGbruougp][ @&amp#27;[c3o5nmt[eWn3tC- (deees0ce=5\5"6t9)e]st&amp#27;[-3E9rmr oCra llmiensgs Aapgpeiu\m"D]r/ivaenr.dgreotiCudr.rwenitdCgoentte.xTte(x)t Vwiietwh" ,a"rg6s4:4 c[b"4ee30e5569e-3-cdf6d7-427-3490-f956-dfa-9b703-f12f5d64578541bcb23"]42
4["d]eb
ug[]d e&amp#27;b[u3g5]m [&amp#27;W[33C5 (m[eBea0see5D56r9i)v]e&amp#27;r[]3&amp#27;9[m3 9Rme sVpaolniddi nlgo ctaot ocrl isetnrta tweigtihe sd rfiovre rt.hgiest CurrreqeunetsCto:n txepxatt(h),  rieds,u lctl:a s"sN AnTaImVeE,_ AaPcPce"ss
i&amp#27;bi[l35imt[yH TiTdP,] &amp#27;c[s3s9 mse l&amp#27;[e3c7tmo<r-,- - aGnEdTr o/iwdd /uhiuba/usteosmsaitonor/e
e0[dee5b5u6g9-]3 c&amp#27;f[d3-54m[7B3a9s-e9D6rdfi-v7e3rf]2&amp#27;5[63597m5 1Wca2i/tcionntge xtu p&amp#27; [3t9om &amp#27;0[ 3m2sm 2f0o0r&amp#27; [c3o9nmd i&amp#27;t[i9o0nm2 
m[dse b-u g2]2 &amp#27;[&amp#27;3[93m5m[
W&amp#27;D[ 3P5rmo[xHyTT]P&amp#27;][&amp#27;3[93m9 mM a&amp#27;[9t0cmh&amp#27;e[d3 9'm/e
l&amp#27;e[m3e5nm  Then login should fail with an error "Username and password do not match any user in this service." # com.qa.stepdef.LoginStepDef.loginShouldFailWithAnError(java.lang.String)
[HTTP]&amp#27;[39tm &amp#27;['3 7tmo- -c>o&amp#27;m[m3a9nmd  n&amp#27;a[m3e7 m'PfOiSnTd&amp#27;E[le3m9emn t&amp#27;'[3
7[md/ewbdug/]h u&amp#27;b[/3s5ems[sWiDo nP/reoex0ye]5&amp#27;5[6399-m3 cPfrdo-x4ying [7P3O9S-T9 6/defl-e7m3efn2t5]6 5t7o5 [1PcO2S/Te lhetmtepnt:&amp#27;/[/3192m7.0
.&amp#27;0[.315:m1[0H0T0T1P/]w&amp#27;d[/3h9umb/ s&amp#27;e[s9s0imo{n"/u4s4ibnag0"5:f"fa-dc8ac8e-s4s7i9b6i-l9i0t2y6 -i7d6"7,5"0v8a1l9ube":"ft3es1t/-ePleamsesnwto]r dw"i}th&amp#27; [b3od9ym
[debug] &amp#27;[35m[W3C (ee0e5569)]&amp#27;[39m Calli:n g{ "sAtprpaituemgDyr"i:v"exrpa.tfhi"n,d"Esleelmeecntto(r)" :w"i/t/ha nadrrgosi:d .[v"iaecwc.eVsiseiwbGirloituyp [i@dc"o,n"tteenstt--dPeascs=s\w"otreds"t,-"Eerer0oer5 5m6e9s-s3acgfed\-"4]7/3a9n-d9r6odifd-.7w3ifd2g5e6t5.7T51ecxt2V"]iew
[",de"bcugo]n t&amp#27;e[x3t5"m:[B""a,s"eDmrulivteirpl]&amp#27;e["3:9fma lVsael}id
 [ldoecbautgor ]st r&amp#27;a[t3e5gmi[eWsD  fPorro xtyh]i&amp#27;s[39 mr eGqoute srte:s pxopnasteh ,w iitdh,  sctlaatsuss  n2a0m0e:,  {a"csceessssiiobnIidl"i:"t4y4 biad05,f fc-sds8 sae8l-e4c7t96o-r90,2 6--a7n6d7r50o8i1d9 buf3i1a"u,t"ovmaaluteo"r:{
"[ELdEebMEugN]T "&amp#27;:["3050m0[0B0a0s0e0D-r00i00v-e01r6]6&amp#27;-7f[f3f9-fmff fW0a0i0t0i00n3gf "u,p" elteo me0n tm-s6 0f6o6-r1 1ceondi4t-ion
[ad5e2beu-g4]f 7&amp#27;[33554m6[6WcDe Pcrfo"x:"00000000-0000-0166-7yf]f&amp#27;f[-3f9fmf fM0a0tc0h0e0d0 3'f/"e}l}em
e[ndte'b tuog ]co m&amp#27;m[a3n5dm [naWm3eC  '(f6in4d4Eclbe4me3e)n]t&amp#27;'[3
9[dme bRuegs]p o&amp#27;[n3d5imn[gW Dt oPr ocxly]i&amp#27;e[n3t9 mw iPtrhox ydirnigv e[rP.OfSiTn d/Eelleemmeenntt] (t)o  [rPeOsSuT lhtt:t p:{"//e12l7e.m0e.n0t.-16:016060-0101/ew4d-/ah5ub2e-4f735466cecf":/session/21df9c7c-7d36-4b62-bb40-31691f012b3b/element] with body: {"strategy":"accessibility id","selector":"test-Password","context":"","multiple":false}
"00000000-0000-0166-7fff-ffff0000003f","ELEMENT":"00000000-0000-0166-7fff-ffff0000003f"}
&amp#27;[35m[HTTP]&amp#27;[39m &amp#27;[37m<-- POST /wd/hub/session/644cb43e-d672-40f5-a9b0-1fd484bb3424/element &amp#27;[39m&amp#27;[32m200&amp#27;[39m &amp#27;[90m139 ms - 137&amp#27;[39m
&amp#27;[35m[HTTP]&amp#27;[39m &amp#27;[90m&amp#27;[39m
&amp#27;[35m[HTTP]&amp#27;[39m &amp#27;[37m-->&amp#27;[39m &amp#27;[37mGET&amp#27;[39m &amp#27;[37m/wd/hub/session/644cb43e-d672-40f5-a9b0-1fd484bb3424/element/00000000-0000-0166-7fff-ffff0000003f/attribute/text&amp#27;[39m
&amp#27;[35m[HTTP]&amp#27;[39m &amp#27;[90m{}&amp#27;[39m
[debug] &amp#27;[35m[W3C (644cb43e)]&amp#27;[39m Calling AppiumDriver.getAttribute() with args: ["text","00000000-0000-0166-7fff-ffff0000003f","644cb43e-d672-40f5-a9b0-1fd484bb3424"]
[debug] &amp#27;[35m[WD Proxy]&amp#27;[39m Matched '/element/00000000-0000-0166-7fff-ffff0000003f/attribute/text' to command name 'getAttribute'
[debug] &amp#27;[35m[WD Proxy]&amp#27;[39m Proxying [GET /element/00000000-0000-0166-7fff-ffff0000003f/attribute/text] to [GET http://127.0.0.1:10001/wd/hub/session/44ba05ff-d8a8-4796-9026-76750819bf31/element/00000000-0000-0166-7fff-ffff0000003f/attribute/text] with no body
[debug] &amp#27;[35m[WD Proxy]&amp#27;[39m Got response with status 200: {"sessionId":"44ba05ff-d8a8-4796-9026-76750819bf31","value":"Username and password do not match any user in this service."}
[debug] &amp#27;[35m[W3C (644cb43e)]&amp#27;[39m Responding to client with driver.getAttribute() result: "Username and password do not match any user in this service."
&amp#27;[35m[HTTP]&amp#27;[39m &amp#27;[37m<-- GET /wd/hub/session/644cb43e-d672-40f5-a9b0-1fd484bb3424/element/00000000-0000-0166-7fff-ffff0000003f/attribute/text &amp#27;[39m&amp#27;[32m200&amp#27;[39m &amp#27;[90m22 ms - 72&amp#27;[39m
&amp#27;[35m[HTTP]&amp#27;[39m &amp#27;[90m&amp#27;[39m
&amp#27;[35m[HTTP]&amp#27;[39m &amp#27;[37m-->&amp#27;[39m &amp#27;[37mPOST&amp#27;[39m &amp#27;[37m/wd/hub/session/644cb43e-d672-40f5-a[9b0-1fdd4e84bbubg3]4 2&amp#27;4/[a3p5piumm/[sWtDo pP_rreocxoyr]di&amp#27;ng[_3s9cmr eGeno&amp#27;t[ 3r9ems
p&amp#27;o[n3s5me[ HwTTiPt]&amp#27;h[ 3s9tma &amp#27;t[9u0sm {2}&amp#27;0[03:9m {
["dseebsusgi] o&amp#27;n[I3d5m"[:W3"C2 (16d4f4c9bc437ec)-]7&amp#27;[d393m6 Callin-g 4Abp6p2i-ubmDbr4i0ve-r3.1s6top9R1efc0or1d2inbg3Scb",r"eevn(a) lwuiet"h: a{rg"sE:L [EnMuElNlT,"":6"4040c0b403e0-0d0607-2-0400f05-0a-90b30-61fcd-4784fbfb3f4-24f"f]ff
0[0d0e0b0ug0]3 &amp#27;0["3,5m"[eADlBe]&amp#27;m[e3n9mt -G6e0t6t6in-g 1ID1se 4o-f aa5l2le '-sc4refe7n3r5ec4or6d6'c percofce"s:se"s00
0[d0eb0u0g0]0 -&amp#27;[305m0[0AD0B-]0&amp#27;[3369mc R-un7nfifngf -'fCf:f\fU0se0r0s0\d0t0ou3g0o"}v\}Ap
pData\Local\Android\Sdk\platform-tools\adb.exe [-Pd e5b0u3g7] - s &amp#27;4[13050dm1[bWde34Cb 1(ae1e903 esh5e5ll6 9pg)r]ep&amp#27; [-f3 9\m( \[R\e[s:pbloannk:d\i]n\g] \|t\o^ \c)lsicerneten rweciotrdh\ (d\r[\[i:bvelarn.kf:i\n]\d]E\|l\e$\m)'en
t() result: {"element-6066-11e4-a52e-4f735466cecf":"00000000-0000-036c-7fff-ffff00000030","ELEMENT":"00000000-0000-036c-7fff-ffff00000030"}
&amp#27;[35m[HTTP]&amp#27;[39m &amp#27;[37m<-- POST /wd/hub/session/ee0e5569-3cfd-4739-96df-73f2565751c2/element &amp#27;[39m&amp#27;[32m200&amp#27;[39m &amp#27;[90m480 ms - 137&amp#27;[d[e3b9umg]
 &amp#27;&amp#27;[[3355mm[[HATDTBP]]&amp#27;&amp#27;[[3399mm  R&amp#27;u[n90m&amp#27;[3n9imng
 &amp#27;'[C3:5m\[UHsTeTPr]s&amp#27;\[d3t9omu g&amp#27;o[v\3A7pmp-D-a>t&amp#27;a[\3L9omc a&amp#27;l[\3A7nmdGrEoTi&amp#27;d[\3S9dmk \&amp#27;p[37m/wd/lhautbf/osrems-stiooonl/se\ea0deb5.5e6x9e- 3-cPf d5-043773 9--s9 64d1f0-07d31fb2d5e645b715a11c923/ eslheemleln tk/i00l0l0 0-020 02-20601020'-0
36c-7fff-ffff00000030/displayed&amp#27;[39m
&amp#27;[35m[HTTP]&amp#27;[39m &amp#27;[90m{}&amp#27;[39m
[debug] &amp#27;[35m[W3C (ee0e5569)]&amp#27;[39m Calling AppiumDriver.elementDisplayed() with args: ["00000000-0000-036c-7fff-ffff00000030","ee0e5569-3cfd-4739-96df-73f2565751c2"]
[debug] &amp#27;[35m[WD Proxy]&amp#27;[39m Matched '/element/00000000-0000-036c-7fff-ffff00000030/attribute/displayed' to command name 'getAttribute'
[debug] &amp#27;[35m[WD Proxy]&amp#27;[39m Proxying [GET /element/00000000-0000-036c-7fff-ffff00000030/attribute/displayed] to [GET http://127.0.0.1:10000/wd/hub/session/21df9c7c-7d36-4b62-bb40-31691f012b3b/element/00000000-0000-036c-7fff-ffff00000030/attribute/displayed] with no body
[debug] &amp#27;[35m[WD Proxy]&amp#27;[39m Got response with status 200: {"sessionId":"21df9c7c-7d36-4b62-bb40-31691f012b3b","value":"true"}
[debug] &amp#27;[35m[W3C (ee0e5569)]&amp#27;[39m Responding to client with driver.elementDisplayed() result: true
&amp#27;[35m[HTTP]&amp#27;[39m &amp#27;[37m<-- GET /wd/hub/session/ee0e5569-3cfd-4739-96df-73f2565751c2/element/00000000-0000-036c-7fff-ffff00000030/displayed &amp#27;[39m&amp#27;[32m200&amp#27;[39m &amp#27;[90m17 ms - 14&amp#27;[39m
&amp#27;[35m[HTTP]&amp#27;[39m &amp#27;[90m&amp#27;[39m
&amp#27;[35m[HTTP]&amp#27;[39m &amp#27;[37m-->&amp#27;[39m &amp#27;[37mGET&amp#27;[39m &amp#27;[37m/wd/hub/session/ee0e5569-3cfd-4739-96df-73f2565751c2/context&amp#27;[39m
&amp#27;[35m[HTTP]&amp#27;[39m &amp#27;[90m{}&amp#27;[39m
[debug] &amp#27;[35m[W3C (ee0e5569)]&amp#27;[39m Calling AppiumDriver.getCurrentContext() with args: ["ee0e5569-3cfd-4739-96df-73f2565751c2"]
[debug] &amp#27;[35m[W3C (ee0e5569)]&amp#27;[39m Responding to client with driver.getCurrentContext() result: "NATIVE_APP"
&amp#27;[35m[HTTP]&amp#27;[39m &amp#27;[37m<-- GET /wd/hub/session/ee0e5569-3cfd-4739-96df-73f2565751c2/context &amp#27;[39m&amp#27;[32m200&amp#27;[39m &amp#27;[90m2 ms - 22&amp#27;[39m
&amp#27;[35m[HTTP]&amp#27;[39m &amp#27;[90m&amp#27;[39m
&amp#27;[35m[HTTP]&amp#27;[39m &amp#27;[37m-->&amp#27;[39m &amp#27;[37mPOST&amp#27;[39m &amp#27;[37m/wd/hub/session/ee0e5569-3cfd-4739-96df-73f2565751c2/element&amp#27;[39m
&amp#27;[35m[HTTP]&amp#27;[39m &amp#27;[90m{"using":"accessibility id","value":"test-Password"}&amp#27;[39m
[debug] &amp#27;[35m[W3C (ee0e5569)]&amp#27;[39m Calling AppiumDriver.findElement() with args: ["accessibility id","test-Password","ee0e5569-3cfd-4739-96df-73f2565751c2"]
[debug] &amp#27;[35m[BaseDriver]&amp#27;[39m Valid locator strategies for this request: xpath, id, class name, accessibility id, css selector, -android uiautomator
[debug] &amp#27;[35m[BaseDriver]&amp#27;[39m Waiting up to 0 ms for condition
[debug] &amp#27;[35m[WD Proxy]&amp#27;[39m Matched '/element' to command name 'findElement'
[debug] &amp#27;[35m[WD Proxy]&amp#27;[39m Proxying [POST /element] to [POST http://127.0.0.1:10000/wd/hub/session/21df9c7c-7d36-4b62-bb40-31691f012b3b/element] with body: {"strategy":"accessibility id","selector":"test-Password","context":"","multiple":false}
[debug] &amp#27;[35m[WD Proxy]&amp#27;[39m Got response with status 200: {"sessionId":"21df9c7c-7d36-4b62-bb40-31691f012b3b","value":{"ELEMENT":"00000000-0000-036c-7fff-ffff00000030","element-6066-11e4-a52e-4f735466cecf":"00000000-0000-036c-7fff-ffff00000030"}}
[debug] &amp#27;[35m[W3C (ee0e5569)]&amp#27;[39m Responding to client with driver.findElement() result: {"element-6066-11e4-a52e-4f735466cecf":"00000000-0000-036c-7fff-ffff00000030","ELEMENT":"00000000[-00d0e0b-u0g] 3&amp#27;6[c3-57m[fAfDfB-]f&amp#27;f[f3f9m0 0G0e0t0t0i3n0g "ID}s 
o&amp#27;f[ 3al5lm ['HsTcTrPe]e&amp#27;n[r3e9cmo r&amp#27;d['3 7prm<-- ocPesOsSesT 
/wd/hub/session/ee0e5569-3c[fdebdug-]4 7&amp#27;[3395-m9[6AdDfB]-&amp#27;7[33f9m2 5R6un5n7i5n1g c'2/elemeCnt: \&amp#27;U[s3e9rms&amp#27;\[d32tmo2u0g0o&amp#27;v[39m &amp#27;[90\m4A5pp Dmast a-\ L1o37c&amp#27;a[l3\9Amnd
r&amp#27;o[i3d5\mS[dHkT\TpPl]a&amp#27;t[f3o9rmm -&amp#27;t[o9o0lms&amp#27;\[a3d9bm.e
x&amp#27;e[ 3-5Pm [5H0T3T7 P-]s&amp#27; [43190m0 d&amp#27;1[b3d7em4-b-1>a&amp#27;1[9339 mshell pgre &amp#27;p -[f \(\3[\[7:blankm:\]\P]\|\^O\)scSreenreTc&amp#27;o[3rd9\m( &amp#27;\[[\3[7m:/blwad/nhk:u\b/]s\]e\ss|i\$o\n/)e'e
0e5569-3cfd-4739-96df-73f2565751c2/element/00000000-0000-036c-7fff-ffff00000030/clear&amp#27;[39m
&amp#27;[35m[HTTP]&amp#27;[39m &amp#27;[90m{"id":"00000000-0000-036c-7fff-ffff00000030"}&amp#27;[39m
[debug] &amp#27;[35m[W3C (ee0e5569)]&amp#27;[39m Calling AppiumDriver.clear() with args: ["00000000-0000-036c-7fff-ffff00000030","ee0e5569-3cfd-4739-96df-73f2565751c2"]
[debug] &amp#27;[35m[WD Proxy]&amp#27;[39m Matched '/element/00000000-0000-036c-7fff-ffff00000030/clear' to command name 'clear'
[debug] &amp#27;[35m[WD Proxy]&amp#27;[39m Proxying [POST /element/00000000-0000-036c-7fff-ffff00000030/clear] to [POST http://127.0.0.1:10000/wd/hub/session/21df9c7c-7d36-4b62-bb40-31691f012b3b/element/00000000-0000-036c-7fff-ffff00000030/clear] with body: {"elementId":"00000000-0000-036c-7fff-ffff00000030"}
[debug] &amp#27;[35m[WD Proxy]&amp#27;[39m Got response with status 200: {"sessionId":"21df9c7c-7d36-4b62-bb40-31691f012b3b","value":null}
[debug] &amp#27;[35m[W3C (ee0e5569)]&amp#27;[39m Responding to client with driver.clear() result: null
&amp#27;[35m[HTTP]&amp#27;[39m &amp#27;[37m<-- POST /wd/hub/session/ee0e5569-3cfd-4739-96df-73f2565751c2/element/00000000-0000-036c-7fff-ffff00000030/clear &amp#27;[39m&amp#27;[32m200&amp#27;[39m &amp#27;[90m25 ms - 14&amp#27;[39m
&amp#27;[35m[HTTP]&amp#27;[39m &amp#27;[90m&amp#27;[39m
&amp#27;[35m[HTTP]&amp#27;[39m &amp#27;[37m-->&amp#27;[39m &amp#27;[37mGET&amp#27;[39m &amp#27;[37m/wd/hub/session/ee0e5569-3cfd-4739-96df-73f2565751c2/context&amp#27;[39m
&amp#27;[35m[HTTP]&amp#27;[39m &amp#27;[90m{}&amp#27;[39m
[debug] &amp#27;[35m[W3C (ee0e5569)]&amp#27;[39m Calling AppiumDriver.getCurrentContext() with args: ["ee0e5569-3cfd-4739-96df-73f2565751c2"]
[debug] &amp#27;[35m[W3C (ee0e5569)]&amp#27;[39m Responding to client with driver.getCurrentContext() result: "NATIVE_APP"
&amp#27;[35m[HTTP]&amp#27;[39m &amp#27;[37m<-- GET /wd/hub/session/ee0e5569-3cfd-4739-96df-73f2565751c2/context &amp#27;[39m&amp#27;[32m200&amp#27;[39m &amp#27;[90m2 ms - 22&amp#27;[39m
&amp#27;[35m[HTTP]&amp#27;[39m &amp#27;[90m&amp#27;[39m
&amp#27;[35m[HTTP]&amp#27;[39m &amp#27;[37m-->&amp#27;[39m &amp#27;[37mPOST&amp#27;[39m &amp#27;[37m/wd/hub/session/ee0e5569-3cfd-4739-96df-73f2565751c2/element&amp#27;[39m
&amp#27;[35m[HTTP]&amp#27;[39m &amp#27;[90m{"using":"accessibility id","value":"test-Password"}&amp#27;[39m
[debug] &amp#27;[35m[W3C (ee0e5569)]&amp#27;[39m Calling AppiumDriver.findElement() with args: ["accessibility id","test-Password","ee0e5569-3cfd-4739-96df-73f2565751c2"]
[debug] &amp#27;[35m[BaseDriver]&amp#27;[39m Valid locator strategies for this request: xpath, id, class name, accessibility id, css selector, -android uiautomator
[debug] &amp#27;[35m[BaseDriver]&amp#27;[39m Waiting up to 0 ms for condition
[debug] &amp#27;[35m[WD Proxy]&amp#27;[39m Matched '/element' to command name 'findElement'
[debug] &amp#27;[35m[WD Proxy]&amp#27;[39m Proxying [POST /element] to [POST http://127.0.0.1:10000/wd/hub/session/21df9c7c-7d36-4b62-bb40-31691f012b3b/element] with body: {"strategy":"accessibility id","selector":"test-Password","context":"","multiple":false}
[debug] &amp#27;[35m[WD Proxy]&amp#27;[39m Got response with status 200: {"sessionId":"21df9c7c-7d36-4b62-bb40-31691f012b3b","value":{"ELEMENT":"00000[INFO ] 2022-08-30 16:49:05.407 BasePage:71 - password is secret_sauce
000-0000-036c-7fff-ffff00000030","element-6066-11e4-a52e-4f735466cecf":"00000000-0000-036c-7fff-ffff00000030"}}
[debug] &amp#27;[35m[W3C (ee0e5569)]&amp#27;[39m Responding to client with driver.findElement() result: {"element-6066-11e4-a52e-4f735466cecf":"00000000-0000-036c-7fff-ffff00000030","ELEMENT":"00000000-0000-036c-7fff-ffff00000030"}
&amp#27;[35m[HTTP]&amp#27;[39m &amp#27;[37m<-- POST /wd/hub/session/ee0e5569-3cfd-4739-96df-73f2565751c2/element &amp#27;[39m&amp#27;[32m200&amp#27;[39m &amp#27;[90m505 ms - 137&amp#27;[39m
&amp#27;[35m[HTTP]&amp#27;[39m &amp#27;[90m&amp#27;[39m
&amp#27;[35m[HTTP]&amp#27;[39m &amp#27;[37m-->&amp#27;[39m &amp#27;[37mGET&amp#27;[39m &amp#27;[37m/wd/hub/session/ee0e5569-3cfd-4739-96df-73f2565751c2/element/00000000-0000-036c-7fff-ffff00000030/displayed&amp#27;[39m
&amp#27;[35m[HTTP]&amp#27;[39m &amp#27;[90m{}&amp#27;[39m
[debug] &amp#27;[35m[W3C (ee0e5569)]&amp#27;[39m Calling AppiumDriver.elementDisplayed() with args: ["00000000-0000-036c-7fff-ffff00000030","ee0e5569-3cfd-4739-96df-73f2565751c2"]
[debug] &amp#27;[35m[WD Proxy]&amp#27;[39m Matched '/element/00000000-0000-036c-7fff-ffff00000030/attribute/displayed' to command name 'getAttribute'
[debug] &amp#27;[35m[WD Proxy]&amp#27;[39m Proxying [GET /element/00000000-0000-036c-7fff-ffff00000030/attribute/displayed] to [GET http://127.0.0.1:10000/wd/hub/session/21df9c7c-7d36-4b62-bb40-31691f012b3b/element/00000000-0000-036c-7fff-ffff00000030/attribute/displayed] with no body
[debug] &amp#27;[35m[WD Proxy]&amp#27;[39m Got response with status 200: {"sessionId":"21df9c7c-7d36-4b62-bb40-31691f012b3b","value":"true"}
[debug] &amp#27;[35m[W3C (ee0e5569)]&amp#27;[39m Responding to client with driver.elementDisplayed() result: true
&amp#27;[35m[HTTP]&amp#27;[39m &amp#27;[37m<-- GET /wd/hub/session/ee0e5569-3cfd-4739-96df-73f2565751c2/element/00000000-0000-036c-7fff-ffff00000030/displayed &amp#27;[39m&amp#27;[32m200&amp#27;[39m &amp#27;[90m17 ms - 14&amp#27;[39m
&amp#27;[35m[HTTP]&amp#27;[39m &amp#27;[90m&amp#27;[39m
&amp#27;[35m[HTTP]&amp#27;[39m &amp#27;[37m-->&amp#27;[39m &amp#27;[37mGET&amp#27;[39m &amp#27;[37m/wd/hub/session/ee0e5569-3cfd-4739-96df-73f2565751c2/context&amp#27;[39m
&amp#27;[35m[HTTP]&amp#27;[39m &amp#27;[90m{}&amp#27;[39m
[debug] &amp#27;[35m[W3C (ee0e5569)]&amp#27;[39m Calling AppiumDriver.getCurrentContext() with args: ["ee0e5569-3cfd-4739-96df-73f2565751c2"]
[debug] &amp#27;[35m[W3C (ee0e5569)]&amp#27;[39m Responding to client with driver.getCurrentContext() result: "NATIVE_APP"
&amp#27;[35m[HTTP]&amp#27;[39m &amp#27;[37m<-- GET /wd/hub/session/ee0e5569-3cfd-4739-96df-73f2565751c2/context &amp#27;[39m&amp#27;[32m200&amp#27;[39m &amp#27;[90m2 ms - 22&amp#27;[39m
&amp#27;[35m[HTTP]&amp#27;[39m &amp#27;[90m&amp#27;[39m
&amp#27;[35m[HTTP]&amp#27;[39m &amp#27;[37m-->&amp#27;[39m &amp#27;[37mPOST&amp#27;[39m &amp#27;[37m/wd/hub/session/ee0e5569-3cfd-4739-96df-73f2565751c2/element&amp#27;[39m
&amp#27;[35m[HTTP]&amp#27;[39m &amp#27;[90m{"using":"accessibility id","value":"test-Password"}&amp#27;[39m
[debug] &amp#27;[35m[W3C (ee0e5569)]&amp#27;[39m Calling AppiumDriver.findElement() with args: ["accessibility id","test-Password","ee0e5569-3cfd-4739-96df-73f2565751c2"]
[debug] &amp#27;[35m[BaseDriver]&amp#27;[39m Valid locator strategies for this request: xpath, id, class name, accessibility id, css selector, -android uiautomator
[debug] &amp#27;[35m[BaseDriver]&amp#27;[39m Waiting up to 0 ms for condition
[debug] &amp#27;[35m[WD Proxy]&amp#27;[39m Matched '/element' to command name 'findElement'
[debug] &amp#27;[35m[WD Proxy]&amp#27;[39m Proxying [POST /element] to [POST http://127.0.0.1:10000/wd/hub/session/21df9c7c-7d36-4b62-bb40-31691f012b3b/element] with body: {"strategy":"accessibility id","selector":"test-Password","context":"","multiple":false}
[debug] &amp#27;[35m[WD Proxy]&amp#27;[39m Got response with status 200: {"sessionId":"21df9c7c-7d36-4b62-bb40-31691f012b3b","value":{"ELEMENT":"00000000-0000-036c-7fff-ffff00000030","element-6066-11e4-a52e-4f735466cecf":"00000000-0000-036c-7fff-ffff00000030"}}
[debug] &amp#27;[35m[W3C (ee0e5569)]&amp#27;[39m Responding to client with driver.findElement() result: {"element-6066-11e4-a52e-4f735466cecf":"00000000-0000-036c-7fff-ffff00000030","ELEMENT":"00000000-0000-036c-7fff-ffff00000030"}
&amp#27;[35m[HTTP]&amp#27;[39m &amp#27;[37m<-- POST /wd/hub/session/ee0e5569-3cfd-4739-96df-73f2565751c2/element &amp#27;[39m&amp#27;[32m200&amp#27;[39m &amp#27;[90m51 ms - 137&amp#27;[39m
&amp#27;[35m[HTTP]&amp#27;[39m &amp#27;[90m&amp#27;[39m
&amp#27;[35m[HTTP]&amp#27;[39m &amp#27;[37m-->&amp#27;[39m &amp#27;[37mPOST&amp#27;[39m &amp#27;[37m/wd/hub/session/ee0e5569-3cfd-4739-96df-73f2565751c2/element/00000000-0000-036c-7fff-ffff00000030/value&amp#27;[39m
&amp#27;[35m[HTTP]&amp#27;[39m &amp#27;[90m{"id":"00000000-0000-036c-7fff-ffff00000030","text":"secret_sauce","value":["s","e","c","r","e","t","_","s","a","u","c","e"]}&amp#27;[39m
[debug] &amp#27;[35m[W3C (ee0e5569)]&amp#27;[39m Calling AppiumDriver.setValue() with args: [["s","e","c","r","e","t","_","s","a","u","c","e"],"00000000-0000-036c-7fff-ffff00000030","ee0e5569-3cfd-4739-96df-73f2565751c2"]
[debug] &amp#27;[35m[WD Proxy]&amp#27;[39m Matched '/element/00000000-0000-036c-7fff-ffff00000030/value' to command name 'setValue'
[debug] &amp#27;[35m[Protocol Converter]&amp#27;[39m Added 'value' property ["s","e","c","r","e","t","_","s","a","u","c","e"] to 'setValue' request body
[debug] &amp#27;[35m[WD Proxy]&amp#27;[39m Proxying [POST /element/00000000-0000-036c-7fff-ffff00000030/value] to [POST http://127.0.0.1:10000/wd/hub/session/21df9c7c-7d36-4b62-bb40-31691f012b3b/element/00000000-0000-036c-7fff-ffff00000030/value] with body: {"elementId":"00000000-0000-036c-7fff-ffff00000030","text":"secret_sauce","replace":false,"value":["s","e","c","r","e","t","_","s","a","u","c","e"]}
[debug] &amp#27;[35m[ADB]&amp#27;[39m Getting IDs of all 'screenrecord' processes
[debug] &amp#27;[35m[ADB]&amp#27;[39m Running 'C:\Users\dtougov\AppData\Local\Android\Sdk\platform-tools\adb.exe -P 5037 -s 4100d1bde4b1a193 shell pgrep -f \(\[\[:blank:\]\]\|\^\)screenrecord\(\[\[:blank:\]\]\|\$\)'
[debug] &amp#27;[35m[WD Proxy]&amp#27;[39m Got response with status 200: {"sessionId":"21df9c7c-7d36-4b62-bb40-31691f012b3b","value":null}
[debug] &amp#27;[35m[W3C (ee0e5569)]&amp#27;[39m Responding to client with driver.setValue() result: null
&amp#27;[35m[HTTP]&amp#27;[39m &amp#27;[37m<-- POST /wd/hub/session/ee0e5569-3cfd-4739-96df-73f2565751c2/element/00000000-0000-036c-7fff-ffff00000030/value &amp#27;[39m&amp#27;[32m200&amp#27;[39m &amp#27;[90m603 ms - 14&amp#27;[39m
&amp#27;[35m[HTTP]&amp#27;[39m &amp#27;[90m&amp#27;[39m
  And I enter password as "secret_sauce"                                                              # com.qa.stepdef.LoginStepDef.iEnterPasswordAs(java.lang.String)
&amp#27;[35m[HTTP]&amp#27;[39m &amp#27;[37m-->&amp#27;[39m &amp#27;[37mGET&amp#27;[39m &amp#27;[37m/wd/hub/session/ee0e5569-3cfd-4739-96df-73f2565751c2/context&amp#27;[39m
&amp#27;[35m[HTTP]&amp#27;[39m &amp#27;[90m{}&amp#27;[39m
[debug] &amp#27;[35m[W3C (ee0e5569)]&amp#27;[39m Calling AppiumDriver.getCurrentContext() with args: ["ee0e5569-3cfd-4739-96df-73f2565751c2"]
[debug] &amp#27;[35m[W3C (ee0e5569)]&amp#27;[39m Responding to client with driver.getCurrentContext() result: "NATIVE_APP"
&amp#27;[35m[HTTP]&amp#27;[39m &amp#27;[37m<-- GET /wd/hub/session/ee0e5569-3cfd-4739-96df-73f2565751c2/context &amp#27;[39m&amp#27;[32m200&amp#27;[39m &amp#27;[90m3 ms - 22&amp#27;[39m
&amp#27;[35m[HTTP]&amp#27;[39m &amp#27;[90m&amp#27;[39m
&amp#27;[35m[HTTP]&amp#27;[39m &amp#27;[37m-->&amp#27;[39m &amp#27;[37mPOST&amp#27;[39m &amp#27;[37m/wd/hub/session/ee0e5569-3cfd-4739-96df-73f2565751c2/element&amp#27;[39m
&amp#27;[35m[HTTP]&amp#27;[39m &amp#27;[90m{"using":"accessibility id","value":"test-LOGIN"}&amp#27;[39m
[debug] &amp#27;[35m[W3C (ee0e5569)]&amp#27;[39m Calling AppiumDriver.findElement() with args: ["accessibility id","test-LOGIN","ee0e5569-3cfd-4739-96df-73f2565751c2"]
[debug] &amp#27;[35m[BaseDriver]&amp#27;[39m Valid locator strategies for this request: xpath, id, class name, accessibility id, css selector, -android uiautomator
[debug] &amp#27;[35m[BaseDriver]&amp#27;[39m Waiting up to 0 ms for condition
[debug] &amp#27;[35m[WD Proxy]&amp#27;[39m Matched '/element' to command name 'findElement'
[debug] &amp#27;[35m[WD Proxy]&amp#27;[39m Proxying [POST /element] to [POST http://127.0.0.1:10000/wd/hub/session/21df9c7c-7d36-4b62-bb40-31691f012b3b/element] with body: {"strategy":"accessibility id","selector":"test-LOGIN","context":"","multiple":false}
[debug] &amp#27;[35m[ADB]&amp#27;[39m Getting IDs of all 'screenrecord' processes
[debug] &amp#27;[35m[ADB]&amp#27;[39m Running 'C:\Users\dtougov\AppData\Local\Android\Sdk\platform-tools\adb.exe -P 5037 -s 4100d1bde4b1a193 shell pgrep -f \(\[\[:blank:\]\]\|\^\)screenrecord\(\[\[:blank:\]\]\|\$\)'
[debug] &amp#27;[35m[WD Proxy]&amp#27;[39m Got response with status 200: {"sessionId":"21df9c7c-7d36-4b62-bb40-31691f012b3b","value":{"ELEMENT":"00000000-0000-036c-7fff-ffff0000002c","element-6066-11e4-a52e-4f735466cecf":"00000000-0000-036c-7fff-ffff0000002c"}}
[debug] &amp#27;[35m[W3C (ee0e5569)]&amp#27;[39m Responding to client with driver.findElement() result: {"element-6066-11e4-a52e-4f735466cecf":"00000000-0000-036c-7fff-ffff0000002c","ELEMENT":"00000000-0000-036c-7fff-ffff0000002c"}
&amp#27;[35m[HTTP]&amp#27;[39m &amp#27;[37m<-- POST /wd/hub/session/ee0e5569-3cfd-4739-96df-73f2565751c2/element &amp#27;[39m&amp#27;[32m200&amp#27;[39m &amp#27;[90m501 ms - 137&amp#27;[39m
&amp#27;[35m[HTTP]&amp#27;[39m &amp#27;[90m&amp#27;[39m
&amp#27;[35m[HTTP]&amp#27;[39m &amp#27;[37m-->&amp#27;[39m &amp#27;[37mGET&amp#27;[39m &amp#27;[37m/wd/hub/session/ee0e5569-3cfd-4739-96df-73f2565751c2/element/00000000-0000-036c-7fff-ffff0000002c/displayed&amp#27;[39m
&amp#27;[35m[HTTP]&amp#27;[39m &amp#27;[90m{}&amp#27;[39m
[debug] &amp#27;[35m[W3C (ee0e5569)]&amp#27;[39m Calling AppiumDriver.elementDisplayed() with args: ["00000000-0000-036c-7fff-ffff0000002c","ee0e5569-3cfd-4739-96df-73f2565751c2"]
[debug] &amp#27;[35m[WD Proxy]&amp#27;[39m Matched '/element/00000000-0000-036c-7fff-ffff0000002c/attribute/displayed' to command name 'getAttribute'
[debug] &amp#27;[35m[WD Proxy]&amp#27;[39m Proxying [GET /element/00000000-0000-036c-7fff-ffff0000002c/attribute/displayed] to [GET http://127.0.0.1:10000/wd/hub/session/21df9c7c-7d36-4b62-bb40-31691f012b3b/element/00000000-0000-036c-7fff-ffff0000002c/attribute/displayed] with no body
[debug] &amp#27;[35m[ADB]&amp#27;[39m Running 'C:\Users\dtougov\AppData\Local\Android\Sdk\platform-tools\adb.exe -P 5037 -s 4100d1bde4b1a193 pull /sdcard/05ce9b8c.mp4 C:\Users\dtougov\AppData\Loc[adl\eTbeumgp]\ 2&amp#27;0[23257m3[0W-D3 6P4r8o-x1y3]9&amp#27;k[k3c95m. 8Guorts \r0e5scpoen9sbe8 cw.imtph4 'st
atus 200: {"sessionId":"21df9c7c-7d36-4b62-bb40-31691f012b3b","value":"true"}
[debug] &amp#27;[35m[W3C (ee0e5569)]&amp#27;[39m Responding to client with driver.elementDisplayed() result: true
&amp#27;[35m[HTTP]&amp#27;[39m &amp#27;[37m<-- GET /wd/hub/session/ee0e5569-3cfd-4739-96df-73f2565751c2/element/00000000-0000-036c-7fff-ffff0000002c/displayed &amp#27;[39m&amp#27;[32m200&amp#27;[39m &amp#27;[90m16 ms - 14&amp#27;[39m
&amp#27;[35m[HTTP]&amp#27;[39m &amp#27;[90m&amp#27;[39m
[INFO ] 2022-08-30 16:49:06.766 BasePage:54 - press login button
&amp#27;[35m[HTTP]&amp#27;[39m &amp#27;[37m-->&amp#27;[39m &amp#27;[37mGET&amp#27;[39m &amp#27;[37m/wd/hub/session/ee0e5569-3cfd-4739-96df-73f2565751c2/context&amp#27;[39m
&amp#27;[35m[HTTP]&amp#27;[39m &amp#27;[90m{}&amp#27;[39m
[debug] &amp#27;[35m[W3C (ee0e5569)]&amp#27;[39m Calling AppiumDriver.getCurrentContext() with args: ["ee0e5569-3cfd-4739-96df-73f2565751c2"]
[debug] &amp#27;[35m[W3C (ee0e5569)]&amp#27;[39m Responding to client with driver.getCurrentContext() result: "NATIVE_APP"
&amp#27;[35m[HTTP]&amp#27;[39m &amp#27;[37m<-- GET /wd/hub/session/ee0e5569-3cfd-4739-96df-73f2565751c2/context &amp#27;[39m&amp#27;[32m200&amp#27;[39m &amp#27;[90m3 ms - 22&amp#27;[39m
&amp#27;[35m[HTTP]&amp#27;[39m &amp#27;[90m&amp#27;[39m
&amp#27;[35m[HTTP]&amp#27;[39m &amp#27;[37m-->&amp#27;[39m &amp#27;[37mPOST&amp#27;[39m &amp#27;[37m/wd/hub/session/ee0e5569-3cfd-4739-96df-73f2565751c2/element&amp#27;[39m
&amp#27;[35m[HTTP]&amp#27;[39m &amp#27;[90m{"using":"accessibility id","value":"test-LOGIN"}&amp#27;[39m
[debug] &amp#27;[35m[W3C (ee0e5569)]&amp#27;[39m Calling AppiumDriver.findElement() with args: ["accessibility id","test-LOGIN","ee0e5569-3cfd-4739-96df-73f2565751c2"]
[debug] &amp#27;[35m[BaseDriver]&amp#27;[39m Valid locator strategies for this request: xpath, id, class name, accessibility id, css selector, -android uiautomator
[debug] &amp#27;[35m[BaseDriver]&amp#27;[39m Waiting up to 0 ms for condition
[debug] &amp#27;[35m[WD Proxy]&amp#27;[39m Matched '/element' to command name 'findElement'
[debug] &amp#27;[35m[WD Proxy]&amp#27;[39m Proxying [POST /element] to [POST http://127.0.0.1:10000/wd/hub/session/21df9c7c-7d36-4b62-bb40-31691f012b3b/element] with body: {"strategy":"accessibility id","selector":"test-LOGIN","context":"","multiple":false}
[debug] &amp#27;[35m[WD Proxy]&amp#27;[39m Got response with status 200: {"sessionId":"21df9c7c-7d36-4b62-bb40-31691f012b3b","value":{"ELEMENT":"00000000-0000-036c-7fff-ffff0000002c","element-6066-11e4-a52e-4f735466cecf":"00000000-0000-036c-7fff-ffff0000002c"}}
[debug] &amp#27;[35m[W3C (ee0e5569)]&amp#27;[39m Responding to client with driver.findElement() result: {"element-6066-11e4-a52e-4f735466cecf":"00000000-0000-036c-7fff-ffff0000002c","ELEMENT":"00000000-0000-036c-7fff-ffff0000002c"}
&amp#27;[35m[HTTP]&amp#27;[39m &amp#27;[37m<-- POST /wd/hub/session/ee0e5569-3cfd-4739-96df-73f2565751c2/element &amp#27;[39m&amp#27;[32m200&amp#27;[39m &amp#27;[90m47 ms - 137&amp#27;[39m
&amp#27;[35m[HTTP]&amp#27;[39m &amp#27;[90m&amp#27;[39m
&amp#27;[35m[HTTP]&amp#27;[39m &amp#27;[37m-->&amp#27;[39m &amp#27;[37mPOST&amp#27;[39m &amp#27;[37m/wd/hub/session/ee0e5569-3cfd-4739-96df-73f2565751c2/element/00000000-0000-036c-7fff-ffff0000002c/click&amp#27;[39m
&amp#27;[35m[HTTP]&amp#27;[39m &amp#27;[90m{"id":"00000000-0000-036c-7fff-ffff0000002c"}&amp#27;[39m
[debug] &amp#27;[35m[W3C (ee0e5569)]&amp#27;[39m Calling AppiumDriver.click() with args: ["00000000-0000-036c-7fff-ffff0000002c","ee0e5569-3cfd-4739-96df-73f2565751c2"]
[debug] &amp#27;[35m[WD Proxy]&amp#27;[39m Matched '/element/00000000-0000-036c-7fff-ffff0000002c/click' to command name 'click'
[debug] &amp#27;[35m[WD Proxy]&amp#27;[39m Proxying [POST /element/00000000-0000-036c-7fff-ffff0000002c/click] to [POST http://127.0.0.1:10000/wd/hub/session/21df9c7c-7d36-4b62-bb40-31691f012b3b/element/00000000-0000-036c-7fff-ffff0000002c/click] with body: {"element":"00000000-0000-036c-7fff-ffff0000002c"}
[debug] &amp#27;[35m[WD Proxy]&amp#27;[39m Got response with status 200: {"sessionId":"21df9c7c-7d36-4b62-bb40-31691f012b3b","value":null}
[debug] &amp#27;[35m[W3C (ee0e5569)]&amp#27;[39m Responding to client with driver.click() result: null
&amp#27;[35m[HTTP]&amp#27;[39m &amp#27;[37m<-- POST /wd/hub/session/ee0e5569-3cfd-4739-96df-73f2565751c2/element/00000000-0000-036c-7fff-ffff0000002c/click &amp#27;[39m&amp#27;[32m200&amp#27;[39m &amp#27;[90m94 ms - 14&amp#27;[39m
&amp#27;[35m[HTTP]&amp#27;[39m &amp#27;[90m&amp#27;[39m
  And I login                                                                                         # com.qa.stepdef.LoginStepDef.iLogin()
&amp#27;[35m[HTTP]&amp#27;[39m &amp#27;[37m-->&amp#27;[39m &amp#27;[37mGET&amp#27;[39m &amp#27;[37m/wd/hub/session/ee0e5569-3cfd-4739-96df-73f2565751c2/context&amp#27;[39m
&amp#27;[35m[HTTP]&amp#27;[39m &amp#27;[90m{}&amp#27;[39m
[debug] &amp#27;[35m[W3C (ee0e5569)]&amp#27;[39m Calling AppiumDriver.getCurrentContext() with args: ["ee0e5569-3cfd-4739-96df-73f2565751c2"]
[debug] &amp#27;[35m[W3C (ee0e5569)]&amp#27;[39m Responding to client with driver.getCurrentContext() result: "NATIVE_APP"
&amp#27;[35m[HTTP]&amp#27;[39m &amp#27;[37m<-- GET /wd/hub/session/ee0e5569-3cfd-4739-96df-73f2565751c2/context &amp#27;[39m&amp#27;[32m200&amp#27;[39m &amp#27;[90m3 ms - 22&amp#27;[39m
&amp#27;[35m[HTTP]&amp#27;[39m &amp#27;[90m&amp#27;[39m
&amp#27;[35m[HTTP]&amp#27;[39m &amp#27;[37m-->&amp#27;[39m &amp#27;[37mPOST&amp#27;[39m &amp#27;[37m/wd/hub/session/ee0e5569-3cfd-4739-96df-73f2565751c2/element&amp#27;[39m
&amp#27;[35m[HTTP]&amp#27;[39m &amp#27;[90m{"using":"xpath","value":"//android.view.ViewGroup[@content-desc=\"test-Error message\"]/android.widget.TextView"}&amp#27;[39m
[debug] &amp#27;[35m[W3C (ee0e5569)]&amp#27;[39m Calling AppiumDriver.findElement() with args: ["xpath","//android.view.ViewGroup[@content-desc=\"test-Error message\"]/android.widget.TextView","ee0e5569-3cfd-4739-96df-73f2565751c2"]
[debug] &amp#27;[35m[BaseDriver]&amp#27;[39m Valid locator strategies for this request: xpath, id, class name, accessibility id, css selector, -android uiautomator
[debug] &amp#27;[35m[BaseDriver]&amp#27;[39m Waiting up to 0 ms for condition
[debug] &amp#27;[35m[WD Proxy]&amp#27;[39m Matched '/element' to command name 'findElement'
[debug] &amp#27;[35m[WD Proxy]&amp#27;[39m Proxying [POST /element] to [POST http://127.0.0.1:10000/wd/hub/session/21df9c7c-7d36-4b62-bb40-31691f012b3b/element] with body: {"strategy":"xpath","selector":"//android.view.ViewGroup[@content-desc=\"test-Error message\"]/android.widget.TextView","context":"","multiple":false}
[debug] &amp#27;[35m[ADB]&amp#27;[39m Running 'C:\Users\dtougov\AppData\Local\Android\Sdk\platform-tools\adb.exe -P 5037 -s 4100d1bde4b1a193 shell rm -rf /sdcard/05ce9b8c.mp4'
[debug] &amp#27;[35m[AndroidDriver]&amp#27;[39m The size of the resulting screen recording is 329.75 KB
[debug] &amp#27;[35m[W3C (644cb43e)]&amp#27;[39m Responding to client with driver.stopRecordingScreen() result: "AAAAGGZ0eXBtcDQyAAAAAGlzb21tcDQyAAUhpW1kYXQAAN6OZbhAf//w9FfJKKP//xgheAKLRGyfnU+//8fWCHwF7qgnJ///GCHgCi0Rsn51Pv//H1gh8Be6oJyf//xgh4AotEbJ+dT7//x9YIfAXuqCcnJyciycnJycnJycnJycnJycnJycnJycnJycnJycnJycnJycn//94IeAKC0I/Z+BVvRaGfP/j+FfiIg1lLZo87BXO5f/Vfgg4DVkOo/PJycnJycnJycnJycnJycnJycnJycnJycnJycnJycnJydYoNfYnKMP8TgTfg8AjkxovsdtNBRWpZpbH/SZp2KN5sf/X/5KVP4fwnwQi83WNmCqcHFpJmiX2JyjD/E4E34PAI5MaL7HbTQUVqWaWx/0madijebH/1/+SlT+H8J8EIvN1jZgqnBxaSZol9icow/xOBN+DwCOTGi+x200FFalmlsf9JmnYo3mx/9f/kpU/h/CfBCLzdY2YKpwcWkmaJf/+RFguxdUwiZk8AdrbMm397u+/vJzYJ56T2/myGABpPA2bEgNTLHN8LDZMn2PuI619dUCqLBZoZcfxG1Txunrrn0z4K+sMD2MAdrHPKY9ljEIG2MvT1//+RQQ4AopEBnDAR6AI2Vs+mA/eLy/xPAI0WO5E2U1ClABVyEfk7CoYvrPxpDiM1f9L/r/8JTjPKeRF3PL8K44CEzNdTfwqv1zmcE/4YhVBENTNYE/BLrwBmHnTEfmXX8HFX/veCR7tIggyBwDD9h8DHmBk+AcRkKZCs6IKPr5GOkydQ/nGv+8BMEgNTfHmqmpNZp7wgSjOgktQtqQl7+4gjqhV5DPLbMSkMo2cJ4xOM0QUXAjB5+KkRaN8751X9Znxfqx8UQ1JA1Mhpc2FMhdq15Jo12wuuuuuuuuuuuv/+i0OFcAZBgoUph8CMTblD4z42Z5S+70zgX8Ezcfif/gJ1hXACIvQo7oeMIAdwdXEN+/BJs9B5jNcuJ5Q0T3/z/BB4CX3Gk9...
&amp#27;[35m[HTTP]&amp#27;[39m &amp#27;[37m<-- POST /wd/hub/session/644cb43e-d672-40f5-a9b0-1fd484bb3424/appium/stop_recording_screen &amp#27;[39m&amp#27;[32m200&amp#27;[39m &amp#27;[90m2774 ms - 450228&amp#27;[39m
&amp#27;[35m[HTTP]&amp#27;[39m &amp#27;[90m&amp#27;[39m
[INFO ] 2022-08-30 16:49:07.369 VideoManager:35 - video path: Android_sm910\Videos\Login with invalid user name.mp4
]]></system-out>
    <system-err><![CDATA[SLF4J: Failed to load class "org.slf4j.impl.StaticLoggerBinder".
SLF4J: Defaulting to no-operation (NOP) logger implementation
SLF4J: See http://www.slf4j.org/codes.html#StaticLoggerBinder for further details.
Aug 30, 2022 4:48:55 PM io.appium.java_client.remote.AppiumCommandExecutor$1 lambda$0
INFO: Detected dialect: W3C
Aug 30, 2022 4:48:58 PM io.appium.java_client.remote.AppiumCommandExecutor$1 lambda$0
INFO: Detected dialect: W3C
]]></system-err>
  </testcase>
  <testcase name="scenario[&quot;Login with invalid password&quot;, &quot;Optional[Login scenarios]&quot;](2)" classname="com.qa.runners.Sm910TestNGRunnerTest" time="1.269">
    <system-out><![CDATA[
@test1
Scenario Outline: Login with invalid password                                                         # src/test/resources/Login.feature:21
&amp#27;[35m[HTTP]&amp#27;[39m &amp#27;[37m-->&amp#27;[39m &amp#27;[37mPOST&amp#27;[39m &amp#27;[37m/wd/hub/session/ee0e5569-3cfd-4739-96df-73f2565751c2/appium/start_recording_screen&amp#27;[39m
&amp#27;[35m[HTTP]&amp#27;[39m &amp#27;[90m{}&amp#27;[39m
[debug] &amp#27;[35m[W3C (ee0e5569)]&amp#27;[39m Calling AppiumDriver.startRecordingScreen() with args: [null,"ee0e5569-3cfd-4739-96df-73f2565751c2"]
[debug] &amp#27;[35m[ADB]&amp#27;[39m Getting IDs of all 'screenrecord' processes
[debug] &amp#27;[35m[ADB]&amp#27;[39m Running 'C:\Users\dtougov\AppData\Local\Android\Sdk\platform-tools\adb.exe -P 5037 -s CB5A29JXTK shell 'pgrep ^screenrecord$ || pgrep ^screenrecord$''
&amp#27;[35m[AndroidDriver]&amp#27;[39m Screen recording has not been previously started by Appium. There is nothing to stop
[debug] &amp#27;[35m[ADB]&amp#27;[39m Getting IDs of all 'screenrecord' processes
[debug] &amp#27;[35m[ADB]&amp#27;[39m Running 'C:\Users\dtougov\AppData\Local\Android\Sdk\platform-tools\adb.exe -P 5037 -s CB5A29JXTK shell 'pgrep ^screenrecord$ || pgrep ^screenrecord$''
[debug] &amp#27;[35m[ADB]&amp#27;[39m Getting IDs of all 'screenrecord' processes
[debug] &amp#27;[35m[ADB]&amp#27;[39m Running 'C:\Users\dtougov\AppData\Local\Android\Sdk\platform-tools\adb.exe -P 5037 -s 4100d1bde4b1a193 shell pgrep -f \(\[\[:blank:\]\]\|\^\)screenrecord\(\[\[:blank:\]\]\|\$\)'
[debug] &amp#27;[35m[ADB]&amp#27;[39m Building screenrecord process with the command line: adb -P 5037 -s CB5A29JXTK shell screenrecord --time-limit 180 /sdcard/7d86b04b.mp4
[debug] &amp#27;[35m[ADB]&amp#27;[39m Running 'C:\Users\dtougov\AppData\Local\Android\Sdk\platform-tools\adb.exe -P 5037 -s CB5A29JXTK shell "[ -e '/sdcard/7d86b04b.mp4' ] && echo __PASS__"'
[debug] &amp#27;[35m[ADB]&amp#27;[39m Running 'C:\Users\dtougov\AppData\Local\Android\Sdk\platform-tools\adb.exe -P 5037 -s 4100d1bde4b1a193 pull /sdcard/2f42700a.mp4 C:\Users\dtougov\AppData\Local\Temp\2022730-3648-23u01d.fjtz4\2f42700a.mp4'
[debug] &amp#27;[35m[ADB]&amp#27;[39m Running 'C:\Users\dtougov\AppData\Local\Android\Sdk\platform-tools\adb.exe -P 5037 -s 4100d1bde4b1a193 shell rm -rf /sdcard/2f42700a.mp4'
[debug] &amp#27;[35m[ADB]&amp#27;[39m Running 'C:\Users\dtougov\AppData\Local\Android\Sdk\platform-tools\adb.exe -P 5037 -s CB5A29JXTK shell "[ -e '/sdcard/7d86b04b.mp4' ] && echo __PASS__"'
[debug] &amp#27;[35m[AndroidDriver]&amp#27;[39m The size of the resulting screen recording is 329.45 KB
[debug] &amp#27;[35m[W3C (644cb43e)]&amp#27;[39m Responding to client with driver.stopRecordingScreen() result: "AAAAGGZ0eXBtcDQyAAAAAGlzb21tcDQyAAUgeW1kYXQAASKhZbhAf//w9FfJKKP//xgheAKLRGyfnU+//8fWCHwF7qgnJ///GCHgCi0Rsn51Pv//H1gh8Be6oJyf//xgh4AotEbJ+dT7//x9YIfAXuqCcnJyciycnJycnJycnJycnJycnJycnJycnJycnJycnJycnJycn//94IeAKC0I/Z+BVvRaGfP/j+FfiIg1lLZo87BXO5f/Vfgg4DVkOo/PJycnJycnJycnJycnJycnJycnJycnJycnJycnJycnJydYoNfYnKMP8TgTfg8AjkxovsdtNBRWpZpbH/SZp2KN5sf/X/5KVP4fwnwQi83WNmCqcHFpJmiX2JyjD/E4E34PAI5MaL7HbTQUVqWaWx/0madijebH/1/+SlT+H8J8EIvN1jZgqnBxaSZol9icow/xOBN+DwCOTGi+x200FFalmlsf9JmnYo3mx/9f/kpU/h/CfBCLzdY2YKpwcWkmaJf/+RFguxdUwiZk8AdrbMm397u+/vJzYJ56T2/myGABpPA2bEgNTLHN8LDZMn2PuI619dUCqLBZoZcfxG1Txunrrn0z4K+sMD2MAdrHPKY9ljEIG2MvT1//+RQQ4AopEBnDAR6AI2Vs+mA/eLy/xPAI0WO5E2U1ClABVyEfk7CoYvrPxpDiM1f9L/r/8JTjPKeRF3PL8K44CEzNdTfwqv1zmcE/4YhVBENTNYE/BLrwBmHnTEfmXX8HFX/veCR7tIggyBwDD9h8DHmBk+AcRkKZCs6IKPr5GOkydQ/nGv+8BMEgNTfHmqmpNZp7wgSjOgktQtqQl7+4gjqhV5DPLbMSkMo2cJ4xOM0QUXAjB5+KkRaN8751X9Znxfqx8UQ1JA1Mhpc2FMhdq15Jo12wuuuuuuuuuuuv/+i0OFcAZBgoUph8CMTblD4z42Z5S+70zgX8Ezcfif/gJ1hXACIvQo7oeMIAdwdXEN+/BJs9B5jNcuJ5Q0T3/z/BB4CX3Gk9...
&amp#27;[35m[HTTP]&amp#27;[39m &amp#27;[37m<-- POST /wd/hub/session/644cb43e-d672-40f5-a9b0-1fd484bb3424/appium/stop_recording_screen &amp#27;[39m&amp#27;[32m200&amp#27;[39m &amp#27;[90m2166 ms - 449824&amp#27;[39m
&amp#27;[35m[HTTP]&amp#27;[39m &amp#27;[90m&amp#27;[39m
[INFO ] 2022-08-30 16:49:15.697 VideoManager:35 - video path: Android_sm910\Videos\Login with invalid password.mp4
]]></system-out>
  </testcase>
  <testcase name="scenario[&quot;Login with valid user name and password&quot;, &quot;Optional[Login scenarios]&quot;](3)" classname="com.qa.runners.Sm910TestNGRunnerTest" time="2.757">
    <system-out><![CDATA[
@test1
Scenario Outline: Login with valid user name and password # src/test/resources/Login.feature:31
&amp#27;[35m[HTTP]&amp#27;[39m &amp#27;[37m-->&amp#27;[39m &amp#27;[37mPOST&amp#27;[39m &amp#27;[37m/wd/hub/session/ee0e5569-3cfd-4739-96df-73f2565751c2/appium/start_recording_screen&amp#27;[39m
&amp#27;[35m[HTTP]&amp#27;[39m &amp#27;[90m{}&amp#27;[39m
[debug] &amp#27;[35m[W3C (ee0e5569)]&amp#27;[39m Calling AppiumDriver.startRecordingScreen() with args: [null,"ee0e5569-3cfd-4739-96df-73f2565751c2"]
[debug] &amp#27;[35m[ADB]&amp#27;[39m Getting IDs of all 'screenrecord' processes
[debug] &amp#27;[35m[ADB]&amp#27;[39m Running 'C:\Users\dtougov\AppData\Local\Android\Sdk\platform-tools\adb.exe -P 5037 -s CB5A29JXTK shell 'pgrep ^screenrecord$ || pgrep ^screenrecord$''
[debug] &amp#27;[35m[ADB]&amp#27;[39m Getting IDs of all 'screenrecord' processes
[debug] &amp#27;[35m[ADB]&amp#27;[39m Running 'C:\Users\dtougov\AppData\Local\Android\Sdk\platform-tools\adb.exe -P 5037 -s 4100d1bde4b1a193 shell pgrep -f \(\[\[:blank:\]\]\|\^\)screenrecord\(\[\[:blank:\]\]\|\$\)'
&amp#27;[35m[AndroidDriver]&amp#27;[39m Screen recording has not been previously started by Appium. There is nothing to stop
[debug] &amp#27;[35m[ADB]&amp#27;[39m Getting IDs of all 'screenrecord' processes
[debug] &amp#27;[35m[ADB]&amp#27;[39m Running 'C:\Users\dtougov\AppData\Local\Android\Sdk\platform-tools\adb.exe -P 5037 -s CB5A29JXTK shell 'pgrep ^screenrecord$ || pgrep ^screenrecord$''
[debug] &amp#27;[35m[ADB]&amp#27;[39m Getting IDs of all 'screenrecord' processes
[debug] &amp#27;[35m[ADB]&amp#27;[39m Running 'C:\Users\dtougov\AppData\Local\Android\Sdk\platform-tools\adb.exe -P 5037 -s 4100d1bde4b1a193 shell pgrep -f \(\[\[:blank:\]\]\|\^\)screenrecord\(\[\[:blank:\]\]\|\$\)'
[debug] &amp#27;[35m[ADB]&amp#27;[39m Building screenrecord process with the command line: adb -P 5037 -s CB5A29JXTK shell screenrecord --time-limit 180 /sdcard/a2fedb4f.mp4
[debug] &amp#27;[35m[ADB]&amp#27;[39m Running 'C:\Users\dtougov\AppData\Local\Android\Sdk\platform-tools\adb.exe -P 5037 -s CB5A29JXTK shell "[ -e '/sdcard/a2fedb4f.mp4' ] && echo __PASS__"'
[debug] &amp#27;[35m[ADB]&amp#27;[39m Running 'C:\Users\dtougov\AppData\Local\Android\Sdk\platform-tools\adb.exe -P 5037 -s CB5A29JXTK shell "[ -e '/sdcard/a2fedb4f.mp4' ] && echo __PASS__"'
[debug] &amp#27;[35m[ADB]&amp#27;[39m Getting IDs of all 'screenrecord' processes
[debug] &amp#27;[35m[ADB]&amp#27;[39m Running 'C:\Users\dtougov\AppData\Local\Android\Sdk\platform-tools\adb.exe -P 5037 -s 4100d1bde4b1a193 shell pgrep -f \(\[\[:blank:\]\]\|\^\)screenrecord\(\[\[:blank:\]\]\|\$\)'
[debug] &amp#27;[35m[W3C (ee0e5569)]&amp#27;[39m Responding to client with driver.startRecordingScreen() result: ""
&amp#27;[35m[HTTP]&amp#27;[39m &amp#27;[37m<-- POST /wd/hub/session/ee0e5569-3cfd-4739-96df-73f2565751c2/appium/start_recording_screen &amp#27;[39m&amp#27;[32m200&amp#27;[39m &amp#27;[90m1647 ms - 12&amp#27;[39m
&amp#27;[35m[HTTP]&amp#27;[39m &amp#27;[90m&amp#27;[39m
&amp#27;[35m[HTTP]&amp#27;[39m &amp#27;[37m-->&amp#27;[39m &amp#27;[37mGET&amp#27;[39m &amp#27;[37m/wd/hub/session/ee0e5569-3cfd-4739-96df-73f2565751c2/context&amp#27;[39m
&amp#27;[35m[HTTP]&amp#27;[39m &amp#27;[90m{}&amp#27;[39m
[debug] &amp#27;[35m[W3C (ee0e5569)]&amp#27;[39m Calling AppiumDriver.getCurrentContext() with args: ["ee0e5569-3cfd-4739-96df-73f2565751c2"]
[debug] &amp#27;[35m[W3C (ee0e5569)]&amp#27;[39m Responding to client with driver.getCurrentContext() result: "NATIVE_APP"
&amp#27;[35m[HTTP]&amp#27;[39m &amp#27;[37m<-- GET /wd/hub/session/ee0e5569-3cfd-4739-96df-73f2565751c2/context &amp#27;[39m&amp#27;[32m200&amp#27;[39m &amp#27;[90m2 ms - 22&amp#27;[39m
&amp#27;[35m[HTTP]&amp#27;[39m &amp#27;[90m&amp#27;[39m
&amp#27;[35m[HTTP]&amp#27;[39m &amp#27;[37m-->&amp#27;[39m &amp#27;[37mPOST&amp#27;[39m &amp#27;[37m/wd/hub/session/ee0e5569-3cfd-4739-96df-73f2565751c2/element&amp#27;[39m
&amp#27;[35m[HTTP]&amp#27;[39m &amp#27;[90m{"using":"accessibility id","value":"test-Username"}&amp#27;[39m
[debug] &amp#27;[35m[W3C (ee0e5569)]&amp#27;[39m Calling AppiumDriver.findElement() with args: ["accessibility id","test-Username","ee0e5569-3cfd-4739-96df-73f2565751c2"]
[debug] &amp#27;[35m[BaseDriver]&amp#27;[39m Valid locator strategies for this request: xpath, id, class name, accessibility id, css selector, -android uiautomator
[debug] &amp#27;[35m[BaseDriver]&amp#27;[39m Waiting up to 0 ms for condition
[debug] &amp#27;[35m[WD Proxy]&amp#27;[39m Matched '/element' to command name 'findElement'
[debug] &amp#27;[35m[WD Proxy]&amp#27;[39m Proxying [POST /element] to [POST http://127.0.0.1:10000/wd/hub/session/21df9c7c-7d36-4b62-bb40-31691f012b3b/element] with body: {"strategy":"accessibility id","selector":"test-Username","context":"","multiple":false}
[debug] &amp#27;[35m[WD Proxy]&amp#27;[39m Got response with status 200: {"sessionId":"21df9c7c-7d36-4b62-bb40-31691f012b3b","value":{"ELEMENT":"00000000-0000-036c-7fff-ffff0000002f","element-6066-11e4-a52e-4f735466cecf":"00000000-0000-036c-7fff-ffff0000002f"}}
[debug] &amp#27;[35m[W3C (ee0e5569)]&amp#27;[39m Responding to client with driver.findElement() result: {"element-6066-11e4-a52e-4f735466cecf":"00000000-0000-036c-7fff-ffff0000002f","ELEMENT":"00000000-0000-036c-7fff-ffff0000002f"}
&amp#27;[35m[HTTP]&amp#27;[39m &amp#27;[37m<-- POST /wd/hub/session/ee0e5569-3cfd-4739-96df-73f2565751c2/element &amp#27;[39m&amp#27;[32m200&amp#27;[39m &amp#27;[90m42 ms - 137&amp#27;[39m
&amp#27;[35m[HTTP]&amp#27;[39m &amp#27;[90m&amp#27;[39m
&amp#27;[35m[HTTP]&amp#27;[39m &amp#27;[37m-->&amp#27;[39m &amp#27;[37mGET&amp#27;[39m &amp#27;[37m/wd/hub/session/ee0e5569-3cfd-4739-96df-73f2565751c2/element/00000000-0000-036c-7fff-ffff0000002f/displayed&amp#27;[39m
&amp#27;[35m[HTTP]&amp#27;[39m &amp#27;[90m{}&amp#27;[39m
[debug] &amp#27;[35m[W3C (ee0e5569)]&amp#27;[39m Calling AppiumDriver.elementDisplayed() with args: ["00000000-0000-036c-7fff-ffff0000002f","ee0e5569-3cfd-4739-96df-73f2565751c2"]
[debug] &amp#27;[35m[WD Proxy]&amp#27;[39m Matched '/element/00000000-0000-036c-7fff-ffff0000002f/attribute/displayed' to command name 'getAttribute'
[debug] &amp#27;[35m[WD Proxy]&amp#27;[39m Proxying [GET /element/00000000-0000-036c-7fff-ffff0000002f/attribute/displayed] to [GET http://127.0.0.1:10000/wd/hub/session/21df9c7c-7d36-4b62-bb40-31691f012b3b/element/00000000-0000-036c-7fff-ffff0000002f/attribute/displayed] with no body
[debug] &amp#27;[35m[WD Proxy]&amp#27;[39m Got response with status 200: {"sessionId":"21df9c7c-7d36-4b62-bb40-31691f012b3b","value":"true"}
[debug] &amp#27;[35m[W3C (ee0e5569)]&amp#27;[39m Responding to client with driver.elementDisplayed() result: true
&amp#27;[35m[HTTP]&amp#27;[39m &amp#27;[37m<-- GET /wd/hub/session/ee0e5569-3cfd-4739-96df-73f2565751c2/element/00000000-0000-036c-7fff-ffff0000002f/displayed &amp#27;[39m&amp#27;[32m200&amp#27;[39m &amp#27;[90m21 ms - 14&amp#27;[39m
&amp#27;[35m[HTTP]&amp#27;[39m &amp#27;[90m&amp#27;[39m
&amp#27;[35m[HTTP]&amp#27;[39m &amp#27;[37m-->&amp#27;[39m &amp#27;[37mGET&amp#27;[39m &amp#27;[37m/wd/hub/session/ee0e5569-3cfd-4739-96df-73f2565751c2/context&amp#27;[39m
&amp#27;[35m[HTTP]&amp#27;[39m &amp#27;[90m{}&amp#27;[39m
[debug] &amp#27;[35m[W3C (ee0e5569)]&amp#27;[39m Calling AppiumDriver.getCurrentContext() with args: ["ee0e5569-3cfd-4739-96df-73f2565751c2"]
[debug] &amp#27;[35m[W3C (ee0e5569)]&amp#27;[39m Responding to client with driver.getCurrentContext() result: "NATIVE_APP"
&amp#27;[35m[HTTP]&amp#27;[39m &amp#27;[37m<-- GET /wd/hub/session/ee0e5569-3cfd-4739-96df-73f2565751c2/context &amp#27;[39m&amp#27;[32m200&amp#27;[39m &amp#27;[90m2 ms - 22&amp#27;[39m
&amp#27;[35m[HTTP]&amp#27;[39m &amp#27;[90m&amp#27;[39m
&amp#27;[35m[HTTP]&amp#27;[39m &amp#27;[37m-->&amp#27;[39m &amp#27;[37mPOST&amp#27;[39m &amp#27;[37m/wd/hub/session/ee0e5569-3cfd-4739-96df-73f2565751c2/element&amp#27;[39m
&amp#27;[35m[HTTP]&amp#27;[39m &amp#27;[90m{"using":"accessibility id","value":"test-Username"}&amp#27;[39m
[debug] &amp#27;[35m[W3C (ee0e5569)]&amp#27;[39m Calling AppiumDriver.findElement() with args: ["accessibility id","test-Username","ee0e5569-3cfd-4739-96df-73f2565751c2"]
[debug] &amp#27;[35m[BaseDriver]&amp#27;[39m Valid locator strategies for this request: xpath, id, class name, accessibility id, css selector, -android uiautomator
[debug] &amp#27;[35m[BaseDriver]&amp#27;[39m Waiting up to 0 ms for condition
[debug] &amp#27;[35m[WD Proxy]&amp#27;[39m Matched '/element' to command name 'findElement'
[debug] &amp#27;[35m[WD Proxy]&amp#27;[39m Proxying [POST /element] to [POST http://127.0.0.1:10000/wd/hub/session/21df9c7c-7d36-4b62-bb40-31691f012b3b/element] with body: {"strategy":"accessibility id","selector":"test-Username","context":"","multiple":false}
[debug] &amp#27;[35m[WD Proxy]&amp#27;[39m Got response with status 200: {"sessionId":"21df9c7c-7d36-4b62-bb40-31691f012b3b","value":{"ELEMENT":"00000000-0000-036c-7fff-ffff0000002f","element-6066-11e4-a52e-4f735466cecf":"00000000-0000-036c-7fff-ffff0000002f"}}
[debug] &amp#27;[35m[W3C (ee0e5569)]&amp#27;[39m Responding to client with driver.findElement() result: {"element-6066-11e4-a52e-4f735466cecf":"00000000-0000-036c-7fff-ffff0000002f","ELEMENT":"00000000-0000-036c-7fff-ffff0000002f"}
&amp#27;[35m[HTTP]&amp#27;[39m &amp#27;[37m<-- POST /wd/hub/session/ee0e5569-3cfd-4739-96df-73f2565751c2/element &amp#27;[39m&amp#27;[32m200&amp#27;[39m &amp#27;[90m52 ms - 137&amp#27;[39m
&amp#27;[35m[HTTP]&amp#27;[39m &amp#27;[90m&amp#27;[39m
&amp#27;[35m[HTTP]&amp#27;[39m &amp#27;[37m-->&amp#27;[39m &amp#27;[37mPOST&amp#27;[39m &amp#27;[37m/wd/hub/session/ee0e5569-3cfd-4739-96df-73f2565751c2/element/00000000-0000-036c-7fff-ffff0000002f/clear&amp#27;[39m
&amp#27;[35m[HTTP]&amp#27;[39m &amp#27;[90m{"id":"00000000-0000-036c-7fff-ffff0000002f"}&amp#27;[39m
[debug] &amp#27;[35m[W3C (ee0e5569)]&amp#27;[39m Calling AppiumDriver.clear() with args: ["00000000-0000-036c-7fff-ffff0000002f","ee0e5569-3cfd-4739-96df-73f2565751c2"]
[debug] &amp#27;[35m[WD Proxy]&amp#27;[39m Matched '/element/00000000-0000-036c-7fff-ffff0000002f/clear' to command name 'clear'
[debug] &amp#27;[35m[WD Proxy]&amp#27;[39m Proxying [POST /element/00000000-0000-036c-7fff-ffff0000002f/clear] to [POST http://127.0.0.1:10000/wd/hub/session/21df9c7c-7d36-4b62-bb40-31691f012b3b/element/00000000-0000-036c-7fff-ffff0000002f/clear] with body: {"elementId":"00000000-0000-036c-7fff-ffff0000002f"}
[debug] &amp#27;[35m[WD Proxy]&amp#27;[39m Got response with status 200: {"sessionId":"21df9c7c-7d36-4b62-bb40-31691f012b3b","value":null}
[debug] &amp#27;[35m[W3C (ee0e5569)]&amp#27;[39m Responding to client with driver.clear() result: null
&amp#27;[35m[HTTP]&amp#27;[39m &amp#27;[37m<-- POST /wd/hub/session/ee0e5569-3cfd-4739-96df-73f2565751c2/element/00000000-0000-036c-7fff-ffff0000002f/clear &amp#27;[39m&amp#27;[32m200&amp#27;[39m &amp#27;[90m35 ms - 14&amp#27;[39m
&amp#27;[35m[HTTP]&amp#27;[39m &amp#27;[90m&amp#27;[39m
&amp#27;[35m[HTTP]&amp#27;[39m &amp#27;[37m-->&amp#27;[39m &amp#27;[37mGET&amp#27;[39m &amp#27;[37m/wd/hub/session/ee0e5569-3cfd-4739-96df-73f2565751c2/context&amp#27;[39m
&amp#27;[35m[HTTP]&amp#27;[39m &amp#27;[90m{}&amp#27;[39m
[debug] &amp#27;[35m[W3C (ee0e5569)]&amp#27;[39m Calling AppiumDriver.getCurrentContext() with args: ["ee0e5569-3cfd-4739-96df-73f2565751c2"]
[debug] &amp#27;[35m[W3C (ee0e5569)]&amp#27;[39m Responding to client with driver.getCurrentContext() result: "NATIVE_APP"
&amp#27;[35m[HTTP]&amp#27;[39m &amp#27;[37m<-- GET /wd/hub/session/ee0e5569-3cfd-4739-96df-73f2565751c2/context &amp#27;[39m&amp#27;[32m200&amp#27;[39m &amp#27;[90m3 ms - 22&amp#27;[39m
&amp#27;[35m[HTTP]&amp#27;[39m &amp#27;[90m&amp#27;[39m
&amp#27;[35m[HTTP]&amp#27;[39m &amp#27;[37m-->&amp#27;[39m &amp#27;[37mPOST&amp#27;[39m &amp#27;[37m/wd/hub/session/ee0e5569-3cfd-4739-96df-73f2565751c2/element&amp#27;[39m
&amp#27;[35m[HTTP]&amp#27;[39m &amp#27;[90m{"using":"accessibility id","value":"test-Username"}&amp#27;[39m
[debug] &amp#27;[35m[W3C (ee0e5569)]&amp#27;[39m Calling AppiumDriver.findElement() with args: ["accessibility id","test-Username","ee0e5569-3cfd-4739-96df-73f2565751c2"]
[debug] &amp#27;[35m[BaseDriver]&amp#27;[39m Valid locator strategies for this request: xpath, id, class name, accessibility id, css selector, -android uiautomator
[debug] &amp#27;[35m[BaseDriver]&amp#27;[39m Waiting up to 0 ms for condition
[debug] &amp#27;[35m[WD Proxy]&amp#27;[39m Matched '/element' to command name 'findElement'
[debug] &amp#27;[35m[WD Proxy]&amp#27;[39m Proxying [POST /element] to [POST http://127.0.0.1:10000/wd/hub/session/21df9c7c-7d36-4b62-bb40-31691f012b3b/element] with body: {"strategy":"accessibility id","selector":"test-Username","context":"","multiple":false}
[debug] &amp#27;[35m[ADB]&amp#27;[39m Running 'C:\Users\dtougov\AppData\Local\Android\Sdk\platform-tools\adb.exe -P 5037 -s 4100d1bde4b1a193 pull /sdcard/8dedb3b5.mp4 C:\Users\dtougov\AppData\Local\Temp\2022730-3648-1jv8utx.jsak\8dedb3b5.mp4'
[debug] &amp#27;[35m[ADB]&amp#27;[39m Running 'C:\Users\dtougov\AppData\Local\Android\Sdk\platform-tools\adb.exe -P 5037 -s 4100d1bde4b1a193 shell rm -rf /sdcard/8dedb3b5.mp4'
[debug] &amp#27;[35m[WD Proxy]&amp#27;[39m Got response with status 200: {"sessionId":"21df9c7c-7d36-4b62-bb40-31691f012b3b","value":{"ELEMENT":"00000000-0000-036c-7fff-ffff0000002f","element-6066-11e4-a52e-4f735466cecf":"00000000-0000-036c-7fff-ffff0000002f"}}
[debug] &amp#27;[35m[W3C (ee0e5569)]&amp#27;[39m Responding to client with driver.findElement() result: {"element-6066-11e4-a52e-4f735466cecf":"00000000-0000-036c-7fff-ffff0000002f","ELEMENT":"00000000-0000-036c-7fff-ffff0000002f"}
[debug] &amp#27;[35m[AndroidDriver]&amp#27;[39m The size of the resulting screen recording is 503.34 KB
&amp#27;[35m[HTTP]&amp#27;[39m &amp#27;[37m<-- POST /wd/hub/session/ee0e5569-3cfd-4739-96df-73f2565751c2/element &amp#27;[39m&amp#27;[32m200&amp#27;[39m &amp#27;[90m593 ms - 137&amp#27;[39m
&amp#27;[35m[HTTP]&amp#27;[39m &amp#27;[90m&amp#27;[39m
&amp#27;[35m[HTTP]&amp#27;[39m &amp#27;[37m-->&amp#27;[39m &amp#27;[37mGET&amp#27;[39m &amp#27;[37m/wd/hub/session/ee0e5569-3cfd-4739-96df-73f2565751c2/element/00000000-0000-036c-7fff-ffff0000002f/displayed&amp#27;[39m
&amp#27;[35m[HTTP]&amp#27;[39m &amp#27;[90m{}&amp#27;[39m
[debug] &amp#27;[35m[W3C (ee0e5569)]&amp#27;[39m Calling AppiumDriver.elementDisplayed() with args: ["00000000-0000-036c-7fff-ffff0000002f","ee0e5569-3cfd-4739-96df-73f2565751c2"]
[debug] &amp#27;[35m[WD Proxy]&amp#27;[39m Matched '/element/00000000-0000-036c-7fff-ffff0000002f/attribute/displayed' to command name 'getAttribute'
[debug] &amp#27;[35m[WD Proxy]&amp#27;[39m Proxying [GET /element/00000000-0000-036c-7fff-ffff0000002f/attribute/displayed] to [GET http://127.0.0.1:10000/wd/hub/session/21df9c7c-7d36-4b62-bb40-31691f012b3b/element/00000000-0000-036c-7fff-ffff0000002f/attribute/displayed] with no body
[debug] &amp#27;[35m[WD Proxy]&amp#27;[39m Got response with status 200: {"sessionId":"21df9c7c-7d36-4b62-bb40-31691f012b3b","value":"true"}
[debug] &amp#27;[35m[W3C (ee0e5569)]&amp#27;[39m Responding to client with driver.elementDisplayed() result: true
&amp#27;[35m[HTTP]&amp#27;[39m &amp#27;[37m<-- GET /wd/hub/session/ee0e5569-3cfd-4739-96df-73f2565751c2/element/00000000-0000-036c-7fff-ffff0000002f/displayed &amp#27;[39m&amp#27;[32m200&amp#27;[39m &amp#27;[90m27 ms - 14&amp#27;[39m
&amp#27;[35m[HTTP]&amp#27;[39m &amp#27;[90m&amp#27;[39m
[INFO ] 2022-08-30 16:49:26.896 BasePage:71 - login with standard_user
[debug] &amp#27;[35m[W3C (644cb43e)]&amp#27;[39m Responding to client with&amp#27; [d3r5imv[eHrT.TsPt]o&amp#27;p[R3e9cmo r&amp#27;d[i3n7gmS-c-r>e&amp#27;e[n3(9)m  &amp#27;[37mrGeEsTu&amp#27;l[t3:9m " A&amp#27;A[A3A7Gm/GwZd0/ehXuBbtc/DsQeysAsAiAoAnA/Gelez0eb52516t9c-D3QcyfAdA-f4X73V9G-19k6YdXfQ-A7A3SfL2T5Z6b5h7A5f1/c/2w/9cFofnJtKeKxPt/&amp#27;/[x3g9hmeA
KLRGyfnU+//8fWCHwF7qgnJ///GCHgCi0Rsn51Pv//H1gh8Be6o&amp#27;J[y3f5/m/[xHgThT4PA]o&amp#27;t[3E9bmJ +&amp#27;d[T970/m/{x}9&amp#27;YI[f3A9Xmuq
CcnJyciycnJycnJycnJycnJycnJycnJycnJycnJycnJycnJycn//94IeAKC0I/Z+BVvRaGfP/j+FfiIg1lLZo87BXO5f/Vfgg4DVkOo/PJycnJycnJycnJycnJycnJycnJycnJycnJycnJycnJydYoNfYnKMP8TgTfg8AjkxovsdtNBRWpZpbH/SZp2KN5sf/X/5KVP4fwnwQi83WNmCqcHFpJmiX2JyjD/E4E34PAI5MaL7HbTQUVqWaWx/0madijebH/1/+SlT+H8J8EIvN1jZgqnBxaSZol9icow/xOBN+DwCOTGi+x200FFalmlsf9JmnYo3mx/9f/kpU/h/CfBCLzdY2YKpwcWkmaJf/+RFguxdUwiZk8AdrbMm397u+/vJzYJ56T2/myGABpPA2bEgNTLHN8LDZMn2PuI61[9ddeUbCuqgL]B Z&amp#27;oZc[fx3G51mT[xWu3nCr r(ne0ez04eK5+5s6M9D)2]M&amp#27;A[d3r9HmPK YC9alljlEiInGg2 MAvpTp1i/u/m+DRrQiQv4eAr.ogpeEBtnCDuArRr6eAnIt2CVosn+tmeAx/te(L)y /wxiPtAhI 0aWrOg5sE:2 U[1"CeleA0BeV5yE5f69k7-C3ocYfdv-r4P7x3p9D-i9M16dff9-L/r/87J3Tfj2P5K6e5R7F531PcL28"K]44CEzNdTfwqv1zmcE/4YhVBENTNYE/BLrwBmHnTEfmXX8HFX/veCR7tIggyBwDD
9h8DHmBk+AcRkKZCs6IKPr5GOkydQ/nGv+8BMEgNTfHmqmpNZp7wgSjOgktQtqQl7+4gjqhV5DPLbMSkMo2cJ4xOM0QUXAjB5+KkRaN8751X9Znxfqx8UQ1JA1Mhpc2FMhdq15Jo12wuuuuuu[uuuuduevb/ug] &amp#27;[35m[W3C (ee0e5569+)i]0&amp#27;O[F3cA9ZmB gRoeUsphp8oCnMdTibnlgD 4zt4o2 Zc5lSi+e7n0tzg Xw8iEtzhc fdifri/vgeJr.1gheXAtCCIuvrQro7eonetMCIAodwdXnEtNe+x/BtJ(s)9 B5rjeNscuuJl5tQ:0T "3/NzA/TBIBVE4_CAX3PPG"k9.
..
&amp#27;[35m[HTTP]&amp#27;[39m &amp#27;[37m<-- GET /wd/hub/session/ee0e5569-3cfd-4739-96df-73f2565751c2/context &amp#27;[39m&amp#27;[32m200&amp#27;[39m &amp#27;[90m3 ms - 22&amp#27;[39m
&amp#27;[35m[HTTP]&amp#27;[39m &amp#27;[90m&amp#27;[39m
&amp#27;[35m[HTTP]&amp#27;[39m &amp#27;[37m<-- POST /wd/hub/session/644cb43e-d672-40f5-a9b0-1fd484bb3424/appium/stop_recording_screen &amp#27;[39m&amp#27;[32m200&amp#27;[39m &amp#27;[90m3056 ms - 687236&amp#27;[39m
&amp#27;[35m[HTTP]&amp#27;[39m &amp#27;[37m-->&amp#27;[39m &amp#27;[37mPOST&amp#27;[39m &amp#27;[37m/wd/hub/session/ee0e5569-3cfd-4739-96df-73f2565751c2/element&amp#27;[39m
&amp#27;[35m[HTTP]&amp#27;[39m &amp#27;[90m{"using":"accessibility id","value":"test-Username"}&amp#27;[39m
[debug] &amp#27;[35m[W3C (ee0e5569)]&amp#27;[39m Calling AppiumDriver.findElement() with args: ["accessibility id","test-Username","ee0e5569-3cfd-4739-96df-73f2565751c2"]
[debug] &amp#27;[35m[BaseDriver]&amp#27;[39m Valid locator strategies for this request: xpath, id, class name, accessibility id, css selector, -android uiautomator
[debug] &amp#27;[35m[BaseDriver]&amp#27;[39m Waiting up to 0 ms for condition
[debug] &amp#27;[35m[WD Proxy]&amp#27;[39m Matched '/element' to command name 'findElement'
[debug] &amp#27;[35m[WD Proxy]&amp#27;[39m Proxying [POST /element] to [POST http://127.0.0.1:10000/wd/hub/session/21df9c7c-7d36-4b62-bb40-31691f012b3b/element] with body: {"strategy":"accessibility id","selector":"test-Username","context":"","multiple":false}
&amp#27;[35m[HTTP]&amp#27;[39m &amp#27;[90m&amp#27;[39m
[debug] &amp#27;[35m[WD Proxy]&amp#27;[39m Got response with status 200: {"sessionId":"21df9c7c-7d36-4b62-bb40-31691f012b3b","value":{"ELEMENT":"00000000-0000-036c-7fff-ffff0000002f","element-6066-11e4-a52e-4f735466cecf":"00000000-0000-036c-7fff-ffff0000002f"}}
[debug] &amp#27;[35m[W3C (ee0e5569)]&amp#27;[39m Responding to client with driver.findElement() result: {"element-6066-11e4-a52e-4f735466cecf":"00000000-0000-036c-7fff-ffff0000002f","ELEMENT":"00000000-0000-036c-7fff-ffff0000002f"}
&amp#27;[35m[HTTP]&amp#27;[39m &amp#27;[37m<-- POST /wd/hub/session/ee0e5569-3cfd-4739-96df-73f2565751c2/element &amp#27;[39m&amp#27;[32m200&amp#27;[39m &amp#27;[90m39 ms - 137&amp#27;[39m
&amp#27;[35m[HTTP]&amp#27;[39m &amp#27;[90m&amp#27;[39m
&amp#27;[35m[HTTP]&amp#27;[39m &amp#27;[37m-->&amp#27;[39m &amp#27;[37mPOST&amp#27;[39m &amp#27;[37m/wd/hub/session/ee0e5569-3cfd-4739-96df-73f2565751c2/element/00000000-0000-036c-7fff-ffff0000002f/value&amp#27;[39m
&amp#27;[35m[HTTP]&amp#27;[39m &amp#27;[90m{"id":"00000000-0000-036c-7fff-ffff0000002f","text":"standard_user","value":["s","t","a","n","d","a","r","d","_","u","s","e","r"]}&amp#27;[39m
[debug] &amp#27;[35m[W3C (ee0e5569)]&amp#27;[39m Calling AppiumDriver.setValue() with args: [["s","t","a","n","d","a","r","d","_","u","s","e","r"],"00000000-0000-036c-7fff-ffff0000002f","ee0e5569-3cfd-4739-96df-73f2565751c2"]
[debug] &amp#27;[35m[WD Proxy]&amp#27;[39m Matched '/element/00000000-0000-036c-7fff-ffff0000002f/value' to command name 'setValue'
[debug] &amp#27;[35m[Protocol Converter]&amp#27;[39m Added 'value' property ["s","t","a","n","d","a","r","d","_","u","s","e","r"] to 'setValue' request body
[debug] &amp#27;[35m[WD Proxy]&amp#27;[39m Proxying [POST /element/00000000-0000-036c-7fff-ffff0000002f/value] to [POST http://127.0.0.1:10000/wd/hub/session/21df9c7c-7d36-4b62-bb40-31691f012b3b/element/00000000-0000-036c-7fff-ffff0000002f/value] with body: {"elementId":"00000000-0000-036c-7fff-ffff0000002f","text":"standard_user","replace":false,"value":["s","t","a","n","d","a","r","d","_","u","s","e","r"]}
[INFO ] 2022-08-30 16:49:26.971 VideoManager:35 - video path: Android_sm910\Videos\Login with valid user name and password.mp4
]]></system-out>
  </testcase>
  <testcase name="scenario[&quot;Validate product into on Products page&quot;, &quot;Optional[Product scenarios]&quot;](4)" classname="com.qa.runners.Sm910TestNGRunnerTest" time="5.274">
    <system-out><![CDATA[
@test1
Scenario Outline: Validate product into on Products page                         # src/test/resources/Products.feature:12
&amp#27;[35m[HTTP]&amp#27;[39m &amp#27;[37m-->&amp#27;[39m &amp#27;[37mPOST&amp#27;[39m &amp#27;[37m/wd/hub/session/644cb43e-d672-40f5-a9b0-1fd484bb3424/appium/start_recording_screen&amp#27;[39m
&amp#27;[35m[HTTP]&amp#27;[39m &amp#27;[90m{}&amp#27;[39m
[debug] &amp#27;[35m[W3C (644cb43e)]&amp#27;[39m Calling AppiumDriver.startRecordingScreen() with args: [null,"644cb43e-d672-40f5-a9b0-1fd484bb3424"]
[debug] &amp#27;[35m[ADB]&amp#27;[39m Getting IDs of all 'screenrecord' processes
[debug] &amp#27;[35m[ADB]&amp#27;[39m Running 'C:\Users\dtougov\AppData\Local\Android\Sdk\platform-tools\adb.exe -P 5037 -s 4100d1bde4b1a193 shell pgrep -f \(\[\[:blank:\]\]\|\^\)screenrecord\(\[\[:blank:\]\]\|\$\)'
&amp#27;[35m[AndroidDriver]&amp#27;[39m Screen recording has not been previously started by Appium. There is nothing to stop
[debug] &amp#27;[35m[ADB]&amp#27;[39m Getting IDs of all 'screenrecord' processes
[debug] &amp#27;[35m[ADB]&amp#27;[39m Running 'C:\Users\dtougov\AppData\Local\Android\Sdk\platform-tools\adb.exe -P 5037 -s 4100d1bde4b1a193 shell pgrep -f \(\[\[:blank:\]\]\|\^\)screenrecord\(\[\[:blank:\]\]\|\$\)'
[debug] &amp#27;[35m[WD Proxy]&amp#27;[39m Got response with status 200: {"sessionId":"21df9c7c-7d36-4b62-bb40-31691f012b3b","value":null}
[debug] &amp#27;[35m[W3C (ee0e5569)]&amp#27;[39m Responding to client with driver.setValue() result: null
  When I enter username as "standard_user"                # com.qa.stepdef.LoginStepDef.iEnterUsernameAs(java.lang.String)
&amp#27;[35m[HTTP]&amp#27;[39m &amp#27;[37m<-- POST /wd/hub/session/ee0e5569-3cfd-4739-96df-73f2565751c2/element/00000000-0000-036c-7fff-ffff0000002f/value &amp#27;[39m&amp#27;[32m200&amp#27;[39m &amp#27;[90m575 ms - 14&amp#27;[39m
&amp#27;[35m[HTTP]&amp#27;[39m &amp#27;[90m&amp#27;[39m
&amp#27;[35m[HTTP]&amp#27;[39m &amp#27;[37m-->&amp#27;[39m &amp#27;[37mGET&amp#27;[39m &amp#27;[37m/wd/hub/session/ee0e5569-3cfd-4739-96df-73f2565751c2/context&amp#27;[39m
&amp#27;[35m[HTTP]&amp#27;[39m &amp#27;[90m{}&amp#27;[39m
[debug] &amp#27;[35m[W3C (ee0e5569)]&amp#27;[39m Calling AppiumDriver.getCurrentContext() with args: ["ee0e5569-3cfd-4739-96df-73f2565751c2"]
[debug] &amp#27;[35m[W3C (ee0e5569)]&amp#27;[39m Responding to client with driver.getCurrentContext() result: "NATIVE_APP"
&amp#27;[35m[HTTP]&amp#27;[39m &amp#27;[37m<-- GET /wd/hub/session/ee0e5569-3cfd-4739-96df-73f2565751c2/context &amp#27;[39m&amp#27;[32m200&amp#27;[39m &amp#27;[90m9 ms - 22&amp#27;[39m
&amp#27;[35m[HTTP]&amp#27;[39m &amp#27;[90m&amp#27;[39m
[debug] &amp#27;[35m[ADB]&amp#27;[39m Building screenrecord process with the command line: adb -P 5037 -s 4100d1bde4b1a193 shell screenrecord --time-limit 180 /sdcard/9adf7e95.mp4
&amp#27;[35m[HTTP]&amp#27;[39m &amp#27;[37m-->&amp#27;[39m &amp#27;[37mPOST&amp#27;[39m &amp#27;[37m/wd/hub/session/ee0e5569-3cfd-4739-96df-73f2565751c2/element&amp#27;[39m
&amp#27;[35m[HTTP]&amp#27;[39m &amp#27;[90m{"using":"accessibility id","value":"test-Password"}&amp#27;[39m
[debug] &amp#27;[35m[W3C (ee0e5569)]&amp#27;[39m Calling AppiumDriver.findElement() with args: ["accessibility id","test-Password","ee0e5569-3cfd-4739-96df-73f2565751c2"]
[debug] &amp#27;[35m[BaseDriver]&amp#27;[39m Valid locator strategies for this request: xpath, id, class name, accessibility id, css selector, -android uiautomator
[debug] &amp#27;[35m[BaseDriver]&amp#27;[39m Waiting up to 0 ms for condition
[debug] &amp#27;[35m[WD Proxy]&amp#27;[39m Matched '/element' to command name 'findElement'
[debug] &amp#27;[35m[WD Proxy]&amp#27;[39m Proxying [POST /element] to [POST http://127.0.0.1:10000/wd/hub/session/21df9c7c-7d36-4b62-bb40-31691f012b3b/element] with body: {"strategy":"accessibility id","selector":"test-Password","context":"","multiple":false}
[debug] &amp#27;[35m[ADB]&amp#27;[39m Running 'C:\Users\dtougov\AppData\Local\Android\Sdk\platform-tools\adb.exe -P 5037 -s 4100d1bde4b1a193 shell "[ -e '/sdcard/9adf7e95.mp4' ] && echo __PASS__"'
[debug] &amp#27;[35m[ADB]&amp#27;[39m Running 'C:\Users\dtougov\AppData\Local\Android\Sdk\platform-tools\adb.exe -P 5037 -s 4100d1bde4b1a193 shell "[ -e '/sdcard/9adf7e95.mp4' ] && echo __PASS__"'
[debug] &amp#27;[35m[WD Proxy]&amp#27;[39m Got response with status 200: {"sessionId":"21df9c7c-7d36-4b62-bb40-31691f012b3b","value":{"ELEMENT":"00000000-0000-036c-7fff-ffff00000030","element-6066-11e4-a52e-4f735466cecf":"00000000-0000-036c-7fff-ffff00000030"}}
[debug] &amp#27;[35m[W3C (ee0e5569)]&amp#27;[39m Responding to client with driver.findElement() result: {"element-6066-11e4-a52e-4f735466cecf":"00000000-0000-036c-7fff-ffff00000030","ELEMENT":"00000000-0000-036c-7fff-ffff00000030"}
&amp#27;[35m[HTTP]&amp#27;[39m &amp#27;[37m<-- POST /wd/hub/session/ee0e5569-3cfd-4739-96df-73f2565751c2/element &amp#27;[39m&amp#27;[32m200&amp#27;[39m &amp#27;[90m703 ms - 137&amp#27;[39m
&amp#27;[35m[HTTP]&amp#27;[39m &amp#27;[90m&amp#27;[39m
&amp#27;[35m[HTTP]&amp#27;[39m &amp#27;[37m-->&amp#27;[39m &amp#27;[37mGET&amp#27;[39m &amp#27;[37m/wd/hub/session/ee0e5569-3cfd-4739-96df-73f2565751c2/element/00000000-0000-036c-7fff-ffff00000030/displayed&amp#27;[39m
&amp#27;[35m[HTTP]&amp#27;[39m &amp#27;[90m{}&amp#27;[39m
[debug] &amp#27;[35m[W3C (ee0e5569)]&amp#27;[39m Calling AppiumDriver.elementDisplayed() with args: ["00000000-0000-036c-7fff-ffff00000030","ee0e5569-3cfd-4739-96df-73f2565751c2"]
[debug] &amp#27;[35m[WD Proxy]&amp#27;[39m Matched '/element/00000000-0000-036c-7fff-ffff00000030/attribute/displayed' to command name 'getAttribute'
[debug] &amp#27;[35m[WD Proxy]&amp#27;[39m Proxying [GET /element/00000000-0000-036c-7fff-ffff00000030/attribute/displayed] to [GET http://127.0.0.1:10000/wd/hub/session/21df9c7c-7d36-4b62-bb40-31691f012b3b/element/00000000-0000-036c-7fff-ffff00000030/attribute/displayed] with no body
[debug] &amp#27;[35m[WD Proxy]&amp#27;[39m Got response with status 200: {"sessionId":"21df9c7c-7d36-4b62-bb40-31691f012b3b","value":"true"}
[debug] &amp#27;[35m[W3C (ee0e5569)]&amp#27;[39m Responding to client with driver.elementDisplayed() result: true
&amp#27;[35m[HTTP]&amp#27;[39m &amp#27;[37m<-- GET /wd/hub/session/ee0e5569-3cfd-4739-96df-73f2565751c2/element/00000000-0000-036c-7fff-ffff00000030/displayed &amp#27;[39m&amp#27;[32m200&amp#27;[39m &amp#27;[90m26 ms - 14&amp#27;[39m
&amp#27;[35m[HTTP]&amp#27;[39m &amp#27;[90m&amp#27;[39m
&amp#27;[35m[HTTP]&amp#27;[39m &amp#27;[37m-->&amp#27;[39m &amp#27;[37mGET&amp#27;[39m &amp#27;[37m/wd/hub/session/ee0e5569-3cfd-4739-96df-73f2565751c2/context&amp#27;[39m
&amp#27;[35m[HTTP]&amp#27;[39m &amp#27;[90m{}&amp#27;[39m
[debug] &amp#27;[35m[W3C (ee0e5569)]&amp#27;[39m Calling AppiumDriver.getCurrentContext() with args: ["ee0e5569-3cfd-4739-96df-73f2565751c2"]
[debug] &amp#27;[35m[W3C (ee0e5569)]&amp#27;[39m Responding to client with driver.getCurrentContext() result: "NATIVE_APP"
&amp#27;[35m[HTTP]&amp#27;[39m &amp#27;[37m<-- GET /wd/hub/session/ee0e5569-3cfd-4739-96df-73f2565751c2/context &amp#27;[39m&amp#27;[32m200&amp#27;[39m &amp#27;[90m5 ms - 22&amp#27;[39m
&amp#27;[35m[HTTP]&amp#27;[39m &amp#27;[90m&amp#27;[39m
&amp#27;[35m[HTTP]&amp#27;[39m &amp#27;[37m-->&amp#27;[39m &amp#27;[37mPOST&amp#27;[39m &amp#27;[37m/wd/hub/session/ee0e5569-3cfd-4739-96df-73f2565751c2/element&amp#27;[39m
&amp#27;[35m[HTTP]&amp#27;[39m &amp#27;[90m{"using":"accessibility id","value":"test-Password"}&amp#27;[39m
[debug] &amp#27;[35m[W3C (ee0e5569)]&amp#27;[39m Calling AppiumDriver.findElement() with args: ["accessibility id","test-Password","ee0e5569-3cfd-4739-96df-73f2565751c2"]
[debug] &amp#27;[35m[BaseDriver]&amp#27;[39m Valid locator strategies for this request: xpath, id, class name, accessibility id, css selector, -android uiautomator
[debug] &amp#27;[35m[BaseDriver]&amp#27;[39m Waiting up to 0 ms for condition
[debug] &amp#27;[35m[WD Proxy]&amp#27;[39m Matched '/element' to command name 'findElement'
[debug] &amp#27;[35m[WD Proxy]&amp#27;[39m Proxying [POST /element] to [POST http://127.0.0.1:10000/wd/hub/session/21df9c7c-7d36-4b62-bb40-31691f012b3b/element] with body: {"strategy":"accessibility id","selector":"test-Password","context":"","multiple":false}
[debug] &amp#27;[35m[WD Proxy]&amp#27;[39m Got response with status 200: {"sessionId":"21df9c7c-7d36-4b62-bb40-31691f012b3b","value":{"ELEMENT":"00000000-0000-036c-7fff-ffff00000030","element-6066-11e4-a52e-4f735466cecf":"00000000-0000-036c-7fff-ffff00000030"}}
[debug] &amp#27;[35m[W3C (ee0e5569)]&amp#27;[39m Responding to client with driver.findElement() result: {"element-6066-11e4-a52e-4f735466cecf":"00000000-0000-036c-7fff-ffff00000030","ELEMENT":"00000000-0000-036c-7fff-ffff00000030"}
&amp#27;[35m[HTTP]&amp#27;[39m &amp#27;[37m<-- POST /wd/hub/session/ee0e5569-3cfd-4739-96df-73f2565751c2/element &amp#27;[39m&amp#27;[32m200&amp#27;[39m &amp#27;[90m49 ms - 137&amp#27;[39m
&amp#27;[35m[HTTP]&amp#27;[39m &amp#27;[90m&amp#27;[39m
&amp#27;[35m[HTTP]&amp#27;[39m &amp#27;[37m-->&amp#27;[39m &amp#27;[37mPOST&amp#27;[39m &amp#27;[37m/wd/hub/session/ee0e5569-3cfd-4739-96df-73f2565751c2/element/00000000-0000-036c-7fff-ffff00000030/clear&amp#27;[39m
&amp#27;[35m[HTTP]&amp#27;[39m &amp#27;[90m{"id":"00000000-0000-036c-7fff-ffff00000030"}&amp#27;[39m
[debug] &amp#27;[35m[W3C (ee0e5569)]&amp#27;[39m Calling AppiumDriver.clear() with args: ["00000000-0000-036c-7fff-ffff00000030","ee0e5569-3cfd-4739-96df-73f2565751c2"]
[debug] &amp#27;[35m[WD Proxy]&amp#27;[39m Matched '/element/00000000-0000-036c-7fff-ffff00000030/clear' to command name 'clear'
[debug] &amp#27;[35m[WD Proxy]&amp#27;[39m Proxying [POST /element/00000000-0000-036c-7fff-ffff00000030/clear] to [POST http://127.0.0.1:10000/wd/hub/session/21df9c7c-7d36-4b62-bb40-31691f012b3b/element/00000000-0000-036c-7fff-ffff00000030/clear] with body: {"elementId":"00000000-0000-036c-7fff-ffff00000030"}
[debug] &amp#27;[35m[WD Proxy]&amp#27;[39m Got response with status 200: {"sessionId":"21df9c7c-7d36-4b62-bb40-31691f012b3b","value":null}
[debug] &amp#27;[35m[W3C (ee0e5569)]&amp#27;[39m Responding to client with driver.clear() result: null
&amp#27;[35m[HTTP]&amp#27;[39m &amp#27;[37m<-- POST /wd/hub/session/ee0e5569-3cfd-4739-96df-73f2565751c2/element/00000000-0000-036c-7fff-ffff00000030/clear &amp#27;[39m&amp#27;[32m200&amp#27;[39m &amp#27;[90m29 ms - 14&amp#27;[39m
&amp#27;[35m[HTTP]&amp#27;[39m &amp#27;[90m&amp#27;[39m
&amp#27;[35m[HTTP]&amp#27;[39m &amp#27;[37m-->&amp#27;[39m &amp#27;[37mGET&amp#27;[39m &amp#27;[37m/wd/hub/session/ee0e5569-3cfd-4739-96df-73f2565751c2/context&amp#27;[39m
&amp#27;[35m[HTTP]&amp#27;[39m &amp#27;[90m{}&amp#27;[39m
[debug] &amp#27;[35m[W3C (ee0e5569)]&amp#27;[39m Calling AppiumDriver.getCurrentContext() with args: ["ee0e5569-3cfd-4739-96df-73f2565751c2"]
[debug] &amp#27;[35m[W3C (ee0e5569)]&amp#27;[39m Responding to client with driver.getCurrentContext() result: "NATIVE_APP"
&amp#27;[35m[HTTP]&amp#27;[39m &amp#27;[37m<-- GET /wd/hub/session/ee0e5569-3cfd-4739-96df-73f2565751c2/context &amp#27;[39m&amp#27;[32m200&amp#27;[39m &amp#27;[90m2 ms - 22&amp#27;[39m
&amp#27;[35m[HTTP]&amp#27;[39m &amp#27;[90m&amp#27;[39m
&amp#27;[35m[HTTP]&amp#27;[39m &amp#27;[37m-->&amp#27;[39m &amp#27;[37mPOST&amp#27;[39m &amp#27;[37m/wd/hub/session/ee0e5569-3cfd-4739-96df-73f2565751c2/element&amp#27;[39m
&amp#27;[35m[HTTP]&amp#27;[39m &amp#27;[90m{"using":"accessibility id","value":"test-Password"}&amp#27;[39m
[debug] &amp#27;[35m[W3C (ee0e5569)]&amp#27;[39m Calling AppiumDriver.findElement() with args: ["accessibility id","test-Password","ee0e5569-3cfd-4739-96df-73f2565751c2"]
[debug] &amp#27;[35m[BaseDriver]&amp#27;[39m Valid locator strategies for this request: xpath, id, class name, accessibility id, css selector, -android uiautomator
[debug] &amp#27;[35m[BaseDriver]&amp#27;[39m Waiting up to 0 ms for condition
[debug] &amp#27;[35m[WD Proxy]&amp#27;[39m Matched '/element' to command name 'findElement'
[debug] &amp#27;[35m[WD Proxy]&amp#27;[39m Proxying [POST /element] to [POST http://127.0.0.1:10000/wd/hub/session/21df9c7c-7d36-4b62-bb40-31691f012b3b/element] with body: {"strategy":"accessibility id","selector":"test-Password","context":"","multiple":false}
[debug] &amp#27;[35m[W3C (644cb43e)]&amp#27;[39m Responding to client with driver.startRecordingScreen() result: ""
&amp#27;[35m[HTTP]&amp#27;[39m &amp#27;[37m<-- POST /wd/hub/session/644cb43e-d672-40f5-a9b0-1fd484bb3424/appium/start_recording_screen &amp#27;[39m&amp#27;[32m200&amp#27;[39m &amp#27;[90m1626 ms - 12&amp#27;[39m
&amp#27;[35m[HTTP]&amp#27;[39m &amp#27;[90m&amp#27;[39m
&amp#27;[35m[HTTP]&amp#27;[39m &amp#27;[37m-->&amp#27;[39m &amp#27;[37mPOST&amp#27;[39m &amp#27;[37m/wd/hub/session/644cb43e-d672-40f5-a9b0-1fd484bb3424/element&amp#27;[39m
&amp#27;[35m[HTTP]&amp#27;[39m &amp#27;[90m{"using":"-android uiautomator","value":"new UiScrollable(new UiSelector().scrollable(true)).scrollIntoView(new UiSelector().text(\"Sauce Labs Backpack\"));"}&amp#27;[39m
[debug] &amp#27;[35m[W3C (644cb43e)]&amp#27;[39m Calling AppiumDriver.findElement() with args: ["-android uiautomator","new UiScrollable(new UiSelector().scrollable(true)).scrollIntoView(new UiSelector().text(\"Sauce Labs Backpack\"));","644cb43e-d672-40f5-a9b0-1fd484bb3424"]
[debug] &amp#27;[35m[BaseDriver]&amp#27;[39m Valid locator strategies for this request: xpath, id, class name, accessibility id, css selector, -android uiautomator
[debug] &amp#27;[35m[BaseDriver]&amp#27;[39m Waiting up to 0 ms for condition
[debug] &amp#27;[35m[WD Proxy]&amp#27;[39m Matched '/element' to command name 'findElement'
[debug] &amp#27;[35m[WD Proxy]&amp#27;[39m Proxying [POST /element] to [POST http://127.0.0.1:10001/wd/hub/session/44ba05ff-d8a8-4796-9026-76750819bf31/element] with body: {"strategy":"-android uiautomator","selector":"new UiScrollable(new UiSelector().scrollable(true)).scrollIntoView(new UiSelector().text(\"Sauce Labs Backpack\"));","context":"","multiple":false}
[debug] &amp#27;[35m[WD Proxy]&amp#27;[39m Got response with status 200: {"sessionId":"44ba05ff-d8a8-4796-9026-76750819bf31","value":{"ELEMENT":"00000000-0000-0166-7fff-ffff00000056","element-6066-11e4-a52e-4f735466cecf":"00000000-0000-0166-7fff-ffff00000056"}}
[debug] &amp#27;[35m[W3C (644cb43e)]&amp#27;[39m Responding to client with driver.findElement() result: {"element-6066-11e4-a52e-4f735466cecf":"00000000-0000-0166-7fff-ffff00000056","ELEMENT":"00000000-0000-0166-7fff-ffff00000056"}
&amp#27;[35m[HTTP]&amp#27;[39m &amp#27;[37m<-- POST /wd/hub/session/644cb43e-d672-40f5-a9b0-1fd484bb3424/element &amp#27;[39m&amp#27;[32m200&amp#27;[39m &amp#27;[90m98 ms - 137&amp#27;[39m
&amp#27;[35m[HTTP]&amp#27;[39m &amp#27;[90m&amp#27;[39m
&amp#27;[35m[HTTP]&amp#27;[39m &amp#27;[37m-->&amp#27;[39m &amp#27;[37mGET&amp#27;[39m &amp#27;[37m/wd/hub/session/644cb43e-d672-40f5-a9b0-1fd484bb3424/element/00000000-0000-0166-7fff-ffff00000056/displayed&amp#27;[39m
&amp#27;[35m[HTTP]&amp#27;[39m &amp#27;[90m{}&amp#27;[39m
[debug] &amp#27;[35m[W3C (644cb43e)]&amp#27;[39m Calling AppiumDriver.elementDisplayed() with args: ["00000000-0000-0166-7fff-ffff00000056","644cb43e-d672-40f5-a9b0-1fd484bb3424"]
[debug] &amp#27;[35m[WD Proxy]&amp#27;[39m Matched '/element/00000000-0000-0166-7fff-ffff00000056/attribute/displayed' to command name 'getAttribute'
[debug] &amp#27;[35m[WD Proxy]&amp#27;[39m Proxying [GET /element/00000000-0000-0166-7fff-ffff00000056/attribute/displayed] to [GET http://127.0.0.1:10001/wd/hub/session/44ba05ff-d8a8-4796-9026-76750819bf31/element/00000000-0000-0166-7fff-ffff00000056/attribute/displayed] with no body
[debug] &amp#27;[35m[WD Proxy]&amp#27;[39m Got response with status 200: {"sessionId":"44ba05ff-d8a8-4796-9026-76750819bf31","value":"true"}
[debug] &amp#27;[35m[W3C (644cb43e)]&amp#27;[39m Responding to client with driver.elementDisplayed() result: true
&amp#27;[35m[HTTP]&amp#27;[39m &amp#27;[37m<-- GET /wd/hub/session/644cb43e-d672-40f5-a9b0-1fd484bb3424/element/00000000-0000-0166-7fff-ffff00000056/displayed &amp#27;[39m&amp#27;[32m200&amp#27;[39m &amp#27;[90m67 ms - 14&amp#27;[39m
&amp#27;[35m[HTTP]&amp#27;[39m &amp#27;[90m&amp#27;[39m
&amp#27;[35m[HTTP]&amp#27;[39m &amp#27;[37m-->&amp#27;[39m &amp#27;[37mGET&amp#27;[39m &amp#27;[37m/wd/hub/session/644cb43e-d672-40f5-a9b0-1fd484bb3424/element/00000000-0000-0166-7fff-ffff00000056/attribute/text&amp#27;[39m
&amp#27;[35m[HTTP]&amp#27;[39m &amp#27;[90m{}&amp#27;[39m
[debug] &amp#27;[35m[W3C (644cb43e)]&amp#27;[39m Calling AppiumDriver.getAttribute() with args: ["text","00000000-0000-0166-7fff-ffff00000056","644cb43e-d672-40f5-a9b0-1fd484bb3424"]
[debug] &amp#27;[35m[WD Proxy]&amp#27;[39m Matched '/element/00000000-0000-0166-7fff-ffff00000056/attribute/text' to command name 'getAttribute'
[debug] &amp#27;[35m[WD Proxy]&amp#27;[39m Proxying [GET /element/00000000-0000-0166-7fff-ffff00000056/attribute/text] to [GET http://127.0.0.1:10001/wd/hub/session/44ba05ff-d8a8-4796-9026-76750819bf31/element/00000000-0000-0166-7fff-ffff00000056/attribute/text] with no body
[debug] &amp#27;[35m[WD Proxy]&amp#27;[39m Got response with status 200: {"sessionId":"44ba05ff-d8a8-4796-9026-76750819bf31","value":"Sauce Labs Backpack"}
[debug] &amp#27;[35m[W3C (644cb43e)]&amp#27;[39m Responding to client with driver.getAttribute() result: "Sauce Labs Backpack"
&amp#27;[35m[HTTP]&amp#27;[39m &amp#27;[37m<-- GET /wd/hub/session/644cb43e-d672-40f5-a9b0-1fd484bb3424/element/00000000-0000-0166-7fff-ffff00000056/attribute/text &amp#27;[39m&amp#27;[32m200&amp#27;[39m &amp#27;[90m57 ms - 31&amp#27;[39m
&amp#27;[35m[HTTP]&amp#27;[39m &amp#27;[90m&amp#27;[39m
[INFO ] 2022-08-30 16:49:28.864 BasePage:97 - product title is: Sauce Labs BackpackSauce Labs Backpack
&amp#27;[35m[HTTP]&amp#27;[39m &amp#27;[37m-->&amp#27;[39m &amp#27;[37mGET&amp#27;[39m &amp#27;[37m/wd/hub/session/644cb43e-d672-40f5-a9b0-1fd484bb3424/window/rect&amp#27;[39m
&amp#27;[35m[HTTP]&amp#27;[39m &amp#27;[90m{}&amp#27;[39m
[debug] &amp#27;[35m[W3C (644cb43e)]&amp#27;[39m Calling AppiumDriver.getWindowRect() with args: ["644cb43e-d672-40f5-a9b0-1fd484bb3424"]
[debug] &amp#27;[35m[WD Proxy]&amp#27;[39m Matched '/window/current/size' to command name 'getWindowSize'
[debug] &amp#27;[35m[WD Proxy]&amp#27;[39m Proxying [GET /window/current/size] to [GET http://127.0.0.1:10001/wd/hub/session/44ba05ff-d8a8-4796-9026-76750819bf31/window/current/size] with no body
[debug] &amp#27;[35m[WD Proxy]&amp#27;[39m Got response with status 200: {"sessionId":"44ba05ff-d8a8-4796-9026-76750819bf31","value":{"height":2560,"width":1440}}
[debug] &amp#27;[35m[W3C (644cb43e)]&amp#27;[39m Responding to client with driver.getWindowRect() result: {"width":1440,"height":2560,"x":0,"y":0}
&amp#27;[35m[HTTP]&amp#27;[39m &amp#27;[37m<-- GET /wd/hub/session/644cb43e-d672-40f5-a9b0-1fd484bb3424/window/rect &amp#27;[39m&amp#27;[32m200&amp#27;[39m &amp#27;[90m23 ms - 50&amp#27;[39m
&amp#27;[35m[HTTP]&amp#27;[39m &amp#27;[90m&amp#27;[39m
&amp#27;[35m[HTTP]&amp#27;[39m &amp#27;[37m-->&amp#27;[39m &amp#27;[37mPOST&amp#27;[39m &amp#27;[37m/wd/hub/session/644cb43e-d672-40f5-a9b0-1fd484bb3424/element&amp#27;[39m
&amp#27;[35m[HTTP]&amp#27;[39m &amp#27;[90m{"using":"xpath","value":"//*[@text=\"Sauce Labs Backpack\"]/following-sibling::*[@content-desc=\"test-Price\"]"}&amp#27;[39m
[debug] &amp#27;[35m[W3C (644cb43e)]&amp#27;[39m Calling AppiumDriver.findElement() with args: ["xpath","//*[@text=\"Sauce Labs Backpack\"]/following-sibling::*[@content-desc=\"test-Price\"]","644cb43e-d672-40f5-a9b0-1fd484bb3424"]
[debug] &amp#27;[35m[BaseDriver]&amp#27;[39m Valid locator strategies for this request: xpath, id, class name, accessibility id, css selector, -android uiautomator
[debug] &amp#27;[35m[BaseDriver]&amp#27;[39m Waiting up to 0 ms for condition
[debug] &amp#27;[35m[WD Proxy]&amp#27;[39m Matched '/element' to command name 'findElement'
[debug] &amp#27;[35m[WD Proxy]&amp#27;[39m Proxying [POST /element] to [POST http://127.0.0.1:10001/wd/hub/session/44ba05ff-d8a8-4796-9026-76750819bf31/element] with body: {"strategy":"xpath","selector":"//*[@text=\"Sauce Labs Backpack\"]/following-sibling::*[@content-desc=\"test-Price\"]","context":"","multiple":false}
[debug] &amp#27;[35m[WD Proxy]&amp#27;[39m Got response with status 200: {"sessionId":"44ba05ff-d8a8-4796-9026-76750819bf31","value":{"ELEMENT":"00000000-0000-0166-7fff-ffff00000058","element-6066-11e4-a52e-4f735466cecf":"00000000-0000-0166-7fff-ffff00000058"}}
[debug] &amp#27;[35m[W3C (644cb43e)]&amp#27;[39m Responding to client with driver.findElement() result: {"element-6066-11e4-a52e-4f735466cecf":"00000000-0000-0166-7fff-ffff00000058","ELEMENT":"00000000-0000-0166-7fff-ffff00000058"}
&amp#27;[35m[HTTP]&amp#27;[39m &amp#27;[37m<-- POST /wd/hub/session/644cb43e-d672-40f5-a9b0-1fd484bb3424/element &amp#27;[39m&amp#27;[32m200&amp#27;[39m &amp#27;[90m192 ms - 137&amp#27;[39m
&amp#27;[35m[HTTP]&amp#27;[39m &amp#27;[90m&amp#27;[39m
&amp#27;[35m[HTTP]&amp#27;[39m &amp#27;[37m-->&amp#27;[39m &amp#27;[37mGET&amp#27;[39m &amp#27;[37m/wd/hub/session/644cb43e-d672-40f5-a9b0-1fd484bb3424/element/00000000-0000-0166-7fff-ffff00000058/displayed&amp#27;[39m
&amp#27;[35m[HTTP]&amp#27;[39m &amp#27;[90m{}&amp#27;[39m
[debug] &amp#27;[35m[W3C (644cb43e)]&amp#27;[39m Calling AppiumDriver.elementDisplayed() with args: ["00000000-0000-0166-7fff-ffff00000058","644cb43e-d672-40f5-a9b0-1fd484bb3424"]
[debug] &amp#27;[35m[WD Proxy]&amp#27;[39m Matched '/element/00000000-0000-0166-7fff-ffff00000058/attribute/displayed' to command name 'getAttribute'
[debug] &amp#27;[35m[WD Proxy]&amp#27;[39m Proxying [GET /element/00000000-0000-0166-7fff-ffff00000058/attribute/displayed] to [GET http://127.0.0.1:10001/wd/hub/session/44ba05ff-d8a8-4796-9026-76750819bf31/element/00000000-0000-0166-7fff-ffff00000058/attribute/displayed] with no body
[debug] &amp#27;[35m[WD Proxy]&amp#27;[39m Got response with status 200: {"sessionId":"44ba05ff-d8a8-4796-9026-76750819bf31","value":"true"}
[debug] &amp#27;[35m[W3C (644cb43e)]&amp#27;[39m Responding to client with driver.elementDisplayed() result: true
&amp#27;[35m[HTTP]&amp#27;[39m &amp#27;[37m<-- GET /wd/hub/session/644cb43e-d672-40f5-a9b0-1fd484bb3424/element/00000000-0000-0166-7fff-ffff00000058/displayed &amp#27;[39m&amp#27;[32m200&amp#27;[39m &amp#27;[90m14 ms - 14&amp#27;[39m
&amp#27;[35m[HTTP]&amp#27;[39m &amp#27;[90m&amp#27;[39m
&amp#27;[35m[HTTP]&amp#27;[39m &amp#27;[37m-->&amp#27;[39m &amp#27;[37mPOST&amp#27;[39m &amp#27;[37m/wd/hub/session/644cb43e-d672-40f5-a9b0-1fd484bb3424/element&amp#27;[39m
&amp#27;[35m[HTTP]&amp#27;[39m &amp#27;[90m{"using":"xpath","value":"//*[@text=\"Sauce Labs Backpack\"]/following-sibling::*[@content-desc=\"test-Price\"]"}&amp#27;[39m
[debug] &amp#27;[35m[W3C (644cb43e)]&amp#27;[39m Calling AppiumDriver.findElement() with args: ["xpath","//*[@text=\"Sauce Labs Backpack\"]/following-sibling::*[@content-desc=\"test-Price\"]","644cb43e-d672-40f5-a9b0-1fd484bb3424"]
[debug] &amp#27;[35m[BaseDriver]&amp#27;[39m Valid locator strategies for this request: xpath, id, class name, accessibility id, css selector, -android uiautomator
[debug] &amp#27;[35m[BaseDriver]&amp#27;[39m Waiting up to 0 ms for condition
[debug] &amp#27;[35m[WD Proxy]&amp#27;[39m Matched '/element' to command name 'findElement'
[debug] &amp#27;[35m[WD Proxy]&amp#27;[39m Proxying [POST /element] to [POST http://127.0.0.1:10001/wd/hub/session/44ba05ff-d8a8-4796-9026-76750819bf31/element] with body: {"strategy":"xpath","selector":"//*[@text=\"Sauce Labs Backpack\"]/following-sibling::*[@content-desc=\"test-Price\"]","context":"","multiple":false}
[debug] &amp#27;[35m[WD Proxy]&amp#27;[39m Got response with status 200: {"sessionId":"21df9c7c-7d36-4b62-bb40-31691f012b3b","value":{"ELEMENT":"00000000-0000-036c-7fff-ffff00000030","element-6066-11e4-a52e-4f735466cecf":"00000000-0000-036c-7fff-ffff00000030"}}
[debug] &amp#27;[35m[W3C (ee0e5569)]&amp#27;[39m Responding to client with driver.findElement() result: {"element-6066-11e4-a52e-4f735466cecf":"00000000-0000-036c-7fff-ffff00000030","ELEMENT":"00000000-0000-036c-7fff-ffff00000030"}
&amp#27;[35m[HTTP]&amp#27;[39m &amp#27;[37m<-- POST /wd/hub/session/ee0e5569-3cfd-4739-96df-73f2565751c2/element &amp#27;[39m&amp#27;[32m200&amp#27;[39m &amp#27;[90m800 ms - 137&amp#27;[39m
&amp#27;[35m[HTTP]&amp#27;[39m &amp#27;[90m&amp#27;[39m
&amp#27;[35m[HTTP]&amp#27;[39m &amp#27;[37m-->&amp#27;[39m &amp#27;[37mGET&amp#27;[39m &amp#27;[37m/wd/hub/session/ee0e5569-3cfd-4739-96df-73f2565751c2/element/00000000-0000-036c-7fff-ffff00000030/displayed&amp#27;[39m
&amp#27;[35m[HTTP]&amp#27;[39m &amp#27;[90m{}&amp#27;[39m
[debug] &amp#27;[35m[W3C (ee0e5569)]&amp#27;[39m Calling AppiumDriver.elementDisplayed() with args: ["00000000-0000-036c-7fff-ffff00000030","ee0e5569-3cfd-4739-96df-73f2565751c2"]
[debug] &amp#27;[35m[WD Proxy]&amp#27;[39m Matched '/element/00000000-0000-036c-7fff-ffff00000030/attribute/displayed' to command name 'getAttribute'
[debug] &amp#27;[35m[WD Proxy]&amp#27;[39m Proxying [GET /element/00000000-0000-036c-7fff-ffff00000030/attribute/displayed] to [GET http://127.0.0.1:10000/wd/hub/session/21df9c7c-7d36-4b62-bb40-31691f012b3b/element/00000000-0000-036c-7fff-ffff00000030/attribute/displayed] with no body
[debug] &amp#27;[35m[WD Proxy]&amp#27;[39m Got response with status 200: {"sessionId":"21df9c7c-7d36-4b62-bb40-31691f012b3b","value":"true"}
[debug] &amp#27;[35m[W3C (ee0e5569)]&amp#27;[39m Responding to client with driver.elementDisplayed() result: true
[INFO ] 2022-08-30 16:49:29.256 BasePage:71 - password is secret_sauce
&amp#27;[35m[HTTP]&amp#27;[39m &amp#27;[37m<-- GET /wd/hub/session/ee0e5569-3cfd-4739-96df-73f2565751c2/element/00000000-0000-036c-7fff-ffff00000030/displayed &amp#27;[39m&amp#27;[32m200&amp#27;[39m &amp#27;[90m16 ms - 14&amp#27;[39m
&amp#27;[35m[HTTP]&amp#27;[39m &amp#27;[90m&amp#27;[39m
&amp#27;[35m[HTTP]&amp#27;[39m &amp#27;[37m-->&amp#27;[39m &amp#27;[37mGET&amp#27;[39m &amp#27;[37m/wd/hub/session/ee0e5569-3cfd-4739-96df-73f2565751c2/context&amp#27;[39m
&amp#27;[35m[HTTP]&amp#27;[39m &amp#27;[90m{}&amp#27;[39m
[debug] &amp#27;[35m[W3C (ee0e5569)]&amp#27;[39m Calling AppiumDriver.getCurrentContext() with args: ["ee0e5569-3cfd-4739-96df-73f2565751c2"]
[debug] &amp#27;[35m[W3C (ee0e5569)]&amp#27;[39m Responding to client with driver.getCurrentContext() result: "NATIVE_APP"
&amp#27;[35m[HTTP]&amp#27;[39m &amp#27;[37m<-- GET /wd/hub/session/ee0e5569-3cfd-4739-96df-73f2565751c2/context &amp#27;[39m&amp#27;[32m200&amp#27;[39m &amp#27;[90m3 ms - 22&amp#27;[39m
&amp#27;[35m[HTTP]&amp#27;[39m &amp#27;[90m&amp#27;[39m
&amp#27;[35m[HTTP]&amp#27;[39m &amp#27;[37m-->&amp#27;[39m &amp#27;[37mPOST&amp#27;[39m &amp#27;[37m/wd/hub/session/ee0e5569-3cfd-4739-96df-73f2565751c2/element&amp#27;[39m
&amp#27;[35m[HTTP]&amp#27;[39m &amp#27;[90m{"using":"accessibility id","value":"test-Password"}&amp#27;[39m
[debug] &amp#27;[35m[W3C (ee0e5569)]&amp#27;[39m Calling AppiumDriver.findElement() with args: ["accessibility id","test-Password","ee0e5569-3cfd-4739-96df-73f2565751c2"]
[debug] &amp#27;[35m[BaseDriver]&amp#27;[39m Valid locator strategies for this request: xpath, id, class name, accessibility id, css selector, -android uiautomator
[debug] &amp#27;[35m[BaseDriver]&amp#27;[39m Waiting up to 0 ms for condition
[debug] &amp#27;[35m[WD Proxy]&amp#27;[39m Matched '/element' to command name 'findElement'
[debug] &amp#27;[35m[WD Proxy]&amp#27;[39m Proxying [POST /element] to [POST http://127.0.0.1:10000/wd/hub/session/21df9c7c-7d36-4b62-bb40-31691f012b3b/element] with body: {"strategy":"accessibility id","selector":"test-Password","context":"","multiple":false}
[debug] &amp#27;[35m[WD Proxy]&amp#27;[39m Got response with status 200: {"sessionId":"44ba05ff-d8a8-4796-9026-76750819bf31","value":{"ELEMENT":"00000000-0000-0166-7fff-ffff00000058","element-6066-11e4-a52e-4f735466cecf":"00000000-0000-0166-7fff-ffff00000058"}}
[debug] &amp#27;[35m[W3C (644cb43e)]&amp#27;[39m Responding to client with driver.findElement() result: {"element-6066-11e4-a52e-4f735466cecf":"00000000-0000-0166-7fff-ffff00000058","ELEMENT":"00000000-0000-0166-7fff-ffff00000058"}
&amp#27;[35m[HTTP]&amp#27;[39m &amp#27;[37m<-- POST /wd/hub/session/644cb43e-d672-40f5-a9b0-1fd484bb3424/element &amp#27;[39m&amp#27;[32m200&amp#27;[39m &amp#27;[90m168 ms - 137&amp#27;[39m
&amp#27;[35m[HTTP]&amp#27;[39m &amp#27;[90m&amp#27;[39m
&amp#27;[35m[HTTP]&amp#27;[39m &amp#27;[37m-->&amp#27;[39m &amp#27;[37mGET&amp#27;[39m &amp#27;[37m/wd/hub/session/644cb43e-d672-40f5-a9b0-1fd484bb3424/element/00000000-0000-0166-7fff-ffff00000058/displayed&amp#27;[39m
&amp#27;[35m[HTTP]&amp#27;[39m &amp#27;[90m{}&amp#27;[39m
[debug] &amp#27;[35m[W3C (644cb43e)]&amp#27;[39m Calling AppiumDriver.elementDisplayed() with args: ["00000000-0000-0166-7fff-ffff00000058","644cb43e-d672-40f5-a9b0-1fd484bb3424"]
[debug] &amp#27;[35m[WD Proxy]&amp#27;[39m Matched '/element/00000000-0000-0166-7fff-ffff00000058/attribute/displayed' to command name 'getAttribute'
[debug] &amp#27;[35m[WD Proxy]&amp#27;[39m Proxying [GET /element/00000000-0000-0166-7fff-ffff00000058/attribute/displayed] to [GET http://127.0.0.1:10001/wd/hub/session/44ba05ff-d8a8-4796-9026-76750819bf31/element/00000000-0000-0166-7fff-ffff00000058/attribute/displayed] with no body
[debug] &amp#27;[35m[WD Proxy]&amp#27;[39m Got response with status 200: {"sessionId":"44ba05ff-d8a8-4796-9026-76750819bf31","value":"true"}
[debug] &amp#27;[35m[W3C (644cb43e)]&amp#27;[39m Responding to client with driver.elementDisplayed() result: true
&amp#27;[35m[HTTP]&amp#27;[39m &amp#27;[37m<-- GET /wd/hub/session/644cb43e-d672-40f5-a9b0-1fd484bb3424/element/00000000-0000-0166-7fff-ffff00000058/displayed &amp#27;[39m&amp#27;[32m200&amp#27;[39m &amp#27;[90m15 ms - 14&amp#27;[39m
&amp#27;[35m[HTTP]&amp#27;[39m &amp#27;[90m&amp#27;[39m
[debug] &amp#27;[35m[WD Proxy]&amp#27;[39m Got response with status 200: {"sessionId":"21df9c7c-7d36-4b62-bb40-31691f012b3b","value":{"ELEMENT":"00000000-0000-036c-7fff-ffff00000030","element-6066-11e4-a52e-4f735466cecf":"00000000-0000-036c-7fff-ffff00000030"}}
[debug] &amp#27;[35m[W3C (ee0e5569)]&amp#27;[39m Responding to client with driver.findElement() result: {"element-6066-11e4-a52e-4f735466cecf":"00000000-0000-036c-7fff-ffff00000030","ELEMENT":"00000000-0000-036c-7fff-ffff00000030"}
&amp#27;[35m[HTTP]&amp#27;[39m &amp#27;[37m<-- POST /wd/hub/session/ee0e5569-3&amp#27;cfd-4[73359m-[9H6TdTf-P7]&amp#27;3[f39m &amp#27;[37m-->&amp#27;2[359m6 5&amp#27;7[5371mcP2O/SelTe&amp#27;m[39m e&amp#27;n[t3 7&amp#27;m[/3w9dm/&amp#27;h[ub32/ms2e0s0s&amp#27;i[o3n9m /&amp#27;6[4940cmb5453 em-sd 6-7 21-3470f&amp#27;5[-3a99mb0
-&amp#27;1[f3d54m8[4HbTbT3P4]2&amp#27;4[/3e9lme m&amp#27;e[n9t0&amp#27;m[&amp#27;3[93m9
m&amp#27;[
&amp#27;3[53m5[mH[THTTPT]P&amp#27;][&amp#27;3[93m 9&amp#27;m[ &amp#27;9[03m{7"mu--s>i&amp#27;ng["3:9"mx p&amp#27;a[t3h7"m,P"OvSTa&amp#27;l[u3e9"m: "&amp#27;/[3/7*m[/@wtde/xhtu=b\/"sSeasuscei oLn/abs Backpack\"]e/feo0lelo5w56i9n-g3c-sfid-b4l7i3n9g-:9:6d*f[-7@3cfo2n5t6e5n7t5-1dce2s/ecl=em\e"ntte/s00t0-0P0r0i0c0e-\00"0]0"-}0&amp#27;[3369c-m7
ff[df-efbfufgf]0 0&amp#27;0[003053m0[/Wv3aCl ue(&amp#27;6[3494mcb
4&amp#27;3[e3)5]m&amp#27;[[H3T9TmP ]C&amp#27;a[3ll9mi n&amp#27;g[ 90Amp{p"iiumdD"r:i"v0e0r0.0f0i0n0d0E-l0e0m0e0n-t0(3)6 wci-t7hf fafr-fgfsf:f 0[0"0x0p0a0t3h0"",,""/t/*[@text=\"Sauce Labs Backpack\"]/efxotl"l:o"wsiencgr-esti_bslaiuncge:":,*"[@vcaolnutee"n:[t"-dse"s,c"=e\""t,e"sct"-,P"rri"c,e"\e"]"",,""t6"4,4"c_b"4,3"es-"d,6"7a2-"4,0"f5u-"a,9"bc0"-,1"fde4"84]b}&amp#27;b3[43294m"]
[
d[edbebuugg]]  &amp#27;&amp#27;[[335m5m[Base[DWr3iCv er(]&amp#27;e[e309em5 V56al9i)d] &amp#27;l[o3c9amt oCarl ls[INFO ] 2022-08-30 16:49:29.512 BasePage:113 - product price is: $29.99$29.99
trategies for this request: ixpantgh ,A pipdi,u mcDlraisvse rn.asmeet,V aalcucee(s)s iwbiitlhi tayr gisd:,  [c[s"s","es" ,s"ecl"e,c"tro"r,," e-",a"ntd"r,o"i_d" ,u"isa"u,t"oam"at,o"ru"
,["dce"b,u"g]e "&amp#27;][,3"50m0[0B0a0s0e0D0r-i0v0e0r0]-&amp#27;0[3369cm- 7Wfafift-ifnfgf fu0p0 0t0o0 003 0m"s," efeo0re 5c5o6n9-d3ictfido-n47
3[9d-e9b6udgf]-73f2 56&amp#27;5[73551mc[2W"D] P
r[odxeyb]u&amp#27;g[]39 m &amp#27;M[a3t5cmh[eWdD  'P/reolxeym]e&amp#27;n[t3'9 mt oM actocmhmeadn d' /nealemmee n'tf/i0n0d0E0l0e0m0e0n-t0'00
0[-d0e3b6ugc-]7 f&amp#27;f[f3-5fmf[fWfD0 0P0r0o0x0y3]0&amp#27;/[v3a9lmu eP'r otxoy cionmgm an[dP OnSaTm e/ e'l  Then the product is listed with title "Sauce Labs Backpack" and price "$29.99" # com.qa.stepdef.ProductStepDef.theProductIsListedWithTitleAndPrice(java.lang.String,java.lang.String)
seemteVnatl]u et'o 
[[PdOeSbTu gh]t t&amp#27;p[:3/5/m1[2P7r.o0t.o0c.o1l: 1C0o0n0ve1r/twedr/]h&amp#27;u[b3/9sme sAsdidoend/ 4'4vbaal0u5ef'f -pdr8oap8e-r4t7y96-9026-76750819bf31/element] with body: {"strategy":"xpath","selector":"//*[@text=\"Sauce Labs Backpack\"]/following-sibling::*[@con ["s",t"een"t,-"dce"s,c"=r\"",t"ees"t,-"Ptr"i,c"e_\""],"",s""c,o"nat"e,x"tu"":,"""c,"",m"uel"t]i ptloe "':sfeatlVsael}ue
'[ dreeqbuuegs]t  &amp#27;b[o3d5ym[
W[Dd ePbruogx]y ]&amp#27;&amp#27;[[3359mm[ WGDo tP rroexsyp]o&amp#27;n[s3e9 mw Pirtohx ysingt a[tPuOsS T /elem2en00:t /0{"0s0e0s0s0io0n0-I0d0":0"04-403b6ac0-75fffff--fd8a8fff00000030/value] to [POST http://-124779.60-.9002.61-7:617050080109/bwfd3/1h"u,"bv/asleues"s:io{n"/E2L1EdMEfN9T"c:7"c00-070d030060--400b0602-0-1b6b640-3-17f69f1ff0-1f2bf3fbf/00ele0m0e0n0t58/"0,0"e0le0m0e0nt0-060-6060-0101-e40-a3562ec-4-f773f5f4f6-6fcfefcff0"0:"000000003000/0v0a-l0u0e0]0 -w0i1t6h6 -b7fofdf-yf:f f{f"0e0l0e0m0e0n5t8"}I}d"
:["d0e0bu0g000]0 0&amp#27;-[03050m0[-W30C3 6(c6-47f4fcfb4-f3fe)f]f&amp#27;0[0390m0 R0e0s3p0o"n,d"itnge xtto" :c"lsieenctr etwi_tsha udcriev"e,r".frienpdEllaemceen"t:(f)a lrsees,"uvlatl:u e{""el:e[m"esn"t,-"6e0"6,6"-c1"1,e"4r-"a,5"e2"e,-"4tf"73,5"4_66"c,e"cfs"":,""0a0"00,0"0u0"0,-"0c00"0,-0"1e66"-]7}ff
f-ffff00000058","ELEMENT":"00000000-0000-0166-7fff-ffff00000058"}
&amp#27;[35m[HTTP]&amp#27;[39m &amp#27;[37m<-- POST /wd/hub/session/644cb43e-d672-40f5-a9b0-1fd484bb3424/element &amp#27;[39m&amp#27;[32m200&amp#27;[39m &amp#27;[90m154 ms - 137&amp#27;[39m
&amp#27;[35m[HTTP]&amp#27;[39m &amp#27;[90m&amp#27;[39m
&amp#27;[35m[HTTP]&amp#27;[39m &amp#27;[37m-->&amp#27;[39m &amp#27;[37mGET&amp#27;[39m &amp#27;[37m/wd/hub/session/644cb43e-d672-40f5-a9b0-1fd484bb3424/element/00000000-0000-0166-7fff-ffff00000058/attribute/text&amp#27;[39m
&amp#27;[35m[HTTP]&amp#27;[39m &amp#27;[90m{}&amp#27;[39m
[debug] &amp#27;[35m[W3C (644cb43e)]&amp#27;[39m Calling AppiumDriver.getAttribute() with args: ["text","00000000-0000-0166-7fff-ffff00000058","644cb43e-d672-40f5-a9b0-1fd484bb3424"]
[debug] &amp#27;[35m[WD Proxy]&amp#27;[39m Matched '/element/00000000-0000-0166-7fff-ffff00000058/attribute/text' to command name 'getAttribute'
[debug] &amp#27;[35m[WD Proxy]&amp#27;[39m Proxying [GET /element/00000000-0000-0166-7fff-ffff00000058/attribute/text] to [GET http://127.0.0.1:10001/wd/hub/session/44ba05ff-d8a8-4796-9026-76750819bf31/element/00000000-0000-0166-7fff-ffff00000058/attribute/text] with no body
[debug] &amp#27;[35m[WD Proxy]&amp#27;[39m Got response with status 200: {"sessionId":"44ba05ff-d8a8-4796-9026-76750819bf31","value":"$29.99"}
[debug] &amp#27;[35m[W3C (644cb43e)]&amp#27;[39m Responding to client with driver.getAttribute() result: "$29.99"
&amp#27;[35m[HTTP]&amp#27;[39m &amp#27;[37m<-- GET /wd/hub/session/644cb43e-d672-40f5-a9b0-1fd484bb3424/element/00000000-0000-0166-7fff-ffff00000058/attribute/text &amp#27;[39m&amp#27;[32m200&amp#27;[39m &amp#27;[90m15 ms - 18&amp#27;[39m
&amp#27;[35m[HTTP]&amp#27;[39m &amp#27;[90m&amp#27;[39m
&amp#27;[35m[HTTP]&amp#27;[39m &amp#27;[37m-->&amp#27;[39m &amp#27;[37mPOST&amp#27;[39m &amp#27;[37m/wd/hub/session/644cb43e-d672-40f5-a9b0-1fd484bb3424/appium/stop_recording_screen&amp#27;[39m
&amp#27;[35m[HTTP]&amp#27;[39m &amp#27;[90m{}&amp#27;[39m
[debug] &amp#27;[35m[W3C (644cb43e)]&amp#27;[39m Calling AppiumDriver.stopRecordingScreen() with args: [null,"644cb43e-d672-40f5-a9b0-1fd484bb3424"]
[debug] &amp#27;[35m[ADB]&amp#27;[39m Getting IDs of all 'screenrecord' processes
[debug] &amp#27;[35m[ADB]&amp#27;[39m Running 'C:\Users\dtougov\AppData\Local\Android\Sdk\platform-tools\adb.exe -P 5037 -s 4100d1bde4b1a193 shell pgrep -f \(\[\[:blank:\]\]\|\^\)screenrecord\(\[\[:blank:\]\]\|\$\)'
[debug] &amp#27;[35m[ADB]&amp#27;[39m Running 'C:\Users\dtougov\AppData\Local\Android\Sdk\platform-tools\adb.exe -P 5037 -s 4100d1bde4b1a193 shell kill -2 23179'
[debug] &amp#27;[35m[WD Proxy]&amp#27;[39m Got response with status 200: {"sessionId":"21df9c7c-7d36-4b62-bb40-31691f012b3b","value":null}
[debug] &amp#27;[35m[W3C (ee0e5569)]&amp#27;[39m Responding to client with driver.setValue() result: null
&amp#27;[35m[HTTP]&amp#27;[39m &amp#27;[37m<-- POST /wd/hub/session/ee0e5569-3cfd-4739-96df-73f2565751c2/element/00000000-0000-036c-7fff-ffff00000030/value &amp#27;[39m&amp#27;[32m200&amp#27;[39m &amp#27;[90m549 ms - 14&amp#27;[39m
&amp#27;[35m[HTTP]&amp#27;[39m &amp#27;[90m&amp#27;[39m
  And I enter password as "secret_sauce"                  # com.qa.stepdef.LoginStepDef.iEnterPasswordAs(java.lang.String)
&amp#27;[35m[HTTP]&amp#27;[39m &amp#27;[37m-->&amp#27;[39m &amp#27;[37mGET&amp#27;[39m &amp#27;[37m/wd/hub/session/ee0e5569-3cfd-4739-96df-73f2565751c2/context&amp#27;[39m
&amp#27;[35m[HTTP]&amp#27;[39m &amp#27;[90m{}&amp#27;[39m
[debug] &amp#27;[35m[W3C (ee0e5569)]&amp#27;[39m Calling AppiumDriver.getCurrentContext() with args: ["ee0e5569-3cfd-4739-96df-73f2565751c2"]
[debug] &amp#27;[35m[W3C (ee0e5569)]&amp#27;[39m Responding to client with driver.getCurrentContext() result: "NATIVE_APP"
&amp#27;[35m[HTTP]&amp#27;[39m &amp#27;[37m<-- GET /wd/hub/session/ee0e5569-3cfd-4739-96df-73f2565751c2/context &amp#27;[39m&amp#27;[32m200&amp#27;[39m &amp#27;[90m2 ms - 22&amp#27;[39m
&amp#27;[35m[HTTP]&amp#27;[39m &amp#27;[90m&amp#27;[39m
&amp#27;[35m[HTTP]&amp#27;[39m &amp#27;[37m-->&amp#27;[39m &amp#27;[37mPOST&amp#27;[39m &amp#27;[37m/wd/hub/session/ee0e5569-3cfd-4739-96df-73f2565751c2/element&amp#27;[39m
&amp#27;[35m[HTTP]&amp#27;[39m &amp#27;[90m{"using":"accessibility id","value":"test-LOGIN"}&amp#27;[39m
[debug] &amp#27;[35m[W3C (ee0e5569)]&amp#27;[39m Calling AppiumDriver.findElement() with args: ["accessibility id","test-LOGIN","ee0e5569-3cfd-4739-96df-73f2565751c2"]
[debug] &amp#27;[35m[BaseDriver]&amp#27;[39m Valid locator strategies for this request: xpath, id, class name, accessibility id, css selector, -android uiautomator
[debug] &amp#27;[35m[BaseDriver]&amp#27;[39m Waiting up to 0 ms for condition
[debug] &amp#27;[35m[WD Proxy]&amp#27;[39m Matched '/element' to command name 'findElement'
[debug] &amp#27;[35m[WD Proxy]&amp#27;[39m Proxying [POST /element] to [POST http://127.0.0.1:10000/wd/hub/session/21df9c7c-7d36-4b62-bb40-31691f012b3b/element] with body: {"strategy":"accessibility id","selector":"test-LOGIN","context":"","multiple":false}
[debug] &amp#27;[35m[ADB]&amp#27;[39m Getting IDs of all 'screenrecord' processes
[debug] &amp#27;[35m[ADB]&amp#27;[39m Running 'C:\Users\dtougov\AppData\Local\Android\Sdk\platform-tools\adb.exe -P 5037 -s 4100d1bde4b1a193 shell pgrep -f \(\[\[:blank:\]\]\|\^\)screenrecord\(\[\[:blank:\]\]\|\$\)'
[debug] &amp#27;[35m[WD Proxy]&amp#27;[39m Got response with status 200: {"sessionId":"21df9c7c-7d36-4b62-bb40-31691f012b3b","value":{"ELEMENT":"00000000-0000-036c-7fff-ffff0000002c","element-6066-11e4-a52e-4f735466cecf":"00000000-0000-036c-7fff-ffff0000002c"}}
[debug] &amp#27;[35m[W3C (ee0e5569)]&amp#27;[39m Responding to client with driver.findElement() result: {"element-6066-11e4-a52e-4f735466cecf":"00000000-0000-036c-7fff-ffff0000002c","ELEMENT":"00000000-0000-036c-7fff-ffff0000002c"}
&amp#27;[35m[HTTP]&amp#27;[39m &amp#27;[37m<-- POST /wd/hub/session/ee0e5569-3cfd-4739-96df-73f2565751c2/element &amp#27;[39m&amp#27;[32m200&amp#27;[39m &amp#27;[90m511 ms - 137&amp#27;[39m
&amp#27;[35m[HTTP]&amp#27;[39m &amp#27;[90m&amp#27;[39m
&amp#27;[35m[HTTP]&amp#27;[39m &amp#27;[37m-->&amp#27;[39m &amp#27;[37mGET&amp#27;[39m &amp#27;[37m/wd/hub/session/ee0e5569-3cfd-4739-96df-73f2565751c2/element/00000000-0000-036c-7fff-ffff0000002c/displayed&amp#27;[39m
&amp#27;[35m[HTTP]&amp#27;[39m &amp#27;[90m{}&amp#27;[39m
[debug] &amp#27;[35m[W3C (ee0e5569)]&amp#27;[39m Calling AppiumDriver.elementDisplayed() with args: ["00000000-0000-036c-7fff-ffff0000002c","ee0e5569-3cfd-4739-96df-73f2565751c2"]
[debug] &amp#27;[35m[WD Proxy]&amp#27;[39m Matched '/element/00000000-0000-036c-7fff-ffff0000002c/attribute/displayed' to command name 'getAttribute'
[debug] &amp#27;[35m[WD Proxy]&amp#27;[39m Proxying [GET /element/00000000-0000-036c-7fff-ffff0000002c/attribute/displayed] to [GET http://127.0.0.1:10000/wd/hub/session/21df9c7c-7d36-4b62-bb40-31691f012b3b/element/00000000-0000-036c-7fff-ffff0000002c/attribute/displayed] with no body
[debug] &amp#27;[35m[WD Proxy]&amp#27;[39m Got response with status 200: {"sessionId":"21df9c7c-7d36-4b62-bb40-31691f012b3b","value":"true"}
[debug] &amp#27;[35m[W3C (ee0e5569)]&amp#27;[39m Responding to client with driver.elementDisplayed() result: true
&amp#27;[35m[HTTP]&amp#27;[39m &amp#27;[37m<-- GET /wd/hub/session/ee0e5569-3cfd-4739-96df-73f2565751c2/element/00000000-0000-036c-7fff-ffff0000[INFO ] 2022-08-30 16:49:30.437 BasePage:54 - press login button
002c/displayed &amp#27;[39m&amp#27;[32m200&amp#27;[39m &amp#27;[90m16 ms - 14&amp#27;[39m
&amp#27;[35m[HTTP]&amp#27;[39m &amp#27;[90m&amp#27;[39m
&amp#27;[35m[HTTP]&amp#27;[39m &amp#27;[37m-->&amp#27;[39m &amp#27;[37mGET&amp#27;[39m &amp#27;[37m/wd/hub/session/ee0e5569-3cfd-4739-96df-73f2565751c2/context&amp#27;[39m
&amp#27;[35m[HTTP]&amp#27;[39m &amp#27;[90m{}&amp#27;[39m
[debug] &amp#27;[35m[W3C (ee0e5569)]&amp#27;[39m Calling AppiumDriver.getCurrentContext() with args: ["ee0e5569-3cfd-4739-96df-73f2565751c2"]
[debug] &amp#27;[35m[W3C (ee0e5569)]&amp#27;[39m Responding to client with driver.getCurrentContext() result: "NATIVE_APP"
&amp#27;[35m[HTTP]&amp#27;[39m &amp#27;[37m<-- GET /wd/hub/session/ee0e5569-3cfd-4739-96df-73f2565751c2/context &amp#27;[39m&amp#27;[32m200&amp#27;[39m &amp#27;[90m2 ms - 22&amp#27;[39m
&amp#27;[35m[HTTP]&amp#27;[39m &amp#27;[90m&amp#27;[39m
&amp#27;[35m[HTTP]&amp#27;[39m &amp#27;[37m-->&amp#27;[39m &amp#27;[37mPOST&amp#27;[39m &amp#27;[37m/wd/hub/session/ee0e5569-3cfd-4739-96df-73f2565751c2/element&amp#27;[39m
&amp#27;[35m[HTTP]&amp#27;[39m &amp#27;[90m{"using":"accessibility id","value":"test-LOGIN"}&amp#27;[39m
[debug] &amp#27;[35m[W3C (ee0e5569)]&amp#27;[39m Calling AppiumDriver.findElement() with args: ["accessibility id","test-LOGIN","ee0e5569-3cfd-4739-96df-73f2565751c2"]
[debug] &amp#27;[35m[BaseDriver]&amp#27;[39m Valid locator strategies for this request: xpath, id, class name, accessibility id, css selector, -android uiautomator
[debug] &amp#27;[35m[BaseDriver]&amp#27;[39m Waiting up to 0 ms for condition
[debug] &amp#27;[35m[WD Proxy]&amp#27;[39m Matched '/element' to command name 'findElement'
[debug] &amp#27;[35m[WD Proxy]&amp#27;[39m Proxying [POST /element] to [POST http://127.0.0.1:10000/wd/hub/session/21df9c7c-7d36-4b62-bb40-31691f012b3b/element] with body: {"strategy":"accessibility id","selector":"test-LOGIN","context":"","multiple":false}
[debug] &amp#27;[35m[WD Proxy]&amp#27;[39m Got response with status 200: {"sessionId":"21df9c7c-7d36-4b62-bb40-31691f012b3b","value":{"ELEMENT":"00000000-0000-036c-7fff-ffff0000002c","element-6066-11e4-a52e-4f735466cecf":"00000000-0000-036c-7fff-ffff0000002c"}}
[debug] &amp#27;[35m[W3C (ee0e5569)]&amp#27;[39m Responding to client with driver.findElement() result: {"element-6066-11e4-a52e-4f735466cecf":"00000000-0000-036c-7fff-ffff0000002c","ELEMENT":"00000000-0000-036c-7fff-ffff0000002c"}
&amp#27;[35m[HTTP]&amp#27;[39m &amp#27;[37m<-- POST /wd/hub/session/ee0e5569-3cfd-4739-96df-73f2565751c2/element &amp#27;[39m&amp#27;[32m200&amp#27;[39m &amp#27;[90m46 ms - 137&amp#27;[39m
&amp#27;[35m[HTTP]&amp#27;[39m &amp#27;[90m&amp#27;[39m
&amp#27;[35m[HTTP]&amp#27;[39m &amp#27;[37m-->&amp#27;[39m &amp#27;[37mPOST&amp#27;[39m &amp#27;[37m/wd/hub/session/ee0e5569-3cfd-4739-96df-73f2565751c2/element/00000000-0000-036c-7fff-ffff0000002c/click&amp#27;[39m
&amp#27;[35m[HTTP]&amp#27;[39m &amp#27;[90m{"id":"00000000-0000-036c-7fff-ffff0000002c"}&amp#27;[39m
[debug] &amp#27;[35m[W3C (ee0e5569)]&amp#27;[39m Calling AppiumDriver.click() with args: ["00000000-0000-036c-7fff-ffff0000002c","ee0e5569-3cfd-4739-96df-73f2565751c2"]
[debug] &amp#27;[35m[WD Proxy]&amp#27;[39m Matched '/element/00000000-0000-036c-7fff-ffff0000002c/click' to command name 'click'
[debug] &amp#27;[35m[WD Proxy]&amp#27;[39m Proxying [POST /element/00000000-0000-036c-7fff-ffff0000002c/click] to [POST http://127.0.0.1:10000/wd/hub/session/21df9c7c-7d36-4b62-bb40-31691f012b3b/element/00000000-0000-036c-7fff-ffff0000002c/click] with body: {"element":"00000000-0000-036c-7fff-ffff0000002c"}
[debug] &amp#27;[35m[WD Proxy]&amp#27;[39m Got response with status 200: {"sessionId":"21df9c7c-7d36-4b62-bb40-31691f012b3b","value":null}
[debug] &amp#27;[35m[W3C (ee0e5569)]&amp#27;[39m Responding to client with driver.click() result: null
&amp#27;[35m[HTTP]&amp#27;[39m &amp#27;[37m<-- POST /wd/hub/session/ee0e5569-3cfd-4739-96df-73f2565751c2/element/00000000-0000-036c-7fff-ffff0000002c/click &amp#27;[39m&amp#27;[32m200&amp#27;[39m &amp#27;[90m53 ms - 14&amp#27;[39m
&amp#27;[35m[HTTP]&amp#27;[39m &amp#27;[90m&amp#27;[39m
  And I login                                             # com.qa.stepdef.LoginStepDef.iLogin()
&amp#27;[35m[HTTP]&amp#27;[39m &amp#27;[37m-->&amp#27;[39m &amp#27;[37mGET&amp#27;[39m &amp#27;[37m/wd/hub/session/ee0e5569-3cfd-4739-96df-73f2565751c2/context&amp#27;[39m
&amp#27;[35m[HTTP]&amp#27;[39m &amp#27;[90m{}&amp#27;[39m
[debug] &amp#27;[35m[W3C (ee0e5569)]&amp#27;[39m Calling AppiumDriver.getCurrentContext() with args: ["ee0e5569-3cfd-4739-96df-73f2565751c2"]
[debug] &amp#27;[35m[W3C (ee0e5569)]&amp#27;[39m Responding to client with driver.getCurrentContext() result: "NATIVE_APP"
&amp#27;[35m[HTTP]&amp#27;[39m &amp#27;[37m<-- GET /wd/hub/session/ee0e5569-3cfd-4739-96df-73f2565751c2/context &amp#27;[39m&amp#27;[32m200&amp#27;[39m &amp#27;[90m2 ms - 22&amp#27;[39m
&amp#27;[35m[HTTP]&amp#27;[39m &amp#27;[90m&amp#27;[39m
&amp#27;[35m[HTTP]&amp#27;[39m &amp#27;[37m-->&amp#27;[39m &amp#27;[37mPOST&amp#27;[39m &amp#27;[37m/wd/hub/session/ee0e5569-3cfd-4739-96df-73f2565751c2/element&amp#27;[39m
&amp#27;[35m[HTTP]&amp#27;[39m &amp#27;[90m{"using":"xpath","value":"//android.view.ViewGroup[@content-desc=\"test-Cart drop zone\"]/android.view.ViewGroup/android.widget.TextView"}&amp#27;[39m
[debug] &amp#27;[35m[W3C (ee0e5569)]&amp#27;[39m Calling AppiumDriver.findElement() with args: ["xpath","//android.view.ViewGroup[@content-desc=\"test-Cart drop zone\"]/android.view.ViewGroup/android.widget.TextView","ee0e5569-3cfd-4739-96df-73f2565751c2"]
[debug] &amp#27;[35m[BaseDriver]&amp#27;[39m Valid locator strategies for this request: xpath, id, class name, accessibility id, css selector, -android uiautomator
[debug] &amp#27;[35m[BaseDriver]&amp#27;[39m Waiting up to 0 ms for condition
[debug] &amp#27;[35m[WD Proxy]&amp#27;[39m Matched '/element' to command name 'findElement'
[debug] &amp#27;[35m[WD Proxy]&amp#27;[39m Proxying [POST /element] to [POST http://127.0.0.1:10000/wd/hub/session/21df9c7c-7d36-4b62-bb40-31691f012b3b/element] with body: {"strategy":"xpath","selector":"//android.view.ViewGroup[@content-desc=\"test-Cart drop zone\"]/android.view.ViewGroup/android.widget.TextView","context":"","multiple":false}
[debug] &amp#27;[35m[ADB]&amp#27;[39m Getting IDs of all 'screenrecord' processes
[debug] &amp#27;[35m[ADB]&amp#27;[39m Running 'C:\Users\dtougov\AppData\Local\Android\Sdk\platform-tools\adb.exe -P 5037 -s 4100d1bde4b1a193 shell pgrep -f \(\[\[:blank:\]\]\|\^\)screenrecord\(\[\[:blank:\]\]\|\$\)'
&amp#27;[35m[WD Proxy]&amp#27;[39m Got response with status 404: {"sessionId":"21df9c7c-7d36-4b62-bb40-31691f012b3b","value":{"error":"no such element","message":"An element could not be located on the page using the given search parameters","stacktrace":"io.appium.uiautomator2.common.exceptions.ElementNotFoundException: An element could not be located on the page using the given search parameters\n\tat io.appium.uiautomator2.handler.FindElement.findElement(FindElement.java:90)\n\tat io.appium.uiautomator2.handler.FindElement.safeHandle(FindElement.java:67)\n\tat io.appium.uiautomator2.handler.request.SafeRequestHandler.handle(SafeRequestHandler.java:59)\n\tat io.appium.uiautomator2.server.AppiumServlet.handleRequest(AppiumServlet.java:266)\n\tat io.appium.uiautomator2.server.AppiumServlet.handleHttpRequest(AppiumServlet.java:260)\n\tat io.appium.uiautomator2.http.ServerHandler.channelRead(ServerHandler.java:68)\n\tat io.netty.channel.AbstractChannelHandlerContext.invokeChannelRead(AbstractChannelHandlerContext.java:366)\n\tat io.netty.channel.AbstractChannelHandlerCont...
[debug] &amp#27;[35m[W3C]&amp#27;[39m Matched W3C error code 'no such element' to NoSuchElementError
[debug] &amp#27;[35m[W3C (ee0e5569)]&amp#27;[39m Encountered internal error running command: NoSuchElementError: An element could not be located on the page using the given search parameters.
[debug] &amp#27;[35m[W3C (ee0e5569)]&amp#27;[39m     at AndroidUiautomator2Driver.findElOrEls (C:\Users\dtougov\AppData\Roaming\npm\node_modules\appium\node_modules\appium-android-driver\lib\commands\find.js:75:11)
[debug] &amp#27;[35m[W3C (ee0e5569)]&amp#27;[39m     at processTicksAndRejections (node:internal/process/task_queues:95:5)
[debug] &amp#27;[35m[W3C (ee0e5569)]&amp#27;[39m     at AndroidUiautomator2Driver.findElOrElsWithProcessing (C:\Users\dtougov\AppData\Roaming\npm\node_modules\appium\node_modules\appium-base-driver\lib\basedriver\commands\find.js:33:12)
[debug] &amp#27;[35m[W3C (ee0e5569)]&amp#27;[39m     at AndroidUiautomator2Driver.findElement (C:\Users\dtougov\AppData\Roaming\npm\node_modules\appium\node_modules\appium-base-driver\lib\basedriver\commands\find.js:53:10)
&amp#27;[35m[HTTP]&amp#27;[39m &amp#27;[37m<-- POST /wd/hub/session/ee0e5569-3cfd-4739-96df-73f2565751c2/element &amp#27;[39m&amp#27;[33m404&amp#27;[39m &amp#27;[90m241 ms - 886&amp#27;[39m
&amp#27;[35m[HTTP]&amp#27;[39m &amp#27;[90m&amp#27;[39m
&amp#27;[35m[HTTP]&amp#27;[39m &amp#27;[37m-->&amp#27;[39m &amp#27;[37mPOST&amp#27;[39m &amp#27;[37m/wd/hub/session/ee0e5569-3cfd-4739-96df-73f2565751c2/element&amp#27;[39m
&amp#27;[35m[HTTP]&amp#27;[39m &amp#27;[90m{"using":"xpath","value":"//android.view.ViewGroup[@content-desc=\"test-Cart drop zone\"]/android.view.ViewGroup/android.widget.TextView"}&amp#27;[39m
[debug] &amp#27;[35m[W3C (ee0e5569)]&amp#27;[39m Calling AppiumDriver.findElement() with args: ["xpath","//android.view.ViewGroup[@content-desc=\"test-Cart drop zone\"]/android.view.ViewGroup/android.widget.TextView","ee0e5569-3cfd-4739-96df-73f2565751c2"]
[debug] &amp#27;[35m[BaseDriver]&amp#27;[39m Valid locator strategies for this request: xpath, id, class name, accessibility id, css selector, -android uiautomator
[debug] &amp#27;[35m[BaseDriver]&amp#27;[39m Waiting up to 0 ms for condition
[debug] &amp#27;[35m[WD Proxy]&amp#27;[39m Matched '/element' to command name 'findElement'
[debug] &amp#27;[35m[WD Proxy]&amp#27;[39m Proxying [POST /element] to [POST http://127.0.0.1:10000/wd/hub/session/21df9c7c-7d36-4b62-bb40-31691f012b3b/element] with body: {"strategy":"xpath","selector":"//android.view.ViewGroup[@content-desc=\"test-Cart drop zone\"]/android.view.ViewGroup/android.widget.TextView","context":"","multiple":false}
&amp#27;[35m[WD Proxy]&amp#27;[39m Got response with status 404: {"sessionId":"21df9c7c-7d36-4b62-bb40-31691f012b3b","value":{"error":"no such element","message":"An element could not be located on the page using the given search parameters","stacktrace":"io.appium.uiautomator2.common.exceptions.ElementNotFoundException: An element could not be located on the page using the given search parameters\n\tat io.appium.uiautomator2.handler.FindElement.findElement(FindElement.java:90)\n\tat io.appium.uiautomator2.handler.FindElement.safeHandle(FindElement.java:67)\n\tat io.appium.uiautomator2.handler.request.SafeRequestHandler.handle(SafeRequestHandler.java:59)\n\tat io.appium.uiautomator2.server.AppiumServlet.handleRequest(AppiumServlet.java:266)\n\tat io.appium.uiautomator2.server.AppiumServlet.handleHttpRequest(AppiumServlet.java:260)\n\tat io.appium.uiautomator2.http.ServerHandler.channelRead(ServerHandler.java:68)\n\tat io.netty.channel.AbstractChannelHandlerContext.invokeChannelRead(AbstractChannelHandlerContext.java:366)\n\tat io.netty.channel.AbstractChannelHandlerCont...
[debug] &amp#27;[35m[W3C]&amp#27;[39m Matched W3C error code 'no such element' to NoSuchElementError
[debug] &amp#27;[35m[W3C (ee0e5569)]&amp#27;[39m Encountered internal error running command: NoSuchElementError: An element could not be located on the page using the given search parameters.
[debug] &amp#27;[35m[W3C (ee0e5569)]&amp#27;[39m     at AndroidUiautomator2Driver.findElOrEls (C:\Users\dtougov\AppData\Roaming\npm\node_modules\appium\node_modules\appium-android-driver\lib\commands\find.js:75:11)
[debug] &amp#27;[35m[W3C (ee0e5569)]&amp#27;[39m     at processTicksAndRejections (node:internal/process/task_queues:95:5)
[debug] &amp#27;[35m[W3C (ee0e5569)]&amp#27;[39m     at AndroidUiautomator2Driver.findElOrElsWithProcessing (C:\Users\dtougov\AppData\Roaming\npm\node_modules\appium\node_modules\appium-base-driver\lib\basedriver\commands\find.js:33:12)
[debug] &amp#27;[35m[W3C (ee0e5569)]&amp#27;[39m     at AndroidUiautomato[r2dDerbiuvge]r .&amp#27;f[3in5dmE[lAeDmBe]n&amp#27;t[ 3(9Cm: \GUestetrisn\gd tIoDusg oovf\A aplplD a'tsac\rReoeanmriengc\onrpmd'\n pordoe_cmeossdesule
s\appium\node_modules\appium-base-driver\lib\basedriver\commands\find.js:53:10)
&amp#27;[35m[HTTP]&amp#27;[39m &amp#27;[37m<-- POST /wd/hub/session/ee0e5569-3cfd-4739-96df-73f2565751c2/element &amp#27;[39m&amp#27;[33m404&amp#27;[39m &amp#27;[90m170 ms - 886&amp#27;[39m
&amp#27;[35m[HTTP]&amp#27;[39m &amp#27;[90m&amp#27;[39m
[debug] &amp#27;[35m[ADB]&amp#27;[39m Running 'C:\Users\dtougov\AppData\Local\Android\Sdk\platform-tools\adb.exe -P 5037 -s 4100d1bde4b1a193 shell pgrep -f \(\[\[:blank:\]\]\|\^\)screenrecord\(\[\[:blank:\]\]\|\$\)'
[debug] &amp#27;[35m[ADB]&amp#27;[39m Running 'C:\Users\dtougov\AppData\Local\Android\Sdk\platform-tools\adb.exe -P 5037 -s 4100d1bde4b1a193 pull /sdcard/9adf7e95.mp4 C:\Users\dtougov\AppData\Local\Temp\2022730-3648-eb0fd2.4e7za\9adf7e95.mp4'
[debug] &amp#27;[35m[ADB]&amp#27;[39m Running 'C:\Users\dtougov\AppData\Local\Android\Sdk\platform-tools\adb.exe -P 5037 -s 4100d1bde4b1a193 shell rm -rf /sdcard/9adf7e95.mp4'
&amp#27;[35m[HTTP]&amp#27;[39m &amp#27;[37m-->&amp#27;[39m &amp#27;[37mPOST&amp#27;[39m &amp#27;[37m/wd/hub/session/ee0e5569-3cfd-4739-96df-73f2565751c2/element&amp#27;[39m
&amp#27;[35m[HTTP]&amp#27;[39m &amp#27;[90m{"using":"xpath","value":"//android.view.ViewGroup[@content-desc=\"test-Cart drop zone\"]/android.view.ViewGroup/android.widget.TextView"}&amp#27;[39m
[debug] &amp#27;[35m[W3C (ee0e5569)]&amp#27;[39m Calling AppiumDriver.findElement() with args: ["xpath","//android.view.ViewGroup[@content-desc=\"test-Cart drop zone\"]/android.view.ViewGroup/android.widget.TextView","ee0e5569-3cfd-4739-96df-73f2565751c2"]
[debug] &amp#27;[35m[BaseDriver]&amp#27;[39m Valid locator strategies for this request: xpath, id, class name, accessibility id, css selector, -android uiautomator
[debug] &amp#27;[35m[BaseDriver]&amp#27;[39m Waiting up to 0 ms for condition
[debug] &amp#27;[35m[WD Proxy]&amp#27;[39m Matched '/element' to command name 'findElement'
[debug] &amp#27;[35m[WD Proxy]&amp#27;[39m Proxying [POST /element] to [POST http://127.0.0.1:10000/wd/hub/session/21df9c7c-7d36-4b62-bb40-31691f012b3b/element] with body: {"strategy":"xpath","selector":"//android.view.ViewGroup[@content-desc=\"test-Cart drop zone\"]/android.view.ViewGroup/android.widget.TextView","context":"","multiple":false}
[debug] &amp#27;[35m[AndroidDriver]&amp#27;[39m The size of the resulting screen recording is 140.07 KB
[debug] &amp#27;[35m[W3C (644cb43e)]&amp#27;[39m Responding to client with driver.stopRecordingScreen() result: "AAAAGGZ0eXBtcDQyAAAAAGlzb21tcDQyAAItBW1kYXQAAiqHZbhAf//w9FfJKKP//xgheAKLRGyfnU+//8fWCHwF7qgnJ///GCHgCi0Rsn51Pv//H1gh8Be6oJyf//xgh4AotEbJ+dT7//x9YIfAXuqCcnJyciycnJycnJycnJycnJycnJycnJycnJycnJycnJycnJycn//94IeAKC0I/Z+BVvRaGfP/j+FfiIg1lLZo87BXO5f/Vfgg4DVkOo/PJycnJycnJycnJycnJycnJycnJycnJycnJycnJycnJydYoNfYnKMP8TgTfg8AjkxovsdtNBRWpZpbH/SZp2KN5sf/X/5KVP4fwnwQi83WNmCqcHFpJmiX2JyjD/E4E34PAI5MaL7HbTQUVqWaWx/0madijebH/1/+SlT+H8J8EIvN1jZgqnBxaSZol9icow/xOBN+DwCOTGi+x200FFalmlsf9JmnYo3mx/9f/kpU/h/CfBCLzdY2YKpwcWkmaJf/+RFguxdUwiZk8AdrbMm397u+/vJzYJ56T2/myGABpPA2bEgNTLHN8LDZMn2PuI619dUCqLBZoZcfxG1Txunrrn0z4K+sMD2MAdrHPKY9ljEIG2MvT1//+RQQ4AopEBnDAR6AI2Vs+mA/eLy/xPAI0WO5E2U1ClABVyEfk7CoYvrPxpDiM1f9L/r/8JTjPKeRF3PL8K44CEzNdTfwqv1zmcE/4YhVBENTNYE/BLrwBmHnTEfmXX8HFX/veCR7tIggyBwDD9h8DHmBk+AcRkKZCs6IKPr5GOkydQ/nGv+8BMEgNTfHmqmpNZp7wgSjOgktQtqQl7+4gjqhV5DPLbMSkMo2cJ4xOM0QUXAjB5+KkRaN8751X9Znxfqx8UQ1JA1Mhpc2FMhdq15Jo12wuuuuuuuuuuuv/+i0OFcAZBgoUph8CMTblD4z42Z5S+70zgX8Ezcfif/gJ1hXACIvQo7oeMIAdwdXEN+/BJs9B5jNcuJ5Q0T3/z/BB4CX3Gk9...
&amp#27;[35m[HTTP]&amp#27;[39m &amp#27;[37m<-- POST /wd/hub/session/644cb43e-d672-40f5-a9b0-1fd484bb3424/appium/stop_recording_screen &amp#27;[39m&amp#27;[32m200&amp#27;[39m &amp#27;[90m2879 ms - 191256&amp#27;[39m
&amp#27;[35m[HTTP]&amp#27;[39m &amp#27;[90m&amp#27;[39m
[INFO ] 2022-08-30 16:49:32.433 VideoManager:35 - video path: Android_sm910\Videos\Validate product into on Products page.mp4
]]></system-out>
  </testcase>
  <testcase name="scenario[&quot;Validate product into on Products Details page&quot;, &quot;Optional[Product scenarios]&quot;](5)" classname="com.qa.runners.Sm910TestNGRunnerTest" time="2.447">
    <system-out><![CDATA[
@test2
Scenario Outline: Validate product into on Products Details page                                                                                                                                                                                     # src/test/resources/Products.feature:20
&amp#27;[35m[HTTP]&amp#27;[39m &amp#27;[37m-->&amp#27;[39m &amp#27;[37mPOST&amp#27;[39m &amp#27;[37m/wd/hub/session/ee0e5569-3cfd-4739-96df-73f2565751c2/appium/start_recording_screen&amp#27;[39m
&amp#27;[35m[HTTP]&amp#27;[39m &amp#27;[90m{}&amp#27;[39m
[debug] &amp#27;[35m[W3C (ee0e5569)]&amp#27;[39m Calling AppiumDriver.startRecordingScreen() with args: [null,"ee0e5569-3cfd-4739-96df-73f2565751c2"]
[debug] &amp#27;[35m[ADB]&amp#27;[39m Getting IDs of all 'screenrecord' processes
[debug] &amp#27;[35m[ADB]&amp#27;[39m Running 'C:\Users\dtougov\AppData\Local\Android\Sdk\platform-tools\adb.exe -P 5037 -s CB5A29JXTK shell 'pgrep ^screenrecord$ || pgrep ^screenrecord$''
&amp#27;[35m[AndroidDriver]&amp#27;[39m Screen recording has not been previously started by Appium. There is nothing to stop
[debug] &amp#27;[35m[ADB]&amp#27;[39m Getting IDs of all 'screenrecord' processes
[debug] &amp#27;[35m[ADB]&amp#27;[39m Running 'C:\Users\dtougov\AppData\Local\Android\Sdk\platform-tools\adb.exe -P 5037 -s CB5A29JXTK shell 'pgrep ^screenrecord$ || pgrep ^screenrecord$''
[debug] &amp#27;[35m[ADB]&amp#27;[39m Getting IDs of all 'screenrecord' processes
[debug] &amp#27;[35m[ADB]&amp#27;[39m Running 'C:\Users\dtougov\AppData\Local\Android\Sdk\platform-tools\adb.exe -P 5037 -s 4100d1bde4b1a193 shell pgrep -f \(\[\[:blank:\]\]\|\^\)screenrecord\(\[\[:blank:\]\]\|\$\)'
[debug] &amp#27;[35m[ADB]&amp#27;[39m Building screenrecord process with the command line: adb -P 5037 -s CB5A29JXTK shell screenrecord --time-limit 180 /sdcard/265df499.mp4
[debug] &amp#27;[35m[ADB]&amp#27;[39m Running 'C:\Users\dtougov\AppData\Local\Android\Sdk\platform-tools\adb.exe -P 5037 -s CB5A29JXTK shell "[ -e '/sdcard/265df499.mp4' ] && echo __PASS__"'
[debug] &amp#27;[35m[ADB]&amp#27;[39m Getting IDs of all 'screenrecord' processes
[debug] &amp#27;[35m[ADB]&amp#27;[39m Running 'C:\Users\dtougov\AppData\Local\Android\Sdk\platform-tools\adb.exe -P 5037 -s 4100d1bde4b1a193 shell pgrep -f \(\[\[:blank:\]\]\|\^\)screenrecord\(\[\[:blank:\]\]\|\$\)'
[debug] &amp#27;[35m[ADB]&amp#27;[39m Running 'C:\Users\dtougov\AppData\Local\Android\Sdk\platform-tools\adb.exe -P 5037 -s CB5A29JXTK shell "[ -e '/sdcard/265df499.mp4' ] && echo __PASS__"'
[debug] &amp#27;[35m[ADB]&amp#27;[39m Running 'C:\Users\dtougov\AppData\Local\Android\Sdk\platform-tools\adb.exe -P 5037 -s 4100d1bde4b1a193 pull /sdcard/5e65e76a.mp4 C:\Users\dtougov\AppData\Local\Temp\2022730-3648-1a9r5q1.68q8i\5e65e76a.mp4'
[debug] &amp#27;[35m[W3C (ee0e5569)]&amp#27;[39m Responding to client with driver.startRecordingScreen() result: ""
&amp#27;[35m[HTTP]&amp#27;[39m &amp#27;[37m<-- POST /wd/hub/session/ee0e5569-3cfd-4739-96df-73f2565751c2/appium/start_recording_screen &amp#27;[39m&amp#27;[32m200&amp#27;[39m &amp#27;[90m1553 ms - 12&amp#27;[39m
&amp#27;[35m[HTTP]&amp#27;[39m &amp#27;[90m&amp#27;[39m
&amp#27;[35m[HTTP]&amp#27;[39m &amp#27;[37m-->&amp#27;[39m &amp#27;[37mPOST&amp#27;[39m &amp#27;[37m/wd/hub/session/ee0e5569-3cfd-4739-96df-73f2565751c2/element&amp#27;[39m
&amp#27;[35m[HTTP]&amp#27;[39m &amp#27;[90m{"using":"-android uiautomator","value":"new UiScrollable(new UiSelector().scrollable(true)).scrollIntoView(new UiSelector().text(\"Sauce Labs Backpack\"));"}&amp#27;[39m
[debug] &amp#27;[35m[W3C (ee0e5569)]&amp#27;[39m Calling AppiumDriver.findElement() with args: ["-android uiautomator","new UiScrollable(new UiSelector().scrollable(true)).scrollIntoView(new UiSelector().text(\"Sauce Labs Backpack\"));","ee0e5569-3cfd-4739-96df-73f2565751c2"]
[debug] &amp#27;[35m[BaseDriver]&amp#27;[39m Valid locator strategies for this request: xpath, id, class name, accessibility id, css selector, -android uiautomator
[debug] &amp#27;[35m[BaseDriver]&amp#27;[39m Waiting up to 0 ms for condition
[debug] &amp#27;[35m[WD Proxy]&amp#27;[39m Matched '/element' to command name 'findElement'
[debug] &amp#27;[35m[WD Proxy]&amp#27;[39m Proxying [POST /element] to [POST http://127.0.0.1:10000/wd/hub/session/21df9c7c-7d36-4b62-bb40-31691f012b3b/element] with body: {"strategy":"-android uiautomator","selector":"new UiScrollable(new UiSelector().scrollable(true)).scrollIntoView(new UiSelector().text(\"Sauce Labs Backpack\"));","context":"","multiple":false}
[debug] &amp#27;[35m[WD Proxy]&amp#27;[39m Got response with status 200: {"sessionId":"21df9c7c-7d36-4b62-bb40-31691f012b3b","value":{"ELEMENT":"00000000-0000-036c-7fff-ffff00000068","element-6066-11e4-a52e-4f735466cecf":"00000000-0000-036c-7fff-ffff00000068"}}
[debug] &amp#27;[35m[W3C (ee0e5569)]&amp#27;[39m Responding to client with driver.findElement() result: {"element-6066-11e4-a52e-4f735466cecf":"00000000-0000-036c-7fff-ffff00000068","ELEMENT":"00000000-0000-036c-7fff-ffff00000068"}
&amp#27;[35m[HTTP]&amp#27;[39m &amp#27;[37m<-- POST /wd/hub/session/ee0e5569-3cfd-4739-96df-73f2565751c2/element &amp#27;[39m&amp#27;[32m200&amp#27;[39m &amp#27;[90m118 ms - 137&amp#27;[39m
&amp#27;[35m[HTTP]&amp#27;[39m &amp#27;[90m&amp#27;[39m
&amp#27;[35m[HTTP]&amp#27;[39m &amp#27;[37m-->&amp#27;[39m &amp#27;[37mGET&amp#27;[39m &amp#27;[37m/wd/hub/session/ee0e5569-3cfd-4739-96df-73f2565751c2/element/00000000-0000-036c-7fff-ffff00000068/displayed&amp#27;[39m
&amp#27;[35m[HTTP]&amp#27;[39m &amp#27;[90m{}&amp#27;[39m
[debug] &amp#27;[35m[W3C (ee0e5569)]&amp#27;[39m Calling AppiumDriver.elementDisplayed() with args: ["00000000-0000-036c-7fff-ffff00000068","ee0e5569-3cfd-4739-96df-73f2565751c2"]
[debug] &amp#27;[35m[WD Proxy]&amp#27;[39m Matched '/element/00000000-0000-036c-7fff-ffff00000068/attribute/displayed' to command name 'getAttribute'
[debug] &amp#27;[35m[WD Proxy]&amp#27;[39m Proxying [GET /element/00000000-0000-036c-7fff-ffff00000068/attribute/displayed] to [GET http://127.0.0.1:10000/wd/hub/session/21df9c7c-7d36-4b62-bb40-31691f012b3b/element/00000000-0000-036c-7fff-ffff00000068/attribute/displayed] with no body
[debug] &amp#27;[35m[WD Proxy]&amp#27;[39m Got response with status 200: {"sessionId":"21df9c7c-7d36-4b62-bb40-31691f012b3b","value":"true"}
[debug] &amp#27;[35m[W3C (ee0e5569)]&amp#27;[39m Responding to client with driver.elementDisplayed() result: true
[INFO ] 2022-08-30 16:49:45.248 BasePage:54 - press Sauce Labs Backpack link
&amp#27;[35m[HTTP]&amp#27;[39m &amp#27;[37m<-- GET /wd/hub/session/ee0e5569-3cfd-4739-96df-73f2565751c2/element/00000000-0000-036c-7fff-ffff00000068/displayed &amp#27;[39m&amp#27;[32m200&amp#27;[39m &amp#27;[90m109 ms - 14&amp#27;[39m
&amp#27;[35m[HTTP]&amp#27;[39m &amp#27;[90m&amp#27;[39m
&amp#27;[35m[HTTP]&amp#27;[39m &amp#27;[37m-->&amp#27;[39m &amp#27;[37mPOST&amp#27;[39m &amp#27;[37m/wd/hub/session/ee0e5569-3cfd-4739-96df-73f2565751c2/element/00000000-0000-036c-7fff-ffff00000068/click&amp#27;[39m
&amp#27;[35m[HTTP]&amp#27;[39m &amp#27;[90m{"id":"00000000-0000-036c-7fff-ffff00000068"}&amp#27;[39m
[debug] &amp#27;[35m[W3C (ee0e5569)]&amp#27;[39m Calling AppiumDriver.click() with args: ["00000000-0000-036c-7fff-ffff00000068","ee0e5569-3cfd-4739-96df-73f2565751c2"]
[debug] &amp#27;[35m[WD Proxy]&amp#27;[39m Matched '/element/00000000-0000-036c-7fff-ffff00000068/click' to command name 'click'
[debug] &amp#27;[35m[WD Proxy]&amp#27;[39m Proxying [POST /element/00000000-0000-036c-7fff-ffff00000068/click] to [POST http://127.0.0.1:10000/wd/hub/session/21df9c7c-7d36-4b62-bb40-31691f012b3b/element/00000000-0000-036c-7fff-ffff00000068/click] with body: {"element":"00000000-0000-036c-7fff-ffff00000068"}
[debug] &amp#27;[35m[WD Proxy]&amp#27;[39m Got response with status 200: {"sessionId":"21df9c7c-7d36-4b62-bb40-31691f012b3b","value":null}
[debug] &amp#27;[35m[W3C (ee0e5569)]&amp#27;[39m Responding to client with driver.click() result: null
&amp#27;[35m[HTTP]&amp#27;[39m &amp#27;[37m<-- POST /wd/hub/session/ee0e5569-3cfd-4739-96df-73f2565751c2/element/00000000-0000-036c-7fff-ffff00000068/click &amp#27;[39m&amp#27;[32m200&amp#27;[39m &amp#27;[90m86 ms - 14&amp#27;[39m
&amp#27;[35m[HTTP]&amp#27;[39m &amp#27;[90m&amp#27;[39m
  When I click product title "Sauce Labs Backpack"                                                                                                                                                                                                   # com.qa.stepdef.ProductStepDef.iClickProductTitle(java.lang.String)
&amp#27;[35m[HTTP]&amp#27;[39m &amp#27;[37m-->&amp#27;[39m &amp#27;[37mPOST&amp#27;[39m &amp#27;[37m/wd/hub/session/ee0e5569-3cfd-4739-96df-73f2565751c2/element&amp#27;[39m
&amp#27;[35m[HTTP]&amp#27;[39m &amp#27;[90m{"using":"-android uiautomator","value":"new UiScrollable(new UiSelector().scrollable(true)).scrollIntoView(new UiSelector().description(\"test-Description\"));"}&amp#27;[39m
[debug] &amp#27;[35m[W3C (ee0e5569)]&amp#27;[39m Calling AppiumDriver.findElement() with args: ["-android uiautomator","new UiScrollable(new UiSelector().scrollable(true)).scrollIntoView(new UiSelector().description(\"test-Description\"));","ee0e5569-3cfd-4739-96df-73f2565751c2"]
[debug] &amp#27;[35m[BaseDriver]&amp#27;[39m Valid locator strategies for this request: xpath, id, class name, accessibility id, css selector, -android uiautomator
[debug] &amp#27;[35m[BaseDriver]&amp#27;[39m Waiting up to 0 ms for condition
[debug] &amp#27;[35m[WD Proxy]&amp#27;[39m Matched '/element' to command name 'findElement'
[debug] &amp#27;[35m[WD Proxy]&amp#27;[39m Proxying [POST /element] to [POST http://127.0.0.1:10000/wd/hub/session/21df9c7c-7d36-4b62-bb40-31691f012b3b/element] with body: {"strategy":"-android uiautomator","selector":"new UiScrollable(new UiSelector().scrollable(true)).scrollIntoView(new UiSelector().description(\"test-Description\"));","context":"","multiple":false}
[debug] &amp#27;[35m[ADB]&amp#27;[39m Running 'C:\Users\dtougov\AppData\Local\Android\Sdk\platform-tools\adb.exe -P 5037 -s 4100d1bde4b1a193 shell rm -rf /sdcard/5e65e76a.mp4'
[debug] &amp#27;[35m[AndroidDriver]&amp#27;[39m The size of the resulting screen recording is 1.34 MB
[debug] &amp#27;[35m[W3C (644cb43e)]&amp#27;[39m Responding to client with driver.stopRecordingScreen() result: "AAAAGGZ0eXBtcDQyAAAAAGlzb21tcDQyABVhTW1kYXQAAiqQZbhAf//w9FfJKKP//xgheAKLRGyfnU+//8fWCHwF7qgnJ///GCHgCi0Rsn51Pv//H1gh8Be6oJyf//xgh4AotEbJ+dT7//x9YIfAXuqCcnJyciycnJycnJycnJycnJycnJycnJycnJycnJycnJycnJycn//94IeAKC0I/Z+BVvRaGfP/j+FfiIg1lLZo87BXO5f/Vfgg4DVkOo/PJycnJycnJycnJycnJycnJycnJycnJycnJycnJycnJydYoNfYnKMP8TgTfg8AjkxovsdtNBRWpZpbH/SZp2KN5sf/X/5KVP4fwnwQi83WNmCqcHFpJmiX2JyjD/E4E34PAI5MaL7HbTQUVqWaWx/0madijebH/1/+SlT+H8J8EIvN1jZgqnBxaSZol9icow/xOBN+DwCOTGi+x200FFalmlsf9JmnYo3mx/9f/kpU/h/CfBCLzdY2YKpwcWkmaJf/+RFguxdUwiZk8AdrbMm397u+/vJzYJ56T2/myGABpPA2bEgNTLHN8LDZMn2PuI619dUCqLBZoZcfxG1Txunrrn0z4K+sMD2MAdrHPKY9ljEIG2MvT1//+RQQ4AopEBnDAR6AI2Vs+mA/eLy/xPAI0WO5E2U1ClABVyEfk7CoYvrPxpDiM1f9L/r/8JTjPKeRF3PL8K44CEzNdTfwqv1zmcE/4YhVBENTNYE/BLrwBmHnTEfmXX8HFX/veCR7tIggyBwDD9h8DHmBk+AcRkKZCs6IKPr5GOkydQ/nGv+8BMEgNTfHmqmpNZp7wgSjOgktQtqQl7+4gjqhV5DPLbMSkMo2cJ4xOM0QUXAjB5+KkRaN8751X9Znxfqx8UQ1JA1Mhpc2FMhdq15Jo12wuuuuuuuuuuuv/+i0OFcAZBgoUph8CMTblD4z42Z5S+70zgX8Ezcfif/gJ1hXACIvQo7oeMIAdwdXEN+/BJs9B5jNcuJ5Q0T3/z/BB4CX3Gk9...
&amp#27;[35m[HTTP]&amp#27;[39m &amp#27;[37m<-- POST /wd/hub/session/644cb43e-d672-40f5-a9b0-1fd484bb3424/appium/stop_recording_screen &amp#27;[39m&amp#27;[32m200&amp#27;[39m &amp#27;[90m3322 ms - 1872136&amp#27;[39m
&amp#27;[35m[HTTP]&amp#27;[39m &amp#27;[90m&amp#27;[39m
[INFO ] 2022-08-30 16:49:45.948 VideoManager:35 - video path: Android_sm910\Videos\Validate product into on Products Details page.mp4
]]></system-out>
  </testcase>
  <testcase name="scenario[&quot;Login with invalid user name&quot;, &quot;Optional[Login scenarios]&quot;](1)" classname="com.qa.runners.SonyTestNGRunnerTest" time="6.97">
    <system-out><![CDATA[
@test1
Scenario Outline: Login with invalid password                                                         # src/test/resources/Login.feature:21
&amp#27;[35m[HTTP]&amp#27;[39m &amp#27;[37m-->&amp#27;[39m &amp#27;[37mPOST&amp#27;[39m &amp#27;[37m/wd/hub/session/644cb43e-d672-40f5-a9b0-1fd484bb3424/appium/start_recording_screen&amp#27;[39m
&amp#27;[35m[HTTP]&amp#27;[39m &amp#27;[90m{}&amp#27;[39m
[debug] &amp#27;[35m[W3C (644cb43e)]&amp#27;[39m Calling AppiumDriver.startRecordingScreen() with args: [null,"644cb43e-d672-40f5-a9b0-1fd484bb3424"]
[debug] &amp#27;[35m[ADB]&amp#27;[39m Getting IDs of all 'screenrecord' processes
[debug] &amp#27;[35m[ADB]&amp#27;[39m Running 'C:\Users\dtougov\AppData\Local\Android\Sdk\platform-tools\adb.exe -P 5037 -s 4100d1bde4b1a193 shell pgrep -f \(\[\[:blank:\]\]\|\^\)screenrecord\(\[\[:blank:\]\]\|\$\)'
&amp#27;[35m[AndroidDriver]&amp#27;[39m Screen recording has not been previously started by Appium. There is nothing to stop
[debug] &amp#27;[35m[ADB]&amp#27;[39m Getting IDs of all 'screenrecord' processes
[debug] &amp#27;[35m[ADB]&amp#27;[39m Running 'C:\Users\dtougov\AppData\Local\Android\Sdk\platform-tools\adb.exe -P 5037 -s 4100d1bde4b1a193 shell pgrep -f \(\[\[:blank:\]\]\|\^\)screenrecord\(\[\[:blank:\]\]\|\$\)'
[debug] &amp#27;[35m[WD Proxy]&amp#27;[39m Got response with status 200: {"sessionId":"21df9c7c-7d36-4b62-bb40-31691f012b3b","value":{"ELEMENT":"00000000-0000-036c-7fff-ffff0000003f","element-6066-11e4-a52e-4f735466cecf":"00000000-0000-036c-7fff-ffff0000003f"}}
[debug] &amp#27;[35m[W3C (ee0e5569)]&amp#27;[39m Responding to client with driver.findElement() result: {"element-6066-11e4-a52e-4f735466cecf":"00000000-0000-036c-7fff-ffff0000003f","ELEMENT":"00000000-0000-036c-7fff-ffff0000003f"}
&amp#27;[35m[HTTP]&amp#27;[39m &amp#27;[37m<-- POST /wd/hub/session/ee0e5569-3cfd-4739-96df-73f2565751c2/element &amp#27;[39m&amp#27;[32m200&amp#27;[39m &amp#27;[90m988 ms - 137&amp#27;[39m
&amp#27;[35m[HTTP]&amp#27;[39m &amp#27;[90m&amp#27;[39m
&amp#27;[35m[HTTP]&amp#27;[39m &amp#27;[37m-->&amp#27;[39m &amp#27;[37mGET&amp#27;[39m &amp#27;[37m/wd/hub/session/ee0e5569-3cfd-4739-96df-73f2565751c2/element/00000000-0000-036c-7fff-ffff0000003f/displayed&amp#27;[39m
&amp#27;[35m[HTTP]&amp#27;[39m &amp#27;[90m{}&amp#27;[39m
[debug] &amp#27;[35m[W3C (ee0e5569)]&amp#27;[39m Calling AppiumDriver.elementDisplayed() with args: ["00000000-0000-036c-7fff-ffff0000003f","ee0e5569-3cfd-4739-96df-73f2565751c2"]
[debug] &amp#27;[35m[WD Proxy]&amp#27;[39m Matched '/element/00000000-0000-036c-7fff-ffff0000003f/attribute/displayed' to command name 'getAttribute'
[debug] &amp#27;[35m[WD Proxy]&amp#27;[39m Proxying [GET /element/00000000-0000-036c-7fff-ffff0000003f/attribute/displayed] to [GET http://127.0.0.1:10000/wd/hub/session/21df9c7c-7d36-4b62-bb40-31691f012b3b/element/00000000-0000-036c-7fff-ffff0000003f/attribute/displayed] with no body
[debug] &amp#27;[35m[ADB]&amp#27;[39m Building screenrecord process with the command line: adb -P 5037 -s 4100d1bde4b1a193 shell screenrecord --time-limit 180 /sdcard/2f42700a.mp4
[debug] &amp#27;[35m[WD Proxy]&amp#27;[39m Got response with status 200: {"sessionId":"21df9c7c-7d36-4b62-bb40-31691f012b3b","value":"true"}
[debug] &amp#27;[35m[W3C (ee0e5569)]&amp#27;[39m Responding to client with driver.elementDisplayed() result: true
&amp#27;[35m[HTTP]&amp#27;[39m &amp#27;[37m<-- GET /wd/hub/session/ee0e5569-3cfd-4739-96df-73f2565751c2/element/00000000-0000-036c-7fff-ffff0000003f/displayed &amp#27;[39m&amp#27;[32m200&amp#27;[39m &amp#27;[90m38 ms - 14&amp#27;[39m
&amp#27;[35m[HTTP]&amp#27;[39m &amp#27;[90m&amp#27;[39m
&amp#27;[35m[HTTP]&amp#27;[39m &amp#27;[37m-->&amp#27;[39m &amp#27;[37mGET&amp#27;[39m &amp#27;[37m/wd/hub/session/ee0e5569-3cfd-4739-96df-73f2565751c2/context&amp#27;[39m
&amp#27;[35m[HTTP]&amp#27;[39m &amp#27;[90m{}&amp#27;[39m
[debug] &amp#27;[35m[W3C (ee0e5569)]&amp#27;[39m Calling AppiumDriver.getCurrentContext() with args: ["ee0e5569-3cfd-4739-96df-73f2565751c2"]
[debug] &amp#27;[35m[W3C (ee0e5569)]&amp#27;[39m Responding to client with driver.getCurrentContext() result: "NATIVE_APP"
&amp#27;[35m[HTTP]&amp#27;[39m &amp#27;[37m<-- GET /wd/hub/session/ee0e5569-3cfd-4739-96df-73f2565751c2/context &amp#27;[39m&amp#27;[32m200&amp#27;[39m &amp#27;[90m3 ms - 22&amp#27;[39m
&amp#27;[35m[HTTP]&amp#27;[39m &amp#27;[90m&amp#27;[39m
&amp#27;[35m[HTTP]&amp#27;[39m &amp#27;[37m-->&amp#27;[39m &amp#27;[37mPOST&amp#27;[39m &amp#27;[37m/wd/hub/session/ee0e5569-3cfd-4739-96df-73f2565751c2/element&amp#27;[39m
&amp#27;[35m[HTTP]&amp#27;[39m &amp#27;[90m{"using":"xpath","value":"//android.view.ViewGroup[@content-desc=\"test-Error message\"]/android.widget.TextView"}&amp#27;[39m
[debug] &amp#27;[35m[W3C (ee0e5569)]&amp#27;[39m Calling AppiumDriver.findElement() with args: ["xpath","//android.view.ViewGroup[@content-desc=\"test-Error message\"]/android.widget.TextView","ee0e5569-3cfd-4739-96df-73f2565751c2"]
[debug] &amp#27;[35m[BaseDriver]&amp#27;[39m Valid locator strategies for this request: xpath, id, class name, accessibility id, css selector, -android uiautomator
[debug] &amp#27;[35m[BaseDriver]&amp#27;[39m Waiting up to 0 ms for condition
[debug] &amp#27;[35m[WD Proxy]&amp#27;[39m Matched '/element' to command name 'findElement'
[debug] &amp#27;[35m[WD Proxy]&amp#27;[39m Proxying [POST /element] to [POST http://127.0.0.1:10000/wd/hub/session/21df9c7c-7d36-4b62-bb40-31691f012b3b/element] with body: {"strategy":"xpath","selector":"//android.view.ViewGroup[@content-desc=\"test-Error message\"]/android.widget.TextView","context":"","multiple":false}
[debug] &amp#27;[35m[WD Proxy]&amp#27;[39m Got response with status 200: {"sessionId":"21df9c7c-7d36-4b62-bb40-31691f012b3b","value":{"ELEMENT":"00000000-0000-036c-7fff-ffff0000003f","element-6066-11e4-a52e-4f735466cecf":"00000000-0000-036c-7fff-ffff0000003f"}}
[debug] &amp#27;[35m[W3C (ee0e5569)]&amp#27;[39m Responding to client with driver.findElement() result: {"element-6066-11e4-a52e-4f735466cecf":"00000000-0000-036c-7fff-ffff0000003f","ELEMENT":"00000000-0000-036c-7fff-ffff0000003f"}
&amp#27;[35m[HTTP]&amp#27;[39m &amp#27;[37m<-- POST /wd/hub/session/ee0e5569-3cfd-4739-96df-73f2565751c2/element &amp#27;[39m&amp#27;[32m200&amp#27;[39m &amp#27;[90m187 ms - 137&amp#27;[39m
&amp#27;[35m[HTTP]&amp#27;[39m &amp#27;[90m&amp#27;[39m
&amp#27;[35m[HTTP]&amp#27;[39m &amp#27;[37m-->&amp#27;[39m &amp#27;[37mGET&amp#27;[39m &amp#27;[37m/wd/hub/session/ee0e5569-3cfd-4739-96df-73f2565751c2/element/00000000-0000-036c-7fff-ffff0000003f/attribute/text&amp#27;[39m
&amp#27;[35m[HTTP]&amp#27;[39m &amp#27;[90m{}&amp#27;[39m
[debug] &amp#27;[35m[W3C (ee0e5569)]&amp#27;[39m Calling AppiumDriver.getAttribute() with args: ["text","00000000-0000-036c-7fff-ffff0000003f","ee0e5569-3cfd-4739-96df-73f2565751c2"]
[debug] &amp#27;[35m[WD Proxy]&amp#27;[39m Matched '/element/00000000-0000-036c-7fff-ffff0000003f/attribute/text' to command name 'getAttribute'
[debug] &amp#27;[35m[WD Proxy]&amp#27;[39m Proxying [GET /element/00000000-0000-036c-7fff-ffff0000003f/attribute/text] to [GET http://127.0.0.1:10000/wd/hub/session/21df9c7c-7d36-4b62-bb40-31691f012b3b/element/00000000-0000-036c-7fff-ffff0000003f/attribute/text] with no body
[debug] &amp#27;[35m[WD Proxy]&amp#27;[39m Got response with status 200: {"sessionId":"21df9c7c-7d36-4b62-bb40-31691f012b3b","value":"Username and password do not match any user in this service."}
[debug] &amp#27;[35m[W3C (ee0e5569)]&amp#27;[39m Responding to client with driver.getAttribute() result: "Username and password do not match any user in this service."
&amp#27;[35m[HTTP]&amp#27;[39m &amp#27;[37m<-- GET /wd/hub/session/ee0e5569-3cfd-4739-96df-73f2565751c2/element/00000000-0000-036c-7fff-ffff0000003f/attribute/text &amp#27;[39m&amp#27;[32m200&amp#27;[39m &amp#27;[90m24 ms - 72&amp#27;[39m
&amp#27;[35m[HTTP]&amp#27;[39m &amp#27;[90m&amp#27;[39m
[INFO ] 2022-08-30 16:49:08.225 BasePage:97 - error text is - Username and password do not match any user in this service.
  Then login should fail with an error "Username and password do not match any user in this service." # com.qa.stepdef.LoginStepDef.loginShouldFailWithAnError(java.lang.String)
&amp#27;[35m[HTTP]&amp#27;[39m &amp#27;[37m-->&amp#27;[39m &amp#27;[37mPOST&amp#27;[39m &amp#27;[37m/wd/hub/session/ee0e5569-3cfd-4739-96df-73f2565751c2/appium/stop_recording_screen&amp#27;[39m
&amp#27;[35m[HTTP]&amp#27;[39m &amp#27;[90m{}&amp#27;[39m
[debug] &amp#27;[35m[W3C (ee0e5569)]&amp#27;[39m Calling AppiumDriver.stopRecordingScreen() with args: [null,"ee0e5569-3cfd-4739-96df-73f2565751c2"]
[debug] &amp#27;[35m[ADB]&amp#27;[39m Getting IDs of all 'screenrecord' processes
[debug] &amp#27;[35m[ADB]&amp#27;[39m Running 'C:\Users\dtougov\AppData\Local\Android\Sdk\platform-tools\adb.exe -P 5037 -s CB5A29JXTK shell 'pgrep ^screenrecord$ || pgrep ^screenrecord$''
[debug] &amp#27;[35m[ADB]&amp#27;[39m Running 'C:\Users\dtougov\AppData\Local\Android\Sdk\platform-tools\adb.exe -P 5037 -s 4100d1bde4b1a193 shell "[ -e '/sdcard/2f42700a.mp4' ] && echo __PASS__"'
[debug] &amp#27;[35m[ADB]&amp#27;[39m Running 'C:\Users\dtougov\AppData\Local\Android\Sdk\platform-tools\adb.exe -P 5037 -s CB5A29JXTK shell kill -2 21191'
[debug] &amp#27;[35m[ADB]&amp#27;[39m Running 'C:\Users\dtougov\AppData\Local\Android\Sdk\platform-tools\adb.exe -P 5037 -s 4100d1bde4b1a193 shell "[ -e '/sdcard/2f42700a.mp4' ] && echo __PASS__"'
[debug] &amp#27;[35m[W3C (644cb43e)]&amp#27;[39m Responding to client with driver.startRecordingScreen() result: ""
&amp#27;[35m[HTTP]&amp#27;[39m &amp#27;[37m<-- POST /wd/hub/session/644cb43e-d672-40f5-a9b0-1fd484bb3424/appium/start_recording_screen &amp#27;[39m&amp#27;[32m200&amp#27;[39m &amp#27;[90m1749 ms - 12&amp#27;[39m
&amp#27;[35m[HTTP]&amp#27;[39m &amp#27;[90m&amp#27;[39m
&amp#27;[35m[HTTP]&amp#27;[39m &amp#27;[37m-->&amp#27;[39m &amp#27;[37mGET&amp#27;[39m &amp#27;[37m/wd/hub/session/644cb43e-d672-40f5-a9b0-1fd484bb3424/context&amp#27;[39m
&amp#27;[35m[HTTP]&amp#27;[39m &amp#27;[90m{}&amp#27;[39m
[debug] &amp#27;[35m[W3C (644cb43e)]&amp#27;[39m Calling AppiumDriver.getCurrentContext() with args: ["644cb43e-d672-40f5-a9b0-1fd484bb3424"]
[debug] &amp#27;[35m[W3C (644cb43e)]&amp#27;[39m Responding to client with driver.getCurrentContext() result: "NATIVE_APP"
&amp#27;[35m[HTTP]&amp#27;[39m &amp#27;[37m<-- GET /wd/hub/session/644cb43e-d672-40f5-a9b0-1fd484bb3424/context &amp#27;[39m&amp#27;[32m200&amp#27;[39m &amp#27;[90m5 ms - 22&amp#27;[39m
&amp#27;[35m[HTTP]&amp#27;[39m &amp#27;[90m&amp#27;[39m
[debug] &amp#27;[35m[ADB]&amp#27;[39m Getting IDs of all 'screenrecord' processes
[debug] &amp#27;[35m[ADB]&amp#27;[39m Running 'C:\Users\dtougov\AppData\Local\Android\Sdk\platform-tools\adb.exe -P 5037 -s CB5A29JXTK shell 'pgrep ^screenrecord$ || pgrep ^screenrecord$''
&amp#27;[35m[HTTP]&amp#27;[39m &amp#27;[37m-->&amp#27;[39m &amp#27;[37mPOST&amp#27;[39m &amp#27;[37m/wd/hub/session/644cb43e-d672-40f5-a9b0-1fd484bb3424/element&amp#27;[39m
&amp#27;[35m[HTTP]&amp#27;[39m &amp#27;[90m{"using":"accessibility id","value":"test-Username"}&amp#27;[39m
[debug] &amp#27;[35m[W3C (644cb43e)]&amp#27;[39m Calling AppiumDriver.findElement() with args: ["accessibility id","test-Username","644cb43e-d672-40f5-a9b0-1fd484bb3424"]
[debug] &amp#27;[35m[BaseDriver]&amp#27;[39m Valid locator strategies for this request: xpath, id, class name, accessibility id, css selector, -android uiautomator
[debug] &amp#27;[35m[BaseDriver]&amp#27;[39m Waiting up to 0 ms for condition
[debug] &amp#27;[35m[WD Proxy]&amp#27;[39m Matched '/element' to command name 'findElement'
[debug] &amp#27;[35m[WD Proxy]&amp#27;[39m Proxying [POST /element] to [POST http://127.0.0.1:10001/wd/hub/session/44ba05ff-d8a8-4796-9026-76750819bf31/element] with body: {"strategy":"accessibility id","selector":"test-Username","context":"","multiple":false}
[debug] &amp#27;[35m[WD Proxy]&amp#27;[39m Got response with status 200: {"sessionId":"44ba05ff-d8a8-4796-9026-76750819bf31","value":{"ELEMENT":"00000000-0000-0166-7fff-ffff0000002e","element-6066-11e4-a52e-4f735466cecf":"00000000-0000-0166-7fff-ffff0000002e"}}
[debug] &amp#27;[35m[W3C (644cb43e)]&amp#27;[39m Responding to client with driver.findElement() result: {"element-6066-11e4-a52e-4f735466cecf":"00000000-0000-0166-7fff-ffff0000002e","ELEMENT":"00000000-0000-0166-7fff-ffff0000002e"}
&amp#27;[35m[HTTP]&amp#27;[39m &amp#27;[37m<-- POST /wd/hub/session/644cb43e-d672-40f5-a9b0-1fd484bb3424/element &amp#27;[39m&amp#27;[32m200&amp#27;[39m &amp#27;[90m54 ms - 137&amp#27;[39m
&amp#27;[35m[HTTP]&amp#27;[39m &amp#27;[90m&amp#27;[39m
&amp#27;[35m[HTTP]&amp#27;[39m &amp#27;[37m-->&amp#27;[39m &amp#27;[37mGET&amp#27;[39m &amp#27;[37m/wd/hub/session/644cb43e-d672-40f5-a9b0-1fd484bb3424/element/00000000-0000-0166-7fff-ffff0000002e/displayed&amp#27;[39m
&amp#27;[35m[HTTP]&amp#27;[39m &amp#27;[90m{}&amp#27;[39m
[debug] &amp#27;[35m[W3C (644cb43e)]&amp#27;[39m Calling AppiumDriver.elementDisplayed() with args: ["00000000-0000-0166-7fff-ffff0000002e","644cb43e-d672-40f5-a9b0-1fd484bb3424"]
[debug] &amp#27;[35m[WD Proxy]&amp#27;[39m Matched '/element/00000000-0000-0166-7fff-ffff0000002e/attribute/displayed' to command name 'getAttribute'
[debug] &amp#27;[35m[WD Proxy]&amp#27;[39m Proxying [GET /element/00000000-0000-0166-7fff-ffff0000002e/attribute/displayed] to [GET http://127.0.0.1:10001/wd/hub/session/44ba05ff-d8a8-4796-9026-76750819bf31/element/00000000-0000-0166-7fff-ffff0000002e/attribute/displayed] with no body
[debug] &amp#27;[35m[WD Proxy]&amp#27;[39m Got response with status 200: {"sessionId":"44ba05ff-d8a8-4796-9026-76750819bf31","value":"true"}
[debug] &amp#27;[35m[W3C (644cb43e)]&amp#27;[39m Responding to client with driver.elementDisplayed() result: true
&amp#27;[35m[HTTP]&amp#27;[39m &amp#27;[37m<-- GET /wd/hub/session/644cb43e-d672-40f5-a9b0-1fd484bb3424/element/00000000-0000-0166-7fff-ffff0000002e/displayed &amp#27;[39m&amp#27;[32m200&amp#27;[39m &amp#27;[90m18 ms - 14&amp#27;[39m
&amp#27;[35m[HTTP]&amp#27;[39m &amp#27;[90m&amp#27;[39m
&amp#27;[35m[HTTP]&amp#27;[39m &amp#27;[37m-->&amp#27;[39m &amp#27;[37mGET&amp#27;[39m &amp#27;[37m/wd/hub/session/644cb43e-d672-40f5-a9b0-1fd484bb3424/context&amp#27;[39m
&amp#27;[35m[HTTP]&amp#27;[39m &amp#27;[90m{}&amp#27;[39m
[debug] &amp#27;[35m[W3C (644cb43e)]&amp#27;[39m Calling AppiumDriver.getCurrentContext() with args: ["644cb43e-d672-40f5-a9b0-1fd484bb3424"]
[debug] &amp#27;[35m[W3C (644cb43e)]&amp#27;[39m Responding to client with driver.getCurrentContext() result: "NATIVE_APP"
&amp#27;[35m[HTTP]&amp#27;[39m &amp#27;[37m<-- GET /wd/hub/session/644cb43e-d672-40f5-a9b0-1fd484bb3424/context &amp#27;[39m&amp#27;[32m200&amp#27;[39m &amp#27;[90m3 ms - 22&amp#27;[39m
&amp#27;[35m[HTTP]&amp#27;[39m &amp#27;[90m&amp#27;[39m
&amp#27;[35m[HTTP]&amp#27;[39m &amp#27;[37m-->&amp#27;[39m &amp#27;[37mPOST&amp#27;[39m &amp#27;[37m/wd/hub/session/644cb43e-d672-40f5-a9b0-1fd484bb3424/element&amp#27;[39m
&amp#27;[35m[HTTP]&amp#27;[39m &amp#27;[90m{"using":"accessibility id","value":"test-Username"}&amp#27;[39m
[debug] &amp#27;[35m[W3C (644cb43e)]&amp#27;[39m Calling AppiumDriver.findElement() with args: ["accessibility id","test-Username","644cb43e-d672-40f5-a9b0-1fd484bb3424"]
[debug] &amp#27;[35m[BaseDriver]&amp#27;[39m Valid locator strategies for this request: xpath, id, class name, accessibility id, css selector, -android uiautomator
[debug] &amp#27;[35m[BaseDriver]&amp#27;[39m Waiting up to 0 ms for condition
[debug] &amp#27;[35m[WD Proxy]&amp#27;[39m Matched '/element' to command name 'findElement'
[debug] &amp#27;[35m[WD Proxy]&amp#27;[39m Proxying [POST /element] to [POST http://127.0.0.1:10001/wd/hub/session/44ba05ff-d8a8-4796-9026-76750819bf31/element] with body: {"strategy":"accessibility id","selector":"test-Username","context":"","multiple":false}
[debug] &amp#27;[35m[WD Proxy]&amp#27;[39m Got response with status 200: {"sessionId":"44ba05ff-d8a8-4796-9026-76750819bf31","value":{"ELEMENT":"00000000-0000-0166-7fff-ffff0000002e","element-6066-11e4-a52e-4f735466cecf":"00000000-0000-0166-7fff-ffff0000002e"}}
[debug] &amp#27;[35m[W3C (644cb43e)]&amp#27;[39m Responding to client with driver.findElement() result: {"element-6066-11e4-a52e-4f735466cecf":"00000000-0000-0166-7fff-ffff0000002e","ELEMENT":"00000000-0000-0166-7fff-ffff0000002e"}
&amp#27;[35m[HTTP]&amp#27;[39m &amp#27;[37m<-- POST /wd/hub/session/644cb43e-d672-40f5-a9b0-1fd484bb3424/element &amp#27;[39m&amp#27;[32m200&amp#27;[39m &amp#27;[90m46 ms - 137&amp#27;[39m
&amp#27;[35m[HTTP]&amp#27;[39m &amp#27;[90m&amp#27;[39m
&amp#27;[35m[HTTP]&amp#27;[39m &amp#27;[37m-->&amp#27;[39m &amp#27;[37mPOST&amp#27;[39m &amp#27;[37m/wd/hub/session/644cb43e-d672-40f5-a9b0-1fd484bb3424/element/00000000-0000-0166-7fff-ffff0000002e/clear&amp#27;[39m
&amp#27;[35m[HTTP]&amp#27;[39m &amp#27;[90m{"id":"00000000-0000-0166-7fff-ffff0000002e"}&amp#27;[39m
[debug] &amp#27;[35m[W3C (644cb43e)]&amp#27;[39m Calling AppiumDriver.clear() with args: ["00000000-0000-0166-7fff-ffff0000002e","644cb43e-d672-40f5-a9b0-1fd484bb3424"]
[debug] &amp#27;[35m[WD Proxy]&amp#27;[39m Matched '/element/00000000-0000-0166-7fff-ffff0000002e/clear' to command name 'clear'
[debug] &amp#27;[35m[WD Proxy]&amp#27;[39m Proxying [POST /element/00000000-0000-0166-7fff-ffff0000002e/clear] to [POST http://127.0.0.1:10001/wd/hub/session/44ba05ff-d8a8-4796-9026-76750819bf31/element/00000000-0000-0166-7fff-ffff0000002e/clear] with body: {"elementId":"00000000-0000-0166-7fff-ffff0000002e"}
[debug] &amp#27;[35m[WD Proxy]&amp#27;[39m Got response with status 200: {"sessionId":"44ba05ff-d8a8-4796-9026-76750819bf31","value":null}
[debug] &amp#27;[35m[W3C (644cb43e)]&amp#27;[39m Responding to client with driver.clear() result: null
&amp#27;[35m[HTTP]&amp#27;[39m &amp#27;[37m<-- POST /wd/hub/session/644cb43e-d672-40f5-a9b0-1fd484bb3424/element/00000000-0000-0166-7fff-ffff0000002e/clear &amp#27;[39m&amp#27;[32m200&amp#27;[39m &amp#27;[90m25 ms - 14&amp#27;[39m
&amp#27;[35m[HTTP]&amp#27;[39m &amp#27;[90m&amp#27;[39m
&amp#27;[35m[HTTP]&amp#27;[39m &amp#27;[37m-->&amp#27;[39m &amp#27;[37mGET&amp#27;[39m &amp#27;[37m/wd/hub/session/644cb43e-d672-40f5-a9b0-1fd484bb3424/context&amp#27;[39m
&amp#27;[35m[HTTP]&amp#27;[39m &amp#27;[90m{}&amp#27;[39m
[debug] &amp#27;[35m[W3C (644cb43e)]&amp#27;[39m Calling AppiumDriver.getCurrentContext() with args: ["644cb43e-d672-40f5-a9b0-1fd484bb3424"]
[debug] &amp#27;[35m[W3C (644cb43e)]&amp#27;[39m Responding to client with driver.getCurrentContext() result: "NATIVE_APP"
&amp#27;[35m[HTTP]&amp#27;[39m &amp#27;[37m<-- GET /wd/hub/session/644cb43e-d672-40f5-a9b0-1fd484bb3424/context &amp#27;[39m&amp#27;[32m200&amp#27;[39m &amp#27;[90m2 ms - 22&amp#27;[39m
&amp#27;[35m[HTTP]&amp#27;[39m &amp#27;[90m&amp#27;[39m
&amp#27;[35m[HTTP]&amp#27;[39m &amp#27;[37m-->&amp#27;[39m &amp#27;[37mPOST&amp#27;[39m &amp#27;[37m/wd/hub/session/644cb43e-d672-40f5-a9b0-1fd484bb3424/element&amp#27;[39m
&amp#27;[35m[HTTP]&amp#27;[39m &amp#27;[90m{"using":"accessibility id","value":"test-Username"}&amp#27;[39m
[debug] &amp#27;[35m[W3C (644cb43e)]&amp#27;[39m Calling AppiumDriver.findElement() with args: ["accessibility id","test-Username","644cb43e-d672-40f5-a9b0-1fd484bb3424"]
[debug] &amp#27;[35m[BaseDriver]&amp#27;[39m Valid locator strategies for this request: xpath, id, class name, accessibility id, css selector, -android uiautomator
[debug] &amp#27;[35m[BaseDriver]&amp#27;[39m Waiting up to 0 ms for condition
[debug] &amp#27;[35m[WD Proxy]&amp#27;[39m Matched '/element' to command name 'findElement'
[debug] &amp#27;[35m[WD Proxy]&amp#27;[39m Proxying [POST /element] to [POST http://127.0.0.1:10001/wd/hub/session/44ba05ff-d8a8-4796-9026-76750819bf31/element] with body: {"strategy":"accessibility id","selector":"test-Username","context":"","multiple":false}
[debug] &amp#27;[35m[WD Proxy]&amp#27;[39m Got response with status 200: {"sessionId":"44ba05ff-d8a8-4796-9026-76750819bf31","value":{"ELEMENT":"00000000-0000-0166-7fff-ffff0000002e","element-6066-11e4-a52e-4f735466cecf":"00000000-0000-0166-7fff-ffff0000002e"}}
[debug] &amp#27;[35m[W3C (644cb43e)]&amp#27;[39m Responding to client with driver.findElement() result: {"element-6066-11e4-a52e-4f735466cecf":"00000000-0000-0166-7fff-ffff0000002e","ELEMENT":"00000000-0000-0166-7fff-ffff0000002e"}
&amp#27;[35m[HTTP]&amp#27;[39m &amp#27;[37m<-- POST /wd/hub/session/644cb43e-d672-40f5-a9b0-1fd484bb3424/element &amp#27;[39m&amp#27;[32m200&amp#27;[39m &amp#27;[90m619 ms - 137&amp#27;[39m
&amp#27;[35m[HTTP]&amp#27;[39m &amp#27;[90m&amp#27;[39m
&amp#27;[35m[HTTP]&amp#27;[39m &amp#27;[37m-->&amp#27;[39m &amp#27;[37mGET&amp#27;[39m &amp#27;[37m/wd/hub/session/644cb43e-d672-40f5-a9b0-1fd484bb3424/element/00000000-0000-0166-7fff-ffff0000002e/displayed&amp#27;[39m
&amp#27;[35m[HTTP]&amp#27;[39m &amp#27;[90m{}&amp#27;[39m
[debug] &amp#27;[35m[W3C (644cb43e)]&amp#27;[39m Calling AppiumDriver.elementDisplayed() with args: ["00000000-0000-0166-7fff-ffff0000002e","644cb43e-d672-40f5-a9b0-1fd484bb3424"]
[debug] &amp#27;[35m[WD Proxy]&amp#27;[39m Matched '/element/00000000-0000-0166-7fff-ffff0000002e/attribute/displayed' to command name 'getAttribute'
[debug] &amp#27;[35m[WD Proxy]&amp#27;[39m Proxying [GET /element/00000000-0000-0166-7fff-ffff0000002e/attribute/displayed] to [GET http://127.0.0.1:10001/wd/hub/session/44ba05ff-d8a8-4796-9026-76750819bf31/element/00000000-0000-0166-7fff-ffff0000002e/attribute/displayed] with no body
[debug] &amp#27;[35m[ADB]&amp#27;[39m Getting IDs of all 'screenrecord' processes
[debug] &amp#27;[35m[ADB]&amp#27;[39m Running 'C:\Users\dtougov\AppData\Local\Android\Sdk\platform-tools\adb.exe -P 5037 -s CB5A29JXTK shell 'pgrep ^screenrecord$ || pgrep ^screenrecord$''
[debug] &amp#27;[35m[WD Proxy]&amp#27;[39m Got response with status 200: {"sessionId":"44ba05ff-d8a8-4796-9026-76750819bf31","value":"true"}
[debug] &amp#27;[35m[W3C (644cb43e)]&amp#27;[39m Responding to client with driver.elementDisplayed() result: true
&amp#27;[35m[HTTP]&amp#27;[39m &amp#27;[37m<-- GET /wd/hub/session/644cb43e-d672-40f5-a9b0-1fd484bb3424/element/00000000-0000-0166-7fff-ffff0000002e/displayed &amp#27;[39m&amp#27;[32m200&amp#27;[39m &amp#27;[90m26 ms - 14&amp#27;[39m
&amp#27;[35m[HTTP]&amp#27;[39m &amp#27;[90m&amp#27;[39m
[INFO ] 2022-08-30 16:49:10.059 BasePage:71 - login with standard_user
&amp#27;[35m[HTTP]&amp#27;[39m &amp#27;[37m-->&amp#27;[39m &amp#27;[37mGET&amp#27;[39m &amp#27;[37m/wd/hub/session/644cb43e-d672-40f5-a9b0-1fd484bb3424/context&amp#27;[39m
&amp#27;[35m[HTTP]&amp#27;[39m &amp#27;[90m{}&amp#27;[39m
[debug] &amp#27;[35m[W3C (644cb43e)]&amp#27;[39m Calling AppiumDriver.getCurrentContext() with args: ["644cb43e-d672-40f5-a9b0-1fd484bb3424"]
[debug] &amp#27;[35m[W3C (644cb43e)]&amp#27;[39m Responding to client with driver.getCurrentContext() result: "NATIVE_APP"
&amp#27;[35m[HTTP]&amp#27;[39m &amp#27;[37m<-- GET /wd/hub/session/644cb43e-d672-40f5-a9b0-1fd484bb3424/context &amp#27;[39m&amp#27;[32m200&amp#27;[39m &amp#27;[90m3 ms - 22&amp#27;[39m
&amp#27;[35m[HTTP]&amp#27;[39m &amp#27;[90m&amp#27;[39m
&amp#27;[35m[HTTP]&amp#27;[39m &amp#27;[37m-->&amp#27;[39m &amp#27;[37mPOST&amp#27;[39m &amp#27;[37m/wd/hub/session/644cb43e-d672-40f5-a9b0-1fd484bb3424/element&amp#27;[39m
&amp#27;[35m[HTTP]&amp#27;[39m &amp#27;[90m{"using":"accessibility id","value":"test-Username"}&amp#27;[39m
[debug] &amp#27;[35m[W3C (644cb43e)]&amp#27;[39m Calling AppiumDriver.findElement() with args: ["accessibility id","test-Username","644cb43e-d672-40f5-a9b0-1fd484bb3424"]
[debug] &amp#27;[35m[BaseDriver]&amp#27;[39m Valid locator strategies for this request: xpath, id, class name, accessibility id, css selector, -android uiautomator
[debug] &amp#27;[35m[BaseDriver]&amp#27;[39m Waiting up to 0 ms for condition
[debug] &amp#27;[35m[WD Proxy]&amp#27;[39m Matched '/element' to command name 'findElement'
[debug] &amp#27;[35m[WD Proxy]&amp#27;[39m Proxying [POST /element] to [POST http://127.0.0.1:10001/wd/hub/session/44ba05ff-d8a8-4796-9026-76750819bf31/element] with body: {"strategy":"accessibility id","selector":"test-Username","context":"","multiple":false}
[debug] &amp#27;[35m[WD Proxy]&amp#27;[39m Got response with status 200: {"sessionId":"44ba05ff-d8a8-4796-9026-76750819bf31","value":{"ELEMENT":"00000000-0000-0166-7fff-ffff0000002e","element-6066-11e4-a52e-4f735466cecf":"00000000-0000-0166-7fff-ffff0000002e"}}
[debug] &amp#27;[35m[W3C (644cb43e)]&amp#27;[39m Responding to client with driver.findElement() result: {"element-6066-11e4-a52e-4f735466cecf":"00000000-0000-0166-7fff-ffff0000002e","ELEMENT":"00000000-0000-0166-7fff-ffff0000002e"}
&amp#27;[35m[HTTP]&amp#27;[39m &amp#27;[37m<-- POST /wd/hub/session/644cb43e-d672-40f5-a9b0-1fd484bb3424/element &amp#27;[39m&amp#27;[32m200&amp#27;[39m &amp#27;[90m49 ms - 137&amp#27;[39m
&amp#27;[35m[HTTP]&amp#27;[39m &amp#27;[90m&amp#27;[39m
&amp#27;[35m[HTTP]&amp#27;[39m &amp#27;[37m-->&amp#27;[39m &amp#27;[37mPOST&amp#27;[39m &amp#27;[37m/wd/hub/session/644cb43e-d672-40f5-a9b0-1fd484bb3424/element/00000000-0000-0166-7fff-ffff0000002e/value&amp#27;[39m
&amp#27;[35m[HTTP]&amp#27;[39m &amp#27;[90m{"id":"00000000-0000-0166-7fff-ffff0000002e","text":"standard_user","value":["s","t","a","n","d","a","r","d","_","u","s","e","r"]}&amp#27;[39m
[debug] &amp#27;[35m[W3C (644cb43e)]&amp#27;[39m Calling AppiumDriver.setValue() with args: [["s","t","a","n","d","a","r","d","_","u","s","e","r"],"00000000-0000-0166-7fff-ffff0000002e","644cb43e-d672-40f5-a9b0-1fd484bb3424"]
[debug] &amp#27;[35m[WD Proxy]&amp#27;[39m Matched '/element/00000000-0000-0166-7fff-ffff0000002e/value' to command name 'setValue'
[debug] &amp#27;[35m[Protocol Converter]&amp#27;[39m Added 'value' property ["s","t","a","n","d","a","r","d","_","u","s","e","r"] to 'setValue' request body
[debug] &amp#27;[35m[WD Proxy]&amp#27;[39m Proxying [POST /element/00000000-0000-0166-7fff-ffff0000002e/value] to [POST http://127.0.0.1:10001/wd/hub/session/44ba05ff-d8a8-4796-9026-76750819bf31/element/00000000-0000-0166-7fff-ffff0000002e/value] with body: {"elementId":"00000000-0000-0166-7fff-ffff0000002e","text":"standard_user","replace":false,"value":["s","t","a","n","d","a","r","d","_","u","s","e","r"]}
[debug] &amp#27;[35m[WD Proxy]&amp#27;[39m Got response with status 200: {"sessionId":"44ba05ff-d8a8-4796-9026-76750819bf31","value":null}
[debug] &amp#27;[35m[W3C (644cb43e)]&amp#27;[39m Responding to client with driver.setValue() result: null
&amp#27;[35m[HTTP]&amp#27;[39m &amp#27;[37m<-- POST /wd/hub/session/644cb43e-d672-40f5-a9b0-1fd484bb3424/element/00000000-0000-0166-7fff-ffff0000002e/value &amp#27;[39m&amp#27;[32m200&amp#27;[39m &amp#27;[90m5  When I enter username as "standard_user"                                                            # com.qa.stepdef.LoginStepDef.iEnterUsernameAs(java.lang.String)
39 ms - 14&amp#27;[39m
&amp#27;[35m[HTTP]&amp#27;[39m &amp#27;[90m&amp#27;[39m
&amp#27;[35m[HTTP]&amp#27;[39m &amp#27;[37m-->&amp#27;[39m &amp#27;[37mGET&amp#27;[39m &amp#27;[37m/wd/hub/session/644cb43e-d672-40f5-a9b0-1fd484bb3424/context&amp#27;[39m
&amp#27;[35m[HTTP]&amp#27;[39m &amp#27;[90m{}&amp#27;[39m
[debug] &amp#27;[35m[W3C (644cb43e)]&amp#27;[39m Calling AppiumDriver.getCurrentContext() with args: ["644cb43e-d672-40f5-a9b0-1fd484bb3424"]
[debug] &amp#27;[35m[W3C (644cb43e)]&amp#27;[39m Responding to client with driver.getCurrentContext() result: "NATIVE_APP"
&amp#27;[35m[HTTP]&amp#27;[39m &amp#27;[37m<-- GET /wd/hub/session/644cb43e-d672-40f5-a9b0-1fd484bb3424/context &amp#27;[39m&amp#27;[32m200&amp#27;[39m &amp#27;[90m9 ms - 22&amp#27;[39m
&amp#27;[35m[HTTP]&amp#27;[39m &amp#27;[90m&amp#27;[39m
&amp#27;[35m[HTTP]&amp#27;[39m &amp#27;[37m-->&amp#27;[39m &amp#27;[37mPOST&amp#27;[39m &amp#27;[37m/wd/hub/session/644cb43e-d672-40f5-a9b0-1fd484bb3424/element&amp#27;[39m
&amp#27;[35m[HTTP]&amp#27;[39m &amp#27;[90m{"using":"accessibility id","value":"test-Password"}&amp#27;[39m
[debug] &amp#27;[35m[W3C (644cb43e)]&amp#27;[39m Calling AppiumDriver.findElement() with args: ["accessibility id","test-Password","644cb43e-d672-40f5-a9b0-1fd484bb3424"]
[debug] &amp#27;[35m[BaseDriver]&amp#27;[39m Valid locator strategies for this request: xpath, id, class name, accessibility id, css selector, -android uiautomator
[debug] &amp#27;[35m[BaseDriver]&amp#27;[39m Waiting up to 0 ms for condition
[debug] &amp#27;[35m[WD Proxy]&amp#27;[39m Matched '/element' to command name 'findElement'
[debug] &amp#27;[35m[WD Proxy]&amp#27;[39m Proxying [POST /element] to [POST http://127.0.0.1:10001/wd/hub/session/44ba05ff-d8a8-4796-9026-76750819bf31/element] with body: {"strategy":"accessibility id","selector":"test-Password","context":"","multiple":false}
[debug] &amp#27;[35m[ADB]&amp#27;[39m Getting IDs of all 'screenrecord' processes
[debug] &amp#27;[35m[ADB]&amp#27;[39m Running 'C:\Users\dtougov\AppData\Local\Android\Sdk\platform-tools\adb.exe -P 5037 -s CB5A29JXTK shell 'pgrep ^screenrecord$ || pgrep ^screenrecord$''
[debug] &amp#27;[35m[WD Proxy]&amp#27;[39m Got response with status 200: {"sessionId":"44ba05ff-d8a8-4796-9026-76750819bf31","value":{"ELEMENT":"00000000-0000-0166-7fff-ffff0000002f","element-6066-11e4-a52e-4f735466cecf":"00000000-0000-0166-7fff-ffff0000002f"}}
[debug] &amp#27;[35m[W3C (644cb43e)]&amp#27;[39m Responding to client with driver.findElement() result: {"element-6066-11e4-a52e-4f735466cecf":"00000000-0000-0166-7fff-ffff0000002f","ELEMENT":"00000000-0000-0166-7fff-ffff0000002f"}
&amp#27;[35m[HTTP]&amp#27;[39m &amp#27;[37m<-- POST /wd/hub/session/644cb43e-d672-40f5-a9b0-1fd484bb3424/element &amp#27;[39m&amp#27;[32m200&amp#27;[39m &amp#27;[90m504 ms - 137&amp#27;[39m
&amp#27;[35m[HTTP]&amp#27;[39m &amp#27;[90m&amp#27;[39m
&amp#27;[35m[HTTP]&amp#27;[39m &amp#27;[37m-->&amp#27;[39m &amp#27;[37mGET&amp#27;[39m &amp#27;[37m/wd/hub/session/644cb43e-d672-40f5-a9b0-1fd484bb3424/element/00000000-0000-0166-7fff-ffff0000002f/displayed&amp#27;[39m
&amp#27;[35m[HTTP]&amp#27;[39m &amp#27;[90m{}&amp#27;[39m
[debug] &amp#27;[35m[W3C (644cb43e)]&amp#27;[39m Calling AppiumDriver.elementDisplayed() with args: ["00000000-0000-0166-7fff-ffff0000002f","644cb43e-d672-40f5-a9b0-1fd484bb3424"]
[debug] &amp#27;[35m[WD Proxy]&amp#27;[39m Matched '/element/00000000-0000-0166-7fff-ffff0000002f/attribute/displayed' to command name 'getAttribute'
[debug] &amp#27;[35m[WD Proxy]&amp#27;[39m Proxying [GET /element/00000000-0000-0166-7fff-ffff0000002f/attribute/displayed] to [GET http://127.0.0.1:10001/wd/hub/session/44ba05ff-d8a8-4796-9026-76750819bf31/element/00000000-0000-0166-7fff-ffff0000002f/attribute/displayed] with no body
[debug] &amp#27;[35m[WD Proxy]&amp#27;[39m Got response with status 200: {"sessionId":"44ba05ff-d8a8-4796-9026-76750819bf31","value":"true"}
[debug] &amp#27;[35m[W3C (644cb43e)]&amp#27;[39m Responding to client with driver.elementDisplayed() result: true
&amp#27;[35m[HTTP]&amp#27;[39m &amp#27;[37m<-- GET /wd/hub/session/644cb43e-d672-40f5-a9b0-1fd484bb3424/element/00000000-0000-0166-7fff-ffff0000002f/displayed &amp#27;[39m&amp#27;[32m200&amp#27;[39m &amp#27;[90m18 ms - 14&amp#27;[39m
&amp#27;[35m[HTTP]&amp#27;[39m &amp#27;[90m&amp#27;[39m
&amp#27;[35m[HTTP]&amp#27;[39m &amp#27;[37m-->&amp#27;[39m &amp#27;[37mGET&amp#27;[39m &amp#27;[37m/wd/hub/session/644cb43e-d672-40f5-a9b0-1fd484bb3424/context&amp#27;[39m
&amp#27;[35m[HTTP]&amp#27;[39m &amp#27;[90m{}&amp#27;[39m
[debug] &amp#27;[35m[W3C (644cb43e)]&amp#27;[39m Calling AppiumDriver.getCurrentContext() with args: ["644cb43e-d672-40f5-a9b0-1fd484bb3424"]
[debug] &amp#27;[35m[W3C (644cb43e)]&amp#27;[39m Responding to client with driver.getCurrentContext() result: "NATIVE_APP"
&amp#27;[35m[HTTP]&amp#27;[39m &amp#27;[37m<-- GET /wd/hub/session/644cb43e-d672-40f5-a9b0-1fd484bb3424/context &amp#27;[39m&amp#27;[32m200&amp#27;[39m &amp#27;[90m3 ms - 22&amp#27;[39m
&amp#27;[35m[HTTP]&amp#27;[39m &amp#27;[90m&amp#27;[39m
&amp#27;[35m[HTTP]&amp#27;[39m &amp#27;[37m-->&amp#27;[39m &amp#27;[37mPOST&amp#27;[39m &amp#27;[37m/wd/hub/session/644cb43e-d672-40f5-a9b0-1fd484bb3424/element&amp#27;[39m
&amp#27;[35m[HTTP]&amp#27;[39m &amp#27;[90m{"using":"accessibility id","value":"test-Password"}&amp#27;[39m
[debug] &amp#27;[35m[W3C (644cb43e)]&amp#27;[39m Calling AppiumDriver.findElement() with args: ["accessibility id","test-Password","644cb43e-d672-40f5-a9b0-1fd484bb3424"]
[debug] &amp#27;[35m[BaseDriver]&amp#27;[39m Valid locator strategies for this request: xpath, id, class name, accessibility id, css selector, -android uiautomator
[debug] &amp#27;[35m[BaseDriver]&amp#27;[39m Waiting up to 0 ms for condition
[debug] &amp#27;[35m[WD Proxy]&amp#27;[39m Matched '/element' to command name 'findElement'
[debug] &amp#27;[35m[WD Proxy]&amp#27;[39m Proxying [POST /element] to [POST http://127.0.0.1:10001/wd/hub/session/44ba05ff-d8a8-4796-9026-76750819bf31/element] with body: {"strategy":"accessibility id","selector":"test-Password","context":"","multiple":false}
[debug] &amp#27;[35m[WD Proxy]&amp#27;[39m Got response with status 200: {"sessionId":"44ba05ff-d8a8-4796-9026-76750819bf31","value":{"ELEMENT":"00000000-0000-0166-7fff-ffff0000002f","element-6066-11e4-a52e-4f735466cecf":"00000000-0000-0166-7fff-ffff0000002f"}}
[debug] &amp#27;[35m[W3C (644cb43e)]&amp#27;[39m Responding to client with driver.findElement() result: {"element-6066-11e4-a52e-4f735466cecf":"00000000-0000-0166-7fff-ffff0000002f","ELEMENT":"00000000-0000-0166-7fff-ffff0000002f"}
&amp#27;[35m[HTTP]&amp#27;[39m &amp#27;[37m<-- POST /wd/hub/session/644cb43e-d672-40f5-a9b0-1fd484bb3424/element &amp#27;[39m&amp#27;[32m200&amp#27;[39m &amp#27;[90m45 ms - 137&amp#27;[39m
&amp#27;[35m[HTTP]&amp#27;[39m &amp#27;[90m&amp#27;[39m
&amp#27;[35m[HTTP]&amp#27;[39m &amp#27;[37m-->&amp#27;[39m &amp#27;[37mPOST&amp#27;[39m &amp#27;[37m/wd/hub/session/644cb43e-d672-40f5-a9b0-1fd484bb3424/element/00000000-0000-0166-7fff-ffff0000002f/clear&amp#27;[39m
&amp#27;[35m[HTTP]&amp#27;[39m &amp#27;[90m{"id":"00000000-0000-0166-7fff-ffff0000002f"}&amp#27;[39m
[debug] &amp#27;[35m[W3C (644cb43e)]&amp#27;[39m Calling AppiumDriver.clear() with args: ["00000000-0000-0166-7fff-ffff0000002f","644cb43e-d672-40f5-a9b0-1fd484bb3424"]
[debug] &amp#27;[35m[WD Proxy]&amp#27;[39m Matched '/element/00000000-0000-0166-7fff-ffff0000002f/clear' to command name 'clear'
[debug] &amp#27;[35m[WD Proxy]&amp#27;[39m Proxying [POST /element/00000000-0000-0166-7fff-ffff0000002f/clear] to [POST http://127.0.0.1:10001/wd/hub/session/44ba05ff-d8a8-4796-9026-76750819bf31/element/00000000-0000-0166-7fff-ffff0000002f/clear] with body: {"elementId":"00000000-0000-0166-7fff-ffff0000002f"}
[debug] &amp#27;[35m[WD Proxy]&amp#27;[39m Got response with status 200: {"sessionId":"44ba05ff-d8a8-4796-9026-76750819bf31","value":null}
[debug] &amp#27;[35m[W3C (644cb43e)]&amp#27;[39m Responding to client with driver.clear() result: null
&amp#27;[35m[HTTP]&amp#27;[39m &amp#27;[37m<-- POST /wd/hub/session/644cb43e-d672-40f5-a9b0-1fd484bb3424/element/00000000-0000-0166-7fff-ffff0000002f/clear &amp#27;[39m&amp#27;[32m200&amp#27;[39m &amp#27;[90m45 ms - 14&amp#27;[39m
&amp#27;[35m[HTTP]&amp#27;[39m &amp#27;[90m&amp#27;[39m
&amp#27;[35m[HTTP]&amp#27;[39m &amp#27;[37m-->&amp#27;[39m &amp#27;[37mGET&amp#27;[39m &amp#27;[37m/wd/hub/session/644cb43e-d672-40f5-a9b0-1fd484bb3424/context&amp#27;[39m
&amp#27;[35m[HTTP]&amp#27;[39m &amp#27;[90m{}&amp#27;[39m
[debug] &amp#27;[35m[W3C (644cb43e)]&amp#27;[39m Calling AppiumDriver.getCurrentContext() with args: ["644cb43e-d672-40f5-a9b0-1fd484bb3424"]
[debug] &amp#27;[35m[W3C (644cb43e)]&amp#27;[39m Responding to client with driver.getCurrentContext() result: "NATIVE_APP"
&amp#27;[35m[HTTP]&amp#27;[39m &amp#27;[37m<-- GET /wd/hub/session/644cb43e-d672-40f5-a9b0-1fd484bb3424/context &amp#27;[39m&amp#27;[32m200&amp#27;[39m &amp#27;[90m3 ms - 22&amp#27;[39m
&amp#27;[35m[HTTP]&amp#27;[39m &amp#27;[90m&amp#27;[39m
&amp#27;[35m[HTTP]&amp#27;[39m &amp#27;[37m-->&amp#27;[39m &amp#27;[37mPOST&amp#27;[39m &amp#27;[37m/wd/hub/session/644cb43e-d672-40f5-a9b0-1fd484bb3424/element&amp#27;[39m
&amp#27;[35m[HTTP]&amp#27;[39m &amp#27;[90m{"using":"accessibility id","value":"test-Password"}&amp#27;[39m
[debug] &amp#27;[35m[W3C (644cb43e)]&amp#27;[39m Calling AppiumDriver.findElement() with args: ["accessibility id","test-Password","644cb43e-d672-40f5-a9b0-1fd484bb3424"]
[debug] &amp#27;[35m[BaseDriver]&amp#27;[39m Valid locator strategies for this request: xpath, id, class name, accessibility id, css selector, -android uiautomator
[debug] &amp#27;[35m[BaseDriver]&amp#27;[39m Waiting up to 0 ms for condition
[debug] &amp#27;[35m[WD Proxy]&amp#27;[39m Matched '/element' to command name 'findElement'
[debug] &amp#27;[35m[WD Proxy]&amp#27;[39m Proxying [POST /element] to [POST http://127.0.0.1:10001/wd/hub/session/44ba05ff-d8a8-4796-9026-76750819bf31/element] with body: {"strategy":"accessibility id","selector":"test-Password","context":"","multiple":false}
[debug] &amp#27;[35m[ADB]&amp#27;[39m Getting IDs of all 'screenrecord' processes
[debug] &amp#27;[35m[ADB]&amp#27;[39m Running 'C:\Users\dtougov\AppData\Local\Android\Sdk\platform-tools\adb.exe -P 5037 -s CB5A29JXTK shell 'pgrep ^screenrecord$ || pgrep ^screenrecord$''
[debug] &amp#27;[35m[WD Proxy]&amp#27;[39m Got response with status 200: {"sessionId":"44ba05ff-d8a8-4796-9026-76750819bf31","value":{"ELEMENT":"00000000-0000-0166-7fff-ffff0000002f","element-6066-11e4-a52e-4f735466cecf":"00000000-0000-0166-7fff-ffff0000002f"}}
[debug] &amp#27;[35m[W3C (644cb43e)]&amp#27;[39m Responding to client with driver.findElement() result: {"element-6066-11e4-a52e-4f735466cecf":"00000000-0000-0166-7fff-ffff0000002f","ELEMENT":"00000000-0000-0166-7fff-ffff0000002f"}
&amp#27;[35m[HTTP]&amp#27;[39m &amp#27;[37m<-- POST /wd/hub/session/644cb43e-d672-40f5-a9b0-1fd484bb3424/element &amp#27;[39m&amp#27;[32m200&amp#27;[39m &amp#27;[90m531 ms - 137&amp#27;[39m
&amp#27;[35m[HTTP]&amp#27;[39m &amp#27;[90m&amp#27;[39m
&amp#27;[35m[HTTP]&amp#27;[39m &amp#27;[37m-->&amp#27;[39m &amp#27;[37mGET&amp#27;[39m &amp#27;[37m/wd/hub/session/644cb43e-d672-40f5-a9b0-1fd484bb3424/element/00000000-0000-0166-7fff-ffff0000002f/displayed&amp#27;[39m
&amp#27;[35m[HTTP]&amp#27;[39m &amp#27;[90m{}&amp#27;[39m
[debug] &amp#27;[35m[W3C (644cb43e)]&amp#27;[39m Calling AppiumDriver.elementDisplayed() with args: ["00000000-0000-0166-7fff-ffff0000002f","644cb43e-d672-40f5-a9b0-1fd484bb3424"]
[debug] &amp#27;[35m[WD Proxy]&amp#27;[39m Matched '/element/00000000-0000-0166-7fff-ffff0000002f/attribute/displayed' to command name 'getAttribute'
[debug] &amp#27;[35m[WD Proxy]&amp#27;[39m Proxying [GET /element/00000000-0000-0166-7fff-ffff0000002f/attribute/displayed] to [GET http://127.0.0.1:10001/wd/hub/session/44ba05ff-d8a8-4796-9026-76750819bf31/element/00000000-0000-0166-7fff-ffff0000002f/attribute/displayed] with no body
[debug] &amp#27;[35m[WD Proxy]&amp#27;[39m Got response with status 200: {"sessionId":"44ba05ff-d8a8-4796-9026-76750819bf31","value":"true"}
[debug] &amp#27;[35m[W3C (644cb43e)]&amp#27;[39m Responding to client with driver.elementDisplayed() result: true
&amp#27;[35m[HTTP]&amp#27;[39m &amp#27;[37m<-- GET /wd/hub/session/644cb43e-d672-40f5-a9b0-1fd484bb3424/element/00000000-0000-0166-7fff-ffff0000002f/displayed &amp#27;[39m&amp#27;[32m200&amp#27;[39m &amp#27;[90m25 ms - 14&amp#27;[39m
&amp#27;[35m[HTTP]&amp#27;[39m &amp#27;[90m&amp#27;[39m
[INFO ] 2022-08-30 16:49:11.966 BasePage:71 - password is invalidPassword
&amp#27;[35m[HTTP]&amp#27;[39m &amp#27;[37m-->&amp#27;[39m &amp#27;[37mGET&amp#27;[39m &amp#27;[37m/wd/hub/session/644cb43e-d672-40f5-a9b0-1fd484bb3424/context&amp#27;[39m
&amp#27;[35m[HTTP]&amp#27;[39m &amp#27;[90m{}&amp#27;[39m
[debug] &amp#27;[35m[W3C (644cb43e)]&amp#27;[39m Calling AppiumDriver.getCurrentContext() with args: ["644cb43e-d672-40f5-a9b0-1fd484bb3424"]
[debug] &amp#27;[35m[W3C (644cb43e)]&amp#27;[39m Responding to client with driver.getCurrentContext() result: "NATIVE_APP"
&amp#27;[35m[HTTP]&amp#27;[39m &amp#27;[37m<-- GET /wd/hub/session/644cb43e-d672-40f5-a9b0-1fd484bb3424/context &amp#27;[39m&amp#27;[32m200&amp#27;[39m &amp#27;[90m2 ms - 22&amp#27;[39m
&amp#27;[35m[HTTP]&amp#27;[39m &amp#27;[90m&amp#27;[39m
&amp#27;[35m[HTTP]&amp#27;[39m &amp#27;[37m-->&amp#27;[39m &amp#27;[37mPOST&amp#27;[39m &amp#27;[37m/wd/hub/session/644cb43e-d672-40f5-a9b0-1fd484bb3424/element&amp#27;[39m
&amp#27;[35m[HTTP]&amp#27;[39m &amp#27;[90m{"using":"accessibility id","value":"test-Password"}&amp#27;[39m
[debug] &amp#27;[35m[W3C (644cb43e)]&amp#27;[39m Calling AppiumDriver.findElement() with args: ["accessibility id","test-Password","644cb43e-d672-40f5-a9b0-1fd484bb3424"]
[debug] &amp#27;[35m[BaseDriver]&amp#27;[39m Valid locator strategies for this request: xpath, id, class name, accessibility id, css selector, -android uiautomator
[debug] &amp#27;[35m[BaseDriver]&amp#27;[39m Waiting up to 0 ms for condition
[debug] &amp#27;[35m[WD Proxy]&amp#27;[39m Matched '/element' to command name 'findElement'
[debug] &amp#27;[35m[WD Proxy]&amp#27;[39m Proxying [POST /element] to [POST http://127.0.0.1:10001/wd/hub/session/44ba05ff-d8a8-4796-9026-76750819bf31/element] with body: {"strategy":"accessibility id","selector":"test-Password","context":"","multiple":false}
[debug] &amp#27;[35m[WD Proxy]&amp#27;[39m Got response with status 200: {"sessionId":"44ba05ff-d8a8-4796-9026-76750819bf31","value":{"ELEMENT":"00000000-0000-0166-7fff-ffff0000002f","element-6066-11e4-a52e-4f735466cecf":"00000000-0000-0166-7fff-ffff0000002f"}}
[debug] &amp#27;[35m[W3C (644cb43e)]&amp#27;[39m Responding to client with driver.findElement() result: {"element-6066-11e4-a52e-4f735466cecf":"00000000-0000-0166-7fff-ffff0000002f","ELEMENT":"00000000-0000-0166-7fff-ffff0000002f"}
&amp#27;[35m[HTTP]&amp#27;[39m &amp#27;[37m<-- POST /wd/hub/session/644cb43e-d672-40f5-a9b0-1fd484bb3424/element &amp#27;[39m&amp#27;[32m200&amp#27;[39m &amp#27;[90m69 ms - 137&amp#27;[39m
&amp#27;[35m[HTTP]&amp#27;[39m &amp#27;[90m&amp#27;[39m
&amp#27;[35m[HTTP]&amp#27;[39m &amp#27;[37m-->&amp#27;[39m &amp#27;[37mPOST&amp#27;[39m &amp#27;[37m/wd/hub/session/644cb43e-d672-40f5-a9b0-1fd484bb3424/element/00000000-0000-0166-7fff-ffff0000002f/value&amp#27;[39m
&amp#27;[35m[HTTP]&amp#27;[39m &amp#27;[90m{"id":"00000000-0000-0166-7fff-ffff0000002f","text":"invalidPassword","value":["i","n","v","a","l","i","d","P","a","s","s","w","o","r","d"]}&amp#27;[39m
[debug] &amp#27;[35m[W3C (644cb43e)]&amp#27;[39m Calling AppiumDriver.setValue() with args: [["i","n","v","a","l","i","d","P","a","s","s","w","o","r","d"],"00000000-0000-0166-7fff-ffff0000002f","644cb43e-d672-40f5-a9b0-1fd484bb3424"]
[debug] &amp#27;[35m[WD Proxy]&amp#27;[39m Matched '/element/00000000-0000-0166-7fff-ffff0000002f/value' to command name 'setValue'
[debug] &amp#27;[35m[Protocol Converter]&amp#27;[39m Added 'value' property ["i","n","v","a","l","i","d","P","a","s","s","w","o","r","d"] to 'setValue' request body
[debug] &amp#27;[35m[WD Proxy]&amp#27;[39m Proxying [POST /element/00000000-0000-0166-7fff-ffff0000002f/value] to [POST http://127.0.0.1:10001/wd/hub/session/44ba05ff-d8a8-4796-9026-76750819bf31/element/00000000-0000-0166-7fff-ffff0000002f/value] with body: {"elementId":"00000000-0000-0166-7fff-ffff0000002f","text":"invalidPassword","replace":false,"value":["i","n","v","a","l","i","d","P","a","s","s","w","o","r","d"]}
[debug] &amp#27;[35m[WD Proxy]&amp#27;[39m Got response with status 200: {"sessionId":"44ba05ff-d8a8-4796-9026-76750819bf31","value":null}
[debug] &amp#27;[35m[W3C (644cb43e)]&amp#27;[39m Responding to client with driver.setValue() result: null
&amp#27;[35m[HTTP]&amp#27;[39m &amp#27;[37m<-- POST /wd/hub/session/644cb43e-d672-40f5-a9b0-1fd484bb3424/element/00000000-0000-0166-7fff-ffff0000002f/value &amp#27;[39m&amp#27;[32m200&amp#27;[39m &amp#27;[90m45 ms - 14&amp#27;[39m
  And I enter password as "invalidPassword"                                                           # com.qa.stepdef.LoginStepDef.iEnterPasswordAs(java.lang.String)
&amp#27;[35m[HTTP]&amp#27;[39m &amp#27;[90m&amp#27;[39m
&amp#27;[35m[HTTP]&amp#27;[39m &amp#27;[37m-->&amp#27;[39m &amp#27;[37mGET&amp#27;[39m &amp#27;[37m/wd/hub/session/644cb43e-d672-40f5-a9b0-1fd484bb3424/context&amp#27;[39m
&amp#27;[35m[HTTP]&amp#27;[39m &amp#27;[90m{}&amp#27;[39m
[debug] &amp#27;[35m[W3C (644cb43e)]&amp#27;[39m Calling AppiumDriver.getCurrentContext() with args: ["644cb43e-d672-40f5-a9b0-1fd484bb3424"]
[debug] &amp#27;[35m[W3C (644cb43e)]&amp#27;[39m Responding to client with driver.getCurrentContext() result: "NATIVE_APP"
&amp#27;[35m[HTTP]&amp#27;[39m &amp#27;[37m<-- GET /wd/hub/session/644cb43e-d672-40f5-a9b0-1fd484bb3424/context &amp#27;[39m&amp#27;[32m200&amp#27;[39m &amp#27;[90m2 ms - 22&amp#27;[39m
&amp#27;[35m[HTTP]&amp#27;[39m &amp#27;[90m&amp#27;[39m
&amp#27;[35m[HTTP]&amp#27;[39m &amp#27;[37m-->&amp#27;[39m &amp#27;[37mPOST&amp#27;[39m &amp#27;[37m/wd/hub/session/644cb43e-d672-40f5-a9b0-1fd484bb3424/element&amp#27;[39m
&amp#27;[35m[HTTP]&amp#27;[39m &amp#27;[90m{"using":"accessibility id","value":"test-LOGIN"}&amp#27;[39m
[debug] &amp#27;[35m[W3C (644cb43e)]&amp#27;[39m Calling AppiumDriver.findElement() with args: ["accessibility id","test-LOGIN","644cb43e-d672-40f5-a9b0-1fd484bb3424"]
[debug] &amp#27;[35m[BaseDriver]&amp#27;[39m Valid locator strategies for this request: xpath, id, class name, accessibility id, css selector, -android uiautomator
[debug] &amp#27;[35m[BaseDriver]&amp#27;[39m Waiting up to 0 ms for condition
[debug] &amp#27;[35m[WD Proxy]&amp#27;[39m Matched '/element' to command name 'findElement'
[debug] &amp#27;[35m[WD Proxy]&amp#27;[39m Proxying [POST /element] to [POST http://127.0.0.1:10001/wd/hub/session/44ba05ff-d8a8-4796-9026-76750819bf31/element] with body: {"strategy":"accessibility id","selector":"test-LOGIN","context":"","multiple":false}
[debug] &amp#27;[35m[ADB]&amp#27;[39m Getting IDs of all 'screenrecord' processes
[debug] &amp#27;[35m[ADB]&amp#27;[39m Running 'C:\Users\dtougov\AppData\Local\Android\Sdk\platform-tools\adb.exe -P 5037 -s CB5A29JXTK shell 'pgrep ^screenrecord$ || pgrep ^screenrecord$''
[debug] &amp#27;[35m[WD Proxy]&amp#27;[39m Got response with status 200: {"sessionId":"44ba05ff-d8a8-4796-9026-76750819bf31","value":{"ELEMENT":"00000000-0000-0166-7fff-ffff0000002b","element-6066-11e4-a52e-4f735466cecf":"00000000-0000-0166-7fff-ffff0000002b"}}
[debug] &amp#27;[35m[W3C (644cb43e)]&amp#27;[39m Responding to client with driver.findElement() result: {"element-6066-11e4-a52e-4f735466cecf":"00000000-0000-0166-7fff-ffff0000002b","ELEMENT":"00000000-0000-0166-7fff-ffff0000002b"}
&amp#27;[35m[HTTP]&amp#27;[39m &amp#27;[37m<-- POST /wd/hub/session/644cb43e-d672-40f5-a9b0-1fd484bb3424/element &amp#27;[39m&amp#27;[32m200&amp#27;[39m &amp#27;[90m554 ms - 137&amp#27;[39m
&amp#27;[35m[HTTP]&amp#27;[39m &amp#27;[90m&amp#27;[39m
&amp#27;[35m[HTTP]&amp#27;[39m &amp#27;[37m-->&amp#27;[39m &amp#27;[37mGET&amp#27;[39m &amp#27;[37m/wd/hub/session/644cb43e-d672-40f5-a9b0-1fd484bb3424/element/00000000-0000-0166-7fff-ffff0000002b/displayed&amp#27;[39m
&amp#27;[35m[HTTP]&amp#27;[39m &amp#27;[90m{}&amp#27;[39m
[debug] &amp#27;[35m[W3C (644cb43e)]&amp#27;[39m Calling AppiumDriver.elementDisplayed() with args: ["00000000-0000-0166-7fff-ffff0000002b","644cb43e-d672-40f5-a9b0-1fd484bb3424"]
[debug] &amp#27;[35m[WD Proxy]&amp#27;[39m Matched '/element/00000000-0000-0166-7fff-ffff0000002b/attribute/displayed' to command name 'getAttribute'
[debug] &amp#27;[35m[WD Proxy]&amp#27;[39m Proxying [GET /element/00000000-0000-0166-7fff-ffff0000002b/attribute/displayed] to [GET http://127.0.0.1:10001/wd/hub/session/44ba05ff-d8a8-4796-9026-76750819bf31/element/00000000-0000-0166-7fff-ffff0000002b/attribute/displayed] with no body
[debug] &amp#27;[35m[WD Proxy]&amp#27;[39m Got response with status 200: {"sessionId":"44ba05ff-d8a8-4796-9026-76750819bf31","value":"true"}
[debug] &amp#27;[35m[W3C (644cb43e)]&amp#27;[39m Responding to client with driver.elementDisplayed() result: true
&amp#27;[35m[HTTP]&amp#27;[39m &amp#27;[37m<-- GET /wd/hub/session/644cb43e-d672-40f5-a9b0-1fd484bb3424/element/00000000-0000-0166-7fff-ffff0000002b/displayed &amp#27;[39m&amp#27;[32m200&amp#27;[39m &amp#27;[90m24 ms - 14&amp#27;[39m
&amp#27;[35m[HTTP]&amp#27;[39m &amp#27;[90m&amp#27;[39m
[INFO ] 2022-08-30 16:49:12.713 BasePage:54 - press login button
&amp#27;[35m[HTTP]&amp#27;[39m &amp#27;[37m-->&amp#27;[39m &amp#27;[37mGET&amp#27;[39m &amp#27;[37m/wd/hub/session/644cb43e-d672-40f5-a9b0-1fd484bb3424/context&amp#27;[39m
&amp#27;[35m[HTTP]&amp#27;[39m &amp#27;[90m{}&amp#27;[39m
[debug] &amp#27;[35m[W3C (644cb43e)]&amp#27;[39m Calling AppiumDriver.getCurrentContext() with args: ["644cb43e-d672-40f5-a9b0-1fd484bb3424"]
[debug] &amp#27;[35m[W3C (644cb43e)]&amp#27;[39m Responding to client with driver.getCurrentContext() result: "NATIVE_APP"
&amp#27;[35m[HTTP]&amp#27;[39m &amp#27;[37m<-- GET /wd/hub/session/644cb43e-d672-40f5-a9b0-1fd484bb3424/context &amp#27;[39m&amp#27;[32m200&amp#27;[39m &amp#27;[90m2 ms - 22&amp#27;[39m
&amp#27;[35m[HTTP]&amp#27;[39m &amp#27;[90m&amp#27;[39m
&amp#27;[35m[HTTP]&amp#27;[39m &amp#27;[37m-->&amp#27;[39m &amp#27;[37mPOST&amp#27;[39m &amp#27;[37m/wd/hub/session/644cb43e-d672-40f5-a9b0-1fd484bb3424/element&amp#27;[39m
&amp#27;[35m[HTTP]&amp#27;[39m &amp#27;[90m{"using":"accessibility id","value":"test-LOGIN"}&amp#27;[39m
[debug] &amp#27;[35m[W3C (644cb43e)]&amp#27;[39m Calling AppiumDriver.findElement() with args: ["accessibility id","test-LOGIN","644cb43e-d672-40f5-a9b0-1fd484bb3424"]
[debug] &amp#27;[35m[BaseDriver]&amp#27;[39m Valid locator strategies for this request: xpath, id, class name, accessibility id, css selector, -android uiautomator
[debug] &amp#27;[35m[BaseDriver]&amp#27;[39m Waiting up to 0 ms for condition
[debug] &amp#27;[35m[WD Proxy]&amp#27;[39m Matched '/element' to command name 'findElement'
[debug] &amp#27;[35m[WD Proxy]&amp#27;[39m Proxying [POST /element] to [POST http://127.0.0.1:10001/wd/hub/session/44ba05ff-d8a8-4796-9026-76750819bf31/element] with body: {"strategy":"accessibility id","selector":"test-LOGIN","context":"","multiple":false}
[debug] &amp#27;[35m[WD Proxy]&amp#27;[39m Got response with status 200: {"sessionId":"44ba05ff-d8a8-4796-9026-76750819bf31","value":{"ELEMENT":"00000000-0000-0166-7fff-ffff0000002b","element-6066-11e4-a52e-4f735466cecf":"00000000-0000-0166-7fff-ffff0000002b"}}
[debug] &amp#27;[35m[W3C (644cb43e)]&amp#27;[39m Responding to client with driver.findElement() result: {"element-6066-11e4-a52e-4f735466cecf":"00000000-0000-0166-7fff-ffff0000002b","ELEMENT":"00000000-0000-0166-7fff-ffff0000002b"}
&amp#27;[35m[HTTP]&amp#27;[39m &amp#27;[37m<-- POST /wd/hub/session/644cb43e-d672-40f5-a9b0-1fd484bb3424/element &amp#27;[39m&amp#27;[32m200&amp#27;[39m &amp#27;[90m80 ms - 137&amp#27;[39m
&amp#27;[35m[HTTP]&amp#27;[39m &amp#27;[90m&amp#27;[39m
&amp#27;[35m[HTTP]&amp#27;[39m &amp#27;[37m-->&amp#27;[39m &amp#27;[37mPOST&amp#27;[39m &amp#27;[37m/wd/hub/session/644cb43e-d672-40f5-a9b0-1fd484bb3424/element/00000000-0000-0166-7fff-ffff0000002b/click&amp#27;[39m
&amp#27;[35m[HTTP]&amp#27;[39m &amp#27;[90m{"id":"00000000-0000-0166-7fff-ffff0000002b"}&amp#27;[39m
[debug] &amp#27;[35m[W3C (644cb43e)]&amp#27;[39m Calling AppiumDriver.click() with args: ["00000000-0000-0166-7fff-ffff0000002b","644cb43e-d672-40f5-a9b0-1fd484bb3424"]
[debug] &amp#27;[35m[WD Proxy]&amp#27;[39m Matched '/element/00000000-0000-0166-7fff-ffff0000002b/click' to command name 'click'
[debug] &amp#27;[35m[WD Proxy]&amp#27;[39m Proxying [POST /element/00000000-0000-0166-7fff-ffff0000002b/click] to [POST http://127.0.0.1:10001/wd/hub/session/44ba05ff-d8a8-4796-9026-76750819bf31/element/00000000-0000-0166-7fff-ffff0000002b/click] with body: {"element":"00000000-0000-0166-7fff-ffff0000002b"}
[debug] &amp#27;[35m[WD Proxy]&amp#27;[39m Got response with status 200: {"sessionId":"44ba05ff-d8a8-4796-9026-76750819bf31","value":null}
[debug] &amp#27;[35m[W3C (644cb43e)]&amp#27;[39m Responding to client with driver.click() result: null
&amp#27;[35m[HTTP]&amp#27;[39m &amp#27;[37m<-- POST /wd/hub/session/644cb43e-d672-40f5-a9b0-1fd484bb3424/element/00000000-0000-0166-7fff-ffff0000002b/click &amp#27;[39m&amp#27;[32m200&amp#27;[39m &amp#27;[90m45 ms - 14&amp#27;[39m
&amp#27;[35m[HTTP]&amp#27;[39m &amp#27;[90m&amp#27;[39m
  And I login                                                                                         # com.qa.stepdef.LoginStepDef.iLogin()
&amp#27;[35m[HTTP]&amp#27;[39m &amp#27;[37m-->&amp#27;[39m &amp#27;[37mGET&amp#27;[39m &amp#27;[37m/wd/hub/session/644cb43e-d672-40f5-a9b0-1fd484bb3424/context&amp#27;[39m
&amp#27;[35m[HTTP]&amp#27;[39m &amp#27;[90m{}&amp#27;[39m
[debug] &amp#27;[35m[W3C (644cb43e)]&amp#27;[39m Calling AppiumDriver.getCurrentContext() with args: ["644cb43e-d672-40f5-a9b0-1fd484bb3424"]
[debug] &amp#27;[35m[W3C (644cb43e)]&amp#27;[39m Responding to client with driver.getCurrentContext() result: "NATIVE_APP"
&amp#27;[35m[HTTP]&amp#27;[39m &amp#27;[37m<-- GET /wd/hub/session/644cb43e-d672-40f5-a9b0-1fd484bb3424/context &amp#27;[39m&amp#27;[32m200&amp#27;[39m &amp#27;[90m2 ms - 22&amp#27;[39m
&amp#27;[35m[HTTP]&amp#27;[39m &amp#27;[90m&amp#27;[39m
&amp#27;[35m[HTTP]&amp#27;[39m &amp#27;[37m-->&amp#27;[39m &amp#27;[37mPOST&amp#27;[39m &amp#27;[37m/wd/hub/session/644cb43e-d672-40f5-a9b0-1fd484bb3424/element&amp#27;[39m
&amp#27;[35m[HTTP]&amp#27;[39m &amp#27;[90m{"using":"xpath","value":"//android.view.ViewGroup[@content-desc=\"test-Error message\"]/android.widget.TextView"}&amp#27;[39m
[debug] &amp#27;[35m[W3C (644cb43e)]&amp#27;[39m Calling AppiumDriver.findElement() with args: ["xpath","//android.view.ViewGroup[@content-desc=\"test-Error message\"]/android.widget.TextView","644cb43e-d672-40f5-a9b0-1fd484bb3424"]
[debug] &amp#27;[35m[BaseDriver]&amp#27;[39m Valid locator strategies for this request: xpath, id, class name, accessibility id, css selector, -android uiautomator
[debug] &amp#27;[35m[BaseDriver]&amp#27;[39m Waiting up to 0 ms for condition
[debug] &amp#27;[35m[WD Proxy]&amp#27;[39m Matched '/element' to command name 'findElement'
[debug] &amp#27;[35m[WD Proxy]&amp#27;[39m Proxying [POST /element] to [POST http://127.0.0.1:10001/wd/hub/session/44ba05ff-d8a8-4796-9026-76750819bf31/element] with body: {"strategy":"xpath","selector":"//android.view.ViewGroup[@content-desc=\"test-Error message\"]/android.widget.TextView","context":"","multiple":false}
[debug] &amp#27;[35m[WD Proxy]&amp#27;[39m Got response with status 200: {"sessionId":"44ba05ff-d8a8-4796-9026-76750819bf31","value":{"ELEMENT":"00000000-0000-0166-7fff-ffff0000003f","element-6066-11e4-a52e-4f735466cecf":"00000000-0000-0166-7fff-ffff0000003f"}}
[debug] &amp#27;[35m[W3C (644cb43e)]&amp#27;[39m Responding to client with driver.findElement() result: {"element-6066-11e4-a52e-4f735466cecf":"00000000-0000-0166-7fff-ffff0000003f","ELEMENT":"00000000-0000-0166-7fff-ffff0000003f"}
&amp#27;[35m[HTTP]&amp#27;[39m &amp#27;[37m<-- POST /wd/hub/session/644cb43e-d672-40f5-a9b0-1fd484bb3424/element &amp#27;[39m&amp#27;[32m200&amp#27;[39m &amp#27;[90m127 ms - 137&amp#27;[39m
&amp#27;[35m[HTTP]&amp#27;[39m &amp#27;[90m&amp#27;[39m
&amp#27;[35m[HTTP]&amp#27;[39m &amp#27;[37m-->&amp#27;[39m &amp#27;[37mGET&amp#27;[39m &amp#27;[37m/wd/hub/session/644cb43e-d672-40f5-a9b0-1fd484bb3424/element/00000000-0000-0166-7fff-ffff0000003f/displayed&amp#27;[39m
&amp#27;[35m[HTTP]&amp#27;[39m &amp#27;[90m{}&amp#27;[39m
[debug] &amp#27;[35m[W3C (644cb43e)]&amp#27;[39m Calling AppiumDriver.elementDisplayed() with args: ["00000000-0000-0166-7fff-ffff0000003f","644cb43e-d672-40f5-a9b0-1fd484bb3424"]
[debug] &amp#27;[35m[WD Proxy]&amp#27;[39m Matched '/element/00000000-0000-0166-7fff-ffff0000003f/attribute/displayed' to command name 'getAttribute'
[debug] &amp#27;[35m[WD Proxy]&amp#27;[39m Proxying [GET /element/00000000-0000-0166-7fff-ffff0000003f/attribute/displayed] to [GET http://127.0.0.1:10001/wd/hub/session/44ba05ff-d8a8-4796-9026-76750819bf31/element/00000000-0000-0166-7fff-ffff0000003f/attribute/displayed] with no body
[debug] &amp#27;[35m[WD Proxy]&amp#27;[39m Got response with status 200: {"sessionId":"44ba05ff-d8a8-4796-9026-76750819bf31","value":"true"}
[debug] &amp#27;[35m[W3C (644cb43e)]&amp#27;[39m Responding to client with driver.elementDisplayed() result: true
&amp#27;[35m[HTTP]&amp#27;[39m &amp#27;[37m<-- GET /wd/hub/session/644cb43e-d672-40f5-a9b0-1fd484bb3424/element/00000000-0000-0166-7fff-ffff0000003f/displayed &amp#27;[39m&amp#27;[32m200&amp#27;[39m &amp#27;[90m61 ms - 14&amp#27;[39m
&amp#27;[35m[HTTP]&amp#27;[39m &amp#27;[90m&amp#27;[39m
&amp#27;[35m[HTTP]&amp#27;[39m &amp#27;[37m-->&amp#27;[39m &amp#27;[37mGET&amp#27;[39m &amp#27;[37m/wd/hub/session/644cb43e-d672-40f5-a9b0-1fd484bb3424/context&amp#27;[39m
&amp#27;[35m[HTTP]&amp#27;[39m &amp#27;[90m{}&amp#27;[39m
[debug] &amp#27;[35m[W3C (644cb43e)]&amp#27;[39m Calling AppiumDriver.getCurrentContext() with args: ["644cb43e-d672-40f5-a9b0-1fd484bb3424"]
[debug] &amp#27;[35m[W3C (644cb43e)]&amp#27;[39m Responding to client with driver.getCurrentContext() result: "NATIVE_APP"
&amp#27;[35m[HTTP]&amp#27;[39m &amp#27;[37m<-- GET /wd/hub/session/644cb43e-d672-40f5-a9b0-1fd484bb3424/context &amp#27;[39m&amp#27;[32m200&amp#27;[39m &amp#27;[90m3 ms - 22&amp#27;[39m
&amp#27;[35m[HTTP]&amp#27;[39m &amp#27;[90m&amp#27;[39m
&amp#27;[35m[HTTP]&amp#27;[39m &amp#27;[37m-->&amp#27;[39m &amp#27;[37mPOST&amp#27;[39m &amp#27;[37m/wd/hub/session/644cb43e-d672-40f5-a9b0-1fd484bb3424/element&amp#27;[39m
&amp#27;[35m[HTTP]&amp#27;[39m &amp#27;[90m{"using":"xpath","value":"//android.view.ViewGroup[@content-desc=\"test-Error message\"]/android.widget.TextView"}&amp#27;[39m
[debug] &amp#27;[35m[W3C (644cb43e)]&amp#27;[39m Calling AppiumDriver.findElement() with args: ["xpath","//android.view.ViewGroup[@content-desc=\"test-Error message\"]/android.widget.TextView","644cb43e-d672-40f5-a9b0-1fd484bb3424"]
[debug] &amp#27;[35m[BaseDriver]&amp#27;[39m Valid locator strategies for this request: xpath, id, class name, accessibility id, css selector, -android uiautomator
[debug] &amp#27;[35m[BaseDriver]&amp#27;[39m Waiting up to 0 ms for condition
[debug] &amp#27;[35m[WD Proxy]&amp#27;[39m Matched '/element' to command name 'findElement'
[debug] &amp#27;[35m[WD Proxy]&amp#27;[39m Proxying [POST /element] to [POST http://127.0.0.1:10001/wd/hub/session/44ba05ff-d8a8-4796-9026-76750819bf31/element] with body: {"strategy":"xpath","selector":"//android.view.ViewGroup[@content-desc=\"test-Error message\"]/android.widget.TextView","context":"","multiple":false}
[debug] &amp#27;[35m[WD Proxy]&amp#27;[39m Got response with status 200: {"sessionId":"44ba05ff-d8a8-4796-9026-76750819bf31","value":{"ELEMENT":"00000000-0000-0166-7fff-ffff0000003f","element-6066-11e4-a52e-4f735466cecf":"00000000-0000-0166-7fff-ffff0000003f"}}
[debug] &amp#27;[35m[W3C (644cb43e)]&amp#27;[39m Responding to client with driver.findElement() result: {"element-6066-11e4-a52e-4f735466cecf":"00000000-0000-0166-7fff-ffff0000003f","ELEMENT":"00000000-0000-0166-7fff-ffff0000003f"}
&amp#27;[35m[HTTP]&amp#27;[39m &amp#27;[37m<-- POST /wd/hub/session/644cb43e-d672-40f5-a9b0-1fd484bb3424/element &amp#27;[39m&amp#27;[32m200&amp#27;[39m &amp#27;[90m250 ms - 137&amp#27;[39m
&amp#27;[35m[HTTP]&amp#27;[39m &amp#27;[90m&amp#27;[39m
&amp#27;[35m[HTTP]&amp#27;[39m &amp#27;[37m-->&amp#27;[39m &amp#27;[37mGET&amp#27;[39m &amp#27;[37m/wd/hub/session/644cb43e-d672-40f5-a9b0-1fd484bb3424/element/00000000-0000-0166-7fff-ffff0000003f/attribute/text&amp#27;[39m
&amp#27;[35m[HTTP]&amp#27;[39m &amp#27;[90m{}&amp#27;[39m
[debug] &amp#27;[35m[W3C (644cb43e)]&amp#27;[39m Calling AppiumDriver.getAttribute() with args: ["text","00000000-0000-0166-7fff-ffff0000003f","644cb43e-d672-40f5-a9b0-1fd484bb3424"]
[debug] &amp#27;[35m[WD Proxy]&amp#27;[39m Matched '/element/00000000-0000-0166-7fff-ffff0000003f/attribute/text' to command name 'getAttribute'
[debug] &amp#27;[35m[WD Proxy]&amp#27;[39m Proxying [GET /element[debug] &amp#27;[35m[ADB]&amp#27;[39m Getting IDs of all 'screenrecord' processes
[debug] &amp#27;[35m[ADB]&amp#27;[39m Running 'C:\Users\dtougov\AppData\Local\Android\Sdk\platform-/too0l0s00\00a0d0b-.0e0x0e0 --0P1 665-073f7f f--sf fCfBf500A020900J3XfT/aKt trsihbuetlel/ te'xptg]r teop  [^GsEcTr ehetnrtepco:r/d$/ 1||2 7p.g0r.e0p. ^1s:c1r00e0e1n/rwedc/ohrubd/$'s'es
sion/44ba05ff-d8a8-4796-9026-76750819bf31/element/00000000-0000-0166-7fff-ffff0000003f/attribute/text] with no body
[debug] &amp#27;[35m[WD Proxy]&amp#27;[39m Got response with status 200: {"sessionId":"44ba05ff-d8a8-4796-9026-76750819bf31","value":"Username and password do not match any user in this service."}
[debug] &amp#27;[35m[W3C (644cb43e)]&amp#27;[39m Responding to client with driver.getAttribute() result: "Username and password do not match any user in this service."
&amp#27;[35m[HTTP]&amp#27;[39m &amp#27;[37m<-- GET /wd/hub/session/644cb43e-d672-40f5-a9b0-1fd484bb3424/element/00000000-0000-0166-7fff-ffff0000003f/attribute/text &amp#27;[39m&amp#27;[32m200&amp#27;[39m &amp#27;[90m104 ms - 72&amp#27;[39m
&amp#27;[35m[HTTP]&amp#27;[39m &amp#27;[90m&amp#27;[39m
[INFO ] 2022-08-30 16:49:13.458 BasePage:97 - error text is - Username and password do not match any user in this service.
  Then login should fail with an error "Username and password do not match any user in this service." # com.qa.stepdef.LoginStepDef.loginShouldFailWithAnError(java.lang.String)
&amp#27;[35m[HTTP]&amp#27;[39m &amp#27;[37m-->&amp#27;[39m &amp#27;[37mPOST&amp#27;[39m &amp#27;[37m/wd/hub/session/644cb43e-d672-40f5-a9b0-1fd484bb3424/appium/stop_recording_screen&amp#27;[39m
&amp#27;[35m[HTTP]&amp#27;[39m &amp#27;[90m{}&amp#27;[39m
[debug] &amp#27;[35m[W3C (644cb43e)]&amp#27;[39m Calling AppiumDriver.stopRecordingScreen() with args: [null,"644cb43e-d672-40f5-a9b0-1fd484bb3424"]
[debug] &amp#27;[35m[ADB]&amp#27;[39m Getting IDs of all 'screenrecord' processes
[debug] &amp#27;[35m[ADB]&amp#27;[39m Running 'C:\Users\dtougov\AppData\Local\Android\Sdk\platform-tools\adb.exe -P 5037 -s 4100d1bde4b1a193 shell pgrep -f \(\[\[:blank:\]\]\|\^\)screenrecord\(\[\[:blank:\]\]\|\$\)'
[debug] &amp#27;[35m[ADB]&amp#27;[39m Running 'C:\Users\dtougov\AppData\Local\Android\Sdk\platform-tools\adb.exe -P 5037 -s CB5A29JXTK pull /sdcard/0823b538.mp4 C:\Users\dtougov\AppData\Local\Temp\2022730-7696-ystwfd.qilfd\0823b538.mp4'
[debug] &amp#27;[35m[ADB]&amp#27;[39m Running 'C:\Users\dtougov\AppData\Local\Android\Sdk\platform-tools\adb.exe -P 5037 -s 4100d1bde4b1a193 shell kill -2 22839'
[debug] &amp#27;[35m[ADB]&amp#27;[39m Getting IDs of all 'screenrecord' processes
[debug] &amp#27;[35m[ADB]&amp#27;[39m Running 'C:\Users\dtougov\AppData\Local\Android\Sdk\platform-tools\adb.exe -P 5037 -s 4100d1bde4b1a193 shell pgrep -f \(\[\[:blank:\]\]\|\^\)screenrecord\(\[\[:blank:\]\]\|\$\)'
[debug] &amp#27;[35m[ADB]&amp#27;[39m Running 'C:\Users\dtougov\AppData\Local\Android\Sdk\platform-tools\adb.exe -P 5037 -s CB5A29JXTK shell rm -rf /sdcard/0823b538.mp4'
[debug] &amp#27;[35m[AndroidDriver]&amp#27;[39m The size of the resulting screen recording is 526.36 KB
[debug] &amp#27;[35m[W3C (ee0e5569)]&amp#27;[39m Responding to client with driver.stopRecordingScreen() result: "AAAAGGZ0eXBtcDQyAAAAAGlzb21tcDQyAAAAAW1kYXQAAAAAAAgyDQAAKglluEDxMUBtf//ugQ+CAB5Nr/7j1QV5VtTpHBWM+58CYrau1tbW1tbW1tbW1tbW1tbW1tbW1tbW1tbW1tbW1tbW1j1//8utQ7libtbW1tbW1//8aBDwFp5UNI//+qCvGmig8Dc5ba///oEPgBi7mZgQv/ivwryBT8qNvdra2tra2trHqAj3z8//7YQwEzdvz/22/a2tra2tra2tPT/ll4eFI6CrLCjZwNWCI53CgHaHTQLOrtfzn/wT+/4Ex3B6cP/8JxgFXFZkp3xqMEk9P/38DmwpwDceqFJZJ6ffR8XPP88gqCR7AWeun8omW14yc/+7hP8ZwMHKiqDBKhxH5+Af/4ehEN5spSDT/8uMtjPBAIzbWCR7sHu9EYrOH9x/H+glAoA8mJZ7+g/85n3DkeBXO5fmSDaw36UuxRlKp6enp6enp6enp6enp6enp6enp6enp6f//4sEPAIVWaj6a9XvyENQ+QE0CNzAQncPogDyhBzgAxe2MwM3vonvxv6scP/6CXh+A6Q0TKgH668guC1K/qviAFTOyCdRB/9gJ7HRggQxQf/t9eWff/+PJ+xngTE9TIE3620QYnFFENJ//X65zMgV1AiV8zciCfwEuV+CYvtIeo20f/W3tthDf/wJFOuf/8n8wqwpgF8+mAJHeRVDGW5cHwDHLo67v+97++IhfiwIRKcy4ywEaLFcHKeoEjlAOKgPTkrU7f/n9dP1rR8Afv1R7XwOcnO4KOZfVa6gqKp+7BHEfHZNAhVcAQRl7UZ0FJ//D/gw/50z+P+GFhOlBltTgdBdkEh/xshmk8c4CPfPz//P13LhD+xOFyu1NPp9P/9yc4AwrBI92JwJwFnEhMttIC2Vh6Cw2p3//H4Egr1JeASOjoAAbscRjTiEm/8H1PQVte+jwscklYUgL7BCDraSOlqwz/+v7BBCbfDecj9bdQzeVlAf+EjzZyZ8GCXo...
&amp#27;[35m[HTTP]&amp#27;[39m &amp#27;[37m<-- POST /wd/hub/session/ee0e5569-3cfd-4739-96df-73f2565751c2/appium/stop_recording_screen &amp#27;[39m&amp#27;[32m200&amp#27;[39m &amp#27;[90m6158 ms - 718672&amp#27;[39m
&amp#27;[35m[HTTP]&amp#27;[39m &amp#27;[90m&amp#27;[39m
[INFO ] 2022-08-30 16:49:14.500 VideoManager:35 - video path: Android_sony\Videos\Login with invalid user name.mp4
]]></system-out>
  </testcase>
  <testcase name="scenario[&quot;Login with invalid password&quot;, &quot;Optional[Login scenarios]&quot;](2)" classname="com.qa.runners.SonyTestNGRunnerTest" time="8.847">
    <system-out><![CDATA[
@test1
Scenario Outline: Login with valid user name and password # src/test/resources/Login.feature:31
&amp#27;[35m[HTTP]&amp#27;[39m &amp#27;[37m-->&amp#27;[39m &amp#27;[37mPOST&amp#27;[39m &amp#27;[37m/wd/hub/session/644cb43e-d672-40f5-a9b0-1fd484bb3424/appium/start_recording_screen&amp#27;[39m
&amp#27;[35m[HTTP]&amp#27;[39m &amp#27;[90m{}&amp#27;[39m
[debug] &amp#27;[35m[W3C (644cb43e)]&amp#27;[39m Calling AppiumDriver.startRecordingScreen() with args: [null,"644cb43e-d672-40f5-a9b0-1fd484bb3424"]
[debug] &amp#27;[35m[ADB]&amp#27;[39m Getting IDs of all 'screenrecord' processes
[debug] &amp#27;[35m[ADB]&amp#27;[39m Running 'C:\Users\dtougov\AppData\Local\Android\Sdk\platform-tools\adb.exe -P 5037 -s 4100d1bde4b1a193 shell pgrep -f \(\[\[:blank:\]\]\|\^\)screenrecord\(\[\[:blank:\]\]\|\$\)'
[debug] &amp#27;[35m[W3C (ee0e5569)]&amp#27;[39m Responding to client with driver.startRecordingScreen() result: ""
&amp#27;[35m[HTTP]&amp#27;[39m &amp#27;[37m<-- POST /wd/hub/session/ee0e5569-3cfd-4739-96df-73f2565751c2/appium/start_recording_screen &amp#27;[39m&amp#27;[32m200&amp#27;[39m &amp#27;[90m1270 ms - 12&amp#27;[39m
&amp#27;[35m[HTTP]&amp#27;[39m &amp#27;[90m&amp#27;[39m
&amp#27;[35m[HTTP]&amp#27;[39m &amp#27;[37m-->&amp#27;[39m &amp#27;[37mGET&amp#27;[39m &amp#27;[37m/wd/hub/session/ee0e5569-3cfd-4739-96df-73f2565751c2/context&amp#27;[39m
&amp#27;[35m[HTTP]&amp#27;[39m &amp#27;[90m{}&amp#27;[39m
[debug] &amp#27;[35m[W3C (ee0e5569)]&amp#27;[39m Calling AppiumDriver.getCurrentContext() with args: ["ee0e5569-3cfd-4739-96df-73f2565751c2"]
[debug] &amp#27;[35m[W3C (ee0e5569)]&amp#27;[39m Responding to client with driver.getCurrentContext() result: "NATIVE_APP"
&amp#27;[35m[HTTP]&amp#27;[39m &amp#27;[37m<-- GET /wd/hub/session/ee0e5569-3cfd-4739-96df-73f2565751c2/context &amp#27;[39m&amp#27;[32m200&amp#27;[39m &amp#27;[90m2 ms - 22&amp#27;[39m
&amp#27;[35m[HTTP]&amp#27;[39m &amp#27;[90m&amp#27;[39m
&amp#27;[35m[HTTP]&amp#27;[39m &amp#27;[37m-->&amp#27;[39m &amp#27;[37mPOST&amp#27;[39m &amp#27;[37m/wd/hub/session/ee0e5569-3cfd-4739-96df-73f2565751c2/element&amp#27;[39m
&amp#27;[35m[HTTP]&amp#27;[39m &amp#27;[90m{"using":"accessibility id","value":"test-Username"}&amp#27;[39m
[debug] &amp#27;[35m[W3C (ee0e5569)]&amp#27;[39m Calling AppiumDriver.findElement() with args: ["accessibility id","test-Username","ee0e5569-3cfd-4739-96df-73f2565751c2"]
[debug] &amp#27;[35m[BaseDriver]&amp#27;[39m Valid locator strategies for this request: xpath, id, class name, accessibility id, css selector, -android uiautomator
[debug] &amp#27;[35m[BaseDriver]&amp#27;[39m Waiting up to 0 ms for condition
[debug] &amp#27;[35m[WD Proxy]&amp#27;[39m Matched '/element' to command name 'findElement'
[debug] &amp#27;[35m[WD Proxy]&amp#27;[39m Proxying [POST /element] to [POST http://127.0.0.1:10000/wd/hub/session/21df9c7c-7d36-4b62-bb40-31691f012b3b/element] with body: {"strategy":"accessibility id","selector":"test-Username","context":"","multiple":false}
[debug] &amp#27;[35m[WD Proxy]&amp#27;[39m Got response with status 200: {"sessionId":"21df9c7c-7d36-4b62-bb40-31691f012b3b","value":{"ELEMENT":"00000000-0000-036c-7fff-ffff0000002f","element-6066-11e4-a52e-4f735466cecf":"00000000-0000-036c-7fff-ffff0000002f"}}
[debug] &amp#27;[35m[W3C (ee0e5569)]&amp#27;[39m Responding to client with driver.findElement() result: {"element-6066-11e4-a52e-4f735466cecf":"00000000-0000-036c-7fff-ffff0000002f","ELEMENT":"00000000-0000-036c-7fff-ffff0000002f"}
&amp#27;[35m[HTTP]&amp#27;[39m &amp#27;[37m<-- POST /wd/hub/session/ee0e5569-3cfd-4739-96df-73f2565751c2/element &amp#27;[39m&amp#27;[32m200&amp#27;[39m &amp#27;[90m107 ms - 137&amp#27;[39m
&amp#27;[35m[HTTP]&amp#27;[39m &amp#27;[90m&amp#27;[39m
&amp#27;[35m[HTTP]&amp#27;[39m &amp#27;[37m-->&amp#27;[39m &amp#27;[37mGET&amp#27;[39m &amp#27;[37m/wd/hub/session/ee0e5569-3cfd-4739-96df-73f2565751c2/element/00000000-0000-036c-7fff-ffff0000002f/displayed&amp#27;[39m
&amp#27;[35m[HTTP]&amp#27;[39m &amp#27;[90m{}&amp#27;[39m
[debug] &amp#27;[35m[W3C (ee0e5569)]&amp#27;[39m Calling AppiumDriver.elementDisplayed() with args: ["00000000-0000-036c-7fff-ffff0000002f","ee0e5569-3cfd-4739-96df-73f2565751c2"]
[debug] &amp#27;[35m[WD Proxy]&amp#27;[39m Matched '/element/00000000-0000-036c-7fff-ffff0000002f/attribute/displayed' to command name 'getAttribute'
[debug] &amp#27;[35m[WD Proxy]&amp#27;[39m Proxying [GET /element/00000000-0000-036c-7fff-ffff0000002f/attribute/displayed] to [GET http://127.0.0.1:10000/wd/hub/session/21df9c7c-7d36-4b62-bb40-31691f012b3b/element/00000000-0000-036c-7fff-ffff0000002f/attribute/displayed] with no body
[debug] &amp#27;[35m[WD Proxy]&amp#27;[39m Got response with status 200: {"sessionId":"21df9c7c-7d36-4b62-bb40-31691f012b3b","value":"true"}
[debug] &amp#27;[35m[W3C (ee0e5569)]&amp#27;[39m Responding to client with driver.elementDisplayed() result: true
&amp#27;[35m[HTTP]&amp#27;[39m &amp#27;[37m<-- GET /wd/hub/session/ee0e5569-3cfd-4739-96df-73f2565751c2/element/00000000-0000-036c-7fff-ffff0000002f/displayed &amp#27;[39m&amp#27;[32m200&amp#27;[39m &amp#27;[90m39 ms - 14&amp#27;[39m
&amp#27;[35m[HTTP]&amp#27;[39m &amp#27;[90m&amp#27;[39m
&amp#27;[35m[HTTP]&amp#27;[39m &amp#27;[37m-->&amp#27;[39m &amp#27;[37mGET&amp#27;[39m &amp#27;[37m/wd/hub/session/ee0e5569-3cfd-4739-96df-73f2565751c2/context&amp#27;[39m
&amp#27;[35m[HTTP]&amp#27;[39m &amp#27;[90m{}&amp#27;[39m
[debug] &amp#27;[35m[W3C (ee0e5569)]&amp#27;[39m Calling AppiumDriver.getCurrentContext() with args: ["ee0e5569-3cfd-4739-96df-73f2565751c2"]
[debug] &amp#27;[35m[W3C (ee0e5569)]&amp#27;[39m Responding to client with driver.getCurrentContext() result: "NATIVE_APP"
&amp#27;[35m[HTTP]&amp#27;[39m &amp#27;[37m<-- GET /wd/hub/session/ee0e5569-3cfd-4739-96df-73f2565751c2/context &amp#27;[39m&amp#27;[32m200&amp#27;[39m &amp#27;[90m4 ms - 22&amp#27;[39m
&amp#27;[35m[HTTP]&amp#27;[39m &amp#27;[90m&amp#27;[39m
&amp#27;[35m[HTTP]&amp#27;[39m &amp#27;[37m-->&amp#27;[39m &amp#27;[37mPOST&amp#27;[39m &amp#27;[37m/wd/hub/session/ee0e5569-3cfd-4739-96df-73f2565751c2/element&amp#27;[39m
&amp#27;[35m[HTTP]&amp#27;[39m &amp#27;[90m{"using":"accessibility id","value":"test-Username"}&amp#27;[39m
[debug] &amp#27;[35m[W3C (ee0e5569)]&amp#27;[39m Calling AppiumDriver.findElement() with args: ["accessibility id","test-Username","ee0e5569-3cfd-4739-96df-73f2565751c2"]
[debug] &amp#27;[35m[BaseDriver]&amp#27;[39m Valid locator strategies for this request: xpath, id, class name, accessibility id, css selector, -android uiautomator
[debug] &amp#27;[35m[BaseDriver]&amp#27;[39m Waiting up to 0 ms for condition
[debug] &amp#27;[35m[WD Proxy]&amp#27;[39m Matched '/element' to command name 'findElement'
[debug] &amp#27;[35m[WD Proxy]&amp#27;[39m Proxying [POST /element] to [POST http://127.0.0.1:10000/wd/hub/session/21df9c7c-7d36-4b62-bb40-31691f012b3b/element] with body: {"strategy":"accessibility id","selector":"test-Username","context":"","multiple":false}
&amp#27;[35m[AndroidDriver]&amp#27;[39m Screen recording has not been previously started by Appium. There is nothing to stop
[debug] &amp#27;[35m[ADB]&amp#27;[39m Getting IDs of all 'screenrecord' processes
[debug] &amp#27;[35m[ADB]&amp#27;[39m Running 'C:\Users\dtougov\AppData\Local\Android\Sdk\platform-tools\adb.exe -P 5037 -s 4100d1bde4b1a193 shell pgrep -f \(\[\[:blank:\]\]\|\^\)screenrecord\(\[\[:blank:\]\]\|\$\)'
[debug] &amp#27;[35m[WD Proxy]&amp#27;[39m Got response with status 200: {"sessionId":"21df9c7c-7d36-4b62-bb40-31691f012b3b","value":{"ELEMENT":"00000000-0000-036c-7fff-ffff0000002f","element-6066-11e4-a52e-4f735466cecf":"00000000-0000-036c-7fff-ffff0000002f"}}
[debug] &amp#27;[35m[W3C (ee0e5569)]&amp#27;[39m Responding to client with driver.findElement() result: {"element-6066-11e4-a52e-4f735466cecf":"00000000-0000-036c-7fff-ffff0000002f","ELEMENT":"00000000-0000-036c-7fff-ffff0000002f"}
&amp#27;[35m[HTTP]&amp#27;[39m &amp#27;[37m<-- POST /wd/hub/session/ee0e5569-3cfd-4739-96df-73f2565751c2/element &amp#27;[39m&amp#27;[32m200&amp#27;[39m &amp#27;[90m42 ms - 137&amp#27;[39m
&amp#27;[35m[HTTP]&amp#27;[39m &amp#27;[90m&amp#27;[39m
&amp#27;[35m[HTTP]&amp#27;[39m &amp#27;[37m-->&amp#27;[39m &amp#27;[37mPOST&amp#27;[39m &amp#27;[37m/wd/hub/session/ee0e5569-3cfd-4739-96df-73f2565751c2/element/00000000-0000-036c-7fff-ffff0000002f/clear&amp#27;[39m
&amp#27;[35m[HTTP]&amp#27;[39m &amp#27;[90m{"id":"00000000-0000-036c-7fff-ffff0000002f"}&amp#27;[39m
[debug] &amp#27;[35m[W3C (ee0e5569)]&amp#27;[39m Calling AppiumDriver.clear() with args: ["00000000-0000-036c-7fff-ffff0000002f","ee0e5569-3cfd-4739-96df-73f2565751c2"]
[debug] &amp#27;[35m[WD Proxy]&amp#27;[39m Matched '/element/00000000-0000-036c-7fff-ffff0000002f/clear' to command name 'clear'
[debug] &amp#27;[35m[WD Proxy]&amp#27;[39m Proxying [POST /element/00000000-0000-036c-7fff-ffff0000002f/clear] to [POST http://127.0.0.1:10000/wd/hub/session/21df9c7c-7d36-4b62-bb40-31691f012b3b/element/00000000-0000-036c-7fff-ffff0000002f/clear] with body: {"elementId":"00000000-0000-036c-7fff-ffff0000002f"}
[debug] &amp#27;[35m[WD Proxy]&amp#27;[39m Got response with status 200: {"sessionId":"21df9c7c-7d36-4b62-bb40-31691f012b3b","value":null}
[debug] &amp#27;[35m[W3C (ee0e5569)]&amp#27;[39m Responding to client with driver.clear() result: null
&amp#27;[35m[HTTP]&amp#27;[39m &amp#27;[37m<-- POST /wd/hub/session/ee0e5569-3cfd-4739-96df-73f2565751c2/element/00000000-0000-036c-7fff-ffff0000002f/clear &amp#27;[39m&amp#27;[32m200&amp#27;[39m &amp#27;[90m44 ms - 14&amp#27;[39m
&amp#27;[35m[HTTP]&amp#27;[39m &amp#27;[90m&amp#27;[39m
&amp#27;[35m[HTTP]&amp#27;[39m &amp#27;[37m-->&amp#27;[39m &amp#27;[37mGET&amp#27;[39m &amp#27;[37m/wd/hub/session/ee0e5569-3cfd-4739-96df-73f2565751c2/context&amp#27;[39m
&amp#27;[35m[HTTP]&amp#27;[39m &amp#27;[90m{}&amp#27;[39m
[debug] &amp#27;[35m[W3C (ee0e5569)]&amp#27;[39m Calling AppiumDriver.getCurrentContext() with args: ["ee0e5569-3cfd-4739-96df-73f2565751c2"]
[debug] &amp#27;[35m[W3C (ee0e5569)]&amp#27;[39m Responding to client with driver.getCurrentContext() result: "NATIVE_APP"
&amp#27;[35m[HTTP]&amp#27;[39m &amp#27;[37m<-- GET /wd/hub/session/ee0e5569-3cfd-4739-96df-73f2565751c2/context &amp#27;[39m&amp#27;[32m200&amp#27;[39m &amp#27;[90m3 ms - 22&amp#27;[39m
&amp#27;[35m[HTTP]&amp#27;[39m &amp#27;[90m&amp#27;[39m
&amp#27;[35m[HTTP]&amp#27;[39m &amp#27;[37m-->&amp#27;[39m &amp#27;[37mPOST&amp#27;[39m &amp#27;[37m/wd/hub/session/ee0e5569-3cfd-4739-96df-73f2565751c2/element&amp#27;[39m
&amp#27;[35m[HTTP]&amp#27;[39m &amp#27;[90m{"using":"accessibility id","value":"test-Username"}&amp#27;[39m
[debug] &amp#27;[35m[W3C (ee0e5569)]&amp#27;[39m Calling AppiumDriver.findElement() with args: ["accessibility id","test-Username","ee0e5569-3cfd-4739-96df-73f2565751c2"]
[debug] &amp#27;[35m[BaseDriver]&amp#27;[39m Valid locator strategies for this request: xpath, id, class name, accessibility id, css selector, -android uiautomator
[debug] &amp#27;[35m[BaseDriver]&amp#27;[39m Waiting up to 0 ms for condition
[debug] &amp#27;[35m[WD Proxy]&amp#27;[39m Matched '/element' to command name 'findElement'
[debug] &amp#27;[35m[WD Proxy]&amp#27;[39m Proxying [POST /element] to [POST http://127.0.0.1:10000/wd/hub/session/21df9c7c-7d36-4b62-bb40-31691f012b3b/element] with body: {"strategy":"accessibility id","selector":"test-Username","context":"","multiple":false}
[debug] &amp#27;[35m[ADB]&amp#27;[39m Building screenrecord process with the command line: adb -P 5037 -s 4100d1bde4b1a193 shell screenrecord --time-limit 180 /sdcard/8dedb3b5.mp4
[debug] &amp#27;[35m[ADB]&amp#27;[39m Running 'C:\Users\dtougov\AppData\Local\Android\Sdk\platform-tools\adb.exe -P 5037 -s 4100d1bde4b1a193 shell "[ -e '/sdcard/8dedb3b5.mp4' ] && echo __PASS__"'
[debug] &amp#27;[35m[ADB]&amp#27;[39m Running 'C:\Users\dtougov\AppData\Local\Android\Sdk\platform-tools\adb.exe -P 5037 -s 4100d1bde4b1a193 shell "[ -e '/sdcard/8dedb3b5.mp4' ] && echo __PASS__"'
[debug] &amp#27;[35m[WD Proxy]&amp#27;[39m Got response with status 200: {"sessionId":"21df9c7c-7d36-4b62-bb40-31691f012b3b","value":{"ELEMENT":"00000000-0000-036c-7fff-ffff0000002f","element-6066-11e4-a52e-4f735466cecf":"00000000-0000-036c-7fff-ffff0000002f"}}
[debug] &amp#27;[35m[W3C (ee0e5569)]&amp#27;[39m Responding to client with driver.findElement() result: {"element-6066-11e4-a52e-4f735466cecf":"00000000-0000-036c-7fff-ffff0000002f","ELEMENT":"00000000-0000-036c-7fff-ffff0000002f"}
&amp#27;[35m[HTTP]&amp#27;[39m &amp#27;[37m<-- POST /wd/hub/session/ee0e5569-3cfd-4739-96df-73f2565751c2/element &amp#27;[39m&amp#27;[32m200&amp#27;[39m &amp#27;[90m823 ms - 137&amp#27;[39m
&amp#27;[35m[HTTP]&amp#27;[39m &amp#27;[90m&amp#27;[39m
&amp#27;[35m[HTTP]&amp#27;[39m &amp#27;[37m-->&amp#27;[39m &amp#27;[37mGET&amp#27;[39m &amp#27;[37m/wd/hub/session/ee0e5569-3cfd-4739-96df-73f2565751c2/element/00000000-0000-036c-7fff-ffff0000002f/displayed&amp#27;[39m
&amp#27;[35m[HTTP]&amp#27;[39m &amp#27;[90m{}&amp#27;[39m
[debug] &amp#27;[35m[W3C (ee0e5569)]&amp#27;[39m Calling AppiumDriver.elementDisplayed() with args: ["00000000-0000-036c-7fff-ffff0000002f","ee0e5569-3cfd-4739-96df-73f2565751c2"]
[debug] &amp#27;[35m[WD Proxy]&amp#27;[39m Matched '/element/00000000-0000-036c-7fff-ffff0000002f/attribute/displayed' to command name 'getAttribute'
[debug] &amp#27;[35m[WD Proxy]&amp#27;[39m Proxying [GET /element/00000000-0000-036c-7fff-ffff0000002f/attribute/displayed] to [GET http://127.0.0.1:10000/wd/hub/session/21df9c7c-7d36-4b62-bb40-31691f012b3b/element/00000000-0000-036c-7fff-ffff0000002f/attribute/displayed] with no body
[debug] &amp#27;[35m[WD Proxy]&amp#27;[39m Got response with status 200: {"sessionId":"21df9c7c-7d36-4b62-bb40-31691f012b3b","value":"true"}
[debug] &amp#27;[35m[W3C (ee0e5569)]&amp#27;[39m Responding to client with driver.elementDisplayed() result: true
&amp#27;[35m[HTTP]&amp#27;[39m &amp#27;[37m<-- GET /wd/hub/session/ee0e5569-3cfd-4739-96df-73f2565751c2/element/00000000-0000-036c-7fff-ffff0000002f/displayed &amp#27;[39m&amp#27;[32m200&amp#27;[39m &amp#27;[90m21 ms - 14&amp#27;[39m
&amp#27;[35m[HTTP]&amp#27;[39m &amp#27;[90m&amp#27;[39m
[INFO ] 2022-08-30 16:49:16.944 BasePage:71 - login with standard_user
&amp#27;[35m[HTTP]&amp#27;[39m &amp#27;[37m-->&amp#27;[39m &amp#27;[37mGET&amp#27;[39m &amp#27;[37m/wd/hub/session/ee0e5569-3cfd-4739-96df-73f2565751c2/context&amp#27;[39m
&amp#27;[35m[HTTP]&amp#27;[39m &amp#27;[90m{}&amp#27;[39m
[debug] &amp#27;[35m[W3C (ee0e5569)]&amp#27;[39m Calling AppiumDriver.getCurrentContext() with args: ["ee0e5569-3cfd-4739-96df-73f2565751c2"]
[debug] &amp#27;[35m[W3C (ee0e5569)]&amp#27;[39m Responding to client with driver.getCurrentContext() result: "NATIVE_APP"
&amp#27;[35m[HTTP]&amp#27;[39m &amp#27;[37m<-- GET /wd/hub/session/ee0e5569-3cfd-4739-96df-73f2565751c2/context &amp#27;[39m&amp#27;[32m200&amp#27;[39m &amp#27;[90m3 ms - 22&amp#27;[39m
&amp#27;[35m[HTTP]&amp#27;[39m &amp#27;[90m&amp#27;[39m
&amp#27;[35m[HTTP]&amp#27;[39m &amp#27;[37m-->&amp#27;[39m &amp#27;[37mPOST&amp#27;[39m &amp#27;[37m/wd/hub/session/ee0e5569-3cfd-4739-96df-73f2565751c2/element&amp#27;[39m
&amp#27;[35m[HTTP]&amp#27;[39m &amp#27;[90m{"using":"accessibility id","value":"test-Username"}&amp#27;[39m
[debug] &amp#27;[35m[W3C (ee0e5569)]&amp#27;[39m Calling AppiumDriver.findElement() with args: ["accessibility id","test-Username","ee0e5569-3cfd-4739-96df-73f2565751c2"]
[debug] &amp#27;[35m[BaseDriver]&amp#27;[39m Valid locator strategies for this request: xpath, id, class name, accessibility id, css selector, -android uiautomator
[debug] &amp#27;[35m[BaseDriver]&amp#27;[39m Waiting up to 0 ms for condition
[debug] &amp#27;[35m[WD Proxy]&amp#27;[39m Matched '/element' to command name 'findElement'
[debug] &amp#27;[35m[WD Proxy]&amp#27;[39m Proxying [POST /element] to [POST http://127.0.0.1:10000/wd/hub/session/21df9c7c-7d36-4b62-bb40-31691f012b3b/element] with body: {"strategy":"accessibility id","selector":"test-Username","context":"","multiple":false}
[debug] &amp#27;[35m[WD Proxy]&amp#27;[39m Got response with status 200: {"sessionId":"21df9c7c-7d36-4b62-bb40-31691f012b3b","value":{"ELEMENT":"00000000-0000-036c-7fff-ffff0000002f","element-6066-11e4-a52e-4f735466cecf":"00000000-0000-036c-7fff-ffff0000002f"}}
[debug] &amp#27;[35m[W3C (ee0e5569)]&amp#27;[39m Responding to client with driver.findElement() result: {"element-6066-11e4-a52e-4f735466cecf":"00000000-0000-036c-7fff-ffff0000002f","ELEMENT":"00000000-0000-036c-7fff-ffff0000002f"}
&amp#27;[35m[HTTP]&amp#27;[39m &amp#27;[37m<-- POST /wd/hub/session/ee0e5569-3cfd-4739-96df-73f2565751c2/element &amp#27;[39m&amp#27;[32m200&amp#27;[39m &amp#27;[90m45 ms - 137&amp#27;[39m
&amp#27;[35m[HTTP]&amp#27;[39m &amp#27;[90m&amp#27;[39m
&amp#27;[35m[HTTP]&amp#27;[39m &amp#27;[37m-->&amp#27;[39m &amp#27;[37mPOST&amp#27;[39m &amp#27;[37m/wd/hub/session/ee0e5569-3cfd-4739-96df-73f2565751c2/element/00000000-0000-036c-7fff-ffff0000002f/value&amp#27;[39m
&amp#27;[35m[HTTP]&amp#27;[39m &amp#27;[90m{"id":"00000000-0000-036c-7fff-ffff0000002f","text":"standard_user","value":["s","t","a","n","d","a","r","d","_","u","s","e","r"]}&amp#27;[39m
[debug] &amp#27;[35m[W3C (ee0e5569)]&amp#27;[39m Calling AppiumDriver.setValue() with args: [["s","t","a","n","d","a","r","d","_","u","s","e","r"],"00000000-0000-036c-7fff-ffff0000002f","ee0e5569-3cfd-4739-96df-73f2565751c2"]
[debug] &amp#27;[35m[WD Proxy]&amp#27;[39m Matched '/element/00000000-0000-036c-7fff-ffff0000002f/value' to command name 'setValue'
[debug] &amp#27;[35m[Protocol Converter]&amp#27;[39m Added 'value' property ["s","t","a","n","d","a","r","d","_","u","s","e","r"] to 'setValue' request body
[debug] &amp#27;[35m[WD Proxy]&amp#27;[39m Proxying [POST /element/00000000-0000-036c-7fff-ffff0000002f/value] to [POST http://127.0.0.1:10000/wd/hub/session/21df9c7c-7d36-4b62-bb40-31691f012b3b/element/00000000-0000-036c-7fff-ffff0000002f/value] with body: {"elementId":"00000000-0000-036c-7fff-ffff0000002f","text":"standard_user","replace":false,"value":["s","t","a","n","d","a","r","d","_","u","s","e","r"]}
[debug] &amp#27;[35m[W3C (644cb43e)]&amp#27;[39m Responding to client with driver.startRecordingScreen() result: ""
&amp#27;[35m[HTTP]&amp#27;[39m &amp#27;[37m<-- POST /wd/hub/session/644cb43e-d672-40f5-a9b0-1fd484bb3424/appium/start_recording_screen &amp#27;[39m&amp#27;[32m200&amp#27;[39m &amp#27;[90m1424 ms - 12&amp#27;[39m
&amp#27;[35m[HTTP]&amp#27;[39m &amp#27;[90m&amp#27;[39m
&amp#27;[35m[HTTP]&amp#27;[39m &amp#27;[37m-->&amp#27;[39m &amp#27;[37mGET&amp#27;[39m &amp#27;[37m/wd/hub/session/644cb43e-d672-40f5-a9b0-1fd484bb3424/context&amp#27;[39m
&amp#27;[35m[HTTP]&amp#27;[39m &amp#27;[90m{}&amp#27;[39m
[debug] &amp#27;[35m[W3C (644cb43e)]&amp#27;[39m Calling AppiumDriver.getCurrentContext() with args: ["644cb43e-d672-40f5-a9b0-1fd484bb3424"]
[debug] &amp#27;[35m[W3C (644cb43e)]&amp#27;[39m Responding to client with driver.getCurrentContext() result: "NATIVE_APP"
&amp#27;[35m[HTTP]&amp#27;[39m &amp#27;[37m<-- GET /wd/hub/session/644cb43e-d672-40f5-a9b0-1fd484bb3424/context &amp#27;[39m&amp#27;[32m200&amp#27;[39m &amp#27;[90m4 ms - 22&amp#27;[39m
&amp#27;[35m[HTTP]&amp#27;[39m &amp#27;[90m&amp#27;[39m
&amp#27;[35m[HTTP]&amp#27;[39m &amp#27;[37m-->&amp#27;[39m &amp#27;[37mPOST&amp#27;[39m &amp#27;[37m/wd/hub/session/644cb43e-d672-40f5-a9b0-1fd484bb3424/element&amp#27;[39m
&amp#27;[35m[HTTP]&amp#27;[39m &amp#27;[90m{"using":"accessibility id","value":"test-Username"}&amp#27;[39m
[debug] &amp#27;[35m[W3C (644cb43e)]&amp#27;[39m Calling AppiumDriver.findElement() with args: ["accessibility id","test-Username","644cb43e-d672-40f5-a9b0-1fd484bb3424"]
[debug] &amp#27;[35m[BaseDriver]&amp#27;[39m Valid locator strategies for this request: xpath, id, class name, accessibility id, css selector, -android uiautomator
[debug] &amp#27;[35m[BaseDriver]&amp#27;[39m Waiting up to 0 ms for condition
[debug] &amp#27;[35m[WD Proxy]&amp#27;[39m Matched '/element' to command name 'findElement'
[debug] &amp#27;[35m[WD Proxy]&amp#27;[39m Proxying [POST /element] to [POST http://127.0.0.1:10001/wd/hub/session/44ba05ff-d8a8-4796-9026-76750819bf31/element] with body: {"strategy":"accessibility id","selector":"test-Username","context":"","multiple":false}
[debug] &amp#27;[35m[WD Proxy]&amp#27;[39m Got response with status 200: {"sessionId":"44ba05ff-d8a8-4796-9026-76750819bf31","value":{"ELEMENT":"00000000-0000-0166-7fff-ffff0000002e","element-6066-11e4-a52e-4f735466cecf":"00000000-0000-0166-7fff-ffff0000002e"}}
[debug] &amp#27;[35m[W3C (644cb43e)]&amp#27;[39m Responding to client with driver.findElement() result: {"element-6066-11e4-a52e-4f735466cecf":"00000000-0000-0166-7fff-ffff0000002e","ELEMENT":"00000000-0000-0166-7fff-ffff0000002e"}
&amp#27;[35m[HTTP]&amp#27;[39m &amp#27;[37m<-- POST /wd/hub/session/644cb43e-d672-40f5-a9b0-1fd484bb3424/element &amp#27;[39m&amp#27;[32m200&amp#27;[39m &amp#27;[90m70 ms - 137&amp#27;[39m
&amp#27;[35m[HTTP]&amp#27;[39m &amp#27;[90m&amp#27;[39m
&amp#27;[35m[HTTP]&amp#27;[39m &amp#27;[37m-->&amp#27;[39m &amp#27;[37mGET&amp#27;[39m &amp#27;[37m/wd/hub/session/644cb43e-d672-40f5-a9b0-1fd484bb3424/element/00000000-0000-0166-7fff-ffff0000002e/displayed&amp#27;[39m
&amp#27;[35m[HTTP]&amp#27;[39m &amp#27;[90m{}&amp#27;[39m
[debug] &amp#27;[35m[W3C (644cb43e)]&amp#27;[39m Calling AppiumDriver.elementDisplayed() with args: ["00000000-0000-0166-7fff-ffff0000002e","644cb43e-d672-40f5-a9b0-1fd484bb3424"]
[debug] &amp#27;[35m[WD Proxy]&amp#27;[39m Matched '/element/00000000-0000-0166-7fff-ffff0000002e/attribute/displayed' to command name 'getAttribute'
[debug] &amp#27;[35m[WD Proxy]&amp#27;[39m Proxying [GET /element/00000000-0000-0166-7fff-ffff0000002e/attribute/displayed] to [GET http://127.0.0.1:10001/wd/hub/session/44ba05ff-d8a8-4796-9026-76750819bf31/element/00000000-0000-0166-7fff-ffff0000002e/attribute/displayed] with no body
[debug] &amp#27;[35m[WD Proxy]&amp#27;[39m Got response with status 200: {"sessionId":"44ba05ff-d8a8-4796-9026-76750819bf31","value":"true"}
[debug] &amp#27;[35m[W3C (644cb43e)]&amp#27;[39m Responding to client with driver.elementDisplayed() result: true
&amp#27;[35m[HTTP]&amp#27;[39m &amp#27;[37m<-- GET /wd/hub/session/644cb43e-d672-40f5-a9b0-1fd484bb3424/element/00000000-0000-0166-7fff-ffff0000002e/displayed &amp#27;[39m&amp#27;[32m200&amp#27;[39m &amp#27;[90m26 ms - 14&amp#27;[39m
&amp#27;[35m[HTTP]&amp#27;[39m &amp#27;[90m&amp#27;[39m
&amp#27;[35m[HTTP]&amp#27;[39m &amp#27;[37m-->&amp#27;[39m &amp#27;[37mGET&amp#27;[39m &amp#27;[37m/wd/hub/session/644cb43e-d672-40f5-a9b0-1fd484bb3424/context&amp#27;[39m
&amp#27;[35m[HTTP]&amp#27;[39m &amp#27;[90m{}&amp#27;[39m
[debug] &amp#27;[35m[W3C (644cb43e)]&amp#27;[39m Calling AppiumDriver.getCurrentContext() with args: ["644cb43e-d672-40f5-a9b0-1fd484bb3424"]
[debug] &amp#27;[35m[W3C (644cb43e)]&amp#27;[39m Responding to client with driver.getCurrentContext() result: "NATIVE_APP"
&amp#27;[35m[HTTP]&amp#27;[39m &amp#27;[37m<-- GET /wd/hub/session/644cb43e-d672-40f5-a9b0-1fd484bb3424/context &amp#27;[39m&amp#27;[32m200&amp#27;[39m &amp#27;[90m2 ms - 22&amp#27;[39m
&amp#27;[35m[HTTP]&amp#27;[39m &amp#27;[90m&amp#27;[39m
&amp#27;[35m[HTTP]&amp#27;[39m &amp#27;[37m-->&amp#27;[39m &amp#27;[37mPOST&amp#27;[39m &amp#27;[37m/wd/hub/session/644cb43e-d672-40f5-a9b0-1fd484bb3424/element&amp#27;[39m
&amp#27;[35m[HTTP]&amp#27;[39m &amp#27;[90m{"using":"accessibility id","value":"test-Username"}&amp#27;[39m
[debug] &amp#27;[35m[W3C (644cb43e)]&amp#27;[39m Calling AppiumDriver.findElement() with args: ["accessibility id","test-Username","644cb43e-d672-40f5-a9b0-1fd484bb3424"]
[debug] &amp#27;[35m[BaseDriver]&amp#27;[39m Valid locator strategies for this request: xpath, id, class name, accessibility id, css selector, -android uiautomator
[debug] &amp#27;[35m[BaseDriver]&amp#27;[39m Waiting up to 0 ms for condition
[debug] &amp#27;[35m[WD Proxy]&amp#27;[39m Matched '/element' to command name 'findElement'
[debug] &amp#27;[35m[WD Proxy]&amp#27;[39m Proxying [POST /element] to [POST http://127.0.0.1:10001/wd/hub/session/44ba05ff-d8a8-4796-9026-76750819bf31/element] with body: {"strategy":"accessibility id","selector":"test-Username","context":"","multiple":false}
[debug] &amp#27;[35m[WD Proxy]&amp#27;[39m Got response with status 200: {"sessionId":"44ba05ff-d8a8-4796-9026-76750819bf31","value":{"ELEMENT":"00000000-0000-0166-7fff-ffff0000002e","element-6066-11e4-a52e-4f735466cecf":"00000000-0000-0166-7fff-ffff0000002e"}}
[debug] &amp#27;[35m[W3C (644cb43e)]&amp#27;[39m Responding to client with driver.findElement() result: {"element-6066-11e4-a52e-4f735466cecf":"00000000-0000-0166-7fff-ffff0000002e","ELEMENT":"00000000-0000-0166-7fff-ffff0000002e"}
&amp#27;[35m[HTTP]&amp#27;[39m &amp#27;[37m<-- POST /wd/hub/session/644cb43e-d672-40f5-a9b0-1fd484bb3424/element &amp#27;[39m&amp#27;[32m200&amp#27;[39m &amp#27;[90m44 ms - 137&amp#27;[39m
&amp#27;[35m[HTTP]&amp#27;[39m &amp#27;[90m&amp#27;[39m
&amp#27;[35m[HTTP]&amp#27;[39m &amp#27;[37m-->&amp#27;[39m &amp#27;[37mPOST&amp#27;[39m &amp#27;[37m/wd/hub/session/644cb43e-d672-40f5-a9b0-1fd484bb3424/element/00000000-0000-0166-7fff-ffff0000002e/clear&amp#27;[39m
&amp#27;[35m[HTTP]&amp#27;[39m &amp#27;[90m{"id":"00000000-0000-0166-7fff-ffff0000002e"}&amp#27;[39m
[debug] &amp#27;[35m[W3C (644cb43e)]&amp#27;[39m Calling AppiumDriver.clear() with args: ["00000000-0000-0166-7fff-ffff0000002e","644cb43e-d672-40f5-a9b0-1fd484bb3424"]
[debug] &amp#27;[35m[WD Proxy]&amp#27;[39m Matched '/element/00000000-0000-0166-7fff-ffff0000002e/clear' to command name 'clear'
[debug] &amp#27;[35m[WD Proxy]&amp#27;[39m Proxying [POST /element/00000000-0000-0166-7fff-ffff0000002e/clear] to [POST http://127.0.0.1:10001/wd/hub/session/44ba05ff-d8a8-4796-9026-76750819bf31/element/00000000-0000-0166-7fff-ffff0000002e/clear] with body: {"elementId":"00000000-0000-0166-7fff-ffff0000002e"}
[debug] &amp#27;[35m[WD Proxy]&amp#27;[39m Got response with status 200: {"sessionId":"44ba05ff-d8a8-4796-9026-76750819bf31","value":null}
[debug] &amp#27;[35m[W3C (644cb43e)]&amp#27;[39m Responding to client with driver.clear() result: null
&amp#27;[35m[HTTP]&amp#27;[39m &amp#27;[37m<-- POST /wd/hub/session/644cb43e-d672-40f5-a9b0-1fd484bb3424/element/00000000-0000-0166-7fff-ffff0000002e/clear &amp#27;[39m&amp#27;[32m200&amp#27;[39m &amp#27;[90m26 ms - 14&amp#27;[39m
&amp#27;[35m[HTTP]&amp#27;[39m &amp#27;[90m&amp#27;[39m
&amp#27;[35m[HTTP]&amp#27;[39m &amp#27;[37m-->&amp#27;[39m &amp#27;[37mGET&amp#27;[39m &amp#27;[37m/wd/hub/session/644cb43e-d672-40f5-a9b0-1fd484bb3424/context&amp#27;[39m
&amp#27;[35m[HTTP]&amp#27;[39m &amp#27;[90m{}&amp#27;[39m
[debug] &amp#27;[35m[W3C (644cb43e)]&amp#27;[39m Calling AppiumDriver.getCurrentContext() with args: ["644cb43e-d672-40f5-a9b0-1fd484bb3424"]
[debug] &amp#27;[35m[W3C (644cb43e)]&amp#27;[39m Responding to client with driver.getCurrentContext() result: "NATIVE_APP"
&amp#27;[35m[HTTP]&amp#27;[39m &amp#27;[37m<-- GET /wd/hub/session/644cb43e-d672-40f5-a9b0-1fd484bb3424/context &amp#27;[39m&amp#27;[32m200&amp#27;[39m &amp#27;[90m2 ms - 22&amp#27;[39m
&amp#27;[35m[HTTP]&amp#27;[39m &amp#27;[90m&amp#27;[39m
&amp#27;[35m[HTTP]&amp#27;[39m &amp#27;[37m-->&amp#27;[39m &amp#27;[37mPOST&amp#27;[39m &amp#27;[37m/wd/hub/session/644cb43e-d672-40f5-a9b0-1fd484bb3424/element&amp#27;[39m
&amp#27;[35m[HTTP]&amp#27;[39m &amp#27;[90m{"using":"accessibility id","value":"test-Username"}&amp#27;[39m
[debug] &amp#27;[35m[W3C (644cb43e)]&amp#27;[39m Calling AppiumDriver.findElement() with args: ["accessibility id","test-Username","644cb43e-d672-40f5-a9b0-1fd484bb3424"]
[debug] &amp#27;[35m[BaseDriver]&amp#27;[39m Valid locator strategies for this request: xpath, id, class name, accessibility id, css selector, -android uiautomator
[debug] &amp#27;[35m[BaseDriver]&amp#27;[39m Waiting up to 0 ms for condition
[debug] &amp#27;[35m[WD Proxy]&amp#27;[39m Matched '/element' to command name 'findElement'
[debug] &amp#27;[35m[WD Proxy]&amp#27;[39m Proxying [POST /element] to [POST http://127.0.0.1:10001/wd/hub/session/44ba05ff-d8a8-4796-9026-76750819bf31/element] with body: {"strategy":"accessibility id","selector":"test-Username","context":"","multiple":false}
[debug] &amp#27;[35m[WD Proxy]&amp#27;[39m Got response with status 200: {"sessionId":"21df9c7c-7d36-4b62-bb40-31691f012b3b","value":null}
[debug] &amp#27;[35m[W3C (ee0e5569)]&amp#27;[39m Responding to client with driver.setValue() result: null
&amp#27;[35m[HTTP]&amp#27;[39m &amp#27;[37m<-- POST /wd/hub/session/ee0e5569-3cfd-4739-96df-73f2565751c2/element/00000000-0000-036c-7fff-ffff0000002f/value &amp#27;[39m&amp#27;[32m200&amp#27;[39m &amp#27;[90m566 ms - 14&amp#27;[39m
  When I enter username as "standard_user"                                                            # com.qa.stepdef.LoginStepDef.iEnterUsernameAs(java.lang.String)
&amp#27;[35m[HTTP]&amp#27;[39m &amp#27;[90m&amp#27;[39m
&amp#27;[35m[HTTP]&amp#27;[39m &amp#27;[37m-->&amp#27;[39m &amp#27;[37mGET&amp#27;[39m &amp#27;[37m/wd/hub/session/ee0e5569-3cfd-4739-96df-73f2565751c2/context&amp#27;[39m
&amp#27;[35m[HTTP]&amp#27;[39m &amp#27;[90m{}&amp#27;[39m
[debug] &amp#27;[35m[W3C (ee0e5569)]&amp#27;[39m Calling AppiumDriver.getCurrentContext() with args: ["ee0e5569-3cfd-4739-96df-73f2565751c2"]
[debug] &amp#27;[35m[W3C (ee0e5569)]&amp#27;[39m Responding to client with driver.getCurrentContext() result: "NATIVE_APP"
&amp#27;[35m[HTTP]&amp#27;[39m &amp#27;[37m<-- GET /wd/hub/session/ee0e5569-3cfd-4739-96df-73f2565751c2/context &amp#27;[39m&amp#27;[32m200&amp#27;[39m &amp#27;[90m2 ms - 22&amp#27;[39m
&amp#27;[35m[HTTP]&amp#27;[39m &amp#27;[90m&amp#27;[39m
&amp#27;[35m[HTTP]&amp#27;[39m &amp#27;[37m-->&amp#27;[39m &amp#27;[37mPOST&amp#27;[39m &amp#27;[37m/wd/hub/session/ee0e5569-3cfd-4739-96df-73f2565751c2/element&amp#27;[39m
&amp#27;[35m[HTTP]&amp#27;[39m &amp#27;[90m{"using":"accessibility id","value":"test-Password"}&amp#27;[39m
[debug] &amp#27;[35m[W3C (ee0e5569)]&amp#27;[39m Calling AppiumDriver.findElement() with args: ["accessibility id","test-Password","ee0e5569-3cfd-4739-96df-73f2565751c2"]
[debug] &amp#27;[35m[BaseDriver]&amp#27;[39m Valid locator strategies for this request: xpath, id, class name, accessibility id, css selector, -android uiautomator
[debug] &amp#27;[35m[BaseDriver]&amp#27;[39m Waiting up to 0 ms for condition
[debug] &amp#27;[35m[WD Proxy]&amp#27;[39m Matched '/element' to command name 'findElement'
[debug] &amp#27;[35m[WD Proxy]&amp#27;[39m Proxying [POST /element] to [POST http://127.0.0.1:10000/wd/hub/session/21df9c7c-7d36-4b62-bb40-31691f012b3b/element] with body: {"strategy":"accessibility id","selector":"test-Password","context":"","multiple":false}
[debug] &amp#27;[35m[WD Proxy]&amp#27;[39m Got response with status 200: {"sessionId":"44ba05ff-d8a8-4796-9026-76750819bf31","value":{"ELEMENT":"00000000-0000-0166-7fff-ffff0000002e","element-6066-11e4-a52e-4f735466cecf":"00000000-0000-0166-7fff-ffff0000002e"}}
[debug] &amp#27;[35m[W3C (644cb43e)]&amp#27;[39m Responding to client with driver.findElement() result: {"element-6066-11e4-a52e-4f735466cecf":"00000000-0000-0166-7fff-ffff0000002e","ELEMENT":"00000000-0000-0166-7fff-ffff0000002e"}
&amp#27;[35m[HTTP]&amp#27;[39m &amp#27;[37m<-- POST /wd/hub/session/644cb43e-d672-40f5-a9b0-1fd484bb3424/element &amp#27;[39m&amp#27;[32m200&amp#27;[39m &amp#27;[90m604 ms - 137&amp#27;[39m
&amp#27;[35m[HTTP]&amp#27;[39m &amp#27;[90m&amp#27;[39m
&amp#27;[35m[HTTP]&amp#27;[39m &amp#27;[37m-->&amp#27;[39m &amp#27;[37mGET&amp#27;[39m &amp#27;[37m/wd/hub/session/644cb43e-d672-40f5-a9b0-1fd484bb3424/element/00000000-0000-0166-7fff-ffff0000002e/displayed&amp#27;[39m
&amp#27;[35m[HTTP]&amp#27;[39m &amp#27;[90m{}&amp#27;[39m
[debug] &amp#27;[35m[W3C (644cb43e)]&amp#27;[39m Calling AppiumDriver.elementDisplayed() with args: ["00000000-0000-0166-7fff-ffff0000002e","644cb43e-d672-40f5-a9b0-1fd484bb3424"]
[debug] &amp#27;[35m[WD Proxy]&amp#27;[39m Matched '/element/00000000-0000-0166-7fff-ffff0000002e/attribute/displayed' to command name 'getAttribute'
[debug] &amp#27;[35m[WD Proxy]&amp#27;[39m Proxying [GET /element/00000000-0000-0166-7fff-ffff0000002e/attribute/displayed] to [GET http://127.0.0.1:10001/wd/hub/session/44ba05ff-d8a8-4796-9026-76750819bf31/element/00000000-0000-0166-7fff-ffff0000002e/attribute/displayed] with no body
[debug] &amp#27;[35m[WD Proxy]&amp#27;[39m Got response with status 200: {"sessionId":"44ba05ff-d8a8-4796-9026-76750819bf31","value":"true"}
[debug] &amp#27;[35m[W3C (644cb43e)]&amp#27;[39m Responding to client with driver.elementDisplayed() result: true
&amp#27;[35m[HTTP]&amp#27;[39m &amp#27;[37m<-- GET /wd/hub/session/644cb43e-d672-40f5-a9b0-1fd484bb3424/element/00000000-0000-0166-7fff-ffff0000002e/displayed &amp#27;[39m&amp#27;[32m200&amp#27;[39m &amp#27;[90m20 ms - 14&amp#27;[39m
&amp#27;[35m[HTTP]&amp#27;[39m &amp#27;[90m&amp#27;[39m
[INFO ] 2022-08-30 16:49:18.036 BasePage:71 - login with standard_user
&amp#27;[35m[HTTP]&amp#27;[39m &amp#27;[37m-->&amp#27;[39m &amp#27;[37mGET&amp#27;[39m &amp#27;[37m/wd/hub/session/644cb43e-d672-40f5-a9b0-1fd484bb3424/context&amp#27;[39m
&amp#27;[35m[HTTP]&amp#27;[39m &amp#27;[90m{}&amp#27;[39m
[debug] &amp#27;[35m[W3C (644cb43e)]&amp#27;[39m Calling AppiumDriver.getCurrentContext() with args: ["644cb43e-d672-40f5-a9b0-1fd484bb3424"]
[debug] &amp#27;[35m[W3C (644cb43e)]&amp#27;[39m Responding to client with driver.getCurrentContext() result: "NATIVE_APP"
&amp#27;[35m[HTTP]&amp#27;[39m &amp#27;[37m<-- GET /wd/hub/session/644cb43e-d672-40f5-a9b0-1fd484bb3424/context &amp#27;[39m&amp#27;[32m200&amp#27;[39m &amp#27;[90m3 ms - 22&amp#27;[39m
&amp#27;[35m[HTTP]&amp#27;[39m &amp#27;[90m&amp#27;[39m
&amp#27;[35m[HTTP]&amp#27;[39m &amp#27;[37m-->&amp#27;[39m &amp#27;[37mPOST&amp#27;[39m &amp#27;[37m/wd/hub/session/644cb43e-d672-40f5-a9b0-1fd484bb3424/element&amp#27;[39m
&amp#27;[35m[HTTP]&amp#27;[39m &amp#27;[90m{"using":"accessibility id","value":"test-Username"}&amp#27;[39m
[debug] &amp#27;[35m[W3C (644cb43e)]&amp#27;[39m Calling AppiumDriver.findElement() with args: ["accessibility id","test-Username","644cb43e-d672-40f5-a9b0-1fd484bb3424"]
[debug] &amp#27;[35m[BaseDriver]&amp#27;[39m Valid locator strategies for this request: xpath, id, class name, accessibility id, css selector, -android uiautomator
[debug] &amp#27;[35m[BaseDriver]&amp#27;[39m Waiting up to 0 ms for condition
[debug] &amp#27;[35m[WD Proxy]&amp#27;[39m Matched '/element' to command name 'findElement'
[debug] &amp#27;[35m[WD Proxy]&amp#27;[39m Proxying [POST /element] to [POST http://127.0.0.1:10001/wd/hub/session/44ba05ff-d8a8-4796-9026-76750819bf31/element] with body: {"strategy":"accessibility id","selector":"test-Username","context":"","multiple":false}
[debug] &amp#27;[35m[WD Proxy]&amp#27;[39m Got response with status 200: {"sessionId":"44ba05ff-d8a8-4796-9026-76750819bf31","value":{"ELEMENT":"00000000-0000-0166-7fff-ffff0000002e","element-6066-11e4-a52e-4f735466cecf":"00000000-0000-0166-7fff-ffff0000002e"}}
[debug] &amp#27;[35m[W3C (644cb43e)]&amp#27;[39m Responding to client with driver.findElement() result: {"element-6066-11e4-a52e-4f735466cecf":"00000000-0000-0166-7fff-ffff0000002e","ELEMENT":"00000000-0000-0166-7fff-ffff0000002e"}
&amp#27;[35m[HTTP]&amp#27;[39m &amp#27;[37m<-- POST /wd/hub/session/644cb43e-d672-40f5-a9b0-1fd484bb3424/element &amp#27;[39m&amp#27;[32m200&amp#27;[39m &amp#27;[90m39 ms - 137&amp#27;[39m
&amp#27;[35m[HTTP]&amp#27;[39m &amp#27;[90m&amp#27;[39m
&amp#27;[35m[HTTP]&amp#27;[39m &amp#27;[37m-->&amp#27;[39m &amp#27;[37mPOST&amp#27;[39m &amp#27;[37m/wd/hub/session/644cb43e-d672-40f5-a9b0-1fd484bb3424/element/00000000-0000-0166-7fff-ffff0000002e/value&amp#27;[39m
&amp#27;[35m[HTTP]&amp#27;[39m &amp#27;[90m{"id":"00000000-0000-0166-7fff-ffff0000002e","text":"standard_user","value":["s","t","a","n","d","a","r","d","_","u","s","e","r"]}&amp#27;[39m
[debug] &amp#27;[35m[W3C (644cb43e)]&amp#27;[39m Calling AppiumDriver.setValue() with args: [["s","t","a","n","d","a","r","d","_","u","s","e","r"],"00000000-0000-0166-7fff-ffff0000002e","644cb43e-d672-40f5-a9b0-1fd484bb3424"]
[debug] &amp#27;[35m[WD Proxy]&amp#27;[39m Matched '/element/00000000-0000-0166-7fff-ffff0000002e/value' to command name 'setValue'
[debug] &amp#27;[35m[Protocol Converter]&amp#27;[39m Added 'value' property ["s","t","a","n","d","a","r","d","_","u","s","e","r"] to 'setValue' request body
[debug] &amp#27;[35m[WD Proxy]&amp#27;[39m Proxying [POST /element/00000000-0000-0166-7fff-ffff0000002e/value] to [POST http://127.0.0.1:10001/wd/hub/session/44ba05ff-d8a8-4796-9026-76750819bf31/element/00000000-0000-0166-7fff-ffff0000002e/value] with body: {"elementId":"00000000-0000-0166-7fff-ffff0000002e","text":"standard_user","replace":false,"value":["s","t","a","n","d","a","r","d","_","u","s","e","r"]}
[debug] &amp#27;[35m[WD Proxy]&amp#27;[39m Got response with status 200: {"sessionId":"21df9c7c-7d36-4b62-bb40-31691f012b3b","value":{"ELEMENT":"00000000-0000-036c-7fff-ffff00000030","element-6066-11e4-a52e-4f735466cecf":"00000000-0000-036c-7fff-ffff00000030"}}
[debug] &amp#27;[35m[W3C (ee0e5569)]&amp#27;[39m Responding to client with driver.findElement() result: {"element-6066-11e4-a52e-4f735466cecf":"00000000-0000-036c-7fff-ffff00000030","ELEMENT":"00000000-0000-036c-7fff-ffff00000030"}
&amp#27;[35m[HTTP]&amp#27;[39m &amp#27;[37m<-- POST /wd/hub/session/ee0e5569-3cfd-4739-96df-73f2565751c2/element &amp#27;[39m&amp#27;[32m200&amp#27;[39m &amp#27;[90m505 ms - 137&amp#27;[39m
&amp#27;[35m[HTTP]&amp#27;[39m &amp#27;[90m&amp#27;[39m
&amp#27;[35m[HTTP]&amp#27;[39m &amp#27;[37m-->&amp#27;[39m &amp#27;[37mGET&amp#27;[39m &amp#27;[37m/wd/hub/session/ee0e5569-3cfd-4739-96df-73f2565751c2/element/00000000-0000-036c-7fff-ffff00000030/displayed&amp#27;[39m
&amp#27;[35m[HTTP]&amp#27;[39m &amp#27;[90m{}&amp#27;[39m
[debug] &amp#27;[35m[W3C (ee0e5569)]&amp#27;[39m Calling AppiumDriver.elementDisplayed() with args: ["00000000-0000-036c-7fff-ffff00000030","ee0e5569-3cfd-4739-96df-73f2565751c2"]
[debug] &amp#27;[35m[WD Proxy]&amp#27;[39m Matched '/element/00000000-0000-036c-7fff-ffff00000030/attribute/displayed' to command name 'getAttribute'
[debug] &amp#27;[35m[WD Proxy]&amp#27;[39m Proxying [GET /element/00000000-0000-036c-7fff-ffff00000030/attribute/displayed] to [GET http://127.0.0.1:10000/wd/hub/session/21df9c7c-7d36-4b62-bb40-31691f012b3b/element/00000000-0000-036c-7fff-ffff00000030/attribute/displayed] with no body
[debug] &amp#27;[35m[WD Proxy]&amp#27;[39m Got response with status 200: {"sessionId":"21df9c7c-7d36-4b62-bb40-31691f012b3b","value":"true"}
[debug] &amp#27;[35m[W3C (ee0e5569)]&amp#27;[39m Responding to client with driver.elementDisplayed() result: true
&amp#27;[35m[HTTP]&amp#27;[39m &amp#27;[37m<-- GET /wd/hub/session/ee0e5569-3cfd-4739-96df-73f2565751c2/element/00000000-0000-036c-7fff-ffff00000030/displayed &amp#27;[39m&amp#27;[32m200&amp#27;[39m &amp#27;[90m20 ms - 14&amp#27;[39m
&amp#27;[35m[HTTP]&amp#27;[39m &amp#27;[90m&amp#27;[39m
&amp#27;[35m[HTTP]&amp#27;[39m &amp#27;[37m-->&amp#27;[39m &amp#27;[37mGET&amp#27;[39m &amp#27;[37m/wd/hub/session/ee0e5569-3cfd-4739-96df-73f2565751c2/context&amp#27;[39m
&amp#27;[35m[HTTP]&amp#27;[39m &amp#27;[90m{}&amp#27;[39m
[debug] &amp#27;[35m[W3C (ee0e5569)]&amp#27;[39m Calling AppiumDriver.getCurrentContext() with args: ["ee0e5569-3cfd-4739-96df-73f2565751c2"]
[debug] &amp#27;[35m[W3C (ee0e5569)]&amp#27;[39m Responding to client with driver.getCurrentContext() result: "NATIVE_APP"
&amp#27;[35m[HTTP]&amp#27;[39m &amp#27;[37m<-- GET /wd/hub/session/ee0e5569-3cfd-4739-96df-73f2565751c2/context &amp#27;[39m&amp#27;[32m200&amp#27;[39m &amp#27;[90m2 ms - 22&amp#27;[39m
&amp#27;[35m[HTTP]&amp#27;[39m &amp#27;[90m&amp#27;[39m
&amp#27;[35m[HTTP]&amp#27;[39m &amp#27;[37m-->&amp#27;[39m &amp#27;[37mPOST&amp#27;[39m &amp#27;[37m/wd/hub/session/ee0e5569-3cfd-4739-96df-73f2565751c2/element&amp#27;[39m
&amp#27;[35m[HTTP]&amp#27;[39m &amp#27;[90m{"using":"accessibility id","value":"test-Password"}&amp#27;[39m
[debug] &amp#27;[35m[W3C (ee0e5569)]&amp#27;[39m Calling AppiumDriver.findElement() with args: ["accessibility id","test-Password","ee0e5569-3cfd-4739-96df-73f2565751c2"]
[debug] &amp#27;[35m[BaseDriver]&amp#27;[39m Valid locator strategies for this request: xpath, id, class name, accessibility id, css selector, -android uiautomator
[debug] &amp#27;[35m[BaseDriver]&amp#27;[39m Waiting up to 0 ms for condition
[debug] &amp#27;[35m[WD Proxy]&amp#27;[39m Matched '/element' to command name 'findElement'
[debug] &amp#27;[35m[WD Proxy]&amp#27;[39m Proxying [POST /element] to [POST http://127.0.0.1:10000/wd/hub/session/21df9c7c-7d36-4b62-bb40-31691f012b3b/element] with body: {"strategy":"accessibility id","selector":"test-Password","context":"","multiple":false}
[debug] &amp#27;[35m[WD Proxy]&amp#27;[39m Got response with status 200: {"sessionId":"21df9c7c-7d36-4b62-bb40-31691f012b3b","value":{"ELEMENT":"00000000-0000-036c-7fff-ffff00000030","element-6066-11e4-a52e-4f735466cecf":"00000000-0000-036c-7fff-ffff00000030"}}
[debug] &amp#27;[35m[W3C (ee0e5569)]&amp#27;[39m Responding to client with driver.findElement() result: {"element-6066-11e4-a52e-4f735466cecf":"00000000-0000-036c-7fff-ffff00000030","ELEMENT":"00000000-0000-036c-7fff-ffff00000030"}
&amp#27;[35m[HTTP]&amp#27;[39m &amp#27;[37m<-- POST /wd/hub/session/ee0e5569-3cfd-4739-96df-73f2565751c2/element &amp#27;[39m&amp#27;[32m200&amp#27;[39m &amp#27;[90m58 ms - 137&amp#27;[39m
&amp#27;[35m[HTTP]&amp#27;[39m &amp#27;[90m&amp#27;[39m
&amp#27;[35m[HTTP]&amp#27;[39m &amp#27;[37m-->&amp#27;[39m &amp#27;[37mPOST&amp#27;[39m &amp#27;[37m/wd/hub/session/ee0e5569-3cfd-4739-96df-73f2565751c2/element/00000000-0000-036c-7fff-ffff00000030/clear&amp#27;[39m
&amp#27;[35m[HTTP]&amp#27;[39m &amp#27;[90m{"id":"00000000-0000-036c-7fff-ffff00000030"}&amp#27;[39m
[debug] &amp#27;[35m[W3C (ee0e5569)]&amp#27;[39m Calling AppiumDriver.clear() with args: ["00000000-0000-036c-7fff-ffff00000030","ee0e5569-3cfd-4739-96df-73f2565751c2"]
[debug] &amp#27;[35m[WD Proxy]&amp#27;[39m Matched '/element/00000000-0000-036c-7fff-ffff00000030/clear' to command name 'clear'
[debug] &amp#27;[35m[WD Proxy]&amp#27;[39m Proxying [POST /element/00000000-0000-036c-7fff-ffff00000030/clear] to [POST http://127.0.0.1:10000/wd/hub/session/21df9c7c-7d36-4b62-bb40-31691f012b3b/element/00000000-0000-036c-7fff-ffff00000030/clear] with body: {"elementId":"00000000-0000-036c-7fff-ffff00000030"}
[debug] &amp#27;[35m[WD Proxy]&amp#27;[39m Got response with status 200: {"sessionId":"21df9c7c-7d36-4b62-bb40-31691f012b3b","value":null}
[debug] &amp#27;[35m[W3C (ee0e5569)]&amp#27;[39m Responding to client with driver.clear() result: null
&amp#27;[35m[HTTP]&amp#27;[39m &amp#27;[37m<-- POST /wd/hub/session/ee0e5569-3cfd-4739-96df-73f2565751c2/element/00000000-0000-036c-7fff-ffff00000030/clear &amp#27;[39m&amp#27;[32m200&amp#27;[39m &amp#27;[90m28 ms - 14&amp#27;[39m
&amp#27;[35m[HTTP]&amp#27;[39m &amp#27;[90m&amp#27;[39m
&amp#27;[35m[HTTP]&amp#27;[39m &amp#27;[37m-->&amp#27;[39m &amp#27;[37mGET&amp#27;[39m &amp#27;[37m/wd/hub/session/ee0e5569-3cfd-4739-96df-73f2565751c2/context&amp#27;[39m
&amp#27;[35m[HTTP]&amp#27;[39m &amp#27;[90m{}&amp#27;[39m
[debug] &amp#27;[35m[W3C (ee0e5569)]&amp#27;[39m Calling AppiumDriver.getCurrentContext() with args: ["ee0e5569-3cfd-4739-96df-73f2565751c2"]
[debug] &amp#27;[35m[W3C (ee0e5569)]&amp#27;[39m Responding to client with driver.getCurrentContext() result: "NATIVE_APP"
&amp#27;[35m[HTTP]&amp#27;[39m &amp#27;[37m<-- GET /wd/hub/session/ee0e5569-3cfd-4739-96df-73f2565751c2/context &amp#27;[39m&amp#27;[32m200&amp#27;[39m &amp#27;[90m2 ms - 22&amp#27;[39m
&amp#27;[35m[HTTP]&amp#27;[39m &amp#27;[90m&amp#27;[39m
&amp#27;[35m[HTTP]&amp#27;[39m &amp#27;[37m-->&amp#27;[39m &amp#27;[37mPOST&amp#27;[39m &amp#27;[37m/wd/hub/session/ee0e5569-3cfd-4739-96df-73f2565751c2/element&amp#27;[39m
&amp#27;[35m[HTTP]&amp#27;[39m &amp#27;[90m{"using":"accessibility id","value":"test-Password"}&amp#27;[39m
[debug] &amp#27;[35m[W3C (ee0e5569)]&amp#27;[39m Calling AppiumDriver.findElement() with args: ["accessibility id","test-Password","ee0e5569-3cfd-4739-96df-73f2565751c2"]
[debug] &amp#27;[35m[BaseDriver]&amp#27;[39m Valid locator strategies for this request: xpath, id, class name, accessibility id, css selector, -android uiautomator
[debug] &amp#27;[35m[BaseDriver]&amp#27;[39m Waiting up to 0 ms for condition
[debug] &amp#27;[35m[WD Proxy]&amp#27;[39m Matched '/element' to command name 'findElement'
[debug] &amp#27;[35m[WD Proxy]&amp#27;[39m Proxying [POST /element] to [POST http://127.0.0.1:10000/wd/hub/session/21df9c7c-7d36-4b62-bb40-31691f012b3b/element] with body: {"strategy":"accessibility id","selector":"test-Password","context":"","multiple":false}
[debug] &amp#27;[35m[WD Proxy]&amp#27;[39m Got response with status 200: {"sessionId":"44ba05ff-d8a8-4796-9026-76750819bf31","value":null}
[debug] &amp#27;[35m[W3C (644cb43e)]&amp#27;[39m Responding to client with driver.setValue() result: null
&amp#27;[35m[HTTP]&amp#27;[39m &amp#27;[37m<-- POST /wd/hub/session/644cb43e-d672-40f5-a9b0-1fd484bb3424/element/00000000-0000-0166-7fff-ffff0000002e/val  When I enter username as "standard_user"                # com.qa.stepdef.LoginStepDef.iEnterUsernameAs(java.lang.String)
ue &amp#27;[39m&amp#27;[32m200&amp#27;[39m &amp#27;[90m551 ms - 14&amp#27;[39m
&amp#27;[35m[HTTP]&amp#27;[39m &amp#27;[90m&amp#27;[39m
&amp#27;[35m[HTTP]&amp#27;[39m &amp#27;[37m-->&amp#27;[39m &amp#27;[37mGET&amp#27;[39m &amp#27;[37m/wd/hub/session/644cb43e-d672-40f5-a9b0-1fd484bb3424/context&amp#27;[39m
&amp#27;[35m[HTTP]&amp#27;[39m &amp#27;[90m{}&amp#27;[39m
[debug] &amp#27;[35m[W3C (644cb43e)]&amp#27;[39m Calling AppiumDriver.getCurrentContext() with args: ["644cb43e-d672-40f5-a9b0-1fd484bb3424"]
[debug] &amp#27;[35m[W3C (644cb43e)]&amp#27;[39m Responding to client with driver.getCurrentContext() result: "NATIVE_APP"
&amp#27;[35m[HTTP]&amp#27;[39m &amp#27;[37m<-- GET /wd/hub/session/644cb43e-d672-40f5-a9b0-1fd484bb3424/context &amp#27;[39m&amp#27;[32m200&amp#27;[39m &amp#27;[90m2 ms - 22&amp#27;[39m
&amp#27;[35m[HTTP]&amp#27;[39m &amp#27;[90m&amp#27;[39m
&amp#27;[35m[HTTP]&amp#27;[39m &amp#27;[37m-->&amp#27;[39m &amp#27;[37mPOST&amp#27;[39m &amp#27;[37m/wd/hub/session/644cb43e-d672-40f5-a9b0-1fd484bb3424/element&amp#27;[39m
&amp#27;[35m[HTTP]&amp#27;[39m &amp#27;[90m{"using":"accessibility id","value":"test-Password"}&amp#27;[39m
[debug] &amp#27;[35m[W3C (644cb43e)]&amp#27;[39m Calling AppiumDriver.findElement() with args: ["accessibility id","test-Password","644cb43e-d672-40f5-a9b0-1fd484bb3424"]
[debug] &amp#27;[35m[BaseDriver]&amp#27;[39m Valid locator strategies for this request: xpath, id, class name, accessibility id, css selector, -android uiautomator
[debug] &amp#27;[35m[BaseDriver]&amp#27;[39m Waiting up to 0 ms for condition
[debug] &amp#27;[35m[WD Proxy]&amp#27;[39m Matched '/element' to command name 'findElement'
[debug] &amp#27;[35m[WD Proxy]&amp#27;[39m Proxying [POST /element] to [POST http://127.0.0.1:10001/wd/hub/session/44ba05ff-d8a8-4796-9026-76750819bf31/element] with body: {"strategy":"accessibility id","selector":"test-Password","context":"","multiple":false}
[debug] &amp#27;[35m[WD Proxy]&amp#27;[39m Got response with status 200: {"sessionId":"21df9c7c-7d36-4b62-bb40-31691f012b3b","value":{"ELEMENT":"00000000-0000-036c-7fff-ffff00000030","element-6066-11e4-a52e-4f735466cecf":"00000000-0000-036c-7fff-ffff00000030"}}
[debug] &amp#27;[35m[W3C (ee0e5569)]&amp#27;[39m Responding to client with driver.findElement() result: {"element-6066-11e4-a52e-4f735466cecf":"00000000-0000-036c-7fff-ffff00000030","ELEMENT":"00000000-0000-036c-7fff-ffff00000030"}
&amp#27;[35m[HTTP]&amp#27;[39m &amp#27;[37m<-- POST /wd/hub/session/ee0e5569-3cfd-4739-96df-73f2565751c2/element &amp#27;[39m&amp#27;[32m200&amp#27;[39m &amp#27;[90m515 ms - 137&amp#27;[39m
&amp#27;[35m[HTTP]&amp#27;[39m &amp#27;[90m&amp#27;[39m
&amp#27;[35m[HTTP]&amp#27;[39m &amp#27;[37m-->&amp#27;[39m &amp#27;[37mGET&amp#27;[39m &amp#27;[37m/wd/hub/session/ee0e5569-3cfd-4739-96df-73f2565751c2/element/00000000-0000-036c-7fff-ffff00000030/displayed&amp#27;[39m
&amp#27;[35m[HTTP]&amp#27;[39m &amp#27;[90m{}&amp#27;[39m
[debug] &amp#27;[35m[W3C (ee0e5569)]&amp#27;[39m Calling AppiumDriver.elementDisplayed() with args: ["00000000-0000-036c-7fff-ffff00000030","ee0e5569-3cfd-4739-96df-73f2565751c2"]
[debug] &amp#27;[35m[WD Proxy]&amp#27;[39m Matched '/element/00000000-0000-036c-7fff-ffff00000030/attribute/displayed' to command name 'getAttribute'
[debug] &amp#27;[35m[WD Proxy]&amp#27;[39m Proxying [GET /element/00000000-0000-036c-7fff-ffff00000030/attribute/displayed] to [GET http://127.0.0.1:10000/wd/hub/session/21df9c7c-7d36-4b62-bb40-31691f012b3b/element/00000000-0000-036c-7fff-ffff00000030/attribute/displayed] with no body
[debug] &amp#27;[35m[WD Proxy]&amp#27;[39m Got response with status 200: {"sessionId":"21df9c7c-7d36-4b62-bb40-31691f012b3b","value":"true"}
[debug] &amp#27;[35m[W3C (ee0e5569)]&amp#27;[39m Responding to client with driver.elementDisplayed() result: true
&amp#27;[35m[HTTP]&amp#27;[39m &amp#27;[37m<-- GET /wd/[INFO ] 2022-08-30 16:49:18.839 BasePage:71 - password is invalidPassword
hub/session/ee0e5569-3cfd-4739-96df-73f2565751c2/element/00000000-0000-036c-7fff-ffff00000030/displayed &amp#27;[39m&amp#27;[32m200&amp#27;[39m &amp#27;[90m42 ms - 14&amp#27;[39m
&amp#27;[35m[HTTP]&amp#27;[39m &amp#27;[90m&amp#27;[39m
&amp#27;[35m[HTTP]&amp#27;[39m &amp#27;[37m-->&amp#27;[39m &amp#27;[37mGET&amp#27;[39m &amp#27;[37m/wd/hub/session/ee0e5569-3cfd-4739-96df-73f2565751c2/context&amp#27;[39m
&amp#27;[35m[HTTP]&amp#27;[39m &amp#27;[90m{}&amp#27;[39m
[debug] &amp#27;[35m[W3C (ee0e5569)]&amp#27;[39m Calling AppiumDriver.getCurrentContext() with args: ["ee0e5569-3cfd-4739-96df-73f2565751c2"]
[debug] &amp#27;[35m[W3C (ee0e5569)]&amp#27;[39m Responding to client with driver.getCurrentContext() result: "NATIVE_APP"
&amp#27;[35m[HTTP]&amp#27;[39m &amp#27;[37m<-- GET /wd/hub/session/ee0e5569-3cfd-4739-96df-73f2565751c2/context &amp#27;[39m&amp#27;[32m200&amp#27;[39m &amp#27;[90m3 ms - 22&amp#27;[39m
&amp#27;[35m[HTTP]&amp#27;[39m &amp#27;[90m&amp#27;[39m
&amp#27;[35m[HTTP]&amp#27;[39m &amp#27;[37m-->&amp#27;[39m &amp#27;[37mPOST&amp#27;[39m &amp#27;[37m/wd/hub/session/ee0e5569-3cfd-4739-96df-73f2565751c2/element&amp#27;[39m
&amp#27;[35m[HTTP]&amp#27;[39m &amp#27;[90m{"using":"accessibility id","value":"test-Password"}&amp#27;[39m
[debug] &amp#27;[35m[W3C (ee0e5569)]&amp#27;[39m Calling AppiumDriver.findElement() with args: ["accessibility id","test-Password","ee0e5569-3cfd-4739-96df-73f2565751c2"]
[debug] &amp#27;[35m[BaseDriver]&amp#27;[39m Valid locator strategies for this request: xpath, id, class name, accessibility id, css selector, -android uiautomator
[debug] &amp#27;[35m[BaseDriver]&amp#27;[39m Waiting up to 0 ms for condition
[debug] &amp#27;[35m[WD Proxy]&amp#27;[39m Matched '/element' to command name 'findElement'
[debug] &amp#27;[35m[WD Proxy]&amp#27;[39m Proxying [POST /element] to [POST http://127.0.0.1:10000/wd/hub/session/21df9c7c-7d36-4b62-bb40-31691f012b3b/element] with body: {"strategy":"accessibility id","selector":"test-Password","context":"","multiple":false}
[debug] &amp#27;[35m[WD Proxy]&amp#27;[39m Got response with status 200: {"sessionId":"21df9c7c-7d36-4b62-bb40-31691f012b3b","value":{"ELEMENT":"00000000-0000-036c-7fff-ffff00000030","element-6066-11e4-a52e-4f735466cecf":"00000000-0000-036c-7fff-ffff00000030"}}
[debug] &amp#27;[35m[W3C (ee0e5569)]&amp#27;[39m Responding to client with driver.findElement() result: {"element-6066-11e4-a52e-4f735466cecf":"00000000-0000-036c-7fff-ffff00000030","ELEMENT":"00000000-0000-036c-7fff-ffff00000030"}
&amp#27;[35m[HTTP]&amp#27;[39m &amp#27;[37m<-- POST /wd/hub/session/ee0e5569-3cfd-4739-96df-73f2565751c2/element   And I enter password as "invalidPassword"                                                           # com.qa.stepdef.LoginStepDef.iEnterPasswordAs(java.lang.String)
&amp#27;[39m&amp#27;[32m200&amp#27;[39m &amp#27;[90m41 ms - 137&amp#27;[39m
&amp#27;[35m[HTTP]&amp#27;[39m &amp#27;[90m&amp#27;[39m
&amp#27;[35m[HTTP]&amp#27;[39m &amp#27;[37m-->&amp#27;[39m &amp#27;[37mPOST&amp#27;[39m &amp#27;[37m/wd/hub/session/ee0e5569-3cfd-4739-96df-73f2565751c2/element/00000000-0000-036c-7fff-ffff00000030/value&amp#27;[39m
&amp#27;[35m[HTTP]&amp#27;[39m &amp#27;[90m{"id":"00000000-0000-036c-7fff-ffff00000030","text":"invalidPassword","value":["i","n","v","a","l","i","d","P","a","s","s","w","o","r","d"]}&amp#27;[39m
[debug] &amp#27;[35m[W3C (ee0e5569)]&amp#27;[39m Calling AppiumDriver.setValue() with args: [["i","n","v","a","l","i","d","P","a","s","s","w","o","r","d"],"00000000-0000-036c-7fff-ffff00000030","ee0e5569-3cfd-4739-96df-73f2565751c2"]
[debug] &amp#27;[35m[WD Proxy]&amp#27;[39m Matched '/element/00000000-0000-036c-7fff-ffff00000030/value' to command name 'setValue'
[debug] &amp#27;[35m[Protocol Converter]&amp#27;[39m Added 'value' property ["i","n","v","a","l","i","d","P","a","s","s","w","o","r","d"] to 'setValue' request body
[debug] &amp#27;[35m[WD Proxy]&amp#27;[39m Proxying [POST /element/00000000-0000-036c-7fff-ffff00000030/value] to [POST http://127.0.0.1:10000/wd/hub/session/21df9c7c-7d36-4b62-bb40-31691f012b3b/element/00000[INFO ] 2022-08-30 16:49:19.244 BasePage:54 - press login button
000-000[0-debug] &amp#27;[35m[WD Proxy]&amp#27;[39m Got respo0n3s6ec -7wfifft-hff fsft00a0t0u0s03 20/0va0l:u e{] "wsitehs sbiodoyn:I {d""e:l"e4m4ebnatI0d5"f:f"00-0d0800a080--40700906-0-369c0-27f6f-f7-6f7f5ff00801090b00f3301"",",t"evaxtlue"":{:""EinvLalEiMdEPaNsTsw"o:r"d0"0,"0r0ep0l0ac0e0":-f0al0s0e0,-"v0al1ue6"6:-["7if",f"fn-",f"fvf",f"0a0",0"0l0"0,2"fi"",,""de"l,e"Pm"e,"nat",-"6s"0,6"6s"-,"1w1",e"4o"-,a"5r"2,e"-d"4]f}7
3[5d4eb6u6g]c e&amp#27;c[f3"5:m["W0D0 0P0r0ox0y0]0&amp#27;-[03090m0 -G0ot1 66r-es7pfonfsef -wiftfhf sft0at0u0s 02000:0 2{f""s}es}sio
nId":"21df9c7c-7d36-4b62-bb40-31691f0[1d2be3bbu"g,]" va&amp#27;l[ue3":5nmu[lWl}3
C[ d(e6b4u4gc] b&amp#27;4[33e5)m[]W&amp#27;3[C3 9(me e0Ree55s6p9)o]&amp#27;n[d39im nRge sptoond icnlgi teo nctl iweintt whi tdhr dirvievre.r.fsinedtEVlaelue() result: null
&amp#27;[35m[HTTP]&amp#27;[39mm e&amp#27;n[t3(7)m <-r-e PsOuSlT t/w:d /{h"uebl/esmeesnsti-o60n6/6e-e101ee54-5a6592-e3-c4ffd73-54476369c-e9c6fd"f:-7"3f025065070501c020/0e-l0e0m0en0t-/0001060600-070f-f0f0-0f0f-f03f600c0-070f0f2ff-"f,f"ffE0L0E0M0E0N0T30"/:va"l0u0e0 0&amp#27;0[03090m&amp#27;-[03020m020-00&amp#27;1[3696m- 7&amp#27;f[f9f0-m8f8f ms - 1f4&amp#27;f0[3090m00
0&amp#27;2[f3"5m}[H
T&amp#27;T[35m[HTTP]&amp#27;[39m &amp#27;[37m<-P- P]O&amp#27;S[T3 9/mw d&amp#27;/[h9u0bm/&amp#27;s[e3s9smio
n&amp#27;/[63454mc[bH4T3TeP-]d&amp#27;67[2-40f53-a99mb 0&amp#27;-[13f7dm4-8-4>b&amp#27;[b3394m2 4&amp#27;/[e3l7emmGeEnTt&amp#27; [&amp#27;3[93m9 m&amp#27;&amp#27;[[3327mm2/0w0d&amp#27;/[3h9umb /&amp#27;s[e9s0smi5o3n1/ emes 0e- 5516397-&amp#27;3[c3fd9-m47
3&amp#27;9[-3956md[fH-7T3TPf2]&amp#27;5[653795m1 c2/co&amp#27;n[t9e0xmt&amp#27;&amp#27;[[3399mm

&amp#27;&amp#27;[[3355mm[[HTHTTPTP]]&amp#27;&amp#27;[[3399mm  &amp#27;&amp#27;[[3970mm-{}-&amp#27;>[&amp#27;3[93m9m
 [&amp#27;d[e3bu7gm]G E&amp#27;T[&amp#27;3[53m9[mW 3&amp#27;C[ 3(7eme/0we5d5/6h9u)b]/&amp#27;s[e3s9smi oCna/l6l4i4ncgb 4A3pep-idu6m7D2r-i4v0efr5.-gae9tbC0u-r1rfedn4t8C4obnbt3e4x2t4(/)e lweimtehn ta/r0g0s0:0 0[0"0e0e-00e05005-6091-636c-f7df-f4f7-3f9f-f9f60d0f0-07030f22f5/6d5i7s51pcl2a"y]
e[dd&amp#27;e[b3u9gm] 
&amp#27;&amp#27;[3[53m5[mW[3HCT (TPee]0&amp#27;e[53596m9 )&amp#27;][&amp#27;9[03m9{m }R&amp#27;e[s3p9omnd
i[ndge btuog ]c l&amp#27;i[e3n5tm [wWi3tC h( 6d4r4cibv4e3re.)g]e&amp#27;t[C39umr rCeanltlCoinntge xAtp(p)i urmeDsruilvte:r ."eNlAeTmIeVnEt_DAiPsPp"la
&amp#27;y[e3d5(m)[ Hwith argTs:T P[]"&amp#27;0[03090m0 0&amp#27;0[03-70m0<0-0-- 0G1E6T6 -/7wfdf/fh-ufbf/fsfe0s0s0i0o0n0/2efe"0,e55"6694-43cbc4f3de--4d767329--4906fd5f--a793bf02-516f5d745814cb2b/3c4o2n4"t]ex
t[ d&amp#27;e[b3u9gm&amp#27;][ 3&amp#27;2[m3250m0[&amp#27;W[D3 9Pmr o&amp#27;x[y9]0&amp#27;m[13 m9sm  -M a2t2c&amp#27;h[e3d 9'm
&amp#27;/[e3l5emm[eHnTtT/P0]0&amp#27;0[03090m0 0&amp#27;-[09000m0&amp#27;-[03196m6-
7&amp#27;f[f3f5-mf[fHfTfT0P0]00002&amp#27;f[/3a9tmt r&amp#27;i[b3u7tme-/-d>i&amp#27;s[p3l9amy &amp#27;e[d3'7 mtPoO ScTo&amp#27;[m3m9am n&amp#27;d[ 37nmam/ewd /'gheutb/seAststiroinb/uetee0e'556
[debug] &amp#27;[35m[WD Proxy]&amp#27;[399m -P3rcofdxyi-n4g7 3[9-G9E6dTf- 7/3fe2l5e65m7e5nt1/c20/e0le0m0ent0&amp#27;[0309m0-
0&amp#27;[000-350m[1H6TT6P-]7&amp#27;[ff39fm- &amp#27;f[f90fmf{0"00u0s0in0g2":f"/aatcctersibsuibtiel/idtyi sipdl",a"yevda]l uet"o: "[GteEsTt -hLtOGtIpN:"/}/&amp#27;1[3297m.0
.0[.d1e:b1u0g0]0 1&amp#27;[35m[W3C/ w(ee0e556d9/)h]u&amp#27;b[/39sessmi oCalln/44bai05ng AppiumDriver.findElement() with args: ["accessibility id","test-LOGIN","ee0e5569-3cfd-4739-96df-f73ff-d8a82-54679567-5910c226-"]76
7[5d08e1b9ubgf]31 /&amp#27;[e3lement/00000000-05000m-[0B1a6s6e-D7rfifvfe-rf]f&amp#27;f[f0309m0 0V0a0l2ifd /alotctartiorb suttrea/tedgiisepsl afoyre dt]h iwsit hre qnuoes tbo: dxyp
a[tdhe,b uigd,]  c&amp#27;l[a3s5sm [naWmDe, Pr oaxcyce]s&amp#27;si[bi3l9imt yG oitd ,response with  css selector, -androidstatus 200: {"sessionId":"44ba05ff-d8a8-4796-9026-76750819bf31","value":"true"}
[debug] &amp#27;[35m[W3C (644cb43e)]&amp#27;[39m Responding to client with driver .ueilaeutmoemnattDoirsp
l[adyeebdu(g)]  r&amp#27;e[s3u5lmt[:B atsreuDeri
v&amp#27;e[r3]5&amp#27;m[[3H9TmT PW]a&amp#27;i[t3i9nmg  &amp#27;u[p3 7tmo< -0-  mGsE Tf o/rw dc/ohnudbi/tsieosnsi
o[n/d6e4b4ucgb]4 3&amp#27;e[-3d56m7[2W-D4 0Pfr5o-xay9]b&amp#27;0[-319fm Matchde4d8 '4/bebl3e4m2e4n/te'l etmoe ncto/m0m0a0n0d0 0n0a0m-e0 0'0f0i-n0d166-E7lfefmfen-tf'ff
f[0d0e0b0u0g0]2 f&amp#27;[/3d5ims[pWlDa yPerdo x&amp#27;y[]3&amp#27;9[m3&amp#27;9[m3 2Pmr2o0x0y&amp#27;i[n3g9 m[ P&amp#27;O[S9T0 m/2el2e mmesn t-]  1t4o&amp#27; [[3PO9SmT 
h&amp#27;t[t3p5:m/[/H1T2T7P.]0&amp#27;.[03.91m: 1&amp#27;0[09000/mw&amp#27;d[/3h9umb/
s&amp#27;e[s3s5imo[nH/T2T1Pd]f&amp#27;9[c379c-m 7&amp#27;d[363-74mb-6-2>-&amp#27;b[b4309-m3 1&amp#27;[63971mfG0E1T&amp#27;2b[339b/m &amp#27;e[3l7emm/ewndt/]h uwbi/tshe ssbioodny/:6 4{4"sctbr4a3tee-gdy6"7:2"-a4c0cfe5s-sai9bbi0l-i1tfyd 4i8d4"b,b"3s4e24le/cctoonrt"e:x"tt&amp#27;e[s3t9m-LO
G&amp#27;IN"[,3"5cmo[nHtTeTxPt]"&amp#27;:["3"9m &amp#27;[90m{,}"&amp#27;mu[3l9tmip
l[ed"e:bufga]l s&amp#27;e[}35
m[[dWe3bCu g(]6 4&amp#27;4[c3b453me[)WD] &amp#27;P[r3o9xmy ]C&amp#27;a[l3l9imn gGo tA prpeisupmoDnrsiev er.getCuwrirtehn sttCaontext() with args: ["644cb43e-d672-40f5-a9b0-1fd484bb3424"]
[debug] &amp#27;[35m[W3C (644cb43e)]&amp#27;[39m Responding to client with driver.getCurrentContext() result: "NATIVE_APP"
&amp#27;[35m[HTTP  And I login                                                                                         # com.qa.stepdef.LoginStepDef.iLogin()
]&amp#27;[39tm &amp#27;u[3s7 m2<0-0-:  {G"EsTe s/swido/nhIdu"b:/"s2e1dsfs9ico7nc/-674d43c6b-443be62--db6b7420--403f156-9a19f0b102b3b","value":{"ELEMENT":"00000000-00-01f0d484bb3424/context &amp#27;[39m&amp#27;[32-m200306&amp#27;c-[73f9fmf -&amp#27;ff[ff000009002mc2" ,m"esl e-me n2t2-&amp#27;6[03696m-1
1&amp#27;e[43-5am5[HT2TP]&amp#27;[39m &amp#27;[90me&amp#27;[-349fm
&amp#27;[35m[HTTP]&amp#27;[39m &amp#27;7[33574m6-6-c>e&amp#27;c[f3"9:m" 0&amp#27;0[030070m0P0-O0S0T0&amp#27;0[-3093m6 c&amp#27;-[37m/wd/hub/7sfefsfs-ifofnf/f604040c0b04032ec-"d}6}7
[2d-eb4ug0] f&amp#27;[53-5ma[W93Cb (0ee-0e155f69d)4]&amp#27;8[349mb bRes3po4nd2i4ng/ teo cllieenmt ewintth &amp#27;dr[i3ve9r.mfind
E&amp#27;le[me3nt5()m [reHsTTulPt]:&amp#27;[3 9{m" el&amp#27;[em9e0nmt{-"6u0s6i6n-g1"1:e"4a-cac5e2ses-i4bfi7l3i5t4y6 6icde"c,f""v:"0a00l00u00e0"-0:00"0-t03e6cs-t7f-fPf-fafsffs0w00o00r02dc"",}"E&amp#27;L[EM3E9NmT":
"0[00d00e0b00u-0g00]0-0 3&amp#27;6[c3-75fmf[fW-3fCf f(f604040c0b04032ec)"]}&amp#27;[
3&amp#27;9[m3 5Cma[lHlTiTngP] &amp#27;A[p3p9imu m&amp#27;Dri[v3e7rm.<f-i-n dPEOlSeTm e/nwtd(/)h uwbi/tshe sasrigosn:/ e[e"0ea5c5c6e9s-s3icbfidli-t4y73 9i-d9"6,d"ft-e7s3tf-2P5a6s5s7w5o1rcd2"/,e"l6e4m4ecnbt4 3&amp#27;e[-3d96m7&amp#27;2[-3420m2f050-&amp#27;a[399bm0 -&amp#27;1[f9d04m8545b bm3s4 2-4 "1]37&amp#27;
[[3d9mebu
g&amp#27;[]3 5&amp#27;m[[3H5Tm[TBPa]s&amp#27;[39em &amp#27;[90Dmr&amp#27;i[3v9emr]
&amp#27;&amp#27;[[3359m Valid ml[oHcTTaPt]&amp#27;or[3 9smt &amp#27;r[at3e7gmi--e>&amp#27;[s39 mf o&amp#27;r[ t37hmiGsE Tr&amp#27;[e39qmu e&amp#27;s[t37:m /xwpda/thhub,/ sieds,s ciolna/sees0 en5a5m6e9,- 3accfdc-4e7s3s9-96dfi-b7i3fli25t65y7 i51dc,2 /eclsesm esnte/l0e00c0to0r0,00 --0a0n0d0r-0o3i6dc -u7ifaffu-ftfoffm0a00t0o0r02c
/[ddisepbug]l aye&amp#27;d&amp#27;[[3395mm
[&amp#27;B[35am[sHTeTDP]r&amp#27;i[3v9me r&amp#27;[]90&amp#27;m[{3}&amp#27;9[m39 mW
[adietbiugn]g  &amp#27;u[p3 5tm[oW 30C  m(se e0foer5 56c9o)n]d&amp#27;[i3t9imo nCa
l[ldienbgu Agp]p i&amp#27;um[D3r5ivme[r.elWemDen tPDriosxpyl]a&amp#27;ye[d3()9 mw iMtha tacrhgesd:  ['"/00e00l0e0m0e0-n0t0'00 -t0o36 coc-m7mfaff-nfdf ffn0a0m0e00 0'2cf"i,n"deEel0ee5m5e6n9t-'3cf
d[-d4e7b3u9g-]9 6&amp#27;d[f-3753mf[25W6D575 P1cr2o"x]y
][&amp#27;d[ebug] &amp#27;[339m Proxying [POST /element] to [POST http:/5m[WD Proxy]&amp#27;[39m Matched '/element/00000000-0000-036c-7fff-ffff0000002c/attribute/displayed' to command name 'getAttribute'
[debug] &amp#27;[35m[WD Proxy]&amp#27;[39m Proxying [GET /element/00000000-0000-036c-7fff-ffff0000002c/attribute/displayed] to [GET http://127.0.0.1:10000/wd/hub/session/21df9c7c-7d36-4b62-bb40-31691f012b3b/element/00000000-0000-036c-7fff-ffff[INFO ] 2022-08-30 16:49:19.899 BasePage:71 - password is secret_sauce
000/000122c7/.a0t.t0r.i1b:u1t0001/wed//dhiuspbl/asyeesds]i owni/t4h4 bnao0 5bfofd-yd8
a[8d-e4b7u9g6]- 9&amp#27;0[2365-m7[6W7D5 0P8r1o9xbyf]3&amp#27;1[/3e9lme mGeontt ]r ewsitpho nbsoed yw:i t{h" ssttraattuesg y2"0:0"a: c{c"essessisbiiolniItdy" :i"d2"1,df9c"7sce-l7edc3t6-o4rb"6:2"-bb40-31691f012b3b","value":"true"}
[debug] &amp#27;[35m[W3C (ee0e5569)]&amp#27;[39m Responding to client with driver.elementDisplayed() result: true
&amp#27;[35m[HTTP]&amp#27;[39m &amp#27;[37m<-- GET /wtd/hube/sste-Passsisowno/rede",0"ec5o5n6t9e-x3tc"f:d-"4",73"9mu-l9t6idpfl-e7"3:ff2a56l5s7e5}1c2
/[edleebmuegn]t /&amp#27;00[03050m0[0W0D- 0P0r0o0x-y0]3&amp#27;6[c3-97mf fGfo-tff ff0000r0e0s2pco/dnissep lwaiytehd  s&amp#27;t[a3t9um&amp#27;s[ 23020m:2 0{0"&amp#27;[s3e9sms i&amp#27;[o9n0m26I mds" :-" 4144b&amp#27;a0[35f9mf-
d&amp#27;8[a385m-[47HT9T6-P9026]-&amp#27;7[63795m0 8&amp#27;1[99b0fm3&amp#27;1["3,9"mval
u&amp#27;[e3"5:m{["HETLTEPM]E&amp#27;N[T3"9:m" 0&amp#27;0[3070m0-00-0>-&amp#27;0[03090m- 0&amp#27;1[6367-m7fGfEfT-&amp#27;f[f3ff90m0 0&amp#27;[003072m/f"w,d"/elheumbe/nstes-6s0i6on6-/1e1ee40-ea55562e9--43fcf7d3-5446763c9e-cf9"6:d"f0-07030f02050605-705010c02-0/c1o6n6t-e7xftff&amp#27;-f[f3f9fm000
0&amp#27;0[0325fm"[}H}TT
P[]d&amp#27;eb[ug39] m&amp#27; [&amp#27;[359m[0Wm3{C} &amp#27;(6[4349cmb4
3e)[]d&amp#27;[e39bmu gR]e s&amp#27;p[o3n5dmi[nWg3 Ct o( ecel0iee5n5t6 9w)i]t&amp#27;h[ 3d9rmi vCearl.lfiindEnlge mAepnptiu(m)D rrievseurl.tg:e t{C"uerlreemnetnCto-n6t0e6x6t-(1)1 ew4i-tah5 2aer-g4sf:7 3[5"4e6e60cee5c5f6"9:-"30c0f0d0-04070309--09060d0f--07136f62-576f5f7f5-1fcf2f"f]00
0000[2dfe"b,u"gE]L E&amp#27;M[E3N5Tm"[:W"30C0 0(0e0e000e05-506090)0]-&amp#27;0[13696m- 7Rfesfpfo-nfdfifnfg0 0to0 0c0l0i2efn"t} w
i&amp#27;t[h3 5dmr[iHvTeTrP.]g&amp#27;e[t3C9um &amp#27;[37m<--r rPeOSnTt C/owndt/ehxutb(/)s ersessiuolnt/:6 4"4NcAbT4I3VeE-_dA6P7P2"-4
0&amp#27;f[53-5am9[bH0T-T1Pf]d&amp#27;4[8349bmb 3&amp#27;4[2347/me<l-e-m eGnEtT  &amp#27;/[w3d9/mh&amp#27;u[b3/2m2s0e0s&amp#27;s[i3on9/mee 0&amp#27;e[59506m97-03 cmfsd --4 713397-&amp#27;9[63d9fm-7
3&amp#27;f[23556m5[7H5T1TcP2]/&amp#27;c[o3n9tme x&amp#27;t[ 9&amp#27;0[m3&amp#27;9[m3&amp#27;9[m32
m2&amp#27;0[03&amp#27;5[m3[9HmT T&amp#27;P[]9&amp#27;0m[23 9mms  &amp#27;-[ 3272m&amp#27;-[-3>9&amp#27;m[3
9&amp#27;m[ 3&amp#27;5[m3[7HmTPTOPS]T&amp#27;[&amp#27;3[93m9 m&amp#27; [&amp#27;9[03m7&amp#27;m[/3w9dm/h
u&amp#27;b[/3s5ems[sHiToTnP/]6&amp#27;[4349cbm &amp#27;4[33e7-md-6-7>2&amp#27;[-40f5-a9b309-m1 f&amp#27;d[43874mbPbO3S4T2&amp#27;4[/3e9lme m&amp#27;e[n3t7/m0/00w0d0/0hu0b0/-0s0es0s0i-o0n1/6e6e-07ef5f5f6-9ffff0000002f/clear&amp#27;[39m
&amp#27;[35m[HTTP]&amp#27;-[33c9fmd -&amp#27;47[399-096md{f"-i7d3f"2:5"605070501c020/0e0le-ment0&amp#27;0[3090m-0
1&amp#27;6[635-m7[fHTfTfP]-&amp#27;fff[f309m0 0&amp#27;0[09002mf{""u}s&amp#27;i[n3g9"m:"
a[dcecbeusgs]i b&amp#27;il[i3ty5 mi[d"W,3"Cv a(lu6e4"4cb4:3"ete)]s&amp#27;t-[L3O9GmI N"Ca}l&amp#27;l[i3n9mg 
Ap[pdieubmuDgr]i v&amp#27;e[3r5m.[cWl3eCa r((ee)0 ew55i6t9h) ]a&amp#27;[r3g9sm:  C[al"0li0n0g0 0A0p0p0i-u0m0D00r-iver.0fi1n6d6E-le7mfenftf(-)f fwfift0h00 a0r0g0s2:f ["",a"c6c4e4sscbi4b3iel-idt6y7 i2d-",40"tfe5s-ta-9LbOG0I-N1",f"de4e804e5bb56394-234cf"]d-
47[3d9e-b96udgf] -&amp#27;7[33f52m5[W65D7 5P1rco2x"]y
][&amp#27;d[e3b9umg]  M&amp#27;a[t3c5hme[BaseDriver]&amp#27;[d3 9'm/ eVlaelmiednt /l0o0c0a0t0o00r0 -s0t0r0a0t-0egi1e6s6 -f7ofrff -tfhfifsf 0r0e0q00u02efs/tc:l exaprat'h t,o  ciodm,m acnlda nsasm en 'acmleea,r 'ac
c[edsesbiugb]i l&amp#27;[i3t5y mi[dW,D  Pcrsosx ys]&amp#27;[e3l9emct Porro,x y-ianngd r[oPiOdS T ui/aeutloemmaetnotr/0
0[0de00b0u0g0]- &amp#27;0[03005-m0[1B6as6e-D7rifvefrf]&amp#27;-[f39ffmf W0a00i0t0i0n2gf /ucp lteo a0r ]m st of o[Pr OcSoTn dihttitopn:/
/[d1e2b7u.g0]. &amp#27;0[.315:m1[0W0D0 1P/rwodx/yhu]b&amp#27;/[s39ems sMaitonc/h4e4db 'a/0e5lfefm-edn8ta'8 -t4o 7c9o6-9026m-m7a67nd5 0n8a19mbef 3'1f/ienldEelmemeenntt/'0
0[d0eb0u0g]0 0&amp#27;[03-50m0[WD 0P0r-0166-o7xfy]f&amp#27;f[-3f9fmf fP0r0o0xy0i0n0g2 f[P/OcSlTe /aelre]me nt] wtoi t[h POSbodTy :h {t"etlpem:en/t/Id1"2:"700.00000.000-.010:010-0001006/6wd-7f/ffhu-bf/fsefsf0s0i0o000n2/f21"df}9c7c
-[7dd36e-4bb6u2-gb]b &amp#27;[354m0[-W3D16 91Pfr0o1xy2b]3&amp#27;b/[e3l9emm entG]o t wreistpohns e bwiotdhy :st a{t"usst ra200t:e g{y"":s"eascscionesIsdib"il:i"ty4 i4d",b"sae0le5cftfor-"d:8"at8-e4st-7LO9G6I-9N0"2,"6c-o7nte6x7t50"81:9"b"f3,1"","mvaululet"i:npullel"}:f
a[delbsueg}] 
&amp#27;[[3d5me[bWu3g]C &amp#27; [(365m4[W4D cPrbox4y]3&amp#27;e[)]&amp#27;39[m3 Got respon9sme  Rweistpohn dsintg taot ucsli e2n0t0 :w it{h" sderssiiveornI.dc"l:e"2a1rdf(9)c 7cr-e7ds3u6l-t4b: 6n2u-lblb40
-&amp#27;3[136591mf[0H1TT2Pb]&amp#27;3[b39"m, &amp#27;"[v37aml<-u-e "P:O{S"TE L/wEdM/EhNTub"/:s"0e00s00s00i0o-n00/006-04346ccb-743fef-fd-6f7f2f-f4000f0500-0a2c9"b,0"-e1lfd4e84mbbe3n4t2-46/e0le66me-n1t/010e0400-0a0502-e0-040f07-30156466-67cfeffc-fff"f:f0"0000000020f0/c0l0e0a-r 0&amp#27;0[3090m-&amp#27;0[3326cm2-07f0f&amp#27;[f-3f9fmf f&amp#27;[0900m0303 0m0s2 -c 1"4}&amp#27;[}39
m[
d&amp#27;e[b35umg[]H T&amp#27;T[P]3&amp#27;5m[[3W3C9 m( &amp#27;ee0e[5590m6&amp#27;9[)3]9m&amp#27;
[3&amp#27;9[m3 5Rmes[HpToTnPd]i&amp#27;n[g39 mt &amp#27;o[ 3cl7iemnt- -wi>th&amp#27; d[riv3er9.mf i&amp#27;n[dE37mGET&amp#27;le[m3en9tm( )&amp#27; [re3s7uml/wt:d /h{u"b/eselsesimone/644nctb43-e6-0d6667-21-410fe54--aa592b0e--14ffd7438544b6b63c4e2c4f/"c:o"n0t0ex0t0&amp#27;[03090m0-0000
-&amp#27;0[3365cm-[7HfTfTfP-]f&amp#27;f[ff3090m0 0&amp#27;0[0920c"m{,}"&amp#27;EL[3EM9mEN
T"[:de"b0u0g0]0 0&amp#27;0[0305-m0[0W030C -(063464ccb-74f3fef)-]f&amp#27;f[f3f9m00 0C0a0l0l2icng" }Ap
p&amp#27;[iumD3r5im[vHeTTrP].&amp#27;[g3e9tmC &amp#27;ur[r37em<n-t-C oPnOtSeTx t/(w) d/hub/wsietshs iarogns/:e e[0"6e4545c6b94-33ec-fdd6-7427-3490-f956-daf9-b07-31ffd2458645bb7345214"c]2/
e[ldeembeugn]t  &amp#27;&amp#27;[[335m9[mW&amp#27;3C[ 3(2m64240c0b&amp#27;4[33e9)m] &amp#27;&amp#27;[3[99m0 Rme5s2p omndsi ng-  t1o3 c7l&amp#27;i[e3nt9 wmi
t&amp#27;h[ d3r5imv[eHrT.TgPe]t&amp#27;C[u3r9rmen tC&amp#27;o[n9te0xtm(&amp#27;)[ 39remsul
t&amp#27;[:3 5"mNA[HTITVTEP_]A&amp#27;[PP3"9m
 &amp#27;&amp#27;[[3357mm[H-T-T>P]&amp#27;&amp#27;[[3399mm  &amp#27;&amp#27;[[3377mm<P--O SGTE&amp#27;T[3 /9wmd &amp#27;/[h37um/bw/ds/heubs/ssieossni/on6/e4e04ec5b54639e--3dc67f2d--4407f359--9a69dbf0-7-31ff25d6484bb3424/contex5t 7&amp#27;51[39m&amp#27;[32m200&amp#27;[39m &amp#27;[90m1 ms - 22&amp#27;[39m
&amp#27;[35mc[HT2T/Pe]l&amp#27;e[m39emn t&amp#27;/[0900m0&amp#27;0[390m0
0&amp#27;0[-350m0[0H0TT-P0]&amp#27;3[63c9-m7 &amp#27;f[f3f7m--->&amp#27;f[f3f9mf 0&amp#27;0[00002c/c3li7cmkP&amp#27;O[S3T&amp#27;9[m39
m&amp#27; [&amp#27;[3375mm/[wd/hub/sesHsTiToPn]/&amp#27;64[43cb94m3 e&amp#27;-[d906m72{-"4i0df"5:-"a0900b000-010f0d-408040b0b-3043264c/-e7lfefmfe-nft&amp#27;[f3f9mf0
&amp#27;0[0300502mc"[}&amp#27;H[3T9mT
P[]de&amp#27;bu[g3] 9&amp#27;m[ 3&amp#27;5[m9[0W3mC {("eusei0ne5g5"69):]"&amp#27;ac[ce3s9simb ilCiaty lidl"i,"nvga lAuep"p:i"utmest-PasswDorrdi"v}&amp#27;[e3r9.cmlic
k[()d weithb aurgs: g[]"0 0&amp#27;0[03050m0[0W-0030C0 -(063446cc-b74fff3e-)]f&amp#27;[f3f9mf 0Ca0lli0ng0 0Ap0p2icum"D,r"eiev0ee5r5.fi6n9d-E3lcfedm-en4t7()3 w9-i96tdfh- 73afr25g65s75:1c 2["]"a
[ccdeesbsiugb] i&amp#27;l[i3t5ym [WiD dP",r"otxeys]t&amp#27;-[P3a9ms Msatwcoherdd '"/,el"e6m4en4tc/b004030e0-0d6070-200-00-400f356c--a97ffbf0--1ffd4f8f4bfb0340240"]0
0[d0e2bugc] /c&amp#27;l[i3c5km['B astoe Dcroimvemra]&amp#27;[n3d9 mna meV a'clliickd' 
[ldoecbaugt]o r&amp#27; [s3t5rma[WDt Pegrioexsy] &amp#27;[f3o9mr P rthoisx yrieqnuegst :[ xPpOaSthT,  i/edl,em ecnlats/s 0n0a0m00e,0 0a0cc-e000s0-s03i6bc-i7lfifft-fyff fi0d00,0 00c2scs /sceliclke]c ttoor ,[P O-ST ahntdrtopid: /u/ia1ut2oma7to.r0
.[0de.b1u:g1]0 0&amp#27;0[035/m[wdB/ahsuebDr/isveers]s&amp#27;io[n/3291dmf 9cW7ca-7id3t6i-4nbg6 2u-pb bt4o0 -3016 9m1s f0f1o2br3 b/ceolnedimteinont
/[d0eb0u0g]0 &amp#27;0[03050m-0[00W0D- 0Pr3o6xyc]-7&amp#27;f[f3f9-mf Mfatfcf0h00e0d 0'0/2ce/cllicek]m ewnitth'  btodo yc: o{"memlanedm ennat"m:"e0 '0fi0nd0El0e0m00e-000n0-t0'36
c[d-eb7ufg]f f&amp#27;[-3f5mf[WfD fP0ro00xy]00&amp#27;0[23c9"m} Pro
x[ydiebnugg []PO S&amp#27;T [3/5me[lWDe mProxy]&amp#27;[39m Got response with status 200: {"sessionId":"en2t] to [PO1SdTf h9ttcp7:c/-/172d7.306.-04.b61:21-00b0b14/0w-d3/1hu6b9/s1efs0s1i2onb/434bb"a0,5"fvfa-ldu8ae8"-4:7n9u6l-l90}26
-7[6d7e5b08ug19]b f&amp#27;3[1/3e5lme[meWn3t]C  w(ieteh 0beod5y5:6 9{)"]s&amp#27;tr[a3t9emgy "R:e"sacpcoensdsiibinlgi tty o icdli"e,n"tse lwecitotrh" :"dtreistv-ePra.scswloricd"k,"(c)on treexts"u:"l",t":m unltuilplle"
:&amp#27;f[a3l5sme}[
[HdTeTbuPg]]&amp#27; [&amp#27;3[395mm[W D&amp#27; [P3ro7xmy<]&amp#27;-[-39 mP GOoStT  re/swpdo/nsheu bw/itshe sstsaitouns/ e2e000e: 5{5"6s9e-ss3icfodn-I4d7":3"944-b9a605dfff--d783a8f-24759665-7950126c-27/67e5l0e8m19ebnf3t1/",0"0va0l0u0e0"0:{0"E-L0EM0E0NT0"-:0"03060c0-0070f0f-f0-0f00f-ff00106060-070f2fcf/-cflfifcfk0 0&amp#27;00[03029fm"&amp#27;,[3"e2lmem2e0n0t&amp#27;-[63096m6 -11e&amp#27;4-[a5920em-243f72 35m4s6 6-c e1cf4"&amp#27;:["000000030-900m00
-0166-7fff-f&amp#27;f[ff3050m0[00H0T2TfP"}]}&amp#27;
[[3d9emb u&amp#27;g[] 9&amp#27;0[m3&amp#27;5[m3[9Wm3C 
(&amp#27;6[443cb54m3[eH)T]&amp#27;T[P39]m &amp#27;R[e3s9pomn d&amp#27;i[ng3 7tmo- -cl>ie&amp#27;n[t3 9wmi t&amp#27;h[ 3d7rmiGvEerT.&amp#27;f[in39md E&amp#27;le[m3e7nmt/(w) resdult:/ h{u"ebl/esmeesnsti-o60n6/e6e-01e1e5456-9a-532cef-d4-f74373594-6966cdefc-f7"3:"f00250600000-0050705-10c126/6c-o7nfftfe-fxftf&amp#27;f0[0309m000
2&amp#27;f"[,3"5EmL[EHMTETNTP"]:&amp#27;"[030900m0 0&amp#27;00[9-000m00{-}0&amp#27;1[6369-m
[7fdfefb-ufgf]ff0 00&amp#27;0[03052mf["}W3
C&amp#27; [(3e5me[0HeT5T5P]6&amp#27;9[3)9]m&amp#27; [&amp#27;3[397mm<- -C PaOlSlTi /nwgd /hAubp/psieussmioDnr/i6v4e4rc.b4g3eet-Cdu67r2r-e4n0tf5C-oan9tb0e-x1tf(d)4 with84 babr34g24s/:el e[m"eenet0 e&amp#27;5[5369m9&amp#27;[32m200&amp#27;-3[cf3d9m- 4&amp#27;7[3909m-59086 mdsf -- 7133f7&amp#27;2[5369m57
5&amp#27;[13c52m["H]TTP
][&amp#27;d[e3b9umg ]&amp#27; [&amp#27;9[03m5&amp#27;m[[39Wm3C
&amp#27; ([3e5em[0HeT5T5P]6&amp#27;[939)m] &amp#27;&amp#27;[[337m9-m-> &amp#27;[R3e9ms p&amp#27;o[n3d7imngG ETt&amp#27;o[ 3c9ml i&amp#27;e[n37tm /wwid/thuhb /dsreissvioen/r6.4g4etcCbu4r3re-edn67t2C-o40nf5t-ea9xbt0(-)1f dr4e8s4ublbt3:4 2"4N/AeTleImeVnEt_/A0P000P00"00-
0&amp#27;0[003-50m1[66-H7fTffT-P]ff&amp#27;[ff03090m0 00&amp#27;2[f3/7dmi<-sp-l aGyEeTd &amp#27;/[w39dm/h
&amp#27;u[b3/5sme[sHsTiTPo]&amp#27;n[/3e9em 0&amp#27;e[9505m6{}9&amp#27;[-339cmfd-4739-
9[6ddfe-b7u3fg2]5 6&amp#27;5[75315cm[2W/3cCo n(t6e44xcbt43 e&amp#27;)[]&amp#27;3[9m39&amp#27;m[ 3Ca2lml2i0n0g &amp#27;Ap[p3i9ummD r&amp#27;i[v9er0.me4l emmse nt-D i2sp2l&amp#27;ay[e3d9(m) w
it&amp#27;h[ 3ar5gms[:H T[T"P00]0&amp#27;0[030090-m 00&amp#27;0[09-00m1&amp#27;66-  And I enter password as "secret_sauce"                  # com.qa.stepdef.LoginStepDef.iEnterPasswordAs(java.lang.String)
7fff-f[fff0030090m02f
"&amp#27;,["635m[4H4cTbT4P3]e-&amp#27;d[63792-m4 0&amp#27;f[53-7am9b--0->1f&amp#27;d[43894mb b3&amp#27;42[43"7]m
P[OdeSbTug]&amp#27; [&amp#27;3[93m5m [&amp#27;W[D 3P7rmox/yw]&amp#27;d[/3h9mu bM/astechseds 'i/oelne/meenet/00e00050560900--300c0f0d--0417663-97-f9f6f-dffff-f70300f0205062f5/7att5r1ci2b/uetel/edimseplnta&amp#27;ye[d3' t9om co
m&amp#27;m[an3d 5nmam[eH T'TgPe]t&amp#27;A[t3t9rmi bute'
[de&amp#27;bug][ 9&amp#27;0[m3{5"m[WDus iPnrgo"x:y"x]p&amp#27;a[t3h9m", P"rvoxalyuien"g: "/[/GEanTd r/oeilde.mveinet/w0.0V0i0e0w0G0r0o-u0p[0@0c0on-t0e1n6t-6d-e7sfcf=f\-"tfefstf-Efr0r0o0r0 0m0e2sfs/aagtet\r"i]b/uatned/rodiids.pwliadygeedt]. Tteox t[VGiEeTw h"t}&amp#27;t[p3:9/m/1
2[7d.e0b.u0g.]1 :&amp#27;1[03050m1[/W3wCd /(heueb/0see5s5s6i9o)]n/&amp#27;44ba05[3f9fm- dC8aal8li-n4g7 9A6p-pi9u0m2D6r-i7v6e7r5.0f8i1n9dbEfl3e1m/eenlte(m)e nwtit/h0 0a0r0gs:0 0[0"0x-p0a0t0h0"-,0"1/6/6a-n7dfrfofi-df.fvfife0w0.0V0i0e0wG2fro/uapt[tr@icbounttee/ndti-sdpelsacy=e\"test-Errord] with no body
[debug] &amp#27;[35m[ WDm ePsrsoaxgye]\&amp#27;"[]/3a9nmd rGooitd .rweisdpgeotns.Tee xtwViitehw "sta,t"eues 200: {"sessionId":"44ba05ff-d8a8-4796-9026-76750819bf31","value":"true"}
[debug] &amp#27;[35m[W3C (644cb43e)]&amp#27;[03e95m5 6Re[INFO ] 2022-08-30 16:49:20.960 BasePage:97 - error text is - Username and password do not match any user in this service.
sponding to 9cli-e3nctf d-w4i739-96dtf-h7 3fd2r56i5v7e5r1c.2e"]le
m[ednetbDugi]s p&amp#27;l[a3y5me[d(B)as erDersiuvlert]:&amp#27; [3t9rmu eVa
l&amp#27;i[d3 5lmo[caHtToTr Ps]t&amp#27;r[a3t9emgi e&amp#27;s[ 3f7omr< -t-h isG EreTq u/ewsdt:/ xhpuabth/,s eisd,si oclna/s6s 4n4acmeb,4 3acec-edss6i7bi2-40fl5i-tay9 bi0d-, 1cfsds4 8s4elbeb3c4t2or4,/ e-anldermoeindt /u0i0a0u0t0o0ma0t0o-0000-r0
1[6d6eb-ug7]f f&amp#27;f[-3f5fmf[fBa0s0e0D0r0i0v2efr/]d&amp#27;i[s39pml aWyaeitdi n&amp#27;g[ 3u9pm &amp#27;t[o3 02m 2m0s 0f&amp#27;o[r3 9cmo n&amp#27;d[i9t0imo2n1
 [mdse b-u g1]4 &amp#27;&amp#27;[[3395mm[
W&amp#27;D [P3r5omx[yH]  Then login should fail with an error "Username and password do not match any user in this service." # com.qa.stepdef.LoginStepDef.loginShouldFailWithAnError(java.lang.String)
T&amp#27;T[P3]9&amp#27;m [M3a9tmc h&amp#27;e[d 9'0m/&amp#27;e[l3e9mmen
t&amp#27;'[ 3to5 mc[oHmTmand nTaPm]e&amp#27; '[f3i9nmd E&amp#27;l[e3me7nmt-'->
[&amp#27;d[eb3u9gm]  &amp#27;&amp#27;[[335m7m[GWDE TP&amp#27;r[o3x9ym]&amp#27; [&amp#27;3[93m 7Pmr/owxdy/ihnugb /[sPeOsSTs i/eolne/m6e4nt4]c tbo4 3[eP-OdST6 7ht2t-p4:0//f152-7a.09.b00.-1:11f0d004804/bwbd3/4h2u4b//cseosnstieonx/t2&amp#27;1[d3f99cm7
&amp#27;[35cm-[7HdT36T-P4b]6&amp#27;2-[b3b490m- 31&amp#27;6[9910fm0{12}b&amp#27;3[b3/9elmeme
n[td]e bwiutgh] b o&amp#27;d[y3:5 {m"[Wst3raCt e(g6y4"4:"cxbp4a3teh"),]"&amp#27;s[e3le9cmt oCr"a:l"l//ianngd roAipd.pviieuwm.DrViiveewrGr.oguept[C@ucornrteenntt-Cdoesnct=e\"xtte(st)- Ewrirotrh  maersgsasg: ["644cb43e-d67e2-\4"0]f/5a-nad9rbo0i-d1.fwdi4d8g4ebtb.3T4e2x4t"V]ie
w["d,e"bcuogn]t e&amp#27;x[t3"5:m"["W,3"Cm u(l6t4i4pclbe4"3:ef)a]l&amp#27;s[e3}9m Responding t
o[ dcelbiuegn]t  &amp#27;w[i3t5hm [dWrDi vPerro.xgye]t&amp#27;C[u3r9rme nGtoCto nrteesxpto(n)s er ewsiutlht:  s"tNaAtTuIsV E2_0A0P:P {"se"ss
i&amp#27;o[n3I5dm"[:H"T2T1Pd]f&amp#27;9[c379cm- 7&amp#27;d[3367-m4<b-6-2 -GbEbT /4w0d-/3hub/session/644cb43e-d672-40f5-a9b0-1fd484bb3424/context &amp#27;[39m&amp#27;[32m200&amp#27;[39m &amp#27;1[69091mf20 1m2s b-3b" ,"2v2a&amp#27;l[u3e9m
":&amp#27;{["3EL5EmM[EHNTT"T:P"]0&amp#27;0[030900m 0&amp#27;[90m&amp#27;0-[030090m-0
3&amp#27;6[c-375fmf[fH-fTfTfPf]0&amp#27;0[030900m3 f&amp#27;"[,3"7emle-m-e>nt&amp#27;-[63096m6- 1&amp#27;1[e347-maP5O2Se-T4&amp#27;f7[33594m6 6&amp#27;c[e3c7f"m:/"w0d/0h00u0b0/00s-e0s0s00io-n0/366c4-4c7bf4f3fe-f-fd6f7f200000-4003f5f"-a}9}b0
-[1dfedb4u8g]4 bb&amp#27;[33452m4[/eW3leC m(eenet0&amp#27;e[55396m9)
]&amp#27;&amp#27;[3[53m9[m HRTTePs]p&amp#27;[on3d9imn &amp#27;g [t9o0 cml{i"enusti nwgi"t:h "darccivesesri.bfiilnidEtlye miendt"(,)" vraelsuuel"t::" t{e"eslte-mPeasnstw-o6r0d6"6}&amp#27;-1[1e349m-a5
2[e-de4bufg7]3 5&amp#27;[46365cecf":m"[0W03C 000000-0000-036c-7fff-ffff0000003f","ELEMENT":"00000000-0000-036(c6-474fcfbf-4f3fef)f]0&amp#27;0[003090m3 fC"a}l
l&amp#27;i[n3g5 mA[ppHiTumTPD]ri&amp#27;v[e3r9.mf i&amp#27;n[d3E7lme<m-e-n tP(O)S Tw i/twhd /ahrugbs/:s e[s"saicocens/seei0bei5l5i6t9y- 3icdf","tesdt--4P7a3s9s-w9o6rddf"-,7"36f4245c6b54735e1-d6c722/-e4l0efm5e-nat9 b&amp#27;0[-39m&amp#27;1[f3d24m8240b0b&amp#27;3[43294m" ]&amp#27;[
9[0dme3b8u7g ]m s&amp#27; [-3 51m3[7B&amp#27;a[s3e9Dmri
v&amp#27;e[r3]5&amp#27;m[[3H9TmT PV]a&amp#27;l[i39dm  l&amp#27;o[c9a0tmo&amp#27;r[ 3s9tmra
t&amp#27;e[g3i5em[sH TfToPr] &amp#27;t[h3i9sm  r&amp#27;e[q3u7ems-t-:> &amp#27;x[p3a9tmh ,&amp#27; [i3d7,mG EclaTs&amp#27;s[ 3n9amm e&amp#27;,[ 3a7cmc/ewsds/ihbuibl/isteys siido,n /ceses0 e5s5e6l9e-3cctfodr-,4739-96 df--a7n3dfr2o5i6d5 7u5i1acu2t/oemlaetmoernt
/0[0d0e0b0u0g0]0 -&amp#27;0[03050m-[0B3a6sce-D7rfifvfe-rf]f&amp#27;f[f3090m0 0W0a0i3tfi/ndgi spulp atyoe d&amp#27;0[ 3m9sm f
o&amp#27;r[ 3c5omn[dHTiTtPi]o&amp#27;n[3
9[md eb&amp#27;u[g9]0 m&amp#27;{[}3&amp#27;5[m3[9WmD 
P[rdeobxuyg]]&amp#27; [&amp#27;3[93m5m[ WM3aCt c(heeed0 e'5/5e6l9e)m]e&amp#27;n[t3'9 mt oC aclolmimnagn dA pnpaimuem D'rfiivnedrE.leelmeemnetn'tD
i[sdpelbauyge]d (&amp#27;)[ 3w5imt[hW aDr gPsr:o x[y"]0&amp#27;0[03090m00 0P-r0o0x0y0i-n0g3 6[cP-O7SfTf f/-eflefmfef0n0t0] 00t0o 3[fP"O,S"Te eht0tep5:5/6/91-237c.f0d.-04.7139-96df:-17030f0215/6w5d7/5h1ucb2/"s]es
s[idoenb/u4g4]b a&amp#27;0[53f5fm-[dW8Da 8P-r4o7x9y6]-&amp#27;9[03296m- 7M6a7t5c0h8e1d9 b'f/3e1l/eemleenmte/n0t0]0 0w0i0t0h0 -b0o0d0y0:- 0{3"6sct-r7aftfefg-yf"f:f"fa0c0c0e0s0s0i3bfi/laitttyr iibdu"t,e"/sdeilsepcltaoyre"d:'" test-Pto coammsands wnoamred "',"gceotnAttetxrti"b:u"t"e',"m
u[dletbiupgl]e "&amp#27;:[f3a5lmse[W}D
 [Pdrebouxg]y &amp#27;][3&amp#27;5[m[3WD9 Pmro xyP]&amp#27;r[3o9mx Gyoit nregsp o[nsGe EwiTt h /stealtues m2e00n: t{"/se0ss0io0nI0d"0:"0404b0a0-5f0f-0d80a80--470963-6c90-267-7f6f750f8-19fbff31f",f"v0a0lu0e"0:0{"0EL3EMfE/NTa":t"0t00r00i00b0-u00t0e0-0/1d66i-s7ffpfl-fafyffe00d0]00 02tf"o, "e[lGeEmT enhtt-tp60:/6/61-2171.e04.-0a.512:e1-040f0703/5w4d6/6hcuebc/fs"e:s"s0i0o0n0/02010d0f-90c070c0--7d3061-646b-672f-fbfb-4f0f-f3f1069010f0000122bf3"b}/}el
[emdeenbtug/]0 0&amp#27;0[03050m00[W-30C0 0(06-4043c6bc4-37ef)f]f&amp#27;-[f3f9fmf 0R0e0s0p0o0n3fd/iantgt rtiob uctlei/ednits pwliathy dedri]v ewri.tfhi nndoE lbeomdeynt
([) resuldte:b u{g"]e l&amp#27;e[m3e5nmt[-W6D0 6Pr6o-x1y1]e&amp#27;4[-3a95m2 eG-o4tf 7r3e5s4p6o6ncseec fw"i:t"h0 0s0t0a0t0u0s0 -200000:0 -{0"1s6e6s-s7ifofnfI-df"f:f"f2010d0f090c072cf-"7,d"3E6L-E4MbE6N2T-"b:b"4000-03010609010f-001020b03-b0"1,6"6v-a7lfufef"-:f"ftfrfu0e00"0}00
2[fd"eb}ug
]&amp#27; [&amp#27;3[53m5[mH[TWT3PC] &amp#27;([e3e0e5596m9 )&amp#27;][&amp#27;3[73m9<m- -R ePsOpSoTn d/iwndg/ htuob c/lsieensts iwoint/h6 4d4rcibv4e3re.-edl6e7m2e-n4t0Dfi5s-pal9aby0ed-(1)f dr4e8s4ublbt3:4 2t4r/ueele
m&amp#27;e[n3t5 m&amp#27;[[H3T9TmP&amp#27;][&amp#27;3[23m92m0 0&amp#27;&amp#27;[[3379mm< -&amp#27;-[ 9G0EmT8 6/ wdms/ h-u b1/37&amp#27;s[e3s9smio
n&amp#27;/[e3e50me[5H569-3cfd-4739-96df-73f2565751c2/element/00000000-0000-0T3T6Pc-7fff-]f&amp#27;f[f3f90m0 0&amp#27;0[09003mf&amp#27;/[d3i9smpl
a&amp#27;y[e3d5 m&amp#27;[[H3T9TmP&amp#27;][&amp#27;3[23m92m0 0&amp#27;&amp#27;[[3379mm- -&amp#27;>[&amp#27;9[03m92m7  &amp#27;m[s3 7-m P1O4S&amp#27;T[&amp#27;3[93m9m
 &amp#27;&amp#27;[[3375mm/[wHdT/ThPu]b&amp#27;/[s3e9sms i&amp#27;o[n9/60m4&amp#27;4[cb3493me-
&amp#27;d[63752m-[4H0TTfP5]-&amp#27;a[9b309-m1 f&amp#27;d[43874mb-b->3&amp#27;4[2349/me l&amp#27;e[m3e7nmtGET/&amp#27;0[03090m0 0&amp#27;0[03-70m0/0w0d-/0h1u6b6/-s7efsfsfi-ofnf/fefe000e050506092-f3/cvfadl-u4e7&amp#27;3[93-99m6d
f&amp#27;-[7335fm2[5H6T5T75P1]c&amp#27;2[3/9comn t&amp#27;e[x9t0&amp#27;m[{3"9imd":"
0&amp#27;0[03050m0[0H0T-T0P0]0&amp#27;0[-3091m6 6&amp#27;-[79f0fmf-{f}f&amp#27;f[f3090m00
[0d0e2bfu"g,]" t&amp#27;e[x35t"m[:W"s3eC c(reete0e_5s5a6u9c)e]"&amp#27;,["3v9aml uCea"l:l[i"nsg" ,A"pep"i,u"mcD"r,i"vre"r,."gee"t,C"utr"r,e"n_t"C,o"nst"e,x"ta("), "wui"t,h" ca"r,gs":e "[]}"&amp#27;e[e309em55
[6d9-e3bcufgd]- 4&amp#27;7[3395-m9[6Wd3Cf -(7634f42c5b64537e5)1]c&amp#27;2["3[INFO ] 2022-08-30 16:49:21.552 BasePage:54 - press login button
9]m Ca
l[dlienbugg ]A p&amp#27;p[i3u5mmD[rWi3Cv e(ere.0se5569)]&amp#27;[e39tm Responding to client with driver.getCurrentContext() resultValue() with args: [["s","e","c","r","e:", ""tN"A,T"I_V"E,_"APP"
&amp#27;s["3,5"ma["H,"TuT"P,"]c&amp#27;[",3"9e"],m &amp#27;[37m<"-0-0 0G0E00T0 /wd/hub/session/ee00-e50506090--30c1f6d6--477f3f9f--96fdfff-f7030f0205065751c2/con0t2efx"t, "&amp#27;6[4349mc&amp#27;b[4332em-2d0607&amp#27;2[-3490mf 5&amp#27;[90m-2a 9mbs0 -1fd484bb3-424"]
[de bu2g] &amp#27;[352m[&amp#27;W[3D9 mPr
o&amp#27;x[y3]5&amp#27;m[[3H9TmT PM]a&amp#27;t[c3h9emd  &amp#27;'[/9e0lme&amp#27;m[e3n9tm/00000
0&amp#27;0[03-50m0[0H0T-T0P1]6&amp#27;6[-379fmf f&amp#27;-[f3f7fmf-0-0>0&amp#27;0[03092mf /&amp#27;v[a3l7umeP'O StTo&amp#27; comm[a3n9dm  n&amp#27;[a3m7em /'wds/ethVuabl/usee'ss
i[odne/beueg0e]5 5&amp#27;6[39-53mc[fPdr-o4t7o3c9o-9l6 dCfo-n7v3efr2t5e6r5]7&amp#27;5[13c92m/ eAldedmeedn t'&amp#27;v[a3l9ume' 
p&amp#27;r[o3p5emr[tHyT T[P"]s&amp#27;"[,3"9em" ,&amp#27;"[c9"0,m"{r"",u"sei"n,g""t:"",x"p_a"t,h""s,"",v"aal"u,"e"u:"",/"/ca"n,d"reo"i]d .tvoi e'ws.eVtiewGroVuapl[@uceo'n treenqtu-edsetsc =b\o"dtyes
t[-dEerbruogr]  m&amp#27;e[s3s5amg[eW\D" ]P/raonxdyr]o&amp#27;i[d3.9wmi dPgreotx.yTienxgt V[iPeOwS"T} &amp#27;[/3e9lmem
e[ndte/b0u0g0] 00&amp#27;[03050m-[0W030C0 -(0e1e606e-7f5f5f6-9f)f]f&amp#27;f[03090m0 002fC/avlalliuneg]  Atpop i[uPmDOrSiTv ehrt.tfindEpl:e/m/e1n2t7(.)0 .w0i.1:t1h0 0a0rg1s/:w d[/"hxupba/tshes"s,i"o/n//a4n4dbrao0i5df.fv-ide8wa.8-4796-902V6i-e7wG6r7o5u0p8[19@bcf3on1t/eenltem-ednets/c0=0\0"0t0e0s0t0--E0r0r0o0r- 0m1es6s6a-g7ef\f"f]-/fafnfdfro00id.widg000e02tf./TevaxltuVei]e wiwt"h ,b"oee0ed55y6: 9-{3"ceflde-m4en7t3I9d-"9:6"d0f00-07030f0205-605075010c-20"1]66
-[7dfefbfu-gf]f f&amp#27;f[003050m0[B0a2sf"e,D"rtievxetr"]:&amp#27;"[s39emc rVeatl_isda luoccea"t,or" rsterpalteagciee"s: ffaolrs et,hi"sv arleuquees"t::[ "xs"pa,t"he," ,i"dc," ,c"lra"s,"se" n,a"mte",, "a_c"ce,s"sibsi"li,t"ya "id, ,c"sus" ,s"ecl"e,c"teo"r],} -
a[ndderbouigd]  u&amp#27;i[a3u5tmo[mWaDt oPrro
x[yd]e&amp#27;b[u3g9]m  &amp#27;G[o35tm [BraseesDripveorn]s&amp#27;e[3 9mw iWtahi tsitnagtu su p t2o0 00:  {m"ss efsosri ocnoIdn"di:t"i4o4nba
0[5dfefb-udg8]a 8&amp#27;-[43759m6[W-D9026 Pr-o7xy6]75&amp#27;[083199m bMaftc31h"e,d" 'va/leuleem"e:nnt' utoll c}om
m[adnde bnuamge]  '&amp#27;f[i3n5dmEle[mWe3nCt '(6
4[4dcebbu4g3]e )&amp#27;][&amp#27;3[53m9[mW DR Preosxyp]on&amp#27;[d3i9nmg  Ptroo xcyilnige n[tP OSTw i/tehl edmreivnetr]. steot V[aPlOuSeT( )h trteps:u/l/1t2:7 .n0u.l0.l1:
&amp#27;[1  And I login                                             # com.qa.stepdef.LoginStepDef.iLogin()
0000/w3d/hub5/sme[sHsiToTn/P2]1&amp#27;d[f399cm7c -7d3&amp#27;6[-347b6m2<--bb-4 0P-3O16S91Tf 0/1w2bd3/bh/uelbe/msenet]s swiiotnh /bo6d44y:c b{4"s3ter-atde6g7y2"-:"4x0paft5h-",a"s9ebl0e-ct1orf":d"/4/8a4ndbrbo3id4.2v4ie/w.eVlieewmGeronutp/[@0c0o0n0t0e0n0t0-00-0d0es-c0=\1"6te6s-7tf-Erfrofr- fmfesfsfa0ge00\"0]/0a0n2dfr/oivda.wluide ge&amp#27;t[.T3e9xmt&amp#27;Vi[3ew2"m,2"c0ontext"0:&amp#27;"[39m &amp#27;[90m744 ms - 14&amp#27;[39m
&amp#27;[35m[HTTP]&amp#27;[39",m"m u&amp#27;l[t9ip0lme"&amp#27;:[fa3l9sem}

[&amp#27;d[e3bu5gm][ H&amp#27;[T35TmP[]W&amp#27;D [P3ro9xmy ]&amp#27;&amp#27;[[3379mm- G-o>t&amp#27; r[e3s9pmo ns&amp#27;e [w3i7thm sGtEaTtu&amp#27;s[ 3209m 0&amp#27;: [{"3se7smsi/owndI/d"h:u"b2/1sdefs9sci7oc-n7/d6364-44bc6b2-b4b340e-3-1d66917f20-12b3b","val4u0e"f:5{-"aE9LEbM0E-NT1"f:d"408040b0b0300402-40/00c0-o0n3t6ecx-7tf&amp#27;ff[-3f9fmff0
0&amp#27;0[003053mf"[,"HTeTlPe]m&amp#27;[e3n9tm- 6&amp#27;0[6960-m1{1}e&amp#27;4[-3a95m2e
-[d4efb7u3g5]4 &amp#27;6[6c3ec5fm"[W:3"C0 0(0604040c00b-04030e0)-]0&amp#27;[3369cm -C7afflfl-fiffnfg0 0A0p0pi0u0m3Dfr"iv}e}
[rde.gbuegt]C u&amp#27;rr[e3n5tmC[oWn3tCe x(te()e 0wei5t5h6 9a)r]g&amp#27;s:[ 3[9"m6 4R4ecsbp4o3en-didn6g7 t2-o4 0clfie5n-ta 9wbi0t-h1 fddr4i8v4ebrb.3fi4nd2E4l"e]me
n[t(d)e bruegs]u l&amp#27;t[:3 5{m"[We3C le(me6nt44-c6b04636-11e4-a52e-4f735466cecf":"00000000-0000-036c-7feff-)f]f&amp#27;f[f3090m0 0R0e0s3pfo",n"diEnLgE MtENoT "c:l"i0e0n0t00000-0 0w0i0t-h0 36dcr-i7vfefrf.-gfeftfCfu0r0r00e0n0t3Cfo"}nt
e&amp#27;x[t3(5)m [rHeTsTuPl]t&amp#27;:[ 3"9NmA TIVE&amp#27;_[A3P7Pm"<-
- &amp#27;P[O3ST5 /mwd[/huHb/TseTssP]io&amp#27;n[/3e9em0 e&amp#27;55[6397-m3<-c-f dG-E4T7 3/9-w9d6/dfh-u7b3f2565751c2//seelsemseinotn /&amp#27;6[4349cmb&amp#27;4[33e2-md260702&amp#27;-[4390mf 5&amp#27;[-90am973b50 m-s1 - f13d74&amp#27;[839m
4&amp#27;[b35bm3[H4TT2P4]&amp#27;/[c39omn t&amp#27;[e9x0mt&amp#27; [&amp#27;3[39m9m
&amp#27;&amp#27;[3[53m[2HmTT2P0]0&amp#27;[&amp#27;39[m 3&amp#27;9[3m7 m&amp#27;--[>9&amp#27;0[3m29m  m&amp#27;[s3 7-mG E2T2&amp#27;&amp#27;[[393m9 &amp#27;[m37m
/&amp#27;wd[/h3u5b/mse[sHsiToTnP/e]e&amp#27;0[e53569-3cfd-4739-96df-793f2m5 6&amp#27;5[79501mc&amp#27;2[/3e9lmem
e&amp#27;n[t3/50m0[0H0T0T0P0]0&amp#27;-[030900-036c-7fff-ffff0000003f/attribmute /t&amp#27;ex[t3&amp#27;[73m9-m-
&amp#27;>[3&amp#27;5[m[3H9TmTP ]&amp#27;&amp#27;[3[9m3 &amp#27;7[9m0mP{}O&amp#27;S[3T9&amp#27;m[
3[d9ebmug] &amp#27; [&amp#27;35m[[W337Cm (/ewed0e/55h69u)b]&amp#27;/[s3e9ms sCailolnin/g6 4A4ppcibum4D3riev-erd.6g7et2A-t4tr0ifbu5te-(a)9 wbi0th- a1rgfsd:4 8[4"btebx3t"4,"2040/0e00l0e0m0-e0n00t0&amp#27;-0[3369cm-7ff
f&amp#27;-[f3ff5f0m0[0H0T0T03Pf"],&amp#27;"e[e309em55 6&amp#27;9[-930cmf{d-"4u7s3i9n-g9"6d:f"a-c7c3efs25si65b7i5l1itc2y" ]id
"[,"value"debug] &amp#27;[:3"5tm[esWtD- LProOxyGI]N&amp#27;"[3}9m&amp#27; [Ma3t9cmhe
d[ d'e/ebluegm]en t&amp#27;/0[0300500m0[0W3C -(0604004-c0b364c3-7ef)ff]-&amp#27;ff[f3f0900m0 0C0a3lfl/aitntrgib uApte/ptieumxDt'r itov ecorm.mfaindn dnElaemme e'ngte()t Awtitrthi buatreg's: 
[["daecbcuegs]s ib&amp#27;i[l3i5tmy[ WiDd "P,r"otxeys]t&amp#27;-[L3O9m PrGoIxNy"in,g" 6[4G4Ecb4T3 e/e-lde6m7en2t-/4000f05-00a90b000--10f0d0408-4bb033462c4-"7]ff
f[-dfefbfufg0]0 0&amp#27;0[0350m3[f/BaastetDrriibvueter/]t&amp#27;e[xt39]m  tVoa l[iGdE Tlo chatttopr: /s/tr1a2t7e.0.gie0s. 1f:o1r0 0th0i0s/ wrde/qhueusbt/:s expsastiho,n /i2d1, df9cc7lca-s7s dna3m6e-,4b 6ac2c-esbsbi4b0i-l3i1t6y9 1ifd0,1 2cbss 3sbe/leelcteomre,n t-a/n0d0ro0i0d0 0ui0a0ut-o0ma0t0o0r
-[d0e3bu6cg-] 7&amp#27;f[3f5fm-[fBaffsfe0Dr0iv0e0r0]03f&amp#27;/[a3t9tmr iWbautietin/tge uxp t]t ow i0t h mnso  fboor dcyon
d[idteiboung] 
&amp#27;[[d3e5bmu[gW]D  &amp#27;P[ro3x5ym]&amp#27;[[W3D9 mP rGooxt y]r&amp#27;[e3s9pm oMnastec hwietdh  's/tealteumse n20t'0 : t{o" sceomsmsiaonnId dn"a:m"e2 '1fdfin9dcE7lce-m7ed3n6t'-
4[bde6b2u-gb]b 40&amp#27;-[33156m9[W1Df 0Pr12oxby3]&amp#27;b["3,9m"v aPlrouxyei":n"gU s[ePOrSnTa m/ee laemned npta]s stow o[PrOdS Td hot tnpo:t// 1m27a.t0c.h0 .a1:n1y00 0u1s/ewdr/ hiunb /tsheisss isoenr/v4i4ceb.a"0}5f
f[-dde8bau8g-]4 7&amp#27;9[63-59m0[2W63-C7 6(7e5e008e15956b9f)3]1&amp#27;/[e3l9emm enRte]s pwointdhi nbgo dtyo: {"str actleigeyn"t: "wiatchc edsrsiivbeir.gleittAyt tirdi",b"usteel(e)c troers"u:l"tt:e s"tU-seLrOnaGmIeN "a,n"dc opnatseswxotr"d: "d"o, "nmoutl tmiaptlceh" :afnayl sues}er
 [idne btuhgi]s  &amp#27;s[ervice."
3&amp#27;5[m3[5WmD[H TPTrPo]xy&amp#27;][&amp#27;3[9m39 m&amp#27; [G3o7tm <r-e-s pGoEnTs e/w dw/ihth statuubs/ s2e0s0s:i o{n"/seees0se5569-3icofdn-I4d7"3:9"-4964dbfa-0753fff-2d586a587-5417c29/6e-l9e0m2e6n-t7/607050008010900bf-3010"0,0"-v0a3l6uce-"7:f{f"fE-fLEfMffE0N0T0"0:0"0030f0/0at0t0r0i0b-u0t0e0/0t-e0x1t6 6&amp#27;-[73f9fmf&amp#27;-[f3f2fmf200000&amp#27;0[03092mb "&amp#27;,["9e0ml3e7me nmts- 6-0 6762-&amp#27;1[1e349-ma5
2&amp#27;e[-345fm[7H3T5T4P6]6&amp#27;c[e3c9fm" :&amp#27;["9000m0&amp#27;0[03090m0-
0&amp#27;[03050m-[0H1T6T6P-]7&amp#27;f[f3f9-mf &amp#27;f[f3f70m0-0-0>0&amp#27;0[23b9"m} }&amp#27;[3
7[mdPeObSuTg&amp#27;][ 3&amp#27;9[m3 5&amp#27;[m3[7Wm3/Cw d(/6h4u4bc/bs4e3ses)i]o&amp#27;n[/3e9em0 eR55e6sp9o-n3dcing to client with driver.findElement() result: f{d"-e4l7e3m9e-n9t6-d6f0-6763-f1215e645-7a5512ce2-/4afp7p3iu5466mc/esctfo"p:_"r0e0c0o0r0d0i0n0g-_0s0c0r0e-e0n1&amp#27;6[63-97mff
f&amp#27;[-35m[HTTP]&amp#27;[39m &amp#27;[90fm{}&amp#27;f[3f9mf0
0[d0e0b0u0g]2 b&amp#27;["3,5"m[EWL3CE M(eEeN0Te5"56:9")0]0&amp#27;[03090m0 C0a0l-l0i0n0g0- 0A1p6p6i-u7mfDfrfi-vfefrf.fstopReco0r0d0i0ngScreen(0) 0w2ibt"h}
 &amp#27;a[r3g5sm:[ H[TnTuPl]l&amp#27;,["3e9em0 e&amp#27;5[53679m-3<c-f-d- 4P7O3S9T- 9/6wddf/-h7u3bf/25s6e5s7s5i1ocn2/"6]44
c[bd4e3beu-gd]6 7&amp#27;2[3-54m0[fA5D-Ba]9&amp#27;b[039-m1 fGde4t8t4ibnbg3 4I2D4s/ eolfe maleln 'screenrecord' processes
[detb u&amp#27;g[]3 &amp#27;9[m3&amp#27;5[m3[2AmD2B0]0&amp#27;&amp#27;[[3399mm  &amp#27;R[u9n0nmi4n5g '6C :m\sUs e-r s1\3d7t&amp#27;o[u3g9omv\AppData
\&amp#27;L[o3c5aml[\HATnTdPr]o&amp#27;i[d3\9Sdmk \&amp#27;p[l9a0tmf&amp#27;o[r3m9-mto
o&amp#27;l[s3\a5dmb[.HeTxTeP ]-&amp#27;P[ 53093m7  &amp#27;-[s3 7CmB-5-A>2&amp#27;9[J3X9TmK  &amp#27;s[h3e7lml 'pgrep ^screenrecorGd$E T|&amp#27;|[ 3pg9rme p&amp#27; [^3s7cmr/ewd/enhrueb/csoersdsi$o'n/'64
4[cdbe4b3ueg-]d 67&amp#27;[23-54m0[fA5DB]&amp#27;[3-9am9 bR0u-n1nfidn4g84 b'C:b\3U4s2e4r/se\ldetmoeungto/v0\0A0p0p0D0a0t0-a0\0Lo0c0a-l0\1Android\6Sd6k-\7pflfatform-tfo-oflfsf\fa0db0.0exe -P 5037 -s C0B0502Ab2/9dJiXsTplKa ysehde&amp#27;[ll3 k9iml
&amp#27;l[ 3-52m [2H1T8T9P0]'&amp#27;[
3[9dm e&amp#27;b[u9g0m]{ }&amp#27;&amp#27;[[3359mm[A
D[Bde]b&amp#27;u[g39]m  G&amp#27;e[tt3i5nmg[ WID3sC  o(f all 'scre6e4n4rcebc4o3red)'] &amp#27;p[r3o9cme sCsaelsli
[ndge buAg] p&amp#27;p[i3um5Dmr[iAvDeBr].&amp#27;e[l3e9mment RDuinsnpilnagye d'(C): \wUitshe rasr\gds:t o[u"g00o0v0\0A0p0p0D-a00t0a0\-L0o16c6-7fffa-lff\fAfnd0r0o0i0d0\0S2dbk"\,p"l64a4tcfbo4r3me--dt6o7o2-l4s0\fa5d-ba9.bexe0 --1fPd 48540b3b73 42-4s "C]B5
[Ad2e9bJuXgT]K  &amp#27;s[h3e5mll[W D' Pprgorxye]p&amp#27; [3^s9mc rMaetecnhrede c'/oerd$ || pgrep ^screenrecord$''
lement/00000000-0000-0166-7fff-ffff0000002b/attribute/displayed' to command name 'getAttribute'
[debug] &amp#27;[35m[WD Proxy]&amp#27;[39m Proxying [GET /element/00000000-0000-0166-7fff-ffff0000002b/attribute/displayed] to [GET http://127.0.0.1:10001/wd/hub/session/44ba05ff-d8a8-4796-9026-76750819bf31/element/00000000-0000-0166-7fff-ffff0000002b/attribute/displayed] with no body
[debug] &amp#27;[35m[WD Proxy]&amp#27;[39m Got response with status 200: {"sessionId":"44ba05ff-d8a8-4796-9026-76750819bf31","value":"true"}
[debug] &amp#27;[35m[W3C (644cb43e)]&amp#27;[39m Responding to client with driver.elementDisplayed() result: true
&amp#27;[35m[HTTP]&amp#27;[39m &amp#27;[37m<-- GET /wd/hub/session/644cb43e-d672-40f5-a9b0-1fd484bb3424/element/00000000-0000-0166-7fff-ffff0000002b/displayed &amp#27;[39m&amp#27;[32m200&amp#27;[39m &amp#27;[90m152 ms - 14&amp#27;[39m
&amp#27;[35m[HTTP]&amp#27;[39m &amp#27;[90m&amp#27;[39m
&amp#27;[35m[HTTP]&amp#27;[39m &amp#27;[37m-->&amp#27;[39m &amp#27;[37mGET&amp#27;[39m &amp#27;[37m/wd/hub/session/644cb43e-d672-40f5-a9b0-1fd484bb3424/context&amp#27;[39m
&amp#27;[35m[HTTP]&amp#27;[39m &amp#27;[90m{}&amp#27;[39m
[debug] &amp#27;[35m[W3C (644cb43e)]&amp#27;[39m Calling AppiumDriver.getCurrentContext() with args: ["644cb43e-d672-40f5-a9b0-1fd484bb3424"]
[debug] &amp#27;[35m[W3C (644cb43e)]&amp#27;[39m Responding to client with driver.getCurrentContext() result: "NATIVE_APP"
&amp#27;[35m[HTTP]&amp#27;[39m &amp#27;[37m<-- GET /wd/hub/session/644cb43e-d672-40f5-a9b0-1fd484bb3424/context &amp#27;[39m&amp#27;[32m200&amp#27;[39m &amp#27;[90m2 ms - 22&amp#27;[39m
&amp#27;[35m[HTTP]&amp#27;[39m &amp#27;[90m&amp#27;[39m
&amp#27;[35m[HTTP]&amp#27;[39m &amp#27;[37m-->&amp#27;[39m &amp#27;[37mPOST&amp#27;[39m &amp#27;[37m/wd/hub/session/644cb43e-d672-40f5-a9b0-1fd484bb3424/element&amp#27;[39m
&amp#27;[35m[HTTP]&amp#27;[39m &amp#27;[90m{"using":"accessibility id","value":"test-LOGIN"}&amp#27;[39m
[debug] &amp#27;[35m[W3C (644cb43e)]&amp#27;[39m Calling AppiumDriver.findElement() with args: ["accessibility id","test-LOGIN","644cb43e-d672-40f5-a9b0-1fd484bb3424"]
[debug] &amp#27;[35m[BaseDriver]&amp#27;[39m Valid locator strategies for this request: xpath, id, class name, accessibility id, css selector, -android uiautomator
[debug] &amp#27;[35m[BaseDriver]&amp#27;[39m Waiting up to 0 ms for condition
[debug] &amp#27;[35m[WD Proxy]&amp#27;[39m Matched '/element' to command name 'findElement'
[debug] &amp#27;[35m[WD Proxy]&amp#27;[39m Proxying [POST /element] to [POST http://127.0.0.1:10001/wd/hub/session/44ba05ff-d8a8-4796-9026-76750819bf31/element] with body: {"strategy":"accessibility id","selector":"test-LOGIN","context":"","multiple":false}
[debug] &amp#27;[35m[WD Proxy]&amp#27;[39m Got response with status 200: {"sessionId":"44ba05ff-d8a8-4796-9026-76750819bf31","value":{"ELEMENT":"00000000-0000-0166-7fff-ffff0000002b","element-6066-11e4-a52e-4f735466cecf":"00000000-0000-0166-7fff-ffff0000002b"}}
[debug] &amp#27;[35m[W3C (644cb43e)]&amp#27;[39m Responding to client with driver.findElement() result: {"element-6066-11e4-a52e-4f735466cecf":"00000000-0000-0166-7fff-ffff0000002b","ELEMENT":"00000000-0000-0166-7fff-ffff0000002b"}
&amp#27;[35m[HTTP]&amp#27;[39m &amp#27;[37m<-- POST /wd/hub/session/644cb43e-d672-40f5-a9b0-1fd484bb3424/element &amp#27;[39m&amp#27;[32m200&amp#27;[39m &amp#27;[90m74 ms - 137&amp#27;[39m
&amp#27;[35m[HTTP]&amp#27;[39m &amp#27;[90m&amp#27;[39m
&amp#27;[35m[HTTP]&amp#27;[39m &amp#27;[37m-->&amp#27;[39m &amp#27;[37mPOST&amp#27;[39m &amp#27;[37m/wd/hub/session/644cb43e-d672-40f5-a9b0-1fd484bb3424/element/00000000-0000-0166-7fff-ffff0000002b/click&amp#27;[39m
&amp#27;[35m[HTTP]&amp#27;[39m &amp#27;[90m{"id":"00000000-0000-0166-7fff-ffff0000002b"}&amp#27;[39m
[debug] &amp#27;[35m[W3C (644cb43e)]&amp#27;[39m Calling AppiumDriver.click() with args: ["00000000-0000-0166-7fff-ffff0000002b","644cb43e-d672-40f5-a9b0-1fd484bb3424"]
[debug] &amp#27;[35m[WD Proxy]&amp#27;[39m Matched '/element/00000000-0000-0166-7fff-ffff0000002b/click' to command name 'click'
[debug] &amp#27;[35m[WD Proxy]&amp#27;[39m Proxying [POST /element/00000000-0000-0166-7fff-ffff0000002b/click] to [POST http://127.0.0.1:10001/wd/hub/session/44ba05ff-d8a8-4796-9026-76750819bf31/element/00000000-0000-0166-7fff-ffff0000002b/click] with body: {"element":"00000000-0000-0166-7fff-ffff0000002b"}
[debug] &amp#27;[35m[WD Proxy]&amp#27;[39m Got response with status 200: {"sessionId":"44ba05ff-d8a8-4796-9026-76750819bf31","value":null}
[debug] &amp#27;[35m[W3C (644cb43e)]&amp#27;[39m Responding to client with driver.click() result: null
&amp#27;[35m[HTTP]&amp#27;[39m &amp#27;[37m<-- POST /wd/hub/session/644cb43e-d672-40f5-a9b0-1fd484bb3424/element/00000000-0000-0166-7fff-ffff0000002b/click &amp#27;[39m&amp#27;[32m200&amp#27;[39m &amp#27;[90m39 ms - 14&amp#27;[39m
&amp#27;[35m[HTTP]&amp#27;[39m &amp#27;[90m&amp#27;[39m
&amp#27;[35m[HTTP]&amp#27;[39m &amp#27;[37m-->&amp#27;[39m &amp#27;[37mGET&amp#27;[39m &amp#27;[37m/wd/hub/session/644cb43e-d672-40f5-a9b0-1fd484bb3424/context&amp#27;[39m
&amp#27;[35m[HTTP]&amp#27;[39m &amp#27;[90m{}&amp#27;[39m
[debug] &amp#27;[35m[W3C (644cb43e)]&amp#27;[39m Calling AppiumDriver.getCurrentContext() with args: ["644cb43e-d672-40f5-a9b0-1fd484bb3424"]
[debug] &amp#27;[35m[W3C (644cb43e)]&amp#27;[39m Responding to client with driver.getCurrentContext() result: "NATIVE_APP"
&amp#27;[35m[HTTP]&amp#27;[39m &amp#27;[37m<-- GET /wd/hub/session/644cb43e-d672-40f5-a9b0-1fd484bb3424/context &amp#27;[39m&amp#27;[32m200&amp#27;[39m &amp#27;[90m2 ms - 22&amp#27;[39m
&amp#27;[35m[HTTP]&amp#27;[39m &amp#27;[90m&amp#27;[39m
&amp#27;[35m[HTTP]&amp#27;[39m &amp#27;[37m-->&amp#27;[39m &amp#27;[37mPOST&amp#27;[39m &amp#27;[37m/wd/hub/session/644cb43e-d672-40f5-a9b0-1fd484bb3424/element&amp#27;[39m
&amp#27;[35m[HTTP]&amp#27;[39m &amp#27;[90m{"using":"xpath","value":"//android.view.ViewGroup[@content-desc=\"test-Cart drop zone\"]/android.view.ViewGroup/android.widget.TextView"}&amp#27;[39m
[debug] &amp#27;[35m[W3C (644cb43e)]&amp#27;[39m Calling AppiumDriver.findElement() with args: ["xpath","//android.view.ViewGroup[@content-desc=\"test-Cart drop zone\"]/android.view.ViewGroup/android.widget.TextView","644cb43e-d672-40f5-a9b0-1fd484bb3424"]
[debug] &amp#27;[35m[BaseDriver]&amp#27;[39m Valid locator strategies for this request: xpath, id, class name, accessibility id, css selector, -android uiautomator
[debug] &amp#27;[35m[BaseDriver]&amp#27;[39m Waiting up to 0 ms for condition
[debug] &amp#27;[35m[WD Proxy]&amp#27;[39m Matched '/element' to command name 'findElement'
[debug] &amp#27;[35m[WD Proxy]&amp#27;[39m Proxying [POST /element] to [POST http://127.0.0.1:10001/wd/hub/session/44ba05ff-d8a8-4796-9026-76750819bf31/element] with body: {"strategy":"xpath","selector":"//android.view.ViewGroup[@content-desc=\"test-Cart drop zone\"]/android.view.ViewGroup/android.widget.TextView","context":"","multiple":false}
&amp#27;[35m[WD Proxy]&amp#27;[39m Got response with status 404: {"sessionId":"44ba05ff-d8a8-4796-9026-76750819bf31","value":{"error":"no such element","message":"An element could not be located on the page using the given search parameters","stacktrace":"io.appium.uiautomator2.common.exceptions.ElementNotFoundException: An element could not be located on the page using the given search parameters\n\tat io.appium.uiautom[atodre2b.uhga]n d&amp#27;l[e3r5.mF[iAnDdBE]l&amp#27;e[m3e9nmt .GfeitndtEilnegm eInDts( Foifn daElllem e'nstc.rjeaevnar:e9c0o)r\nd\'t aptr oicoe.saspeps
ium.uiautomator2.handler.Find[Edleebmuegn]t .&amp#27;s[a3f5emH[aAnDdBl]e&amp#27;([F3i9nmd ERluemnennitn.gj a'vCa::\6U7s)e\rns\\tdatto uigoo.va\pAppipuDma.tuai\aLuoctaomalto\rA2n.dhroaindd\lSedrk.r\epqlueastfto.rSma-fteoRoelqsu\easdtHba.nedxlee r-.Ph a5n0d3l7 e-(Ssa fCeBR5eAq2u9eJsXtTHKa nsdhleelrl. j'apvgar:e5p9 )^\sn\ctraete niroe.caoprpdi$u m|.|u iapugtroempa t^osrc2r.eseernvreerco.Arpdp$i'u'mSe
rvlet.handleRequest(AppiumServlet.java:266)\n\tat io.appium.uiautomator2.server.AppiumServlet.handleHttpRequest(AppiumServlet.java:260)\n\tat io.appium.uiautomator2.http.ServerHandler.channelRead(ServerHandler.java:68)\n\tat io.netty.channel.AbstractChannelHandlerContext.invokeChannelRead(AbstractChannelHandlerContext.java:366)\n\tat io.netty.channel.AbstractChannelHandlerCont...
[debug] &amp#27;[35m[W3C]&amp#27;[39m Matched W3C error code 'no such element' to NoSuchElementError
[debug] &amp#27;[35m[W3C (644cb43e)]&amp#27;[39m Encountered internal error running command: NoSuchElementError: An element could not be located on the page using the given search parameters.
[debug] &amp#27;[35m[W3C (644cb43e)]&amp#27;[39m     at AndroidUiautomator2Driver.findElOrEls (C:\Users\dtougov\AppData\Roaming\npm\node_modules\appium\node_modules\appium-android-driver\lib\commands\find.js:75:11)
[debug] &amp#27;[35m[W3C (644cb43e)]&amp#27;[39m     at processTicksAndRejections (node:internal/process/task_queues:95:5)
[debug] &amp#27;[35m[W3C (644cb43e)]&amp#27;[39m     at AndroidUiautomator2Driver.findElOrElsWithProcessing (C:\Users\dtougov\AppData\Roaming\npm\node_modules\appium\node_modules\appium-base-driver\lib\basedriver\commands\find.js:33:12)
[debug] &amp#27;[35m[W3C (644cb43e)]&amp#27;[39m     at AndroidUiautomator2Driver.findElement (C:\Users\dtougov\AppData\Roaming\npm\node_modules\appium\node_modules\appium-base-driver\lib\basedriver\commands\find.js:53:10)
&amp#27;[35m[HTTP]&amp#27;[39m &amp#27;[37m<-- POST /wd/hub/session/644cb43e-d672-40f5-a9b0-1fd484bb3424/element &amp#27;[39m&amp#27;[33m404&amp#27;[39m &amp#27;[90m152 ms - 886&amp#27;[39m
&amp#27;[35m[HTTP]&amp#27;[39m &amp#27;[90m&amp#27;[39m
&amp#27;[35m[HTTP]&amp#27;[39m &amp#27;[37m-->&amp#27;[39m &amp#27;[37mPOST&amp#27;[39m &amp#27;[37m/wd/hub/session/644cb43e-d672-40f5-a9b0-1fd484bb3424/element&amp#27;[39m
&amp#27;[35m[HTTP]&amp#27;[39m &amp#27;[90m{"using":"xpath","value":"//android.view.ViewGroup[@content-desc=\"test-Cart drop zone\"]/android.view.ViewGroup/android.widget.TextView"}&amp#27;[39m
[debug] &amp#27;[35m[W3C (644cb43e)]&amp#27;[39m Calling AppiumDriver.findElement() with args: ["xpath","//android.view.ViewGroup[@content-desc=\"test-Cart drop zone\"]/android.view.ViewGroup/android.widget.TextView","644cb43e-d672-40f5-a9b0-1fd484bb3424"]
[debug] &amp#27;[35m[BaseDriver]&amp#27;[39m Valid locator strategies for this request: xpath, id, class name, accessibility id, css selector, -android uiautomator
[debug] &amp#27;[35m[BaseDriver]&amp#27;[39m Waiting up to 0 ms for condition
[debug] &amp#27;[35m[WD Proxy]&amp#27;[39m Matched '/element' to command name 'findElement'
[debug] &amp#27;[35m[WD Proxy]&amp#27;[39m Proxying [POST /element] to [POST http://127.0.0.1:10001/wd/hub/session/44ba05ff-d8a8-4796-9026-76750819bf31/element] with body: {"strategy":"xpath","selector":"//android.view.ViewGroup[@content-desc=\"test-Cart drop zone\"]/android.view.ViewGroup/android.widget.TextView","context":"","multiple":false}
[debug] &amp#27;[35m[ADB]&amp#27;[39m Getting IDs of all 'screenrecord' processes
[debug] &amp#27;[35m[ADB]&amp#27;[39m Running 'C:\Users\dtougov\AppData\Local\Android\Sdk\platform-tools\adb.exe -P 5037 -s CB5A29JXTK shell 'pgrep ^screenrecord$ || pgrep ^screenrecord$''
[debug] &amp#27;[35m[WD Proxy]&amp#27;[39m Got response with status 200: {"sessionId":"44ba05ff-d8a8-4796-9026-76750819bf31","value":{"ELEMENT":"00000000-0000-0166-7fff-ffff00000043","element-6066-11e4-a52e-4f735466cecf":"00000000-0000-0166-7fff-ffff00000043"}}
[debug] &amp#27;[35m[W3C (644cb43e)]&amp#27;[39m Responding to client with driver.findElement() result: {"element-6066-11e4-a52e-4f735466cecf":"00000000-0000-0166-7fff-ffff00000043","ELEMENT":"00000000-0000-0166-7fff-ffff00000043"}
&amp#27;[35m[HTTP]&amp#27;[39m &amp#27;[37m<-- POST /wd/hub/session/644cb43e-d672-40f5-a9b0-1fd484bb3424/element &amp#27;[39m&amp#27;[32m200&amp#27;[39m &amp#27;[90m711 ms - 137&amp#27;[39m
&amp#27;[35m[HTTP]&amp#27;[39m &amp#27;[90m&amp#27;[39m
&amp#27;[35m[HTTP]&amp#27;[39m &amp#27;[37m-->&amp#27;[39m &amp#27;[37mGET&amp#27;[39m &amp#27;[37m/wd/hub/session/644cb43e-d672-40f5-a9b0-1fd484bb3424/element/00000000-0000-0166-7fff-ffff00000043/displayed&amp#27;[39m
&amp#27;[35m[HTTP]&amp#27;[39m &amp#27;[90m{}&amp#27;[39m
[debug] &amp#27;[35m[W3C (644cb43e)]&amp#27;[39m Calling AppiumDriver.elementDisplayed() with args: ["00000000-0000-0166-7fff-ffff00000043","644cb43e-d672-40f5-a9b0-1fd484bb3424"]
[debug] &amp#27;[35m[WD Proxy]&amp#27;[39m Matched '/element/00000000-0000-0166-7fff-ffff00000043/attribute/displayed' to command name 'getAttribute'
[debug] &amp#27;[35m[WD Proxy]&amp#27;[39m Proxying [GET /element/00000000-0000-0166-7fff-ffff00000043/attribute/displayed] to [GET http://127.0.0.1:10001/wd/hub/session/44ba05ff-d8a8-4796-9026-76750819bf31/element/00000000-0000-0166-7fff-ffff00000043/attribute/displayed] with no body
[debug] &amp#27;[35m[WD Proxy]&amp#27;[39m Got response with status 200: {"sessionId":"44ba05ff-d8a8-4796-9026-76750819bf31","value":"true"}
[debug] &amp#27;[35m[W3C (644cb43e)]&amp#27;[39m Responding to client with driver.elementDisplayed() result: true
&amp#27;[35m[HTTP]&amp#27;[39m &amp#27;[37m<-- GET /wd/hub/session/644cb43e-d672-40f5-a9b0-1fd484bb3424/element/00000000-0000-0166-7fff-ffff00000043/displayed &amp#27;[39m&amp#27;[32m200&amp#27;[39m &amp#27;[90m15 ms - 14&amp#27;[39m
&amp#27;[35m[HTTP]&amp#27;[39m &amp#27;[90m&amp#27;[39m
&amp#27;[35m[HTTP]&amp#27;[39m &amp#27;[37m-->&amp#27;[39m &amp#27;[37mGET&amp#27;[39m &amp#27;[37m/wd/hub/session/644cb43e-d672-40f5-a9b0-1fd484bb3424/context&amp#27;[39m
&amp#27;[35m[HTTP]&amp#27;[39m &amp#27;[90m{}&amp#27;[39m
[debug] &amp#27;[35m[W3C (644cb43e)]&amp#27;[39m Calling AppiumDriver.getCurrentContext() with args: ["644cb43e-d672-40f5-a9b0-1fd484bb3424"]
[debug] &amp#27;[35m[W3C (644cb43e)]&amp#27;[39m Responding to client with driver.getCurrentContext() result: "NATIVE_APP"
&amp#27;[35m[HTTP]&amp#27;[39m &amp#27;[37m<-- GET /wd/hub/session/644cb43e-d672-40f5-a9b0-1fd484bb3424/context &amp#27;[39m&amp#27;[32m200&amp#27;[39m &amp#27;[90m3 ms - 22&amp#27;[39m
&amp#27;[35m[HTTP]&amp#27;[39m &amp#27;[90m&amp#27;[39m
&amp#27;[35m[HTTP]&amp#27;[39m &amp#27;[37m-->&amp#27;[39m &amp#27;[37mPOST&amp#27;[39m &amp#27;[37m/wd/hub/session/644cb43e-d672-40f5-a9b0-1fd484bb3424/element&amp#27;[39m
&amp#27;[35m[HTTP]&amp#27;[39m &amp#27;[90m{"using":"xpath","value":"//android.view.ViewGroup[@content-desc=\"test-Cart drop zone\"]/android.view.ViewGroup/android.widget.TextView"}&amp#27;[39m
[debug] &amp#27;[35m[W3C (644cb43e)]&amp#27;[39m Calling AppiumDriver.findElement() with args: ["xpath","//android.view.ViewGroup[@content-desc=\"test-Cart drop zone\"]/android.view.ViewGroup/android.widget.TextView","644cb43e-d672-40f5-a9b0-1fd484bb3424"]
[debug] &amp#27;[35m[BaseDriver]&amp#27;[39m Valid locator strategies for this request: xpath, id, class name, accessibility id, css selector, -android uiautomator
[debug] &amp#27;[35m[BaseDriver]&amp#27;[39m Waiting up to 0 ms for condition
[debug] &amp#27;[35m[WD Proxy]&amp#27;[39m Matched '/element' to command name 'findElement'
[debug] &amp#27;[35m[WD Proxy]&amp#27;[39m Proxying [POST /element] to [POST http://127.0.0.1:10001/wd/hub/session/44ba05ff-d8a8-4796-9026-76750819bf31/element] with body: {"strategy":"xpath","selector":"//android.view.ViewGroup[@content-desc=\"test-Cart drop zone\"]/android.view.ViewGroup/android.widget.TextView","context":"","multiple":false}
[debug] &amp#27;[35m[ADB]&amp#27;[39m Running 'C:\Users\dtougov\AppData\Local\Android\Sdk\platform-tools\adb.exe -P 5037 -s CB5A29JXTK pull /sdcard/7d86b04b.mp4 C:\Users\dtougov\AppData\Local\Temp\2022730-7696-55m2sw.xauzm\7d86b04b.mp4'
[debug] &amp#27;[35m[WD Proxy]&amp#27;[39m Got response with status 200: {"sessionId":"44ba05ff-d8a8-4796-9026-76750819bf31","value":{"ELEMENT":"00000000-0000-0166-7fff-ffff00000043","element-6066-11e4-a52e-4f735466cecf":"00000000-0000-0166-7fff-ffff00000043"}}
[debug] &amp#27;[35m[W3C (644cb43e)]&amp#27;[39m Responding to client with driver.findElement() result: {"element-6066-11e4-a52e-4f735466cecf":"00000000-0000-0166-7fff-ffff00000043","ELEMENT":"00000000-0000-0166-7fff-ffff00000043"}
&amp#27;[35m[HTTP]&amp#27;[39m &amp#27;[37m<-- POST /wd/hub/session/644cb43e-d672-40f5-a9b0-1fd484bb3424/element &amp#27;[39m&amp#27;[32m200&amp#27;[39m &amp#27;[90m149 ms - 137&amp#27;[39m
&amp#27;[35m[HTTP]&amp#27;[39m &amp#27;[90m&amp#27;[39m
&amp#27;[35m[HTTP]&amp#27;[39m &amp#27;[37m-->&amp#27;[39m &amp#27;[37mGET&amp#27;[39m &amp#27;[37m/wd/hub/session/644cb43e-d672-40f5-a9b0-1fd484bb3424/element/00000000-0000-0166-7fff-ffff00000043/attribute/text&amp#27;[39m
&amp#27;[35m[HTTP]&amp#27;[39m &amp#27;[90m{}&amp#27;[39m
[debug] &amp#27;[35m[W3C (644cb43e)]&amp#27;[39m Calling AppiumDriver.getAttribute() with args: ["text","00000000-0000-0166-7fff-ffff00000043","644cb43e-d672-40f5-a9b0-1fd484bb3424"]
[debug] &amp#27;[35m[WD Proxy]&amp#27;[39m Matched '/element/00000000-0000-0166-7fff-ffff00000043/attribute/text' to command name 'getAttribute'
[debug] &amp#27;[35m[WD Proxy]&amp#27;[39m Proxying [GET /element/00000000-0000-0166-7fff-ffff00000043/attribute/text] to [GET http://127.0.0.1:10001/wd/hub/session/44ba05ff-d8a8-4796-9026-76750819bf31/element/00000000-0000-0166-7fff-ffff00000043/attribute/text] with no body
[debug] &amp#27;[35m[WD Proxy]&amp#27;[39m Got response with status 200: {"sessionId":"44ba05ff-d8a8-4796-9026-76750819bf31","value":"PRODUCTS"}
[debug] &amp#27;[35m[W3C (644cb43e)]&amp#27;[39m Responding to client with driver.getAttribute() result: "PRODUCTS"
&amp#27;[35m[HTTP]&amp#27;[39m &amp#27;[37m<-- GET /wd/hub/session/644cb43e-d672-40f5-a[INFO ] 2022-08-30 16:49:23.846 BasePage:97 - product page title is - PRODUCTS
9b0-1fd484bb3424/element/00000000-0000-0166-7fff-ffff00000043/attribute/text &amp#27;[39m&amp#27;[32m200&amp#27;[39m &amp#27;[90m13 ms - 20&amp#27;[39m
&amp#27;[35m[HTTP]&amp#27;[39m &amp#27;[90m&amp#27;[39m
  Then I should see Products page with title "PRODUCTS"   # com.qa.stepdef.LoginStepDef.iShouldSeeProductsPageWithTitle(java.lang.String)
&amp#27;[35m[HTTP]&amp#27;[39m &amp#27;[37m-->&amp#27;[39m &amp#27;[37mPOST&amp#27;[39m &amp#27;[37m/wd/hub/session/644cb43e-d672-40f5-a9b0-1fd484bb3424/appium/stop_recording_screen&amp#27;[39m
&amp#27;[35m[HTTP]&amp#27;[39m &amp#27;[90m{}&amp#27;[39m
[debug] &amp#27;[35m[W3C (644cb43e)]&amp#27;[39m Calling AppiumDriver.stopRecordingScreen() with args: [null,"644cb43e-d672-40f5-a9b0-1fd484bb3424"]
[debug] &amp#27;[35m[ADB]&amp#27;[39m Getting IDs of all 'screenrecord' processes
[debug] &amp#27;[35m[ADB]&amp#27;[39m Running 'C:\Users\dtougov\AppData\Local\Android\Sdk\platform-tools\adb.exe -P 5037 -s 4100d1bde4b1a193 shell pgrep -f \(\[\[:blank:\]\]\|\^\)screenrecord\(\[\[:blank:\]\]\|\$\)'
[debug] &amp#27;[35m[ADB]&amp#27;[39m Running 'C:\Users\dtougov\AppData\Local\Android\Sdk\platform-tools\adb.exe -P 5037 -s CB5A29JXTK shell rm -rf /sdcard/7d86b04b.mp4'
[debug] &amp#27;[35m[ADB]&amp#27;[39m Running 'C:\Users\dtougov\AppData\Local\Android\Sdk\platform-tools\adb.exe -P 5037 -s 4100d1bde4b1a193 shell kill -2 22978'
[debug] &amp#27;[35m[AndroidDriver]&amp#27;[39m The size of the resulting screen recording is 557.19 KB
[debug] &amp#27;[35m[W3C (ee0e5569)]&amp#27;[39m Responding to client with driver.stopRecordingScreen() result: "AAAAGGZ0eXBtcDQyAAAAAGlzb21tcDQyAAAAAW1kYXQAAAAAAAiuJgAAkwJluEDxMUBtf//ugQ+CAB5Nr/7j1QV5VtTpHBWM+58CYrau1tbW1tbW1tbW1tbW1tbW1tbW1tbW1tbW1tbW1tbW1j1//8utQ7libtbW1tbW1//8aBDwFp5UNI//+qCvGmig8Dc5ba///oEPgBi7mZgQv/ivwryBT8qNvdra2tra2trHqAj3z8//7YQwEzdvz/22/a2tra2tra2tPT/ll4eFI6CrLCjZwNWCI53CgHaHTQLOrtfzn/wT+/4Ex3B6cP/8JxgFXFZkp3xqMEk9P/38DmwpwDceqFJZJ6ffR8XPP88gqCR7AWeun8omW14yc/+7hP8ZwMHKiqDBKhxH5+Af/4ehEN5spSDT/8uMtjPBAIzbWCR7sHu9EYrOH9x/H+glAoA8mJZ7+g/85n3DkeBXO5fmSDaw36UuxRlKp6enp6enp6enp6enp6enp6enp6enp6f//4sEPAIVWaj6a9XvyENQ+QE0CNzAQncPogDyhBzgAxe2MwM3vonvxv6scP/6CXh+A6Q0TKgH668guC1K/qviAFTOyCdRB/9gJ7HRggQxQf/t9eWff/+PJ+xngTE9TIE3620QYnFFENJ//X65zMgV1AiV8zciCfwEuV+CYvtIeo20f/W3tthDf/wJFOuf/8n8wqwpgF8+mAJHeRVDGW5cHwDHLo67v+97++IhfiwIRKcy4ywEaLFcHKeoEjlAOKgPTkrU7f/n9dP1rR8Afv1R7XwOcnO4KOZfVa6gqKp+7BHEfHZNAhVcAQRl7UZ0FJ//D/gw/50z+P+GFhOlBltTgdBdkEh/xshmk8c4CPfPz//P13LhD+xOFyu1NPp9P/9yc4AwrBI92JwJwFnEhMttIC2Vh6Cw2p3//H4Egr1JeASOjoAAbscRjTiEm/8H1PQVte+jwscklYUgL7BCDraSOlqwz/+v7BBCbfDecj9bdQzeVlAf/kFZs5M4gffh...
&amp#27;[35m[HTTP]&amp#27;[39m &amp#27;[37m<-- POST /wd/hub/session/ee0e5569-3cfd-4739-96df-73f2565751c2/appium/stop_recording_screen &amp#27;[39m&amp#27;[32m200&amp#27;[39m &amp#27;[90m3086 ms - 760756&amp#27;[39m
&amp#27;[35m[HTTP]&amp#27;[39m &amp#27;[90m&amp#27;[39m
[INFO ] 2022-08-30 16:49:24.364 VideoManager:35 - video path: Android_sony\Videos\Login with invalid password.mp4
]]></system-out>
  </testcase>
  <testcase name="scenario[&quot;Login with valid user name and password&quot;, &quot;Optional[Login scenarios]&quot;](3)" classname="com.qa.runners.SonyTestNGRunnerTest" time="5.081">
    <system-out><![CDATA[
@test2
Scenario Outline: Validate product into on Products Details page                                                                                                                                                                                     # src/test/resources/Products.feature:20
&amp#27;[35m[HTTP]&amp#27;[39m &amp#27;[37m-->&amp#27;[39m &amp#27;[37mPOST&amp#27;[39m &amp#27;[37m/wd/hub/session/644cb43e-d672-40f5-a9b0-1fd484bb3424/appium/start_recording_screen&amp#27;[39m
&amp#27;[35m[HTTP]&amp#27;[39m &amp#27;[90m{}&amp#27;[39m
[debug] &amp#27;[35m[W3C (644cb43e)]&amp#27;[39m Calling AppiumDriver.startRecordingScreen() with args: [null,"644cb43e-d672-40f5-a9b0-1fd484bb3424"]
[debug] &amp#27;[35m[ADB]&amp#27;[39m Getting IDs of all 'screenrecord' processes
[debug] &amp#27;[35m[ADB]&amp#27;[39m Running 'C:\Users\dtougov\AppData\Local\Android\Sdk\platform-tools\adb.exe -P 5037 -s 4100d1bde4b1a193 shell pgrep -f \(\[\[:blank:\]\]\|\^\)screenrecord\(\[\[:blank:\]\]\|\$\)'
&amp#27;[35m[AndroidDriver]&amp#27;[39m Screen recording has not been previously started by Appium. There is nothing to stop
[debug] &amp#27;[35m[ADB]&amp#27;[39m Getting IDs of all 'screenrecord' processes
[debug] &amp#27;[35m[ADB]&amp#27;[39m Running 'C:\Users\dtougov\AppData\Local\Android\Sdk\platform-tools\adb.exe -P 5037 -s 4100d1bde4b1a193 shell pgrep -f \(\[\[:blank:\]\]\|\^\)screenrecord\(\[\[:blank:\]\]\|\$\)'
[debug] &amp#27;[35m[ADB]&amp#27;[39m Building screenrecord process with the command line: adb -P 5037 -s 4100d1bde4b1a193 shell screenrecord --time-limit 180 /sdcard/5e65e76a.mp4
[debug] &amp#27;[35m[WD Proxy]&amp#27;[39m Got response with status 200: {"sessionId":"21df9c7c-7d36-4b62-bb40-31691f012b3b","value":{"ELEMENT":"00000000-0000-036c-7fff-ffff00000043","element-6066-11e4-a52e-4f735466cecf":"00000000-0000-036c-7fff-ffff00000043"}}
[debug] &amp#27;[35m[W3C (ee0e5569)]&amp#27;[39m Responding to client with driver.findElement() result: {"element-6066-11e4-a52e-4f735466cecf":"00000000-0000-036c-7fff-ffff00000043","ELEMENT":"00000000-0000-036c-7fff-ffff00000043"}
&amp#27;[35m[HTTP]&amp#27;[39m &amp#27;[37m<-- POST /wd/hub/session/ee0e5569-3cfd-4739-96df-73f2565751c2/element &amp#27;[39m&amp#27;[32m200&amp#27;[39m &amp#27;[90m1096 ms - 137&amp#27;[39m
&amp#27;[35m[HTTP]&amp#27;[39m &amp#27;[90m&amp#27;[39m
&amp#27;[35m[HTTP]&amp#27;[39m &amp#27;[37m-->&amp#27;[39m &amp#27;[37mGET&amp#27;[39m &amp#27;[37m/wd/hub/session/ee0e5569-3cfd-4739-96df-73f2565751c2/element/00000000-0000-036c-7fff-ffff00000043/displayed&amp#27;[39m
&amp#27;[35m[HTTP]&amp#27;[39m &amp#27;[90m{}&amp#27;[39m
[debug] &amp#27;[35m[W3C (ee0e5569)]&amp#27;[39m Calling AppiumDriver.elementDisplayed() with args: ["00000000-0000-036c-7fff-ffff00000043","ee0e5569-3cfd-4739-96df-73f2565751c2"]
[debug] &amp#27;[35m[WD Proxy]&amp#27;[39m Matched '/element/00000000-0000-036c-7fff-ffff00000043/attribute/displayed' to command name 'getAttribute'
[debug] &amp#27;[35m[WD Proxy]&amp#27;[39m Proxying [GET /element/00000000-0000-036c-7fff-ffff00000043/attribute/displayed] to [GET http://127.0.0.1:10000/wd/hub/session/21df9c7c-7d36-4b62-bb40-31691f012b3b/element/00000000-0000-036c-7fff-ffff00000043/attribute/displayed] with no body
[debug] &amp#27;[35m[WD Proxy]&amp#27;[39m Got response with status 200: {"sessionId":"21df9c7c-7d36-4b62-bb40-31691f012b3b","value":"true"}
[debug] &amp#27;[35m[W3C (ee0e5569)]&amp#27;[39m Responding to client with driver.elementDisplayed() result: true
&amp#27;[35m[HTTP]&amp#27;[39m &amp#27;[37m<-- GET /wd/hub/session/ee0e5569-3cfd-4739-96df-73f2565751c2/element/00000000-0000-036c-7fff-ffff00000043/displayed &amp#27;[39m&amp#27;[32m200&amp#27;[39m &amp#27;[90m53 ms - 14&amp#27;[39m
&amp#27;[35m[HTTP]&amp#27;[39m &amp#27;[90m&amp#27;[39m
&amp#27;[35m[HTTP]&amp#27;[39m &amp#27;[37m-->&amp#27;[39m &amp#27;[37mGET&amp#27;[39m &amp#27;[37m/wd/hub/session/ee0e5569-3cfd-4739-96df-73f2565751c2/context&amp#27;[39m
&amp#27;[35m[HTTP]&amp#27;[39m &amp#27;[90m{}&amp#27;[39m
[debug] &amp#27;[35m[W3C (ee0e5569)]&amp#27;[39m Calling AppiumDriver.getCurrentContext() with args: ["ee0e5569-3cfd-4739-96df-73f2565751c2"]
[debug] &amp#27;[35m[W3C (ee0e5569)]&amp#27;[39m Responding to client with driver.getCurrentContext() result: "NATIVE_APP"
&amp#27;[35m[HTTP]&amp#27;[39m &amp#27;[37m<-- GET /wd/hub/session/ee0e5569-3cfd-4739-96df-73f2565751c2/context &amp#27;[39m&amp#27;[32m200&amp#27;[39m &amp#27;[90m3 ms - 22&amp#27;[39m
&amp#27;[35m[HTTP]&amp#27;[39m &amp#27;[90m&amp#27;[39m
&amp#27;[35m[HTTP]&amp#27;[39m &amp#27;[37m-->&amp#27;[39m &amp#27;[37mPOST&amp#27;[39m &amp#27;[37m/wd/hub/session/ee0e5569-3cfd-4739-96df-73f2565751c2/element&amp#27;[39m
&amp#27;[35m[HTTP]&amp#27;[39m &amp#27;[90m{"using":"xpath","value":"//android.view.ViewGroup[@content-desc=\"test-Cart drop zone\"]/android.view.ViewGroup/android.widget.TextView"}&amp#27;[39m
[debug] &amp#27;[35m[W3C (ee0e5569)]&amp#27;[39m Calling AppiumDriver.findElement() with args: ["xpath","//android.view.ViewGroup[@content-desc=\"test-Cart drop zone\"]/android.view.ViewGroup/android.widget.TextView","ee0e5569-3cfd-4739-96df-73f2565751c2"]
[debug] &amp#27;[35m[BaseDriver]&amp#27;[39m Valid locator strategies for this request: xpath, id, class name, accessibility id, css selector, -android uiautomator
[debug] &amp#27;[35m[BaseDriver]&amp#27;[39m Waiting up to 0 ms for condition
[debug] &amp#27;[35m[WD Proxy]&amp#27;[39m Matched '/element' to command name 'findElement'
[debug] &amp#27;[35m[WD Proxy]&amp#27;[39m Proxying [POST /element] to [POST http://127.0.0.1:10000/wd/hub/session/21df9c7c-7d36-4b62-bb40-31691f012b3b/element] with body: {"strategy":"xpath","selector":"//android.view.ViewGroup[@content-desc=\"test-Cart drop zone\"]/android.view.ViewGroup/android.widget.TextView","context":"","multiple":false}
[debug] &amp#27;[35m[ADB]&amp#27;[39m Running 'C:\Users\dtougov\AppData\Local\Android\Sdk\platform-tools\adb.exe -P 5037 -s 4100d1bde4b1a193 shell "[ -e '/sdcard/5e65e76a.mp4' ] && echo __PASS__"'
[debug] &amp#27;[35m[WD Proxy]&amp#27;[39m Got response with status 200: {"sessionId":"21df9c7c-7d36-4b62-bb40-31691f012b3b","value":{"ELEMENT":"00000000-0000-036c-7fff-ffff00000043","element-6066-11e4-a52e-4f735466cecf":"00000000-0000-036c-7fff-ffff00000043"}}
[debug] &amp#27;[35m[W3C (ee0e5569)]&amp#27;[39m Responding to client with driver.findElement() result: {"element-6066-11e4-a52e-4f735466cecf":"00000000-0000-036c-7fff-ffff00000043","ELEMENT":"00000000-0000-036c-7fff-ffff00000043"}
&amp#27;[35m[HTTP]&amp#27;[39m &amp#27;[37m<-- POST /wd/hub/session/ee0e5569-3cfd-4739-96df-73f2565751c2/element &amp#27;[39m&amp#27;[32m200&amp#27;[39m &amp#27;[90m384 ms - 137&amp#27;[39m
&amp#27;[35m[HTTP]&amp#27;[39m &amp#27;[90m&amp#27;[39m
&amp#27;[35m[HTTP]&amp#27;[39m &amp#27;[37m-->&amp#27;[39m &amp#27;[37mGET&amp#27;[39m &amp#27;[37m/wd/hub/session/ee0e5569-3cfd-4739-96df-73f2565751c2/element/00000000-0000-036c-7fff-ffff00000043/attribute/text&amp#27;[39m
&amp#27;[35m[HTTP]&amp#27;[39m &amp#27;[90m{}&amp#27;[39m
[debug] &amp#27;[35m[W3C (ee0e5569)]&amp#27;[39m Calling AppiumDriver.getAttribute() with args: ["text","00000000-0000-036c-7fff-ffff00000043","ee0e5569-3cfd-4739-96df-73f2565751c2"]
[debug] &amp#27;[35m[WD Proxy]&amp#27;[39m Matched '/element/00000000-0000-036c-7fff-ffff00000043/attribute/text' to command name 'getAttribute'
[debug] &amp#27;[35m[WD Proxy]&amp#27;[39m Proxying [GET /element/00000000-0000-036c-7fff-ffff00000043/attribute/text] to [GET http://127.0.0.1:10000/wd/hub/session/21df9c7c-7d36-4b62-bb40-31691f012b3b/element/00000000-0000-036c-7fff-ffff00000043/attribute/text] with no body
[debug] &amp#27;[35m[WD Proxy]&amp#27;[39m Got response with status 200: {"sessionId":"21df9c7c-7d36-4b62-bb40-31691f012b3b","value":"PRODUCTS"}
[debug] &amp#27;[35m[W3C (ee0e5569)]&amp#27;[39m Responding to client with driver.getAttribute() result: "PRODUCTS"
[INFO ] 2022-08-30 16:49:33.653 BasePage:97 - product page title is - PRODUCTS
  Then I should see Products page with title "PRODUCTS"   # com.qa.stepdef.LoginStepDef.iShouldSeeProductsPageWithTitle(java.lang.String)
&amp#27;[35m[HTTP]&amp#27;[39m &amp#27;[37m<-- GET /wd/hub/session/ee0e5569-3cfd-4739-96df-73f2565751c2/element/00000000-0000-036c-7fff-ffff00000043/attribute/text &amp#27;[39m&amp#27;[32m200&amp#27;[39m &amp#27;[90m26 ms - 20&amp#27;[39m
&amp#27;[35m[HTTP]&amp#27;[39m &amp#27;[90m&amp#27;[39m
&amp#27;[35m[HTTP]&amp#27;[39m &amp#27;[37m-->&amp#27;[39m &amp#27;[37mPOST&amp#27;[39m &amp#27;[37m/wd/hub/session/ee0e5569-3cfd-4739-96df-73f2565751c2/appium/stop_recording_screen&amp#27;[39m
&amp#27;[35m[HTTP]&amp#27;[39m &amp#27;[90m{}&amp#27;[39m
[debug] &amp#27;[35m[W3C (ee0e5569)]&amp#27;[39m Calling AppiumDriver.stopRecordingScreen() with args: [null,"ee0e5569-3cfd-4739-96df-73f2565751c2"]
[debug] &amp#27;[35m[ADB]&amp#27;[39m Getting IDs of all 'screenrecord' processes
[debug] &amp#27;[35m[ADB]&amp#27;[39m Running 'C:\Users\dtougov\AppData\Local\Android\Sdk\platform-tools\adb.exe -P 5037 -s CB5A29JXTK shell 'pgrep ^screenrecord$ || pgrep ^screenrecord$''
[debug] &amp#27;[35m[ADB]&amp#27;[39m Running 'C:\Users\dtougov\AppData\Local\Android\Sdk\platform-tools\adb.exe -P 5037 -s 4100d1bde4b1a193 shell "[ -e '/sdcard/5e65e76a.mp4' ] && echo __PASS__"'
[debug] &amp#27;[35m[ADB]&amp#27;[39m Running 'C:\Users\dtougov\AppData\Local\Android\Sdk\platform-tools\adb.exe -P 5037 -s CB5A29JXTK shell kill -2 22061'
[debug] &amp#27;[35m[W3C (644cb43e)]&amp#27;[39m Responding to client with driver.startRecordingScreen() result: ""
&amp#27;[35m[HTTP]&amp#27;[39m &amp#27;[37m<-- POST /wd/hub/session/644cb43e-d672-40f5-a9b0-1fd484bb3424/appium/start_recording_screen &amp#27;[39m&amp#27;[32m200&amp#27;[39m &amp#27;[90m1787 ms - 12&amp#27;[39m
&amp#27;[35m[HTTP]&amp#27;[39m &amp#27;[90m&amp#27;[39m
&amp#27;[35m[HTTP]&amp#27;[39m &amp#27;[37m-->&amp#27;[39m &amp#27;[37mPOST&amp#27;[39m &amp#27;[37m/wd/hub/session/644cb43e-d672-40f5-a9b0-1fd484bb3424/element&amp#27;[39m
&amp#27;[35m[HTTP]&amp#27;[39m &amp#27;[90m{"using":"-android uiautomator","value":"new UiScrollable(new UiSelector().scrollable(true)).scrollIntoView(new UiSelector().text(\"Sauce Labs Backpack\"));"}&amp#27;[39m
[debug] &amp#27;[35m[W3C (644cb43e)]&amp#27;[39m Calling AppiumDriver.findElement() with args: ["-android uiautomator","new UiScrollable(new UiSelector().scrollable(true)).scrollIntoView(new UiSelector().text(\"Sauce Labs Backpack\"));","644cb43e-d672-40f5-a9b0-1fd484bb3424"]
[debug] &amp#27;[35m[BaseDriver]&amp#27;[39m Valid locator strategies for this request: xpath, id, class name, accessibility id, css selector, -android uiautomator
[debug] &amp#27;[35m[BaseDriver]&amp#27;[39m Waiting up to 0 ms for condition
[debug] &amp#27;[35m[WD Proxy]&amp#27;[39m Matched '/element' to command name 'findElement'
[debug] &amp#27;[35m[WD Proxy]&amp#27;[39m Proxying [POST /element] to [POST http://127.0.0.1:10001/wd/hub/session/44ba05ff-d8a8-4796-9026-76750819bf31/element] with body: {"strategy":"-android uiautomator","selector":"new UiScrollable(new UiSelector().scrollable(true)).scrollIntoView(new UiSelector().text(\"Sauce Labs Backpack\"));","context":"","multiple":false}
[debug] &amp#27;[35m[ADB]&amp#27;[39m Getting IDs of all 'screenrecord' processes
[debug] &amp#27;[35m[ADB]&amp#27;[39m Running 'C:\Users\dtougov\AppData\Local\Android\Sdk\platform-tools\adb.exe -P 5037 -s CB5A29JXTK shell 'pgrep ^screenrecord$ || pgrep ^screenrecord$''
[debug] &amp#27;[35m[WD Proxy]&amp#27;[39m Got response with status 200: {"sessionId":"44ba05ff-d8a8-4796-9026-76750819bf31","value":{"ELEMENT":"00000000-0000-0166-7fff-ffff00000056","element-6066-11e4-a52e-4f735466cecf":"00000000-0000-0166-7fff-ffff00000056"}}
[debug] &amp#27;[35m[W3C (644cb43e)]&amp#27;[39m Responding to client with driver.findElement() result: {"element-6066-11e4-a52e-4f735466cecf":"00000000-0000-0166-7fff-ffff00000056","ELEMENT":"00000000-0000-0166-7fff-ffff00000056"}
&amp#27;[35m[HTTP]&amp#27;[39m &amp#27;[37m<-- POST /wd/hub/session/644cb43e-d672-40f5-a9b0-1fd484bb3424/element &amp#27;[39m&amp#27;[32m200&amp#27;[39m &amp#27;[90m129 ms - 137&amp#27;[39m
&amp#27;[35m[HTTP]&amp#27;[39m &amp#27;[90m&amp#27;[39m
&amp#27;[35m[HTTP]&amp#27;[39m &amp#27;[37m-->&amp#27;[39m &amp#27;[37mGET&amp#27;[39m &amp#27;[37m/wd/hub/session/644cb43e-d672-40f5-a9b0-1fd484bb3424/element/00000000-0000-0166-7fff-ffff00000056/displayed&amp#27;[39m
&amp#27;[35m[HTTP]&amp#27;[39m &amp#27;[90m{}&amp#27;[39m
[debug] &amp#27;[35m[W3C (644cb43e)]&amp#27;[39m Calling AppiumDriver.elementDisplayed() with args: ["00000000-0000-0166-7fff-ffff00000056","644cb43e-d672-40f5-a9b0-1fd484bb3424"]
[debug] &amp#27;[35m[WD Proxy]&amp#27;[39m Matched '/element/00000000-0000-0166-7fff-ffff00000056/attribute/displayed' to command name 'getAttribute'
[debug] &amp#27;[35m[WD Proxy]&amp#27;[39m Proxying [GET /element/00000000-0000-0166-7fff-ffff00000056/attribute/displayed] to [GET http://127.0.0.1:10001/wd/hub/session/44ba05ff-d8a8-4796-9026-76750819bf31/element/00000000-0000-0166-7fff-ffff00000056/attribute/displayed] with no body
[debug] &amp#27;[35m[WD Proxy]&amp#27;[39m Got response with status 200: {"sessionId":"44ba05ff-d8a8-4796-9026-76750819bf31","value":"true"}
[debug] &amp#27;[35m[W3C (644cb43e)]&amp#27;[39m Responding to client with driver.elementDisplayed() result: true
[INFO ] 2022-08-30 16:49:34.473 BasePage:54 - press Sauce Labs Backpack link
&amp#27;[35m[HTTP]&amp#27;[39m &amp#27;[37m<-- GET /wd/hub/session/644cb43e-d672-40f5-a9b0-1fd484bb3424/element/00000000-0000-0166-7fff-ffff00000056/displayed &amp#27;[39m&amp#27;[32m200&amp#27;[39m &amp#27;[90m87 ms - 14&amp#27;[39m
&amp#27;[35m[HTTP]&amp#27;[39m &amp#27;[90m&amp#27;[39m
&amp#27;[35m[HTTP]&amp#27;[39m &amp#27;[37m-->&amp#27;[39m &amp#27;[37mPOST&amp#27;[39m &amp#27;[37m/wd/hub/session/644cb43e-d672-40f5-a9b0-1fd484bb3424/element/00000000-0000-0166-7fff-ffff00000056/click&amp#27;[39m
&amp#27;[35m[HTTP]&amp#27;[39m &amp#27;[90m{"id":"00000000-0000-0166-7fff-ffff00000056"}&amp#27;[39m
[debug] &amp#27;[35m[W3C (644cb43e)]&amp#27;[39m Calling AppiumDriver.click() with args: ["00000000-0000-0166-7fff-ffff00000056","644cb43e-d672-40f5-a9b0-1fd484bb3424"]
[debug] &amp#27;[35m[WD Proxy]&amp#27;[39m Matched '/element/00000000-0000-0166-7fff-ffff00000056/click' to command name 'click'
[debug] &amp#27;[35m[WD Proxy]&amp#27;[39m Proxying [POST /element/00000000-0000-0166-7fff-ffff00000056/click] to [POST http://127.0.0.1:10001/wd/hub/session/44ba05ff-d8a8-4796-9026-76750819bf31/element/00000000-0000-0166-7fff-ffff00000056/click] with body: {"element":"00000000-0000-0166-7fff-ffff00000056"}
[debug] &amp#27;[35m[WD Proxy]&amp#27;[39m Got response with status 200: {"sessionId":"44ba05ff-d8a8-4796-9026-76750819bf31","value":null}
[debug] &amp#27;[35m[W3C (644cb43e)]&amp#27;[39m Responding to client with driver.click() result: null
&amp#27;[35m[HTTP]&amp#27;[39m &amp#27;[37m<-- POST /wd/hub/session/644cb43e-d672-40f5-a9b0-1fd484bb3424/element/00000000-0000-0166-7fff-ffff00000056/click &amp#27;[39m&amp#27;[32m200&amp#27;[39m &amp#27;[90m56 ms - 14&amp#27;[39m
&amp#27;[35m[HTTP]&amp#27;[39m &amp#27;[90m&amp#27;[39m
  When I click product title "Sauce Labs Backpack"                                                                                                                                                                                                   # com.qa.stepdef.ProductStepDef.iClickProductTitle(java.lang.String)
&amp#27;[35m[HTTP]&amp#27;[39m &amp#27;[37m-->&amp#27;[39m &amp#27;[37mPOST&amp#27;[39m &amp#27;[37m/wd/hub/session/644cb43e-d672-40f5-a9b0-1fd484bb3424/element&amp#27;[39m
&amp#27;[35m[HTTP]&amp#27;[39m &amp#27;[90m{"using":"-android uiautomator","value":"new UiScrollable(new UiSelector().scrollable(true)).scrollIntoView(new UiSelector().description(\"test-Description\"));"}&amp#27;[39m
[debug] &amp#27;[35m[W3C (644cb43e)]&amp#27;[39m Calling AppiumDriver.findElement() with args: ["-android uiautomator","new UiScrollable(new UiSelector().scrollable(true)).scrollIntoView(new UiSelector().description(\"test-Description\"));","644cb43e-d672-40f5-a9b0-1fd484bb3424"]
[debug] &amp#27;[35m[BaseDriver]&amp#27;[39m Valid locator strategies for this request: xpath, id, class name, accessibility id, css selector, -android uiautomator
[debug] &amp#27;[35m[BaseDriver]&amp#27;[39m Waiting up to 0 ms for condition
[debug] &amp#27;[35m[WD Proxy]&amp#27;[39m Matched '/element' to command name 'findElement'
[debug] &amp#27;[35m[WD Proxy]&amp#27;[39m Proxying [POST /element] to [POST http://127.0.0.1:10001/wd/hub/session/44ba05ff-d8a8-4796-9026-76750819bf31/element] with body: {"strategy":"-android uiautomator","selector":"new UiScrollable(new UiSelector().scrollable(true)).scrollIntoView(new UiSelector().description(\"test-Description\"));","context":"","multiple":false}
[debug] &amp#27;[35m[ADB]&amp#27;[39m Getting IDs of all 'screenrecord' processes
[debug] &amp#27;[35m[ADB]&amp#27;[39m Running 'C:\Users\dtougov\AppData\Local\Android\Sdk\platform-tools\adb.exe -P 5037 -s CB5A29JXTK shell 'pgrep ^screenrecord$ || pgrep ^screenrecord$''
[debug] &amp#27;[35m[ADB]&amp#27;[39m Getting IDs of all 'screenrecord' processes
[debug] &amp#27;[35m[ADB]&amp#27;[39m Running 'C:\Users\dtougov\AppData\Local\Android\Sdk\platform-tools\adb.exe -P 5037 -s CB5A29JXTK shell 'pgrep ^screenrecord$ || pgrep ^screenrecord$''
[debug] &amp#27;[35m[WD Proxy]&amp#27;[39m Got response with status 200: {"sessionId":"44ba05ff-d8a8-4796-9026-76750819bf31","value":{"ELEMENT":"00000000-0000-0166-7fff-ffff0000008d","element-6066-11e4-a52e-4f735466cecf":"00000000-0000-0166-7fff-ffff0000008d"}}
[debug] &amp#27;[35m[W3C (644cb43e)]&amp#27;[39m Responding to client with driver.findElement() result: {"element-6066-11e4-a52e-4f735466cecf":"00000000-0000-0166-7fff-ffff0000008d","ELEMENT":"00000000-0000-0166-7fff-ffff0000008d"}
&amp#27;[35m[HTTP]&amp#27;[39m &amp#27;[37m<-- POST /wd/hub/session/644cb43e-d672-40f5-a9b0-1fd484bb3424/element &amp#27;[39m&amp#27;[32m200&amp#27;[39m &amp#27;[90m1515 ms - 137&amp#27;[39m
&amp#27;[35m[HTTP]&amp#27;[39m &amp#27;[90m&amp#27;[39m
&amp#27;[35m[HTTP]&amp#27;[39m &amp#27;[37m-->&amp#27;[39m &amp#27;[37mGET&amp#27;[39m &amp#27;[37m/wd/hub/session/644cb43e-d672-40f5-a9b0-1fd484bb3424/context&amp#27;[39m
&amp#27;[35m[HTTP]&amp#27;[39m &amp#27;[90m{}&amp#27;[39m
[debug] &amp#27;[35m[W3C (644cb43e)]&amp#27;[39m Calling AppiumDriver.getCurrentContext() with args: ["644cb43e-d672-40f5-a9b0-1fd484bb3424"]
[debug] &amp#27;[35m[W3C (644cb43e)]&amp#27;[39m Responding to client with driver.getCurrentContext() result: "NATIVE_APP"
&amp#27;[35m[HTTP]&amp#27;[39m &amp#27;[37m<-- GET /wd/hub/session/644cb43e-d672-40f5-a9b0-1fd484bb3424/context &amp#27;[39m&amp#27;[32m200&amp#27;[39m &amp#27;[90m2 ms - 22&amp#27;[39m
&amp#27;[35m[HTTP]&amp#27;[39m &amp#27;[90m&amp#27;[39m
&amp#27;[35m[HTTP]&amp#27;[39m &amp#27;[37m-->&amp#27;[39m &amp#27;[37mPOST&amp#27;[39m &amp#27;[37m/wd/hub/session/644cb43e-d672-40f5-a9b0-1fd484bb3424/element&amp#27;[39m
&amp#27;[35m[HTTP]&amp#27;[39m &amp#27;[90m{"using":"xpath","value":"//android.view.ViewGroup[@content-desc=\"test-Description\"]/android.widget.TextView[1]"}&amp#27;[39m
[debug] &amp#27;[35m[W3C (644cb43e)]&amp#27;[39m Calling AppiumDriver.findElement() with args: ["xpath","//android.view.ViewGroup[@content-desc=\"test-Description\"]/android.widget.TextView[1]","644cb43e-d672-40f5-a9b0-1fd484bb3424"]
[debug] &amp#27;[35m[BaseDriver]&amp#27;[39m Valid locator strategies for this request: xpath, id, class name, accessibility id, css selector, -android uiautomator
[debug] &amp#27;[35m[BaseDriver]&amp#27;[39m Waiting up to 0 ms for condition
[debug] &amp#27;[35m[WD Proxy]&amp#27;[39m Matched '/element' to command name 'findElement'
[debug] &amp#27;[35m[WD Proxy]&amp#27;[39m Proxying [POST /element] to [POST http://127.0.0.1:10001/wd/hub/session/44ba05ff-d8a8-4796-9026-76750819bf31/element] with body: {"strategy":"xpath","selector":"//android.view.ViewGroup[@content-desc=\"test-Description\"]/android.widget.TextView[1]","context":"","multiple":false}
[debug] &amp#27;[35m[WD Proxy]&amp#27;[39m Got response with status 200: {"sessionId":"44ba05ff-d8a8-4796-9026-76750819bf31","value":{"ELEMENT":"00000000-0000-0166-7fff-ffff0000008c","element-6066-11e4-a52e-4f735466cecf":"00000000-0000-0166-7fff-ffff0000008c"}}
[debug] &amp#27;[35m[W3C (644cb43e)]&amp#27;[39m Responding to client with driver.findElement() result: {"element-6066-11e4-a52e-4f735466cecf":"00000000-0000-0166-7fff-ffff0000008c","ELEMENT":"00000000-0000-0166-7fff-ffff0000008c"}
&amp#27;[35m[HTTP]&amp#27;[39m &amp#27;[37m<-- POST /wd/hub/session/644cb43e-d672-40f5-a9b0-1fd484bb3424/element &amp#27;[39m&amp#27;[32m200&amp#27;[39m &amp#27;[90m121 ms - 137&amp#27;[39m
&amp#27;[35m[HTTP]&amp#27;[39m &amp#27;[90m&amp#27;[39m
&amp#27;[35m[HTTP]&amp#27;[39m &amp#27;[37m-->&amp#27;[39m &amp#27;[37mGET&amp#27;[39m &amp#27;[37m/wd/hub/session/644cb43e-d672-40f5-a9b0-1fd484bb3424/element/00000000-0000-0166-7fff-ffff0000008c/displayed&amp#27;[39m
&amp#27;[35m[HTTP]&amp#27;[39m &amp#27;[90m{}&amp#27;[39m
[debug] &amp#27;[35m[W3C (644cb43e)]&amp#27;[39m Calling AppiumDriver.elementDisplayed() with args: ["00000000-0000-0166-7fff-ffff0000008c","644cb43e-d672-40f5-a9b0-1fd484bb3424"]
[debug] &amp#27;[35m[WD Proxy]&amp#27;[39m Matched '/element/00000000-0000-0166-7fff-ffff0000008c/attribute/displayed' to command name 'getAttribute'
[debug] &amp#27;[35m[WD Proxy]&amp#27;[39m Proxying [GET /element/00000000-0000-0166-7fff-ffff0000008c/attribute/displayed] to [GET http://127.0.0.1:10001/wd/hub/session/44ba05ff-d8a8-4796-9026-76750819bf31/element/00000000-0000-0166-7fff-ffff0000008c/attribute/displayed] with no body
[debug] &amp#27;[35m[WD Proxy]&amp#27;[39m Got response with status 200: {"sessionId":"44ba05ff-d8a8-4796-9026-76750819bf31","value":"true"}
[debug] &amp#27;[35m[W3C (644cb43e)]&amp#27;[39m Responding to client with driver.elementDisplayed() result: true
&amp#27;[35m[HTTP]&amp#27;[39m &amp#27;[37m<-- GET /wd/hub/session/644cb43e-d672-40f5-a9b0-1fd484bb3424/element/00000000-0000-0166-7fff-ffff0000008c/displayed &amp#27;[39m&amp#27;[32m200&amp#27;[39m &amp#27;[90m18 ms - 14&amp#27;[39m
&amp#27;[35m[HTTP]&amp#27;[39m &amp#27;[90m&amp#27;[39m
&amp#27;[35m[HTTP]&amp#27;[39m &amp#27;[37m-->&amp#27;[39m &amp#27;[37mGET&amp#27;[39m &amp#27;[37m/wd/hub/session/644cb43e-d672-40f5-a9b0-1fd484bb3424/context&amp#27;[39m
&amp#27;[35m[HTTP]&amp#27;[39m &amp#27;[90m{}&amp#27;[39m
[debug] &amp#27;[35m[W3C (644cb43e)]&amp#27;[39m Calling AppiumDriver.getCurrentContext() with args: ["644cb43e-d672-40f5-a9b0-1fd484bb3424"]
[debug] &amp#27;[35m[W3C (644cb43e)]&amp#27;[39m Responding to client with driver.getCurrentContext() result: "NATIVE_APP"
&amp#27;[35m[HTTP]&amp#27;[39m &amp#27;[37m<-- GET /wd/hub/session/644cb43e-d672-40f5-a9b0-1fd484bb3424/context &amp#27;[39m&amp#27;[32m200&amp#27;[39m &amp#27;[90m2 ms - 22&amp#27;[39m
&amp#27;[35m[HTTP]&amp#27;[39m &amp#27;[90m&amp#27;[39m
&amp#27;[35m[HTTP]&amp#27;[39m &amp#27;[37m-->&amp#27;[39m &amp#27;[37mPOST&amp#27;[39m &amp#27;[37m/wd/hub/session/644cb43e-d672-40f5-a9b0-1fd484bb3424/element&amp#27;[39m
&amp#27;[35m[HTTP]&amp#27;[39m &amp#27;[90m{"using":"xpath","value":"//android.view.ViewGroup[@content-desc=\"test-Description\"]/android.widget.TextView[1]"}&amp#27;[39m
[debug] &amp#27;[35m[W3C (644cb43e)]&amp#27;[39m Calling AppiumDriver.findElement() with args: ["xpath","//android.view.ViewGroup[@content-desc=\"test-Description\"]/android.widget.TextView[1]","644cb43e-d672-40f5-a9b0-1fd484bb3424"]
[debug] &amp#27;[35m[BaseDriver]&amp#27;[39m Valid locator strategies for this request: xpath, id, class name, accessibility id, css selector, -android uiautomator
[debug] &amp#27;[35m[BaseDriver]&amp#27;[39m Waiting up to 0 ms for condition
[debug] &amp#27;[35m[WD Proxy]&amp#27;[39m Matched '/element' to command name 'findElement'
[debug] &amp#27;[35m[WD Proxy]&amp#27;[39m Proxying [POST /element] to [POST http://127.0.0.1:10001/wd/hub/session/44ba05ff-d8a8-4796-9026-76750819bf31/element] with body: {"strategy":"xpath","selector":"//android.view.ViewGroup[@content-desc=\"test-Description\"]/android.widget.TextView[1]","context":"","multiple":false}
[debug] &amp#27;[35m[WD Proxy]&amp#27;[39m Got response with status 200: {"sessionId":"44ba05ff-d8a8-4796-9026-76750819bf31","value":{"ELEMENT":"00000000-0000-0166-7fff-ffff0000008c","element-6066-11e4-a52e-4f735466cecf":"00000000-0000-0166-7fff-ffff0000008c"}}
[debug] &amp#27;[35m[W3C (644cb43e)]&amp#27;[39m Responding to client with driver.findElement() result: {"element-6066-11e4-a52e-4f735466cecf":"00000000-0000-0166-7fff-ffff0000008c","ELEMENT":"00000000-0000-0166-7fff-ffff0000008c"}
&amp#27;[35m[HTTP]&amp#27;[39m &amp#27;[37m<-- POST /wd/hub/session/644cb43e-d672-40f5-a9b0-1fd484bb3424/element &amp#27;[39m&amp#27;[32m200&amp#27;[39m &amp#27;[90m113 ms - 137&amp#27;[39m
&amp#27;[35m[HTTP]&amp#27;[39m &amp#27;[90m&amp#27;[39m
&amp#27;[35m[HTTP]&amp#27;[39m &amp#27;[37m-->&amp#27;[39m &amp#27;[37mGET&amp#27;[39m &amp#27;[37m/wd/hub/session/644cb43e-d672-40f5-a9b0-1fd484bb3424/element/00000000-0000-0166-7fff-ffff0000008c/attribute/text&amp#27;[39m
&amp#27;[35m[HTTP]&amp#27;[39m &amp#27;[90m{}&amp#27;[39m
[debug] &amp#27;[35m[W3C (644cb43e)]&amp#27;[39m Calling AppiumDriver.getAttribute() with args: ["text","00000000-0000-0166-7fff-ffff0000008c","644cb43e-d672-40f5-a9b0-1fd484bb3424"]
[debug] &amp#27;[35m[WD Proxy]&amp#27;[39m Matched '/element/00000000-0000-0166-7fff-ffff0000008c/attribute/text' to command name 'getAttribute'
[debug] &amp#27;[35m[WD Proxy]&amp#27;[39m Proxying [GET /element/00000000-0000-0166-7fff-ffff0000008c/attribute/text] to [GET http://127.0.0.1:10001/wd/hub/session/44ba05ff-d8a8-4796-9026-76750819bf31/element/00000000-0000-0166-7fff-ffff0000008c/attribute/text] with no body
[debug] &amp#27;[35m[WD Proxy]&amp#27;[39m Got response with status 200: {"sessionId":"44ba05ff-d8a8-4796-9026-76750819bf31","value":"Sauce Labs Backpack"}
[debug] &amp#27;[35m[W3C (644cb43e)]&amp#27;[39m Responding to client with driver.getAttribute() result: "Sauce Labs Backpack"
&amp#27;[35m[HTTP]&amp#27;[39m &amp#27;[37m<-- GET /wd/hub/session/644cb43e-d672-40f5-a9b0-1fd484bb3424/element/00000000-0000-0166-7fff-ffff0000008c/attribute/text &amp#27;[39m&amp#27;[32m200&amp#27;[39m &amp#27;[90m15 ms - 31&amp#27;[39m
&amp#27;[35m[HTTP]&amp#27;[39m &amp#27;[90m&amp#27;[39m
[INFO ] 2022-08-30 16:49:36.387 BasePage:97 - title is: Sauce Labs Backpack
&amp#27;[35m[HTTP]&amp#27;[39m &amp#27;[37m-->&amp#27;[39m &amp#27;[37mGET&amp#27;[39m &amp#27;[37m/wd/hub/session/644cb43e-d672-40f5-a9b0-1fd484bb3424/context&amp#27;[39m
&amp#27;[35m[HTTP]&amp#27;[39m &amp#27;[90m{}&amp#27;[39m
[debug] &amp#27;[35m[W3C (644cb43e)]&amp#27;[39m Calling AppiumDriver.getCurrentContext() with args: ["644cb43e-d672-40f5-a9b0-1fd484bb3424"]
[debug] &amp#27;[35m[W3C (644cb43e)]&amp#27;[39m Responding to client with driver.getCurrentContext() result: "NATIVE_APP"
&amp#27;[35m[HTTP]&amp#27;[39m &amp#27;[37m<-- GET /wd/hub/session/644cb43e-d672-40f5-a9b0-1fd484bb3424/context &amp#27;[39m&amp#27;[32m200&amp#27;[39m &amp#27;[90m2 ms - 22&amp#27;[39m
&amp#27;[35m[HTTP]&amp#27;[39m &amp#27;[90m&amp#27;[39m
&amp#27;[35m[HTTP]&amp#27;[39m &amp#27;[37m-->&amp#27;[39m &amp#27;[37mPOST&amp#27;[39m &amp#27;[37m/wd/hub/session/644cb43e-d672-40f5-a9b0-1fd484bb3424/element&amp#27;[39m
&amp#27;[35m[HTTP]&amp#27;[39m &amp#27;[90m{"using":"xpath","value":"//android.view.ViewGroup[@content-desc=\"test-Description\"]/android.widget.TextView[2]"}&amp#27;[39m
[debug] &amp#27;[35m[W3C (644cb43e)]&amp#27;[39m Calling AppiumDriver.findElement() with args: ["xpath","//android.view.ViewGroup[@content-desc=\"test-Description\"]/android.widget.TextView[2]","644cb43e-d672-40f5-a9b0-1fd484bb3424"]
[debug] &amp#27;[35m[BaseDriver]&amp#27;[39m Valid locator strategies for this request: xpath, id, class name, accessibility id, css selector, -android uiautomator
[debug] &amp#27;[35m[BaseDriver]&amp#27;[39m Waiting up to 0 ms for condition
[debug] &amp#27;[35m[WD Proxy]&amp#27;[39m Matched '/element' to command name 'findElement'
[debug] &amp#27;[35m[WD Proxy]&amp#27;[39m Proxying [POST /element] to [POST http://127.0.0.1:10001/wd/hub/session/44ba05ff-d8a8-4796-9026-76750819bf31/element] with body: {"strategy":"xpath","selector":"//android.view.ViewGroup[@content-desc=\"test-Description\"]/android.widget.TextView[2]","context":"","multiple":false}
[debug] &amp#27;[35m[ADB]&amp#27;[39m Getting IDs of all 'screenrecord' processes
[debug] &amp#27;[35m[ADB]&amp#27;[39m Running 'C:\Users\dtougov\AppData\Local\Android\Sdk\platform-tools\adb.exe -P 5037 -s CB5A29JXTK shell 'pgrep ^screenrecord$ || pgrep ^screenrecord$''
[debug] &amp#27;[35m[WD Proxy]&amp#27;[39m Got response with status 200: {"sessionId":"44ba05ff-d8a8-4796-9026-76750819bf31","value":{"ELEMENT":"00000000-0000-0166-7fff-ffff0000008e","element-6066-11e4-a52e-4f735466cecf":"00000000-0000-0166-7fff-ffff0000008e"}}
[debug] &amp#27;[35m[W3C (644cb43e)]&amp#27;[39m Responding to client with driver.findElement() result: {"element-6066-11e4-a52e-4f735466cecf":"00000000-0000-0166-7fff-ffff0000008e","ELEMENT":"00000000-0000-0166-7fff-ffff0000008e"}
&amp#27;[35m[HTTP]&amp#27;[39m &amp#27;[37m<-- POST /wd/hub/session/644cb43e-d672-40f5-a9b0-1fd484bb3424/element &amp#27;[39m&amp#27;[32m200&amp#27;[39m &amp#27;[90m189 ms - 137&amp#27;[39m
&amp#27;[35m[HTTP]&amp#27;[39m &amp#27;[90m&amp#27;[39m
&amp#27;[35m[HTTP]&amp#27;[39m &amp#27;[37m-->&amp#27;[39m &amp#27;[37mGET&amp#27;[39m &amp#27;[37m/wd/hub/session/644cb43e-d672-40f5-a9b0-1fd484bb3424/element/00000000-0000-0166-7fff-ffff0000008e/displayed&amp#27;[39m
&amp#27;[35m[HTTP]&amp#27;[39m &amp#27;[90m{}&amp#27;[39m
[debug] &amp#27;[35m[W3C (644cb43e)]&amp#27;[39m Calling AppiumDriver.elementDisplayed() with args: ["00000000-0000-0166-7fff-ffff0000008e","644cb43e-d672-40f5-a9b0-1fd484bb3424"]
[debug] &amp#27;[35m[WD Proxy]&amp#27;[39m Matched '/element/00000000-0000-0166-7fff-ffff0000008e/attribute/displayed' to command name 'getAttribute'
[debug] &amp#27;[35m[WD Proxy]&amp#27;[39m Proxying [GET /element/00000000-0000-0166-7fff-ffff0000008e/attribute/displayed] to [GET http://127.0.0.1:10001/wd/hub/session/44ba05ff-d8a8-4796-9026-76750819bf31/element/00000000-0000-0166-7fff-ffff0000008e/attribute/displayed] with no body
[debug] &amp#27;[35m[WD Proxy]&amp#27;[39m Got response with status 200: {"sessionId":"44ba05ff-d8a8-4796-9026-76750819bf31","value":"true"}
[debug] &amp#27;[35m[W3C (644cb43e)]&amp#27;[39m Responding to client with driver.elementDisplayed() result: true
&amp#27;[35m[HTTP]&amp#27;[39m &amp#27;[37m<-- GET /wd/hub/session/644cb43e-d672-40f5-a9b0-1fd484bb3424/element/00000000-0000-0166-7fff-ffff0000008e/displayed &amp#27;[39m&amp#27;[32m200&amp#27;[39m &amp#27;[90m100 ms - 14&amp#27;[39m
&amp#27;[35m[HTTP]&amp#27;[39m &amp#27;[90m&amp#27;[39m
&amp#27;[35m[HTTP]&amp#27;[39m &amp#27;[37m-->&amp#27;[39m &amp#27;[37mGET&amp#27;[39m &amp#27;[37m/wd/hub/session/644cb43e-d672-40f5-a9b0-1fd484bb3424/context&amp#27;[39m
&amp#27;[35m[HTTP]&amp#27;[39m &amp#27;[90m{}&amp#27;[39m
[debug] &amp#27;[35m[W3C (644cb43e)]&amp#27;[39m Calling AppiumDriver.getCurrentContext() with args: ["644cb43e-d672-40f5-a9b0-1fd484bb3424"]
[debug] &amp#27;[35m[W3C (644cb43e)]&amp#27;[39m Responding to client with driver.getCurrentContext() result: "NATIVE_APP"
&amp#27;[35m[HTTP]&amp#27;[39m &amp#27;[37m<-- GET /wd/hub/session/644cb43e-d672-40f5-a9b0-1fd484bb3424/context &amp#27;[39m&amp#27;[32m200&amp#27;[39m &amp#27;[90m2 ms - 22&amp#27;[39m
&amp#27;[35m[HTTP]&amp#27;[39m &amp#27;[90m&amp#27;[39m
&amp#27;[35m[HTTP]&amp#27;[39m &amp#27;[37m-->&amp#27;[39m &amp#27;[37mPOST&amp#27;[39m &amp#27;[37m/wd/hub/session/644cb43e-d672-40f5-a9b0-1fd484bb3424/element&amp#27;[39m
&amp#27;[35m[HTTP]&amp#27;[39m &amp#27;[90m{"using":"xpath","value":"//android.view.ViewGroup[@content-desc=\"test-Description\"]/android.widget.TextView[2]"}&amp#27;[39m
[debug] &amp#27;[35m[W3C (644cb43e)]&amp#27;[39m Calling AppiumDriver.findElement() with args: ["xpath","//android.view.ViewGroup[@content-desc=\"test-Description\"]/android.widget.TextView[2]","644cb43e-d672-40f5-a9b0-1fd484bb3424"]
[debug] &amp#27;[35m[BaseDriver]&amp#27;[39m Valid locator strategies for this request: xpath, id, class name, accessibility id, css selector, -android uiautomator
[debug] &amp#27;[35m[BaseDriver]&amp#27;[39m Waiting up to 0 ms for condition
[debug] &amp#27;[35m[WD Proxy]&amp#27;[39m Matched '/element' to command name 'findElement'
[debug] &amp#27;[35m[WD Proxy]&amp#27;[39m Proxying [POST /element] to [POST http://127.0.0.1:10001/wd/hub/session/44ba05ff-d8a8-4796-9026-76750819bf31/element] with body: {"strategy":"xpath","selector":"//android.view.ViewGroup[@content-desc=\"test-Description\"]/android.widget.TextView[2]","context":"","multiple":false}
[debug] &amp#27;[35m[WD Proxy]&amp#27;[39m Got response with status 200: {"sessionId":"44ba05ff-d8a8-4796-9026-76750819bf31","value":{"ELEMENT":"00000000-0000-0166-7fff-ffff0000008e","element-6066-11e4-a52e-4f735466cecf":"00000000-0000-0166-7fff-ffff0000008e"}}
[debug] &amp#27;[35m[W3C (644cb43e)]&amp#27;[39m Responding to client with driver.findElement() result: {"element-6066-11e4-a52e-4f735466cecf":"00000000-0000-0166-7fff-ffff0000008e","ELEMENT":"00000000-0000-0166-7fff-ffff0000008e"}
&amp#27;[35m[HTTP]&amp#27;[39m &amp#27;[37m<-- POST /wd/hub/session/644cb43e-d672-40f5-a9b0-1fd484bb3424/element &amp#27;[39m&amp#27;[32m200&amp#27;[39m &amp#27;[90m107 ms - 137&amp#27;[39m
&amp#27;[35m[HTTP]&amp#27;[39m &amp#27;[90m&amp#27;[39m
&amp#27;[35m[HTTP]&amp#27;[39m &amp#27;[37m-->&amp#27;[39m &amp#27;[37mGET&amp#27;[39m &amp#27;[37m/wd/hub/session/644cb43e-d672-40f5-a9b0-1fd484bb3424/element/00000000-0000-0166-7fff-ffff0000008e/attribute/text&amp#27;[39m
&amp#27;[35m[HTTP]&amp#27;[39m &amp#27;[90m{}&amp#27;[39m
[debug] &amp#27;[35m[W3C (644cb43e)]&amp#27;[39m Calling AppiumDriver.getAttribute() with args: ["text","00000000-0000-0166-7fff-ffff0000008e","644cb43e-d672-40f5-a9b0-1fd484bb3424"]
[debug] &amp#27;[35m[WD Proxy]&amp#27;[39m Matched '/element/00000000-0000-0166-7fff-ffff0000008e/attribute/text' to command name 'getAttribute'
[debug] &amp#27;[35m[WD Proxy]&amp#27;[39m Proxying [GET /element/00000000-0000-0166-7fff-ffff0000008e/attribute/text] to [GET http://127.0.0.1:10001/wd/hub/session/44ba05ff-d8a8-4796-9026-76750819bf31/element/00000000-0000-0166-7fff-ffff0000008e/attribute/text] with no body
[debug] &amp#27;[35m[ADB]&amp#27;[39m Running 'C:\Users\dtougov\AppData\Local\Android\Sdk\platform-tools\adb.exe -P 5037 -s CB5A29JXTK pull /sdcard/a2fedb4f.mp4 C:\Users\dtougov\AppData\Local\Temp\2022730-7696-1851bz6.uln3\a2fedb4f.mp4'
[debug] &amp#27;[35m[WD Proxy]&amp#27;[39m Got response with status 200: {"sessionId":"44ba05ff-d8a8-4796-9026-76750819bf31","value":"carry.allTheThings() with the sleek, streamlined Sly Pack that melds uncompromising style with unequaled laptop and tablet protection."}
[debug] &amp#27;[35m[W3C (644cb43e)]&amp#27;[39m Responding to client with driver.getAttribute() result: "carry.allTheThings() with the sleek, streamlined Sly Pack that melds uncompromising style with unequaled laptop and tablet protection."
&amp#27;[35m[HTTP]&amp#27;[39m &amp#27;[37m<-- GET /wd/hub/session/644cb43e-d672-40f5-a9b0-1fd484bb3424/element/00000000-0000-0166-7fff-ffff0000008e/attribute/text &amp#27;[39m&amp#27;[32m200&amp#27;[39m &amp#27;[90m24 ms - 146&amp#27;[39m
&amp#27;[35m[HTTP]&amp#27;[39m &amp#27;[90m&amp#27;[39m
[INFO ] 2022-08-30 16:49:36.864 BasePage:97 - description is: carry.allTheThings() with the sleek, streamlined Sly Pack that melds uncompromising style with unequaled laptop and tablet protection.
&amp#27;[35m[HTTP]&amp#27;[39m &amp#27;[37m-->&amp#27;[39m &amp#27;[37mPOST&amp#27;[39m &amp#27;[37m/wd/hub/session/644cb43e-d672-40f5-a9b0-1fd484bb3424/element&amp#27;[39m
&amp#27;[35m[HTTP]&amp#27;[39m &amp#27;[90m{"using":"-android uiautomator","value":"new UiScrollable(new UiSelector().scrollable(true)).scrollIntoView(new UiSelector().description(\"test-Price\"));"}&amp#27;[39m
[debug] &amp#27;[35m[W3C (644cb43e)]&amp#27;[39m Calling AppiumDriver.findElement() with args: ["-android uiautomator","new UiScrollable(new UiSelector().scrollable(true)).scrollIntoView(new UiSelector().description(\"test-Price\"));","644cb43e-d672-40f5-a9b0-1fd484bb3424"]
[debug] &amp#27;[35m[BaseDriver]&amp#27;[39m Valid locator strategies for this request: xpath, id, class name, accessibility id, css selector, -android uiautomator
[debug] &amp#27;[35m[BaseDriver]&amp#27;[39m Waiting up to 0 ms for condition
[debug] &amp#27;[35m[WD Proxy]&amp#27;[39m Matched '/element' to command name 'findElement'
[debug] &amp#27;[35m[WD Proxy]&amp#27;[39m Proxying [POST /element] to [POST http://127.0.0.1:10001/wd/hub/session/44ba05ff-d8a8-4796-9026-76750819bf31/element] with body: {"strategy":"-android uiautomator","selector":"new UiScrollable(new UiSelector().scrollable(true)).scrollIntoView(new UiSelector().description(\"test-Price\"));","context":"","multiple":false}
[debug] &amp#27;[35m[ADB]&amp#27;[39m Running 'C:\Users\dtougov\AppData\Local\Android\Sdk\platform-tools\adb.exe -P 5037 -s CB5A29JXTK shell rm -rf /sdcard/a2fedb4f.mp4'
[debug] &amp#27;[35m[AndroidDriver]&amp#27;[39m The size of the resulting screen recording is 1.04 MB
[debug] &amp#27;[35m[W3C (ee0e5569)]&amp#27;[39m Responding to client with driver.stopRecordingScreen() result: "AAAAGGZ0eXBtcDQyAAAAAGlzb21tcDQyAAAAAW1kYXQAAAAAABCkVgAAksJluEDxMUBtf//ugQ+CAB5Nr/7j1QV5VtTpHBWM+58CYrau1tbW1tbW1tbW1tbW1tbW1tbW1tbW1tbW1tbW1tbW1j1//8utQ7libtbW1tbW1//8aBDwFp5UNI//+qCvGmig8Dc5ba///oEPgBi7mZgQv/ivwryBT8qNvdra2tra2trHqAj3z8//7YQwEzdvz/22/a2tra2tra2tPT/ll4eFI6CrLCjZwNWCI53CgHaHTQLOrtfzn/wT+/4Ex3B6cP/8JxgFXFZkp3xqMEk9P/38DmwpwDceqFJZJ6ffR8XPP88gqCR7AWeun8omW14yc/+7hP8ZwMHKiqDBKhxH5+Af/4ehEN5spSDT/8uMtjPBAIzbWCR7sHu9EYrOH9x/H+glAoA8mJZ7+g/85n3DkeBXO5fmSDaw36UuxRlKp6enp6enp6enp6enp6enp6enp6enp6f//4sEPAIVWaj6a9XvyENQ+QE0CNzAQncPogDyhBzgAxe2MwM3vonvxv6scP/6CXh+A6Q0TKgH668guC1K/qviAFTOyCdRB/9gJ7HRggQxQf/t9eWff/+PJ+xngTE9TIE3620QYnFFENJ//X65zMgV1AiV8zciCfwEuV+CYvtIeo20f/W3tthDf/wJFOuf/8n8wqwpgF8+mAJHeRVDGW5cHwDHLo67v+97++IhfiwIRKcy4ywEaLFcHKeoEjlAOKgPTkrU7f/n9dP1rR8Afv1R7XwOcnO4KOZfVa6gqKp+7BHEfHZNAhVcAQRl7UZ0FJ//D/gw/50z+P+GFhOlBltTgdBdkEh/xshmk8c4CPfPz//P13LhD+xOFyu1NPp9P/9yc4AwrBI92JwJwFnEhMttIC2Vh6Cw2p3//H4Egr1JeASOjoAAbscRjTiEm/8H1PQVte+jwscklYUgL7BCDraSOlqwz/+v7BBCbfDecj9bdQzeVlAYf8jzZBgl6TKo...
&amp#27;[35m[HTTP]&amp#27;[39m &amp#27;[37m<-- POST /wd/hub/session/ee0e5569-3cfd-4739-96df-73f2565751c2/appium/stop_recording_screen &amp#27;[39m&amp#27;[32m200&amp#27;[39m &amp#27;[90m3722 ms - 1456704&amp#27;[39m
&amp#27;[35m[HTTP]&amp#27;[39m &amp#27;[90m&amp#27;[39m
[INFO ] 2022-08-30 16:49:37.577 VideoManager:35 - video path: Android_sony\Videos\Login with valid user name and password.mp4
]]></system-out>
  </testcase>
  <testcase name="scenario[&quot;Validate product into on Products page&quot;, &quot;Optional[Product scenarios]&quot;](4)" classname="com.qa.runners.SonyTestNGRunnerTest" time="5.807">
    <system-out><![CDATA[
@test1
Scenario Outline: Validate product into on Products page                         # src/test/resources/Products.feature:12
&amp#27;[35m[HTTP]&amp#27;[39m &amp#27;[37m-->&amp#27;[39m &amp#27;[37mPOST&amp#27;[39m &amp#27;[37m/wd/hub/session/ee0e5569-3cfd-4739-96df-73f2565751c2/appium/start_recording_screen&amp#27;[39m
&amp#27;[35m[HTTP]&amp#27;[39m &amp#27;[90m{}&amp#27;[39m
[debug] &amp#27;[35m[W3C (ee0e5569)]&amp#27;[39m Calling AppiumDriver.startRecordingScreen() with args: [null,"ee0e5569-3cfd-4739-96df-73f2565751c2"]
[debug] &amp#27;[35m[ADB]&amp#27;[39m Getting IDs of all 'screenrecord' processes
[debug] &amp#27;[35m[ADB]&amp#27;[39m Running 'C:\Users\dtougov\AppData\Local\Android\Sdk\platform-tools\adb.exe -P 5037 -s CB5A29JXTK shell 'pgrep ^screenrecord$ || pgrep ^screenrecord$''
&amp#27;[35m[AndroidDriver]&amp#27;[39m Screen recording has not been previously started by Appium. There is nothing to stop
[debug] &amp#27;[35m[ADB]&amp#27;[39m Getting IDs of all 'screenrecord' processes
[debug] &amp#27;[35m[ADB]&amp#27;[39m Running 'C:\Users\dtougov\AppData\Local\Android\Sdk\platform-tools\adb.exe -P 5037 -s CB5A29JXTK shell 'pgrep ^screenrecord$ || pgrep ^screenrecord$''
[debug] &amp#27;[35m[ADB]&amp#27;[39m Building screenrecord process with the command line: adb -P 5037 -s CB5A29JXTK shell screenrecord --time-limit 180 /sdcard/2a2268c8.mp4
[debug] &amp#27;[35m[ADB]&amp#27;[39m Running 'C:\Users\dtougov\AppData\Local\Android\Sdk\platform-tools\adb.exe -P 5037 -s CB5A29JXTK shell "[ -e '/sdcard/2a2268c8.mp4' ] && echo __PASS__"'
[debug] &amp#27;[35m[ADB]&amp#27;[39m Running 'C:\Users\dtougov\AppData\Local\Android\Sdk\platform-tools\adb.exe -P 5037 -s CB5A29JXTK shell "[ -e '/sdcard/2a2268c8.mp4' ] && echo __PASS__"'
[debug] &amp#27;[35m[W3C (ee0e5569)]&amp#27;[39m Responding to client with driver.startRecordingScreen() result: ""
&amp#27;[35m[HTTP]&amp#27;[39m &amp#27;[37m<-- POST /wd/hub/session/ee0e5569-3cfd-4739-96df-73f2565751c2/appium/start_recording_screen &amp#27;[39m&amp#27;[32m200&amp#27;[39m &amp#27;[90m1381 ms - 12&amp#27;[39m
&amp#27;[35m[HTTP]&amp#27;[39m &amp#27;[90m&amp#27;[39m
&amp#27;[35m[HTTP]&amp#27;[39m &amp#27;[37m-->&amp#27;[39m &amp#27;[37mPOST&amp#27;[39m &amp#27;[37m/wd/hub/session/ee0e5569-3cfd-4739-96df-73f2565751c2/element&amp#27;[39m
&amp#27;[35m[HTTP]&amp#27;[39m &amp#27;[90m{"using":"-android uiautomator","value":"new UiScrollable(new UiSelector().scrollable(true)).scrollIntoView(new UiSelector().text(\"Sauce Labs Backpack\"));"}&amp#27;[39m
[debug] &amp#27;[35m[W3C (ee0e5569)]&amp#27;[39m Calling AppiumDriver.findElement() with args: ["-android uiautomator","new UiScrollable(new UiSelector().scrollable(true)).scrollIntoView(new UiSelector().text(\"Sauce Labs Backpack\"));","ee0e5569-3cfd-4739-96df-73f2565751c2"]
[debug] &amp#27;[35m[BaseDriver]&amp#27;[39m Valid locator strategies for this request: xpath, id, class name, accessibility id, css selector, -android uiautomator
[debug] &amp#27;[35m[BaseDriver]&amp#27;[39m Waiting up to 0 ms for condition
[debug] &amp#27;[35m[WD Proxy]&amp#27;[39m Matched '/element' to command name 'findElement'
[debug] &amp#27;[35m[WD Proxy]&amp#27;[39m Proxying [POST /element] to [POST http://127.0.0.1:10000/wd/hub/session/21df9c7c-7d36-4b62-bb40-31691f012b3b/element] with body: {"strategy":"-android uiautomator","selector":"new UiScrollable(new UiSelector().scrollable(true)).scrollIntoView(new UiSelector().text(\"Sauce Labs Backpack\"));","context":"","multiple":false}
[debug] &amp#27;[35m[WD Proxy]&amp#27;[39m Got response with status 200: {"sessionId":"21df9c7c-7d36-4b62-bb40-31691f012b3b","value":{"ELEMENT":"00000000-0000-036c-7fff-ffff00000068","element-6066-11e4-a52e-4f735466cecf":"00000000-0000-036c-7fff-ffff00000068"}}
[debug] &amp#27;[35m[W3C (ee0e5569)]&amp#27;[39m Responding to client with driver.findElement() result: {"element-6066-11e4-a52e-4f735466cecf":"00000000-0000-036c-7fff-ffff00000068","ELEMENT":"00000000-0000-036c-7fff-ffff00000068"}
&amp#27;[35m[HTTP]&amp#27;[39m &amp#27;[37m<-- POST /wd/hub/session/ee0e5569-3cfd-4739-96df-73f2565751c2/element &amp#27;[39m&amp#27;[32m200&amp#27;[39m &amp#27;[90m364 ms - 137&amp#27;[39m
&amp#27;[35m[HTTP]&amp#27;[39m &amp#27;[90m&amp#27;[39m
&amp#27;[35m[HTTP]&amp#27;[39m &amp#27;[37m-->&amp#27;[39m &amp#27;[37mGET&amp#27;[39m &amp#27;[37m/wd/hub/session/ee0e5569-3cfd-4739-96df-73f2565751c2/element/00000000-0000-036c-7fff-ffff00000068/displayed&amp#27;[39m
&amp#27;[35m[HTTP]&amp#27;[39m &amp#27;[90m{}&amp#27;[39m
[debug] &amp#27;[35m[W3C (ee0e5569)]&amp#27;[39m Calling AppiumDriver.elementDisplayed() with args: ["00000000-0000-036c-7fff-ffff00000068","ee0e5569-3cfd-4739-96df-73f2565751c2"]
[debug] &amp#27;[35m[WD Proxy]&amp#27;[39m Matched '/element/00000000-0000-036c-7fff-ffff00000068/attribute/displayed' to command name 'getAttribute'
[debug] &amp#27;[35m[WD Proxy]&amp#27;[39m Proxying [GET /element/00000000-0000-036c-7fff-ffff00000068/attribute/displayed] to [GET http://127.0.0.1:10000/wd/hub/session/21df9c7c-7d36-4b62-bb40-31691f012b3b/element/00000000-0000-036c-7fff-ffff00000068/attribute/displayed] with no body
[debug] &amp#27;[35m[WD Proxy]&amp#27;[39m Got response with status 200: {"sessionId":"21df9c7c-7d36-4b62-bb40-31691f012b3b","value":"true"}
[debug] &amp#27;[35m[W3C (ee0e5569)]&amp#27;[39m Responding to client with driver.elementDisplayed() result: true
&amp#27;[35m[HTTP]&amp#27;[39m &amp#27;[37m<-- GET /wd/hub/session/ee0e5569-3cfd-4739-96df-73f2565751c2/element/00000000-0000-036c-7fff-ffff00000068/displayed &amp#27;[39m&amp#27;[32m200&amp#27;[39m &amp#27;[90m95 ms - 14&amp#27;[39m
&amp#27;[35m[HTTP]&amp#27;[39m &amp#27;[90m&amp#27;[39m
&amp#27;[35m[HTTP]&amp#27;[39m &amp#27;[37m-->&amp#27;[39m &amp#27;[37mGET&amp#27;[39m &amp#27;[37m/wd/hub/session/ee0e5569-3cfd-4739-96df-73f2565751c2/element/00000000-0000-036c-7fff-ffff00000068/attribute/text&amp#27;[39m
&amp#27;[35m[HTTP]&amp#27;[39m &amp#27;[90m{}&amp#27;[39m
[debug] &amp#27;[35m[W3C (ee0e5569)]&amp#27;[39m Calling AppiumDriver.getAttribute() with args: ["text","00000000-0000-036c-7fff-ffff00000068","ee0e5569-3cfd-4739-96df-73f2565751c2"]
[debug] &amp#27;[35m[WD Proxy]&amp#27;[39m Matched '/element/00000000-0000-036c-7fff-ffff00000068/attribute/text' to command name 'getAttribute'
[debug] &amp#27;[35m[WD Proxy]&amp#27;[39m Proxying [GET /element/00000000-0000-036c-7fff-ffff00000068/attribute/text] to [GET http://127.0.0.1:10000/wd/hub/session/21df9c7c-7d36-4b62-bb40-31691f012b3b/element/00000000-0000-036c-7fff-ffff00000068/attribute/text] with no body
[debug] &amp#27;[35m[WD Proxy]&amp#27;[39m Got response with status 200: {"sessionId":"21df9c7c-7d36-4b62-bb40-31691f012b3b","value":"Sauce Labs Backpack"}
[debug] &amp#27;[35m[W3C (ee0e5569)]&amp#27;[39m Responding to client with driver.getAttribute() result: "Sauce Labs Backpack"
&amp#27;[35m[HTTP]&amp#27;[39m &amp#27;[37m<-- GET /wd/hub/session/ee0e5569-3cfd-4739-96df-73f2565751c2/element/00000000-0000-036c-7fff-ffff00000068/attribute/text &amp#27;[39m&amp#27;[32m200&amp#27;[39m &amp#27;[90m60 ms - 31&amp#27;[39m
&amp#27;[35m[HTTP]&amp#27;[39m &amp#27;[90m&amp#27;[39m
[INFO ] 2022-08-30 16:49:39.534 BasePage:97 - product title is: Sauce Labs BackpackSauce Labs Backpack
&amp#27;[35m[HTTP]&amp#27;[39m &amp#27;[37m-->&amp#27;[39m &amp#27;[37mGET&amp#27;[39m &amp#27;[37m/wd/hub/session/ee0e5569-3cfd-4739-96df-73f2565751c2/window/rect&amp#27;[39m
&amp#27;[35m[HTTP]&amp#27;[39m &amp#27;[90m{}&amp#27;[39m
[debug] &amp#27;[35m[W3C (ee0e5569)]&amp#27;[39m Calling AppiumDriver.getWindowRect() with args: ["ee0e5569-3cfd-4739-96df-73f2565751c2"]
[debug] &amp#27;[35m[WD Proxy]&amp#27;[39m Matched '/window/current/size' to command name 'getWindowSize'
[debug] &amp#27;[35m[WD Proxy]&amp#27;[39m Proxying [GET /window/current/size] to [GET http://127.0.0.1:10000/wd/hub/session/21df9c7c-7d36-4b62-bb40-31691f012b3b/window/current/size] with no body
[debug] &amp#27;[35m[WD Proxy]&amp#27;[39m Got response with status 200: {"sessionId":"21df9c7c-7d36-4b62-bb40-31691f012b3b","value":{"height":1776,"width":1080}}
[debug] &amp#27;[35m[W3C (ee0e5569)]&amp#27;[39m Responding to client with driver.getWindowRect() result: {"width":1080,"height":1776,"x":0,"y":0}
&amp#27;[35m[HTTP]&amp#27;[39m &amp#27;[37m<-- GET /wd/hub/session/ee0e5569-3cfd-4739-96df-73f2565751c2/window/rect &amp#27;[39m&amp#27;[32m200&amp#27;[39m &amp#27;[90m22 ms - 50&amp#27;[39m
&amp#27;[35m[HTTP]&amp#27;[39m &amp#27;[90m&amp#27;[39m
&amp#27;[35m[HTTP]&amp#27;[39m &amp#27;[37m-->&amp#27;[39m &amp#27;[37mPOST&amp#27;[39m &amp#27;[37m/wd/hub/session/ee0e5569-3cfd-4739-96df-73f2565751c2/element&amp#27;[39m
&amp#27;[35m[HTTP]&amp#27;[39m &amp#27;[90m{"using":"xpath","value":"//*[@text=\"Sauce Labs Backpack\"]/following-sibling::*[@content-desc=\"test-Price\"]"}&amp#27;[39m
[debug] &amp#27;[35m[W3C (ee0e5569)]&amp#27;[39m Calling AppiumDriver.findElement() with args: ["xpath","//*[@text=\"Sauce Labs Backpack\"]/following-sibling::*[@content-desc=\"test-Price\"]","ee0e5569-3cfd-4739-96df-73f2565751c2"]
[debug] &amp#27;[35m[BaseDriver]&amp#27;[39m Valid locator strategies for this request: xpath, id, class name, accessibility id, css selector, -android uiautomator
[debug] &amp#27;[35m[BaseDriver]&amp#27;[39m Waiting up to 0 ms for condition
[debug] &amp#27;[35m[WD Proxy]&amp#27;[39m Matched '/element' to command name 'findElement'
[debug] &amp#27;[35m[WD Proxy]&amp#27;[39m Proxying [POST /element] to [POST http://127.0.0.1:10000/wd/hub/session/21df9c7c-7d36-4b62-bb40-31691f012b3b/element] with body: {"strategy":"xpath","selector":"//*[@text=\"Sauce Labs Backpack\"]/following-sibling::*[@content-desc=\"test-Price\"]","context":"","multiple":false}
[debug] &amp#27;[35m[WD Proxy]&amp#27;[39m Got response with status 200: {"sessionId":"21df9c7c-7d36-4b62-bb40-31691f012b3b","value":{"ELEMENT":"00000000-0000-036c-7fff-ffff0000006a","element-6066-11e4-a52e-4f735466cecf":"00000000-0000-036c-7fff-ffff0000006a"}}
[debug] &amp#27;[35m[W3C (ee0e5569)]&amp#27;[39m Responding to client with driver.findElement() result: {"element-6066-11e4-a52e-4f735466cecf":"00000000-0000-036c-7fff-ffff0000006a","ELEMENT":"00000000-0000-036c-7fff-ffff0000006a"}
&amp#27;[35m[HTTP]&amp#27;[39m &amp#27;[37m<-- POST /wd/hub/session/ee0e5569-3cfd-4739-96df-73f2565751c2/element &amp#27;[39m&amp#27;[32m200&amp#27;[39m &amp#27;[90m288 ms - 137&amp#27;[39m
&amp#27;[35m[HTTP]&amp#27;[39m &amp#27;[90m&amp#27;[39m
&amp#27;[35m[HTTP]&amp#27;[39m &amp#27;[37m-->&amp#27;[39m &amp#27;[37mGET&amp#27;[39m &amp#27;[37m/wd/hub/session/ee0e5569-3cfd-4739-96df-73f2565751c2/element/00000000-0000-036c-7fff-ffff0000006a/displayed&amp#27;[39m
&amp#27;[35m[HTTP]&amp#27;[39m &amp#27;[90m{}&amp#27;[39m
[debug] &amp#27;[35m[W3C (ee0e5569)]&amp#27;[39m Calling AppiumDriver.elementDisplayed() with args: ["00000000-0000-036c-7fff-ffff0000006a","ee0e5569-3cfd-4739-96df-73f2565751c2"]
[debug] &amp#27;[35m[WD Proxy]&amp#27;[39m Matched '/element/00000000-0000-036c-7fff-ffff0000006a/attribute/displayed' to command name 'getAttribute'
[debug] &amp#27;[35m[WD Proxy]&amp#27;[39m Proxying [GET /element/00000000-0000-036c-7fff-ffff0000006a/attribute/displayed] to [GET http://127.0.0.1:10000/wd/hub/session/21df9c7c-7d36-4b62-bb40-31691f012b3b/element/00000000-0000-036c-7fff-ffff0000006a/attribute/displayed] with no body
[debug] &amp#27;[35m[WD Proxy]&amp#27;[39m Got response with status 200: {"sessionId":"21df9c7c-7d36-4b62-bb40-31691f012b3b","value":"true"}
[debug] &amp#27;[35m[W3C (ee0e5569)]&amp#27;[39m Responding to client with driver.elementDisplayed() result: true
&amp#27;[35m[HTTP]&amp#27;[39m &amp#27;[37m<-- GET /wd/hub/session/ee0e5569-3cfd-4739-96df-73f2565751c2/element/00000000-0000-036c-7fff-ffff0000006a/displayed &amp#27;[39m&amp#27;[32m200&amp#27;[39m &amp#27;[90m23 ms - 14&amp#27;[39m
&amp#27;[35m[HTTP]&amp#27;[39m &amp#27;[90m&amp#27;[39m
&amp#27;[35m[HTTP]&amp#27;[39m &amp#27;[37m-->&amp#27;[39m &amp#27;[37mPOST&amp#27;[39m &amp#27;[37m/wd/hub/session/ee0e5569-3cfd-4739-96df-73f2565751c2/element&amp#27;[39m
&amp#27;[35m[HTTP]&amp#27;[39m &amp#27;[90m{"using":"xpath","value":"//*[@text=\"Sauce Labs Backpack\"]/following-sibling::*[@content-desc=\"test-Price\"]"}&amp#27;[39m
[debug] &amp#27;[35m[W3C (ee0e5569)]&amp#27;[39m Calling AppiumDriver.findElement() with args: ["xpath","//*[@text=\"Sauce Labs Backpack\"]/following-sibling::*[@content-desc=\"test-Price\"]","ee0e5569-3cfd-4739-96df-73f2565751c2"]
[debug] &amp#27;[35m[BaseDriver]&amp#27;[39m Valid locator strategies for this request: xpath, id, class name, accessibility id, css selector, -android uiautomator
[debug] &amp#27;[35m[BaseDriver]&amp#27;[39m Waiting up to 0 ms for condition
[debug] &amp#27;[35m[WD Proxy]&amp#27;[39m Matched '/element' to command name 'findElement'
[debug] &amp#27;[35m[WD Proxy]&amp#27;[39m Proxying [POST /element] to [POST http://127.0.0.1:10000/wd/hub/session/21df9c7c-7d36-4b62-bb40-31691f012b3b/element] with body: {"strategy":"xpath","selector":"//*[@text=\"Sauce Labs Backpack\"]/following-sibling::*[@content-desc=\"test-Price\"]","context":"","multiple":false}
[debug] &amp#27;[35m[WD Proxy]&amp#27;[39m Got response with status 200: {"sessionId":"21df9c7c-7d36-4b62-bb40-31691f012b3b","value":{"ELEMENT":"00000000-0000-036c-7fff-ffff0000006a","element-6066-11e4-a52e-4f735466cecf":"00000000-0000-036c-7fff-ffff0000006a"}}
[debug] &amp#27;[35m[W3C (ee0e5569)]&amp#27;[39m Responding to client with driver.findElement() result: {"element-6066-11e4-a52e-4f735466cecf":"00000000-0000-036c-7fff-ffff0000006a","ELEMENT":"00000000-0000-036c-7fff-ffff0000006a"}
&amp#27;[35m[HTTP]&amp#27;[39m &amp#27;[37m<-- POST /wd/hub/session/ee0e5569-3cfd-4739-96df-73f2565751c2/element &amp#27;[39m&amp#27;[32m200&amp#27;[39m &amp#27;[90m296 ms - 137&amp#27;[39m
&amp#27;[35m[HTTP]&amp#27;[39m &amp#27;[90m&amp#27;[39m
&amp#27;[35m[HTTP]&amp#27;[39m &amp#27;[37m-->&amp#27;[39m &amp#27;[37mGET&amp#27;[39m &amp#27;[37m/wd/hub/session/ee0e5569-3cfd-4739-96df-73f2565751c2/element/00000000-0000-036c-7fff-ffff0000006a/displayed&amp#27;[39m
&amp#27;[35m[HTTP]&amp#27;[39m &amp#27;[90m{}&amp#27;[39m
[debug] &amp#27;[35m[W3C (ee0e5569)]&amp#27;[39m Calling AppiumDriver.elementDisplayed() with args: ["00000000-0000-036c-7fff-ffff0000006a","ee0e5569-3cfd-4739-96df-73f2565751c2"]
[debug] &amp#27;[35m[WD Proxy]&amp#27;[39m Matched '/element/00000000-0000-036c-7fff-ffff0000006a/attribute/displayed' to command name 'getAttribute'
[debug] &amp#27;[35m[WD Proxy]&amp#27;[39m Proxying [GET /element/00000000-0000-036c-7fff-ffff0000006a/attribute/displayed] to [GET http://127.0.0.1:10000/wd/hub/session/21df9c7c-7d36-4b62-bb40-31691f012b3b/element/00000000-0000-036c-7fff-ffff0000006a/attribute/displayed] with no body
[debug] &amp#27;[35m[WD Proxy]&amp#27;[39m Got response with status 200: {"sessionId":"21df9c7c-7d36-4b62-bb40-31691f012b3b","value":"true"}
[debug] &amp#27;[35m[W3C (ee0e5569)]&amp#27;[39m Responding to client with driver.elementDisplayed() result: true
&amp#27;[35m[HTTP]&amp#27;[39m &amp#27;[37m<-- GET /wd/hub/session/ee0e5569-3cfd-4739-96df-73f2565751c2/element/00000000-0000-036c-7fff-ffff0000006a/displayed &amp#27;[39m&amp#27;[32m200&amp#27;[39m &amp#27;[90m24 ms - 14&amp#27;[39m
&amp#27;[35m[HTTP]&amp#27;[39m &amp#27;[90m&amp#27;[39m
&amp#27;[35m[HTTP]&amp#27;[39m &amp#27;[37m-->&amp#27;[39m &amp#27;[37mPOST&amp#27;[39m &amp#27;[37m/wd/hub/session/ee0e5569-3cfd-4739-96df-73f2565751c2/element&amp#27;[39m
&amp#27;[35m[HTTP]&amp#27;[39m &amp#27;[90m{"using":"xpath","value":"//*[@text=\"Sauce Labs Backpack\"]/following-sibling::*[@content-desc=\"test-Price\"]"}&amp#27;[39m
[debug] &amp#27;[35m[W3C (ee0e5569)]&amp#27;[39m Calling AppiumDriver.findElement() with args: ["xpath","//*[@text=\"Sauce Labs Backpack\"]/following-sibling::*[@content-desc=\"test-Price\"]","ee0e5569-3cfd-4739-96df-73f2565751c2"]
[debug] &amp#27;[35m[BaseDriver]&amp#27;[39m Valid locator strategies for this request: xpath, id, class name, accessibility id, css selector, -android uiautomator
[debug] &amp#27;[35m[BaseDriver]&amp#27;[39m Waiting up to 0 ms for condition
[debug] &amp#27;[35m[WD Proxy]&amp#27;[39m Matched '/element' to command name 'findElement'
[debug] &amp#27;[35m[WD Proxy]&amp#27;[39m Proxying [POST /element] to [POST http://127.0.0.1:10000/wd/hub/session/21df9c7c-7d36-4b62-bb40-31691f012b3b/element] with body: {"strategy":"xpath","selector":"//*[@text=\"Sauce Labs Backpack\"]/following-sibling::*[@content-desc=\"test-Price\"]","context":"","multiple":false}
[debug] &amp#27;[35m[WD Proxy]&amp#27;[39m Got response with status 200: {"sessionId":"21df9c7c-7d36-4b62-bb40-31691f012b3b","value":{"ELEMENT":"00000000-0000-036c-7fff-ffff0000006a","element-6066-11e4-a52e-4f735466cecf":"00000000-0000-036c-7fff-ffff0000006a"}}
[debug] &amp#27;[35m[W3C (ee0e5569)]&amp#27;[39m Responding to client with driver.findElement() result: {"element-6066-11e4-a52e-4f735466cecf":"00000000-0000-036c-7fff-ffff0000006a","ELEMENT":"00000000-0000-036c-7fff-ffff0000006a"}
&amp#27;[35m[HTTP]&amp#27;[39m &amp#27;[37m<-- POST /wd/hub/session/ee0e5569-3cfd-4739-96df-73f2565751c2/element &amp#27;[39m&amp#27;[32m200&amp#27;[39m &amp#27;[90m245 ms - 137&amp#27;[39m
&amp#27;[35m[HTTP]&amp#27;[39m &amp#27;[90m&amp#27;[39m
&amp#27;[35m[HTTP]&amp#27;[39m &amp#27;[37m-->&amp#27;[39m &amp#27;[37mGET&amp#27;[39m &amp#27;[37m/wd/hub/session/ee0e5569-3cfd-4739-96df-73f2565751c2/element/00000000-0000-036c-7fff-ffff0000006a/attribute/text&amp#27;[39m
&amp#27;[35m[HTTP]&amp#27;[39m &amp#27;[90m{}&amp#27;[39m
[debug] &amp#27;[35m[W3C (ee0e5569)]&amp#27;[39m Calling AppiumDriver.getAttribute() with args: ["text","00000000-0000-036c-7fff-ffff0000006a","ee0e5569-3cfd-4739-96df-73f2565751c2"]
[debug] &amp#27;[35m[WD Proxy]&amp#27;[39m Matched '/element/00000000-0000-036c-7fff-ffff0000006a/attribute/text' to command name 'getAttribute'
[debug] &amp#27;[35m[WD Proxy]&amp#27;[39m Proxying [GET /element/00000000-0000-036c-7fff-ffff0000006a/attribute/text] to [GET http://127.0.0.1:10000/wd/hub/session/21df9c7c-7d36-4b62-bb40-31691f012b3b/element/00000000-0000-036c-7fff-ffff0000006a/attribute/text] with no body
[debug] &amp#27;[35m[WD Proxy]&amp#27;[39m Got response with status 200: {"sessionId":"21df9c7c-7d36-4b62-bb40-31691f012b3b","value":"$29.99"}
[debug] &amp#27;[35m[W3C (ee0e5569)]&amp#27;[39m Responding to client with driver.getAttribute() result: "$29.99"
&amp#27;[35m[HTTP]&amp#27;[39m &amp#27;[37m<-- GET /wd/hub/session/ee0e5569-3cfd-4739-96df-73f2565751c2/element/00000000-0000-036c-7fff-ffff0000006a/attribute/text &amp#27;[39m&amp#27;[32m200&amp#27;[39m &amp#27;[90m23 ms - 18&amp#27;[39m
&amp#27;[35m[HTTP]&amp#27;[39m &amp#27;[90m&amp#27;[39m
[INFO ] 2022-08-30 16:49:40.514 BasePage:113 - product price is: $29.99$29.99
  Then the product is listed with title "Sauce Labs Backpack" and price "$29.99" # com.qa.stepdef.ProductStepDef.theProductIsListedWithTitleAndPrice(java.lang.String,java.lang.String)
&amp#27;[35m[HTTP]&amp#27;[39m &amp#27;[37m-->&amp#27;[39m &amp#27;[37mPOST&amp#27;[39m &amp#27;[37m/wd/hub/session/ee0e5569-3cfd-4739-96df-73f2565751c2/appium/stop_recording_screen&amp#27;[39m
&amp#27;[35m[HTTP]&amp#27;[39m &amp#27;[90m{}&amp#27;[39m
[debug] &amp#27;[35m[W3C (ee0e5569)]&amp#27;[39m Calling AppiumDriver.stopRecordingScreen() with args: [null,"ee0e5569-3cfd-4739-96df-73f2565751c2"]
[debug] &amp#27;[35m[ADB]&amp#27;[39m Getting IDs of all 'screenrecord' processes
[debug] &amp#27;[35m[ADB]&amp#27;[39m Running 'C:\Users\dtougov\AppData\Local\Android\Sdk\platform-tools\adb.exe -P 5037 -s CB5A29JXTK shell 'pgrep ^screenrecord$ || pgrep ^screenrecord$''
[debug] &amp#27;[35m[ADB]&amp#27;[39m Running 'C:\Users\dtougov\AppData\Local\Android\Sdk\platform-tools\adb.exe -P 5037 -s CB5A29JXTK shell kill -2 22371'
[debug] &amp#27;[35m[ADB]&amp#27;[39m Getting IDs of all 'screenrecord' processes
[debug] &amp#27;[35m[ADB]&amp#27;[39m Running 'C:\Users\dtougov\AppData\Local\Android\Sdk\platform-tools\adb.exe -P 5037 -s CB5A29JXTK shell 'pgrep ^screenrecord$ || pgrep ^screenrecord$''
[debug] &amp#27;[35m[ADB]&amp#27;[39m Getting IDs of all 'screenrecord' processes
[debug] &amp#27;[35m[ADB]&amp#27;[39m Running 'C:\Users\dtougov\AppData\Local\Android\Sdk\platform-tools\adb.exe -P 5037 -s CB5A29JXTK shell 'pgrep ^screenrecord$ || pgrep ^screenrecord$''
[debug] &amp#27;[35m[WD Proxy]&amp#27;[39m Got response with status 200: {"sessionId":"44ba05ff-d8a8-4796-9026-76750819bf31","value":{"ELEMENT":"00000000-0000-0166-7fff-ffff0000008f","element-6066-11e4-a52e-4f735466cecf":"00000000-0000-0166-7fff-ffff0000008f"}}
[debug] &amp#27;[35m[W3C (644cb43e)]&amp#27;[39m Responding to client with driver.findElement() result: {"element-6066-11e4-a52e-4f735466cecf":"00000000-0000-0166-7fff-ffff0000008f","ELEMENT":"00000000-0000-0166-7fff-ffff0000008f"}
&amp#27;[35m[HTTP]&amp#27;[39m &amp#27;[37m<-- POST /wd/hub/session/644cb43e-d672-40f5-a9b0-1fd484bb3424/element &amp#27;[39m&amp#27;[32m200&amp#27;[39m &amp#27;[90m5413 ms - 137&amp#27;[39m
&amp#27;[35m[HTTP]&amp#27;[39m &amp#27;[90m&amp#27;[39m
&amp#27;[35m[HTTP]&amp#27;[39m &amp#27;[37m-->&amp#27;[39m &amp#27;[37mGET&amp#27;[39m &amp#27;[37m/wd/hub/session/644cb43e-d672-40f5-a9b0-1fd484bb3424/element/00000000-0000-0166-7fff-ffff0000008f/displayed&amp#27;[39m
&amp#27;[35m[HTTP]&amp#27;[39m &amp#27;[90m{}&amp#27;[39m
[debug] &amp#27;[35m[W3C (644cb43e)]&amp#27;[39m Calling AppiumDriver.elementDisplayed() with args: ["00000000-0000-0166-7fff-ffff0000008f","644cb43e-d672-40f5-a9b0-1fd484bb3424"]
[debug] &amp#27;[35m[WD Proxy]&amp#27;[39m Matched '/element/00000000-0000-0166-7fff-ffff0000008f/attribute/displayed' to command name 'getAttribute'
[debug] &amp#27;[35m[WD Proxy]&amp#27;[39m Proxying [GET /element/00000000-0000-0166-7fff-ffff0000008f/attribute/displayed] to [GET http://127.0.0.1:10001/wd/hub/session/44ba05ff-d8a8-4796-9026-76750819bf31/element/00000000-0000-0166-7fff-ffff0000008f/attribute/displayed] with no body
[debug] &amp#27;[35m[WD Proxy]&amp#27;[39m Got response with status 200: {"sessionId":"44ba05ff-d8a8-4796-9026-76750819bf31","value":"true"}
[debug] &amp#27;[35m[W3C (644cb43e)]&amp#27;[39m Responding to client with driver.elementDisplayed() result: true
&amp#27;[35m[HTTP]&amp#27;[39m &amp#27;[37m<-- GET /wd/hub/session/644cb43e-d672-40f5-a9b0-1fd484bb3424/element/00000000-0000-0166-7fff-ffff0000008f/displayed &amp#27;[39m&amp#27;[32m200&amp#27;[39m &amp#27;[90m73 ms - 14&amp#27;[39m
&amp#27;[35m[HTTP]&amp#27;[39m &amp#27;[90m&amp#27;[39m
&amp#27;[35m[HTTP]&amp#27;[39m &amp#27;[37m-->&amp#27;[39m &amp#27;[37mGET&amp#27;[39m &amp#27;[37m/wd/hub/session/644cb43e-d672-40f5-a9b0-1fd484bb3424/element/00000000-0000-0166-7fff-ffff0000008f/attribute/text&amp#27;[39m
&amp#27;[35m[HTTP]&amp#27;[39m &amp#27;[90m{}&amp#27;[39m
[debug] &amp#27;[35m[W3C (644cb43e)]&amp#27;[39m Calling AppiumDriver.getAttribute() with args: ["text","00000000-0000-0166-7fff-ffff0000008f","644cb43e-d672-40f5-a9b0-1fd484bb3424"]
[debug] &amp#27;[35m[WD Proxy]&amp#27;[39m Matched '/element/00000000-0000-0166-7fff-ffff0000008f/attribute/text' to command name 'getAttribute'
[debug] &amp#27;[35m[WD Proxy]&amp#27;[39m Proxying [GET /element/00000000-0000-0166-7fff-ffff0000008f/attribute/text] to [GET http://127.0.0.1:10001/wd/hub/session/44ba05ff-d8a8-4796-9026-76750819bf31/element/00000000-0000-0166-7fff-ffff0000008f/attribute/text] with no body
[debug] &amp#27;[35m[WD Proxy]&amp#27;[39m Got response with status 200: {"sessionId":"44ba05ff-d8a8-4796-9026-76750819bf31","value":"$29.99"}
[debug] &amp#27;[35m[W3C (644cb43e)]&amp#27;[39m Responding to client with driver.getAttribute() result: "$29.99"
[INFO ] 2022-08-30 16:49:42.424 BasePage:97 - price is: $29.99
&amp#27;[35m[HTTP]&amp#27;[39m &amp#27;[37m<-- GET /wd/hub/session/644cb43e-d672-40f5-a9b0-1fd484bb3424/element/00000000-0000-0166-7fff-ffff0000008f/attribute/text   Then I should be on product details page with title "Sauce Labs Backpack", price "$29.99" and description "carry.allTheThings() with the sleek, streamlined Sly Pack that melds uncompromising style with unequaled laptop and tablet protection." # com.qa.stepdef.ProductStepDef.iShouldBeOnProductDetailsPageWithTitlePriceAndDescription(java.lang.String,java.lang.String,java.lang.String)
&amp#27;[39m&amp#27;[32m200&amp#27;[39m &amp#27;[90m50 ms - 18&amp#27;[39m
&amp#27;[35m[HTTP]&amp#27;[39m &amp#27;[90m&amp#27;[39m
&amp#27;[35m[HTTP]&amp#27;[39m &amp#27;[37m-->&amp#27;[39m &amp#27;[37mPOST&amp#27;[39m &amp#27;[37m/wd/hub/session/644cb43e-d672-40f5-a9b0-1fd484bb3424/appium/stop_recording_screen&amp#27;[39m
&amp#27;[35m[HTTP]&amp#27;[39m &amp#27;[90m{}&amp#27;[39m
[debug] &amp#27;[35m[W3C (644cb43e)]&amp#27;[39m Calling AppiumDriver.stopRecordingScreen() with args: [null,"644cb43e-d672-40f5-a9b0-1fd484bb3424"]
[debug] &amp#27;[35m[ADB]&amp#27;[39m Getting IDs of all 'screenrecord' processes
[debug] &amp#27;[35m[ADB]&amp#27;[39m Running 'C:\Users\dtougov\AppData\Local\Android\Sdk\platform-tools\adb.exe -P 5037 -s 4100d1bde4b1a193 shell pgrep -f \(\[\[:blank:\]\]\|\^\)screenrecord\(\[\[:blank:\]\]\|\$\)'
[debug] &amp#27;[35m[ADB]&amp#27;[39m Getting IDs of all 'screenrecord' processes
[debug] &amp#27;[35m[ADB]&amp#27;[39m Running 'C:\Users\dtougov\AppData\Local\Android\Sdk\platform-tools\adb.exe -P 5037 -s CB5A29JXTK shell 'pgrep ^screenrecord$ || pgrep ^screenrecord$''
[debug] &amp#27;[35m[ADB]&amp#27;[39m Running 'C:\Users\dtougov\AppData\Local\Android\Sdk\platform-tools\adb.exe -P 5037 -s 4100d1bde4b1a193 shell kill -2 23317'
[debug] &amp#27;[35m[ADB]&amp#27;[39m Getting IDs of all 'screenrecord' processes
[debug] &amp#27;[35m[ADB]&amp#27;[39m Running 'C:\Users\dtougov\AppData\Local\Android\Sdk\platform-tools\adb.exe -P 5037 -s 4100d1bde4b1a193 shell pgrep -f \(\[\[:blank:\]\]\|\^\)screenrecord\(\[\[:blank:\]\]\|\$\)'
[debug] &amp#27;[35m[ADB]&amp#27;[39m Running 'C:\Users\dtougov\AppData\Local\Android\Sdk\platform-tools\adb.exe -P 5037 -s CB5A29JXTK pull /sdcard/2a2268c8.mp4 C:\Users\dtougov\AppData\Local\Temp\2022730-7696-3j2lmr.fxo4y\2a2268c8.mp4'
[debug] &amp#27;[35m[ADB]&amp#27;[39m Running 'C:\Users\dtougov\AppData\Local\Android\Sdk\platform-tools\adb.exe -P 5037 -s CB5A29JXTK shell rm -rf /sdcard/2a2268c8.mp4'
[debug] &amp#27;[35m[AndroidDriver]&amp#27;[39m The size of the resulting screen recording is 85.90 KB
[debug] &amp#27;[35m[W3C (ee0e5569)]&amp#27;[39m Responding to client with driver.stopRecordingScreen() result: "AAAAGGZ0eXBtcDQyAAAAAGlzb21tcDQyAAAAAW1kYXQAAAAAAAFUOAAA4ghluEDxMUBtf//ugQ+CAB5Nr/7j1QV5VtTpHBWM+58CYrau1tbW1tbW1tbW1tbW1tbW1tbW1tbW1tbW1tbW1tbW1j1//8utQ7libtbW1tbW1//8aBDwFp5UNI//+qCvGmig8Dc5ba///oEPgBi7mZgQv/ivwryBT8qNvdra2tra2tr//8UCHgTdweVcUt//zwQ8NP21tbW1tbW1taen/LLw8KR0FWWFGzgasERzuFAO0OmgWdXa/nP/gn9/wJjuD04f/4TjAKuKzJTvjUYJJ6f/v4HNhTgG49UKSyT0++j4uef55BUEj2As9dP5RMtrxk5/93Cf4zgYOVFUGCVDiPz8A//w9CIbzZSkGn/5cZbGeCARm2sEj3YPd6IxWcP7j+P9BKBQB5MSz39B/5zPuHI8Cudy/MkG1hv0pdijKVT09PT09PT09PT09PT09PT09PT09PT0///xYIeAQqs1H016vfkIah8gJoEbmAhO4fRAHlCDnABi9sZgZvfRPfjf1Y4f/0EvD8B0homVAP115BcFqV/VfEAKmdkE6iD/7AT2OjBAhig//b68s+//8eT9jPAmJ6mQJv1togxOKKIaT/+v1zmZArqBEr5m5EE/gJcr8ExfaQ9Rto/+tvbbCG//gSKdc//5P5hVhTAL59MASO8iqGMty4PgGOXR13f97398RC/FgQiU5lxlgI0WK4OU9QJHKAcVAenJWp2//P66frWj4A/fqj2vgc5OdwUcy+q11BUVT92COI+OyaBCq4AgjL2ozoKT/+H/Bh/zpn8f8MLCdKDLanA6C7IJD/jZDNJ45wEe+fn/+fruXCH9icLldqafT6f/7k5wBhWCR7sTgTgLOJCZbaQFsrD0FhtTv/+PwJBXqS8AkdHQAA3Y4jGnEJN/4Pqegra99HhY5JKwpAX2CEHW0kdLVhn/9f2CCE2+G85H626hm8rwEP/IKwGo6NRo...
&amp#27;[35m[HTTP]&amp#27;[39m &amp#27;[37m<-- POST /wd/hub/session/ee0e5569-3cfd-4739-96df-73f2565751c2/appium/stop_recording_screen &amp#27;[39m&amp#27;[32m200&amp#27;[39m &amp#27;[90m2892 ms - 117292&amp#27;[39m
&amp#27;[35m[HTTP]&amp#27;[39m &amp#27;[90m&amp#27;[39m
[INFO ] 2022-08-30 16:49:43.435 VideoManager:35 - video path: Android_sony\Videos\Validate product into on Products page.mp4
]]></system-out>
  </testcase>
  <testcase name="scenario[&quot;Validate product into on Products Details page&quot;, &quot;Optional[Product scenarios]&quot;](5)" classname="com.qa.runners.SonyTestNGRunnerTest" time="14.121">
    <system-out><![CDATA[&amp#27;[35m[HTTP]&amp#27;[39m &amp#27;[37m-->&amp#27;[39m &amp#27;[37mDELETE&amp#27;[39m &amp#27;[37m/wd/hub/session/644cb43e-d672-40f5-a9b0-1fd484bb3424&amp#27;[39m
&amp#27;[35m[HTTP]&amp#27;[39m &amp#27;[90m{}&amp#27;[39m
[debug] &amp#27;[35m[W3C (644cb43e)]&amp#27;[39m Calling AppiumDriver.deleteSession() with args: ["644cb43e-d672-40f5-a9b0-1fd484bb3424"]
[debug] &amp#27;[35m[BaseDriver]&amp#27;[39m Event 'quitSessionRequested' logged at 1661892585961 (16:49:45 GMT-0400 (Eastern Daylight Time))
&amp#27;[35m[Appium]&amp#27;[39m Removing session 644cb43e-d672-40f5-a9b0-1fd484bb3424 from our master session list
[debug] &amp#27;[35m[UiAutomator2]&amp#27;[39m Deleting UiAutomator2 session
[debug] &amp#27;[35m[UiAutomator2]&amp#27;[39m Deleting UiAutomator2 server session
[debug] &amp#27;[35m[WD Proxy]&amp#27;[39m Matched '/' to command name 'deleteSession'
[debug] &amp#27;[35m[WD Proxy]&amp#27;[39m Proxying [DELETE /] to [DELETE http://127.0.0.1:10001/wd/hub/session/44ba05ff-d8a8-4796-9026-76750819bf31] with no body
[debug] &amp#27;[35m[WD Proxy]&amp#27;[39m Got response with status 200: {"sessionId":"44ba05ff-d8a8-4796-9026-76750819bf31","value":null}
[debug] &amp#27;[35m[ADB]&amp#27;[39m Running 'C:\Users\dtougov\AppData\Local\Android\Sdk\platform-tools\adb.exe -P 5037 -s 4100d1bde4b1a193 shell am force-stop com.swaglabsmobileapp'
[debug] &amp#27;[35m[Instrumentation]&amp#27;[39m .
[debug] &amp#27;[35m[Instrumentation]&amp#27;[39m Time: 56,127
[debug] &amp#27;[35m[Instrumentation]&amp#27;[39m 
[debug] &amp#27;[35m[Instrumentation]&amp#27;[39m OK (1 test)
[debug] &amp#27;[35m[Instrumentation]&amp#27;[39m The process has exited with code 0
[debug] &amp#27;[35m[Logcat]&amp#27;[39m Stopping logcat capture
[debug] &amp#27;[35m[ADB]&amp#27;[39m Removing forwarded port socket connection: 10001 
[debug] &amp#27;[35m[ADB]&amp#27;[39m Running 'C:\Users\dtougov\AppData\Local\Android\Sdk\platform-tools\adb.exe -P 5037 -s 4100d1bde4b1a193 forward --remove tcp:10001'
[debug] &amp#27;[35m[BaseDriver]&amp#27;[39m Event 'quitSessionFinished' logged at 1661892587512 (16:49:47 GMT-0400 (Eastern Daylight Time))
[debug] &amp#27;[35m[W3C (644cb43e)]&amp#27;[39m Received response: null
[debug] &amp#27;[35m[W3C (644cb43e)]&amp#27;[39m But deleting session, so not returning
[debug] &amp#27;[35m[W3C (644cb43e)]&amp#27;[39m Responding to client with driver.deleteSession() result: null
&amp#27;[35m[HTTP]&amp#27;[39m &amp#27;[37m<-- DELETE /wd/hub/session/644cb43e-d672-40f5-a9b0-1fd484bb3424 &amp#27;[39m&amp#27;[32m200&amp#27;[39m &amp#27;[90m1558 ms - 14&amp#27;[39m
&amp#27;[35m[HTTP]&amp#27;[39m &amp#27;[90m&amp#27;[39m
[debug] &amp#27;[35m[WD Proxy]&amp#27;[39m Got response with status 200: {"sessionId":"21df9c7c-7d36-4b62-bb40-31691f012b3b","value":{"ELEMENT":"00000000-0000-036c-7fff-ffff0000008e","element-6066-11e4-a52e-4f735466cecf":"00000000-0000-036c-7fff-ffff0000008e"}}
[debug] &amp#27;[35m[W3C (ee0e5569)]&amp#27;[39m Responding to client with driver.findElement() result: {"element-6066-11e4-a52e-4f735466cecf":"00000000-0000-036c-7fff-ffff0000008e","ELEMENT":"00000000-0000-036c-7fff-ffff0000008e"}
&amp#27;[35m[HTTP]&amp#27;[39m &amp#27;[37m<-- POST /wd/hub/session/ee0e5569-3cfd-4739-96df-73f2565751c2/element &amp#27;[39m&amp#27;[32m200&amp#27;[39m &amp#27;[90m4915 ms - 137&amp#27;[39m
&amp#27;[35m[HTTP]&amp#27;[39m &amp#27;[90m&amp#27;[39m
&amp#27;[35m[HTTP]&amp#27;[39m &amp#27;[37m-->&amp#27;[39m &amp#27;[37mGET&amp#27;[39m &amp#27;[37m/wd/hub/session/ee0e5569-3cfd-4739-96df-73f2565751c2/context&amp#27;[39m
&amp#27;[35m[HTTP]&amp#27;[39m &amp#27;[90m{}&amp#27;[39m
[debug] &amp#27;[35m[W3C (ee0e5569)]&amp#27;[39m Calling AppiumDriver.getCurrentContext() with args: ["ee0e5569-3cfd-4739-96df-73f2565751c2"]
[debug] &amp#27;[35m[W3C (ee0e5569)]&amp#27;[39m Responding to client with driver.getCurrentContext() result: "NATIVE_APP"
&amp#27;[35m[HTTP]&amp#27;[39m &amp#27;[37m<-- GET /wd/hub/session/ee0e5569-3cfd-4739-96df-73f2565751c2/context &amp#27;[39m&amp#27;[32m200&amp#27;[39m &amp#27;[90m2 ms - 22&amp#27;[39m
&amp#27;[35m[HTTP]&amp#27;[39m &amp#27;[90m&amp#27;[39m
&amp#27;[35m[HTTP]&amp#27;[39m &amp#27;[37m-->&amp#27;[39m &amp#27;[37mPOST&amp#27;[39m &amp#27;[37m/wd/hub/session/ee0e5569-3cfd-4739-96df-73f2565751c2/element&amp#27;[39m
&amp#27;[35m[HTTP]&amp#27;[39m &amp#27;[90m{"using":"xpath","value":"//android.view.ViewGroup[@content-desc=\"test-Description\"]/android.widget.TextView[1]"}&amp#27;[39m
[debug] &amp#27;[35m[W3C (ee0e5569)]&amp#27;[39m Calling AppiumDriver.findElement() with args: ["xpath","//android.view.ViewGroup[@content-desc=\"test-Description\"]/android.widget.TextView[1]","ee0e5569-3cfd-4739-96df-73f2565751c2"]
[debug] &amp#27;[35m[BaseDriver]&amp#27;[39m Valid locator strategies for this request: xpath, id, class name, accessibility id, css selector, -android uiautomator
[debug] &amp#27;[35m[BaseDriver]&amp#27;[39m Waiting up to 0 ms for condition
[debug] &amp#27;[35m[WD Proxy]&amp#27;[39m Matched '/element' to command name 'findElement'
[debug] &amp#27;[35m[WD Proxy]&amp#27;[39m Proxying [POST /element] to [POST http://127.0.0.1:10000/wd/hub/session/21df9c7c-7d36-4b62-bb40-31691f012b3b/element] with body: {"strategy":"xpath","selector":"//android.view.ViewGroup[@content-desc=\"test-Description\"]/android.widget.TextView[1]","context":"","multiple":false}
[debug] &amp#27;[35m[WD Proxy]&amp#27;[39m Got response with status 200: {"sessionId":"21df9c7c-7d36-4b62-bb40-31691f012b3b","value":{"ELEMENT":"00000000-0000-036c-7fff-ffff0000008d","element-6066-11e4-a52e-4f735466cecf":"00000000-0000-036c-7fff-ffff0000008d"}}
[debug] &amp#27;[35m[W3C (ee0e5569)]&amp#27;[39m Responding to client with driver.findElement() result: {"element-6066-11e4-a52e-4f735466cecf":"00000000-0000-036c-7fff-ffff0000008d","ELEMENT":"00000000-0000-036c-7fff-ffff0000008d"}
&amp#27;[35m[HTTP]&amp#27;[39m &amp#27;[37m<-- POST /wd/hub/session/ee0e5569-3cfd-4739-96df-73f2565751c2/element &amp#27;[39m&amp#27;[32m200&amp#27;[39m &amp#27;[90m249 ms - 137&amp#27;[39m
&amp#27;[35m[HTTP]&amp#27;[39m &amp#27;[90m&amp#27;[39m
&amp#27;[35m[HTTP]&amp#27;[39m &amp#27;[37m-->&amp#27;[39m &amp#27;[37mGET&amp#27;[39m &amp#27;[37m/wd/hub/session/ee0e5569-3cfd-4739-96df-73f2565751c2/element/00000000-0000-036c-7fff-ffff0000008d/displayed&amp#27;[39m
&amp#27;[35m[HTTP]&amp#27;[39m &amp#27;[90m{}&amp#27;[39m
[debug] &amp#27;[35m[W3C (ee0e5569)]&amp#27;[39m Calling AppiumDriver.elementDisplayed() with args: ["00000000-0000-036c-7fff-ffff0000008d","ee0e5569-3cfd-4739-96df-73f2565751c2"]
[debug] &amp#27;[35m[WD Proxy]&amp#27;[39m Matched '/element/00000000-0000-036c-7fff-ffff0000008d/attribute/displayed' to command name 'getAttribute'
[debug] &amp#27;[35m[WD Proxy]&amp#27;[39m Proxying [GET /element/00000000-0000-036c-7fff-ffff0000008d/attribute/displayed] to [GET http://127.0.0.1:10000/wd/hub/session/21df9c7c-7d36-4b62-bb40-31691f012b3b/element/00000000-0000-036c-7fff-ffff0000008d/attribute/displayed] with no body
[debug] &amp#27;[35m[WD Proxy]&amp#27;[39m Got response with status 200: {"sessionId":"21df9c7c-7d36-4b62-bb40-31691f012b3b","value":"true"}
[debug] &amp#27;[35m[W3C (ee0e5569)]&amp#27;[39m Responding to client with driver.elementDisplayed() result: true
&amp#27;[35m[HTTP]&amp#27;[39m &amp#27;[37m<-- GET /wd/hub/session/ee0e5569-3cfd-4739-96df-73f2565751c2/element/00000000-0000-036c-7fff-ffff0000008d/displayed &amp#27;[39m&amp#27;[32m200&amp#27;[39m &amp#27;[90m50 ms - 14&amp#27;[39m
&amp#27;[35m[HTTP]&amp#27;[39m &amp#27;[90m&amp#27;[39m
&amp#27;[35m[HTTP]&amp#27;[39m &amp#27;[37m-->&amp#27;[39m &amp#27;[37mGET&amp#27;[39m &amp#27;[37m/wd/hub/session/ee0e5569-3cfd-4739-96df-73f2565751c2/context&amp#27;[39m
&amp#27;[35m[HTTP]&amp#27;[39m &amp#27;[90m{}&amp#27;[39m
[debug] &amp#27;[35m[W3C (ee0e5569)]&amp#27;[39m Calling AppiumDriver.getCurrentContext() with args: ["ee0e5569-3cfd-4739-96df-73f2565751c2"]
[debug] &amp#27;[35m[W3C (ee0e5569)]&amp#27;[39m Responding to client with driver.getCurrentContext() result: "NATIVE_APP"
&amp#27;[35m[HTTP]&amp#27;[39m &amp#27;[37m<-- GET /wd/hub/session/ee0e5569-3cfd-4739-96df-73f2565751c2/context &amp#27;[39m&amp#27;[32m200&amp#27;[39m &amp#27;[90m2 ms - 22&amp#27;[39m
&amp#27;[35m[HTTP]&amp#27;[39m &amp#27;[90m&amp#27;[39m
&amp#27;[35m[HTTP]&amp#27;[39m &amp#27;[37m-->&amp#27;[39m &amp#27;[37mPOST&amp#27;[39m &amp#27;[37m/wd/hub/session/ee0e5569-3cfd-4739-96df-73f2565751c2/element&amp#27;[39m
&amp#27;[35m[HTTP]&amp#27;[39m &amp#27;[90m{"using":"xpath","value":"//android.view.ViewGroup[@content-desc=\"test-Description\"]/android.widget.TextView[1]"}&amp#27;[39m
[debug] &amp#27;[35m[W3C (ee0e5569)]&amp#27;[39m Calling AppiumDriver.findElement() with args: ["xpath","//android.view.ViewGroup[@content-desc=\"test-Description\"]/android.widget.TextView[1]","ee0e5569-3cfd-4739-96df-73f2565751c2"]
[debug] &amp#27;[35m[BaseDriver]&amp#27;[39m Valid locator strategies for this request: xpath, id, class name, accessibility id, css selector, -android uiautomator
[debug] &amp#27;[35m[BaseDriver]&amp#27;[39m Waiting up to 0 ms for condition
[debug] &amp#27;[35m[WD Proxy]&amp#27;[39m Matched '/element' to command name 'findElement'
[debug] &amp#27;[35m[WD Proxy]&amp#27;[39m Proxying [POST /element] to [POST http://127.0.0.1:10000/wd/hub/session/21df9c7c-7d36-4b62-bb40-31691f012b3b/element] with body: {"strategy":"xpath","selector":"//android.view.ViewGroup[@content-desc=\"test-Description\"]/android.widget.TextView[1]","context":"","multiple":false}
[debug] &amp#27;[35m[WD Proxy]&amp#27;[39m Got response with status 200: {"sessionId":"21df9c7c-7d36-4b62-bb40-31691f012b3b","value":{"ELEMENT":"00000000-0000-036c-7fff-ffff0000008d","element-6066-11e4-a52e-4f735466cecf":"00000000-0000-036c-7fff-ffff0000008d"}}
[debug] &amp#27;[35m[W3C (ee0e5569)]&amp#27;[39m Responding to client with driver.findElement() result: {"element-6066-11e4-a52e-4f735466cecf":"00000000-0000-036c-7fff-ffff0000008d","ELEMENT":"00000000-0000-036c-7fff-ffff0000008d"}
&amp#27;[35m[HTTP]&amp#27;[39m &amp#27;[37m<-- POST /wd/hub/session/ee0e5569-3cfd-4739-96df-73f2565751c2/element &amp#27;[39m&amp#27;[32m200&amp#27;[39m &amp#27;[90m284 ms - 137&amp#27;[39m
&amp#27;[35m[HTTP]&amp#27;[39m &amp#27;[90m&amp#27;[39m
&amp#27;[35m[HTTP]&amp#27;[39m &amp#27;[37m-->&amp#27;[39m &amp#27;[37mGET&amp#27;[39m &amp#27;[37m/wd/hub/session/ee0e5569-3cfd-4739-96df-73f2565751c2/element/00000000-0000-036c-7fff-ffff0000008d/attribute/text&amp#27;[39m
&amp#27;[35m[HTTP]&amp#27;[39m &amp#27;[90m{}&amp#27;[39m
[debug] &amp#27;[35m[W3C (ee0e5569)]&amp#27;[39m Calling AppiumDriver.getAttribute() with args: ["text","00000000-0000-036c-7fff-ffff0000008d","ee0e5569-3cfd-4739-96df-73f2565751c2"]
[debug] &amp#27;[35m[WD Proxy]&amp#27;[39m Matched '/element/00000000-0000-036c-7fff-ffff0000008d/attribute/text' to command name 'getAttribute'
[debug] &amp#27;[35m[WD Proxy]&amp#27;[39m Proxying [GET /element/00000000-0000-036c-7fff-ffff0000008d/attribute/text] to [GET http://127.0.0.1:10000/wd/hub/session/21df9c7c-7d36-4b62-bb40-31691f012b3b/element/00000000-0000-036c-7fff-ffff0000008d/attribute/text] with no body

5 Scenarios (5 passed)
15 Steps (15 passed)
0m50.808s


[debug] &amp#27;[35m[WD Proxy]&amp#27;[39m Got response with status 200: {"sessionId":"21df9c7c-7d36-4b62-bb40-31691f012b3b","value":"Sauce Labs Backpack"}
[debug] &amp#27;[35m[W3C (ee0e5569)]&amp#27;[39m Responding to client with driver.getAttribute() result: "Sauce Labs Backpack"
&amp#27;[35m[HTTP]&amp#27;[39m &amp#27;[37m<-- GET /wd/hub/session/ee0e5569-3cfd-4739-96df-73f2565751c2/element/00000000-0000-036c-7fff-ffff0000008d/attribute/text &amp#27;[39m&amp#27;[32m200&amp#27;[39m &amp#27;[90m333 ms - 31&amp#27;[39m
&amp#27;[35m[HTTP]&amp#27;[39m &amp#27;[90m&amp#27;[39m
[INFO ] 2022-08-30 16:49:51.286 BasePage:97 - title is: Sauce Labs Backpack
&amp#27;[35m[HTTP]&amp#27;[39m &amp#27;[37m-->&amp#27;[39m &amp#27;[37mGET&amp#27;[39m &amp#27;[37m/wd/hub/session/ee0e5569-3cfd-4739-96df-73f2565751c2/context&amp#27;[39m
&amp#27;[35m[HTTP]&amp#27;[39m &amp#27;[90m{}&amp#27;[39m
[debug] &amp#27;[35m[W3C (ee0e5569)]&amp#27;[39m Calling AppiumDriver.getCurrentContext() with args: ["ee0e5569-3cfd-4739-96df-73f2565751c2"]
[debug] &amp#27;[35m[W3C (ee0e5569)]&amp#27;[39m Responding to client with driver.getCurrentContext() result: "NATIVE_APP"
&amp#27;[35m[HTTP]&amp#27;[39m &amp#27;[37m<-- GET /wd/hub/session/ee0e5569-3cfd-4739-96df-73f2565751c2/context &amp#27;[39m&amp#27;[32m200&amp#27;[39m &amp#27;[90m2 ms - 22&amp#27;[39m
&amp#27;[35m[HTTP]&amp#27;[39m &amp#27;[90m&amp#27;[39m
&amp#27;[35m[HTTP]&amp#27;[39m &amp#27;[37m-->&amp#27;[39m &amp#27;[37mPOST&amp#27;[39m &amp#27;[37m/wd/hub/session/ee0e5569-3cfd-4739-96df-73f2565751c2/element&amp#27;[39m
&amp#27;[35m[HTTP]&amp#27;[39m &amp#27;[90m{"using":"xpath","value":"//android.view.ViewGroup[@content-desc=\"test-Description\"]/android.widget.TextView[2]"}&amp#27;[39m
[debug] &amp#27;[35m[W3C (ee0e5569)]&amp#27;[39m Calling AppiumDriver.findElement() with args: ["xpath","//android.view.ViewGroup[@content-desc=\"test-Description\"]/android.widget.TextView[2]","ee0e5569-3cfd-4739-96df-73f2565751c2"]
[debug] &amp#27;[35m[BaseDriver]&amp#27;[39m Valid locator strategies for this request: xpath, id, class name, accessibility id, css selector, -android uiautomator
[debug] &amp#27;[35m[BaseDriver]&amp#27;[39m Waiting up to 0 ms for condition
[debug] &amp#27;[35m[WD Proxy]&amp#27;[39m Matched '/element' to command name 'findElement'
[debug] &amp#27;[35m[WD Proxy]&amp#27;[39m Proxying [POST /element] to [POST http://127.0.0.1:10000/wd/hub/session/21df9c7c-7d36-4b62-bb40-31691f012b3b/element] with body: {"strategy":"xpath","selector":"//android.view.ViewGroup[@content-desc=\"test-Description\"]/android.widget.TextView[2]","context":"","multiple":false}
[debug] &amp#27;[35m[WD Proxy]&amp#27;[39m Got response with status 200: {"sessionId":"21df9c7c-7d36-4b62-bb40-31691f012b3b","value":{"ELEMENT":"00000000-0000-036c-7fff-ffff0000008f","element-6066-11e4-a52e-4f735466cecf":"00000000-0000-036c-7fff-ffff0000008f"}}
[debug] &amp#27;[35m[W3C (ee0e5569)]&amp#27;[39m Responding to client with driver.findElement() result: {"element-6066-11e4-a52e-4f735466cecf":"00000000-0000-036c-7fff-ffff0000008f","ELEMENT":"00000000-0000-036c-7fff-ffff0000008f"}
&amp#27;[35m[HTTP]&amp#27;[39m &amp#27;[37m<-- POST /wd/hub/session/ee0e5569-3cfd-4739-96df-73f2565751c2/element &amp#27;[39m&amp#27;[32m200&amp#27;[39m &amp#27;[90m281 ms - 137&amp#27;[39m
&amp#27;[35m[HTTP]&amp#27;[39m &amp#27;[90m&amp#27;[39m
&amp#27;[35m[HTTP]&amp#27;[39m &amp#27;[37m-->&amp#27;[39m &amp#27;[37mGET&amp#27;[39m &amp#27;[37m/wd/hub/session/ee0e5569-3cfd-4739-96df-73f2565751c2/element/00000000-0000-036c-7fff-ffff0000008f/displayed&amp#27;[39m
&amp#27;[35m[HTTP]&amp#27;[39m &amp#27;[90m{}&amp#27;[39m
[debug] &amp#27;[35m[W3C (ee0e5569)]&amp#27;[39m Calling AppiumDriver.elementDisplayed() with args: ["00000000-0000-036c-7fff-ffff0000008f","ee0e5569-3cfd-4739-96df-73f2565751c2"]
[debug] &amp#27;[35m[WD Proxy]&amp#27;[39m Matched '/element/00000000-0000-036c-7fff-ffff0000008f/attribute/displayed' to command name 'getAttribute'
[debug] &amp#27;[35m[WD Proxy]&amp#27;[39m Proxying [GET /element/00000000-0000-036c-7fff-ffff0000008f/attribute/displayed] to [GET http://127.0.0.1:10000/wd/hub/session/21df9c7c-7d36-4b62-bb40-31691f012b3b/element/00000000-0000-036c-7fff-ffff0000008f/attribute/displayed] with no body
[debug] &amp#27;[35m[WD Proxy]&amp#27;[39m Got response with status 200: {"sessionId":"21df9c7c-7d36-4b62-bb40-31691f012b3b","value":"true"}
[debug] &amp#27;[35m[W3C (ee0e5569)]&amp#27;[39m Responding to client with driver.elementDisplayed() result: true
&amp#27;[35m[HTTP]&amp#27;[39m &amp#27;[37m<-- GET /wd/hub/session/ee0e5569-3cfd-4739-96df-73f2565751c2/element/00000000-0000-036c-7fff-ffff0000008f/displayed &amp#27;[39m&amp#27;[32m200&amp#27;[39m &amp#27;[90m19 ms - 14&amp#27;[39m
&amp#27;[35m[HTTP]&amp#27;[39m &amp#27;[90m&amp#27;[39m
&amp#27;[35m[HTTP]&amp#27;[39m &amp#27;[37m-->&amp#27;[39m &amp#27;[37mGET&amp#27;[39m &amp#27;[37m/wd/hub/session/ee0e5569-3cfd-4739-96df-73f2565751c2/context&amp#27;[39m
&amp#27;[35m[HTTP]&amp#27;[39m &amp#27;[90m{}&amp#27;[39m
[debug] &amp#27;[35m[W3C (ee0e5569)]&amp#27;[39m Calling AppiumDriver.getCurrentContext() with args: ["ee0e5569-3cfd-4739-96df-73f2565751c2"]
[debug] &amp#27;[35m[W3C (ee0e5569)]&amp#27;[39m Responding to client with driver.getCurrentContext() result: "NATIVE_APP"
&amp#27;[35m[HTTP]&amp#27;[39m &amp#27;[37m<-- GET /wd/hub/session/ee0e5569-3cfd-4739-96df-73f2565751c2/context &amp#27;[39m&amp#27;[32m200&amp#27;[39m &amp#27;[90m4 ms - 22&amp#27;[39m
&amp#27;[35m[HTTP]&amp#27;[39m &amp#27;[90m&amp#27;[39m
&amp#27;[35m[HTTP]&amp#27;[39m &amp#27;[37m-->&amp#27;[39m &amp#27;[37mPOST&amp#27;[39m &amp#27;[37m/wd/hub/session/ee0e5569-3cfd-4739-96df-73f2565751c2/element&amp#27;[39m
&amp#27;[35m[HTTP]&amp#27;[39m &amp#27;[90m{"using":"xpath","value":"//android.view.ViewGroup[@content-desc=\"test-Description\"]/android.widget.TextView[2]"}&amp#27;[39m
[debug] &amp#27;[35m[W3C (ee0e5569)]&amp#27;[39m Calling AppiumDriver.findElement() with args: ["xpath","//android.view.ViewGroup[@content-desc=\"test-Description\"]/android.widget.TextView[2]","ee0e5569-3cfd-4739-96df-73f2565751c2"]
[debug] &amp#27;[35m[BaseDriver]&amp#27;[39m Valid locator strategies for this request: xpath, id, class name, accessibility id, css selector, -android uiautomator
[debug] &amp#27;[35m[BaseDriver]&amp#27;[39m Waiting up to 0 ms for condition
[debug] &amp#27;[35m[WD Proxy]&amp#27;[39m Matched '/element' to command name 'findElement'
[debug] &amp#27;[35m[WD Proxy]&amp#27;[39m Proxying [POST /element] to [POST http://127.0.0.1:10000/wd/hub/session/21df9c7c-7d36-4b62-bb40-31691f012b3b/element] with body: {"strategy":"xpath","selector":"//android.view.ViewGroup[@content-desc=\"test-Description\"]/android.widget.TextView[2]","context":"","multiple":false}
[debug] &amp#27;[35m[WD Proxy]&amp#27;[39m Got response with status 200: {"sessionId":"21df9c7c-7d36-4b62-bb40-31691f012b3b","value":{"ELEMENT":"00000000-0000-036c-7fff-ffff0000008f","element-6066-11e4-a52e-4f735466cecf":"00000000-0000-036c-7fff-ffff0000008f"}}
[debug] &amp#27;[35m[W3C (ee0e5569)]&amp#27;[39m Responding to client with driver.findElement() result: {"element-6066-11e4-a52e-4f735466cecf":"00000000-0000-036c-7fff-ffff0000008f","ELEMENT":"00000000-0000-036c-7fff-ffff0000008f"}
&amp#27;[35m[HTTP]&amp#27;[39m &amp#27;[37m<-- POST /wd/hub/session/ee0e5569-3cfd-4739-96df-73f2565751c2/element &amp#27;[39m&amp#27;[32m200&amp#27;[39m &amp#27;[90m221 ms - 137&amp#27;[39m
&amp#27;[35m[HTTP]&amp#27;[39m &amp#27;[90m&amp#27;[39m
&amp#27;[35m[HTTP]&amp#27;[39m &amp#27;[37m-->&amp#27;[39m &amp#27;[37mGET&amp#27;[39m &amp#27;[37m/wd/hub/session/ee0e5569-3cfd-4739-96df-73f2565751c2/element/00000000-0000-036c-7fff-ffff0000008f/attribute/text&amp#27;[39m
&amp#27;[35m[HTTP]&amp#27;[39m &amp#27;[90m{}&amp#27;[39m
[debug] &amp#27;[35m[W3C (ee0e5569)]&amp#27;[39m Calling AppiumDriver.getAttribute() with args: ["text","00000000-0000-036c-7fff-ffff0000008f","ee0e5569-3cfd-4739-96df-73f2565751c2"]
[debug] &amp#27;[35m[WD Proxy]&amp#27;[39m Matched '/element/00000000-0000-036c-7fff-ffff0000008f/attribute/text' to command name 'getAttribute'
[debug] &amp#27;[35m[WD Proxy]&amp#27;[39m Proxying [GET /element/00000000-0000-036c-7fff-ffff0000008f/attribute/text] to [GET http://127.0.0.1:10000/wd/hub/session/21df9c7c-7d36-4b62-bb40-31691f012b3b/element/00000000-0000-036c-7fff-ffff0000008f/attribute/text] with no body
[debug] &amp#27;[35m[WD Proxy]&amp#27;[39m Got response with status 200: {"sessionId":"21df9c7c-7d36-4b62-bb40-31691f012b3b","value":"carry.allTheThings() with the sleek, streamlined Sly Pack that melds uncompromising style with unequaled laptop and tablet protection."}
[debug] &amp#27;[35m[W3C (ee0e5569)]&amp#27;[39m Responding to client with driver.getAttribute() result: "carry.allTheThings() with the sleek, streamlined Sly Pack that melds uncompromising style with unequaled laptop and tablet protection."
[INFO ] 2022-08-30 16:49:51.873 BasePage:97 - description is: carry.allTheThings() with the sleek, streamlined Sly Pack that melds uncompromising style with unequaled laptop and tablet protection.
&amp#27;[35m[HTTP]&amp#27;[39m &amp#27;[37m<-- GET /wd/hub/session/ee0e5569-3cfd-4739-96df-73f2565751c2/element/00000000-0000-036c-7fff-ffff0000008f/attribute/text &amp#27;[39m&amp#27;[32m200&amp#27;[39m &amp#27;[90m21 ms - 146&amp#27;[39m
&amp#27;[35m[HTTP]&amp#27;[39m &amp#27;[90m&amp#27;[39m
&amp#27;[35m[HTTP]&amp#27;[39m &amp#27;[37m-->&amp#27;[39m &amp#27;[37mPOST&amp#27;[39m &amp#27;[37m/wd/hub/session/ee0e5569-3cfd-4739-96df-73f2565751c2/element&amp#27;[39m
&amp#27;[35m[HTTP]&amp#27;[39m &amp#27;[90m{"using":"-android uiautomator","value":"new UiScrollable(new UiSelector().scrollable(true)).scrollIntoView(new UiSelector().description(\"test-Price\"));"}&amp#27;[39m
[debug] &amp#27;[35m[W3C (ee0e5569)]&amp#27;[39m Calling AppiumDriver.findElement() with args: ["-android uiautomator","new UiScrollable(new UiSelector().scrollable(true)).scrollIntoView(new UiSelector().description(\"test-Price\"));","ee0e5569-3cfd-4739-96df-73f2565751c2"]
[debug] &amp#27;[35m[BaseDriver]&amp#27;[39m Valid locator strategies for this request: xpath, id, class name, accessibility id, css selector, -android uiautomator
[debug] &amp#27;[35m[BaseDriver]&amp#27;[39m Waiting up to 0 ms for condition
[debug] &amp#27;[35m[WD Proxy]&amp#27;[39m Matched '/element' to command name 'findElement'
[debug] &amp#27;[35m[WD Proxy]&amp#27;[39m Proxying [POST /element] to [POST http://127.0.0.1:10000/wd/hub/session/21df9c7c-7d36-4b62-bb40-31691f012b3b/element] with body: {"strategy":"-android uiautomator","selector":"new UiScrollable(new UiSelector().scrollable(true)).scrollIntoView(new UiSelector().description(\"test-Price\"));","context":"","multiple":false}
[debug] &amp#27;[35m[WD Proxy]&amp#27;[39m Got response with status 200: {"sessionId":"21df9c7c-7d36-4b62-bb40-31691f012b3b","value":{"ELEMENT":"00000000-0000-036c-7fff-ffff00000090","element-6066-11e4-a52e-4f735466cecf":"00000000-0000-036c-7fff-ffff00000090"}}
[debug] &amp#27;[35m[W3C (ee0e5569)]&amp#27;[39m Responding to client with driver.findElement() result: {"element-6066-11e4-a52e-4f735466cecf":"00000000-0000-036c-7fff-ffff00000090","ELEMENT":"00000000-0000-036c-7fff-ffff00000090"}
&amp#27;[35m[HTTP]&amp#27;[39m &amp#27;[37m<-- POST /wd/hub/session/ee0e5569-3cfd-4739-96df-73f2565751c2/element &amp#27;[39m&amp#27;[32m200&amp#27;[39m &amp#27;[90m130 ms - 137&amp#27;[39m
&amp#27;[35m[HTTP]&amp#27;[39m &amp#27;[90m&amp#27;[39m
&amp#27;[35m[HTTP]&amp#27;[39m &amp#27;[37m-->&amp#27;[39m &amp#27;[37mGET&amp#27;[39m &amp#27;[37m/wd/hub/session/ee0e5569-3cfd-4739-96df-73f2565751c2/element/00000000-0000-036c-7fff-ffff00000090/displayed&amp#27;[39m
&amp#27;[35m[HTTP]&amp#27;[39m &amp#27;[90m{}&amp#27;[39m
[debug] &amp#27;[35m[W3C (ee0e5569)]&amp#27;[39m Calling AppiumDriver.elementDisplayed() with args: ["00000000-0000-036c-7fff-ffff00000090","ee0e5569-3cfd-4739-96df-73f2565751c2"]
[debug] &amp#27;[35m[WD Proxy]&amp#27;[39m Matched '/element/00000000-0000-036c-7fff-ffff00000090/attribute/displayed' to command name 'getAttribute'
[debug] &amp#27;[35m[WD Proxy]&amp#27;[39m Proxying [GET /element/00000000-0000-036c-7fff-ffff00000090/attribute/displayed] to [GET http://127.0.0.1:10000/wd/hub/session/21df9c7c-7d36-4b62-bb40-31691f012b3b/element/00000000-0000-036c-7fff-ffff00000090/attribute/displayed] with no body
[debug] &amp#27;[35m[WD Proxy]&amp#27;[39m Got response with status 200: {"sessionId":"21df9c7c-7d36-4b62-bb40-31691f012b3b","value":"true"}
[debug] &amp#27;[35m[W3C (ee0e5569)]&amp#27;[39m Responding to client with driver.elementDisplayed() result: true
&amp#27;[35m[HTTP]&amp#27;[39m &amp#27;[37m<-- GET /wd/hub/session/ee0e5569-3cfd-4739-96df-73f2565751c2/element/00000000-0000-036c-7fff-ffff00000090/displayed &amp#27;[39m&amp#27;[32m200&amp#27;[39m &amp#27;[90m86 ms - 14&amp#27;[39m
&amp#27;[35m[HTTP]&amp#27;[39m &amp#27;[90m&amp#27;[39m
&amp#27;[35m[HTTP]&amp#27;[39m &amp#27;[37m-->&amp#27;[39m &amp#27;[37mGET&amp#27;[39m &amp#27;[37m/wd/hub/session/ee0e5569-3cfd-4739-96df-73f2565751c2/element/00000000-0000-036c-7fff-ffff00000090/attribute/text&amp#27;[39m
&amp#27;[35m[HTTP]&amp#27;[39m &amp#27;[90m{}&amp#27;[39m
[debug] &amp#27;[35m[W3C (ee0e5569)]&amp#27;[39m Calling AppiumDriver.getAttribute() with args: ["text","00000000-0000-036c-7fff-ffff00000090","ee0e5569-3cfd-4739-96df-73f2565751c2"]
[debug] &amp#27;[35m[WD Proxy]&amp#27;[39m Matched '/element/00000000-0000-036c-7fff-ffff00000090/attribute/text' to command name 'getAttribute'
[debug] &amp#27;[35m[WD Proxy]&amp#27;[39m Proxying [GET /element/00000000-0000-036c-7fff-ffff00000090/attribute/text] to [GET http://127.0.0.1:10000/wd/hub/session/21df9c7c-7d36-4b62-bb40-31691f012b3b/element/00000000-0000-036c-7fff-ffff00000090/attribute/text] with no body
[debug] &amp#27;[35m[WD Proxy]&amp#27;[39m Got response with status 200: {"sessionId":"21df9c7c-7d36-4b62-bb40-31691f012b3b","value":"$29.99"}
[debug] &amp#27;[35m[W3C (ee0e5569)]&amp#27;[39m Responding to client with driver.getAttribute() result: "$29.99"
&amp#27;[35m[HTTP]&amp#27;[39m &amp#27;[37m<-- GET /wd/hub/session/ee0e5569-3cfd-4739-96df-73f2565751c2/element/00000000-0000-036c-7fff-ffff00000090/attribute/text &amp#27;[39m&amp#27;[32m200&amp#27;[39m &amp#27;[90m66 ms - 18&amp#27;[39m
&amp#27;[35m[HTTP]&amp#27;[39m &amp#27;[90m&amp#27;[39m
[INFO ] 2022-08-30 16:49:52.185 BasePage:97 - price is: $29.99
  Then I should be on product details page with title "Sauce Labs Backpack", price "$29.99" and description "carry.allTheThings() with the sleek, streamlined Sly Pack that melds uncompromising style with unequaled laptop and tablet protection." # com.qa.stepdef.ProductStepDef.iShouldBeOnProductDetailsPageWithTitlePriceAndDescription(java.lang.String,java.lang.String,java.lang.String)
&amp#27;[35m[HTTP]&amp#27;[39m &amp#27;[37m-->&amp#27;[39m &amp#27;[37mPOST&amp#27;[39m &amp#27;[37m/wd/hub/session/ee0e5569-3cfd-4739-96df-73f2565751c2/appium/stop_recording_screen&amp#27;[39m
&amp#27;[35m[HTTP]&amp#27;[39m &amp#27;[90m{}&amp#27;[39m
[debug] &amp#27;[35m[W3C (ee0e5569)]&amp#27;[39m Calling AppiumDriver.stopRecordingScreen() with args: [null,"ee0e5569-3cfd-4739-96df-73f2565751c2"]
[debug] &amp#27;[35m[ADB]&amp#27;[39m Getting IDs of all 'screenrecord' processes
[debug] &amp#27;[35m[ADB]&amp#27;[39m Running 'C:\Users\dtougov\AppData\Local\Android\Sdk\platform-tools\adb.exe -P 5037 -s CB5A29JXTK shell 'pgrep ^screenrecord$ || pgrep ^screenrecord$''
[debug] &amp#27;[35m[ADB]&amp#27;[39m Running 'C:\Users\dtougov\AppData\Local\Android\Sdk\platform-tools\adb.exe -P 5037 -s CB5A29JXTK shell kill -2 22447'
[debug] &amp#27;[35m[ADB]&amp#27;[39m Getting IDs of all 'screenrecord' processes
[debug] &amp#27;[35m[ADB]&amp#27;[39m Running 'C:\Users\dtougov\AppData\Local\Android\Sdk\platform-tools\adb.exe -P 5037 -s CB5A29JXTK shell 'pgrep ^screenrecord$ || pgrep ^screenrecord$''
[debug] &amp#27;[35m[ADB]&amp#27;[39m Getting IDs of all 'screenrecord' processes
[debug] &amp#27;[35m[ADB]&amp#27;[39m Running 'C:\Users\dtougov\AppData\Local\Android\Sdk\platform-tools\adb.exe -P 5037 -s CB5A29JXTK shell 'pgrep ^screenrecord$ || pgrep ^screenrecord$''
[debug] &amp#27;[35m[ADB]&amp#27;[39m Getting IDs of all 'screenrecord' processes
[debug] &amp#27;[35m[ADB]&amp#27;[39m Running 'C:\Users\dtougov\AppData\Local\Android\Sdk\platform-tools\adb.exe -P 5037 -s CB5A29JXTK shell 'pgrep ^screenrecord$ || pgrep ^screenrecord$''
[debug] &amp#27;[35m[ADB]&amp#27;[39m Getting IDs of all 'screenrecord' processes
[debug] &amp#27;[35m[ADB]&amp#27;[39m Running 'C:\Users\dtougov\AppData\Local\Android\Sdk\platform-tools\adb.exe -P 5037 -s CB5A29JXTK shell 'pgrep ^screenrecord$ || pgrep ^screenrecord$''
[debug] &amp#27;[35m[ADB]&amp#27;[39m Running 'C:\Users\dtougov\AppData\Local\Android\Sdk\platform-tools\adb.exe -P 5037 -s CB5A29JXTK pull /sdcard/265df499.mp4 C:\Users\dtougov\AppData\Local\Temp\2022730-7696-1sup62d.6bsw\265df499.mp4'
[debug] &amp#27;[35m[ADB]&amp#27;[39m Running 'C:\Users\dtougov\AppData\Local\Android\Sdk\platform-tools\adb.exe -P 5037 -s CB5A29JXTK shell rm -rf /sdcard/265df499.mp4'
[debug] &amp#27;[35m[AndroidDriver]&amp#27;[39m The size of the resulting screen recording is 2.17 MB
[debug] &amp#27;[35m[W3C (ee0e5569)]&amp#27;[39m Responding to client with driver.stopRecordingScreen() result: "AAAAGGZ0eXBtcDQyAAAAAGlzb21tcDQyAAAAAW1kYXQAAAAAACKkDAAA4jhluEDxMUBtf//ugQ+CAB5Nr/7j1QV5VtTpHBWM+58CYrau1tbW1tbW1tbW1tbW1tbW1tbW1tbW1tbW1tbW1tbW1j1//8utQ7libtbW1tbW1//8aBDwFp5UNI//+qCvGmig8Dc5ba///oEPgBi7mZgQv/ivwryBT8qNvdra2tra2tr//8UCHgTdweVcUt//zwQ8NP21tbW1tbW1taen/LLw8KR0FWWFGzgasERzuFAO0OmgWdXa/nP/gn9/wJjuD04f/4TjAKuKzJTvjUYJJ6f/v4HNhTgG49UKSyT0++j4uef55BUEj2As9dP5RMtrxk5/93Cf4zgYOVFUGCVDiPz8A//w9CIbzZSkGn/5cZbGeCARm2sEj3YPd6IxWcP7j+P9BKBQB5MSz39B/5zPuHI8Cudy/MkG1hv0pdijKVT09PT09PT09PT09PT09PT09PT09PT0///xYIeAQqs1H016vfkIah8gJoEbmAhO4fRAHlCDnABi9sZgZvfRPfjf1Y4f/0EvD8B0homVAP115BcFqV/VfEAKmdkE6iD/7AT2OjBAhig//b68s+//8eT9jPAmJ6mQJv1togxOKKIaT/+v1zmZArqBEr5m5EE/gJcr8ExfaQ9Rto/+tvbbCG//gSKdc//5P5hVhTAL59MASO8iqGMty4PgGOXR13f97398RC/FgQiU5lxlgI0WK4OU9QJHKAcVAenJWp2//P66frWj4A/fqj2vgc5OdwUcy+q11BUVT92COI+OyaBCq4AgjL2ozoKT/+H/Bh/zpn8f8MLCdKDLanA6C7IJD/jZDNJ45wEe+fn/+fruXCH9icLldqafT6f/7k5wBhWCR7sTgTgLOJCZbaQFsrD0FhtTv/+PwJBXqS8AkdHQAA3Y4jGnEJN/4Pqegra99HhY5JKwpAX2CEHW0kdLVhn/9f2CCE2+G85H626hm8rwEP/IKwGo6NRo...
&amp#27;[35m[HTTP]&amp#27;[39m &amp#27;[37m<-- POST /wd/hub/session/ee0e5569-3cfd-4739-96df-73f2565751c2/appium/stop_recording_screen &amp#27;[39m&amp#27;[32m200&amp#27;[39m &amp#27;[90m5157 ms - 3031252&amp#27;[39m
&amp#27;[35m[HTTP]&amp#27;[39m &amp#27;[90m&amp#27;[39m
[INFO ] 2022-08-30 16:49:57.634 VideoManager:35 - video path: Android_sony\Videos\Validate product into on Products Details page.mp4
]]></system-out>
    <system-err><![CDATA[Aug 30, 2022 4:49:49 PM net.masterthought.cucumber.ReportParser parseJsonFiles
INFO: File 'C:\Users\dtougov\AppData\Local\Temp\cucumber5787757086395730025.json' contains 2 features
]]></system-err>
  </testcase>
</testsuite>