<?xml version="1.0" encoding="UTF-8"?>
<!-- Generated by org.testng.reporters.JUnitReportReporter -->
<testsuite skipped="0" hostname="2298416712-PC" name="com.qa.runners.SonyTestNGRunnerTest" tests="5" failures="0" timestamp="2022-08-30T16:50:02 EDT" time="58.691" errors="0">
  <testcase name="scenario" time="9.863" classname="com.qa.runners.SonyTestNGRunnerTest"/>
  <system-out/>
  <testcase name="scenario" time="15.557" classname="com.qa.runners.SonyTestNGRunnerTest"/>
  <system-out/>
  <testcase name="scenario" time="14.202" classname="com.qa.runners.SonyTestNGRunnerTest"/>
  <system-out/>
  <testcase name="scenario" time="5.855" classname="com.qa.runners.SonyTestNGRunnerTest"/>
  <system-out/>
  <testcase name="scenario" time="13.214" classname="com.qa.runners.SonyTestNGRunnerTest"/>
  <system-out/>
</testsuite> <!-- com.qa.runners.SonyTestNGRunnerTest -->
