<?xml version="1.0" encoding="UTF-8"?>
<!-- Generated by org.testng.reporters.JUnitReportReporter -->
<testsuite skipped="0" hostname="2298416712-PC" name="com.qa.runners.SonyTestNGRunnerTest" tests="5" failures="0" timestamp="2022-08-31T16:46:38 EDT" time="46.034" errors="0">
  <testcase name="scenario" time="10.885" classname="com.qa.runners.SonyTestNGRunnerTest"/>
  <system-out/>
  <testcase name="scenario" time="11.817" classname="com.qa.runners.SonyTestNGRunnerTest"/>
  <system-out/>
  <testcase name="scenario" time="9.760" classname="com.qa.runners.SonyTestNGRunnerTest"/>
  <system-out/>
  <testcase name="scenario" time="9.470" classname="com.qa.runners.SonyTestNGRunnerTest"/>
  <system-out/>
  <testcase name="scenario" time="4.102" classname="com.qa.runners.SonyTestNGRunnerTest"/>
  <system-out/>
</testsuite> <!-- com.qa.runners.SonyTestNGRunnerTest -->
