<?xml version="1.0" encoding="UTF-8"?>
<!-- Generated by org.testng.reporters.JUnitReportReporter -->
<testsuite skipped="0" hostname="2298416712-PC" name="com.qa.runners.Sm910TestNGRunnerTest" tests="5" failures="0" timestamp="2022-08-30T16:50:02 EDT" time="48.960" errors="0">
  <testcase name="scenario" time="11.271" classname="com.qa.runners.Sm910TestNGRunnerTest"/>
  <system-out/>
  <testcase name="scenario" time="10.399" classname="com.qa.runners.Sm910TestNGRunnerTest"/>
  <system-out/>
  <testcase name="scenario" time="5.463" classname="com.qa.runners.Sm910TestNGRunnerTest"/>
  <system-out/>
  <testcase name="scenario" time="8.314" classname="com.qa.runners.Sm910TestNGRunnerTest"/>
  <system-out/>
  <testcase name="scenario" time="13.513" classname="com.qa.runners.Sm910TestNGRunnerTest"/>
  <system-out/>
</testsuite> <!-- com.qa.runners.Sm910TestNGRunnerTest -->
