<?xml version="1.0" encoding="UTF-8"?>
<!-- Generated by org.testng.reporters.JUnitReportReporter -->
<testsuite skipped="0" hostname="79fd11b94491" name="com.qa.runners.SonyTestNGRunnerTest" tests="5" failures="0" timestamp="2022-09-05T17:14:00 UTC" time="40.456" errors="0">
  <testcase name="scenario" time="3.659" classname="com.qa.runners.SonyTestNGRunnerTest"/>
  <system-out/>
  <testcase name="scenario" time="10.707" classname="com.qa.runners.SonyTestNGRunnerTest"/>
  <system-out/>
  <testcase name="scenario" time="9.465" classname="com.qa.runners.SonyTestNGRunnerTest"/>
  <system-out/>
  <testcase name="scenario" time="8.045" classname="com.qa.runners.SonyTestNGRunnerTest"/>
  <system-out/>
  <testcase name="scenario" time="8.580" classname="com.qa.runners.SonyTestNGRunnerTest"/>
  <system-out/>
</testsuite> <!-- com.qa.runners.SonyTestNGRunnerTest -->
