<?xml version="1.0" encoding="UTF-8"?>
<!-- Generated by org.testng.reporters.JUnitReportReporter -->
<testsuite skipped="0" hostname="2298416712-PC" name="com.qa.runners.SonyTestNGRunnerTest" tests="5" failures="0" timestamp="2022-08-31T20:31:52 EDT" time="42.848" errors="0">
  <testcase name="scenario" time="9.930" classname="com.qa.runners.SonyTestNGRunnerTest"/>
  <system-out/>
  <testcase name="scenario" time="8.815" classname="com.qa.runners.SonyTestNGRunnerTest"/>
  <system-out/>
  <testcase name="scenario" time="9.909" classname="com.qa.runners.SonyTestNGRunnerTest"/>
  <system-out/>
  <testcase name="scenario" time="9.317" classname="com.qa.runners.SonyTestNGRunnerTest"/>
  <system-out/>
  <testcase name="scenario" time="4.877" classname="com.qa.runners.SonyTestNGRunnerTest"/>
  <system-out/>
</testsuite> <!-- com.qa.runners.SonyTestNGRunnerTest -->
